<?xml version="1.0" encoding="UTF-8"?>
<testsuite xmlns:xsi="http://www.w3.org/2001/XMLSchema-instance" xsi:noNamespaceSchemaLocation="https://maven.apache.org/surefire/maven-failsafe-plugin/xsd/failsafe-test-report-3.0.xsd" version="3.0" name="io.cucumber.skeleton.CucumberTestSuite" time="39.786" tests="1" errors="0" skipped="0" failures="0">
  <properties>
    <property name="sun.desktop" value="windows"/>
    <property name="awt.toolkit" value="sun.awt.windows.WToolkit"/>
    <property name="java.specification.version" value="1.8"/>
    <property name="file.encoding.pkg" value="sun.io"/>
    <property name="webdriver.chrome.driver" value="C:\Users\diego\.cache\selenium\chromedriver\win32\113.0.5672.63\chromedriver.exe"/>
    <property name="sun.cpu.isalist" value="amd64"/>
    <property name="sun.jnu.encoding" value="Cp1252"/>
    <property name="java.class.path" value="C:\Users\diego\OneDrive\Documentos\CHALLENGE\ejercicio1\target\test-classes;C:\Users\diego\OneDrive\Documentos\CHALLENGE\ejercicio1\target\ejercicio1-1.0.0-SNAPSHOT.jar;C:\Users\diego\.m2\repository\net\serenity-bdd\serenity-core\3.6.12\serenity-core-3.6.12.jar;C:\Users\diego\.m2\repository\net\serenity-bdd\serenity-model\3.6.12\serenity-model-3.6.12.jar;C:\Users\diego\.m2\repository\org\apache\commons\commons-text\1.10.0\commons-text-1.10.0.jar;C:\Users\diego\.m2\repository\commons-net\commons-net\3.9.0\commons-net-3.9.0.jar;C:\Users\diego\.m2\repository\com\google\guava\guava\31.1-jre\guava-31.1-jre.jar;C:\Users\diego\.m2\repository\com\google\guava\failureaccess\1.0.1\failureaccess-1.0.1.jar;C:\Users\diego\.m2\repository\com\google\guava\listenablefuture\9999.0-empty-to-avoid-conflict-with-guava\listenablefuture-9999.0-empty-to-avoid-conflict-with-guava.jar;C:\Users\diego\.m2\repository\com\google\code\findbugs\jsr305\3.0.2\jsr305-3.0.2.jar;C:\Users\diego\.m2\repository\org\checkerframework\checker-qual\3.12.0\checker-qual-3.12.0.jar;C:\Users\diego\.m2\repository\com\google\errorprone\error_prone_annotations\2.11.0\error_prone_annotations-2.11.0.jar;C:\Users\diego\.m2\repository\com\google\j2objc\j2objc-annotations\1.3\j2objc-annotations-1.3.jar;C:\Users\diego\.m2\repository\com\google\inject\guice\5.1.0\guice-5.1.0.jar;C:\Users\diego\.m2\repository\javax\inject\javax.inject\1\javax.inject-1.jar;C:\Users\diego\.m2\repository\aopalliance\aopalliance\1.0\aopalliance-1.0.jar;C:\Users\diego\.m2\repository\org\jsoup\jsoup\1.14.3\jsoup-1.14.3.jar;C:\Users\diego\.m2\repository\com\thoughtworks\xstream\xstream\1.4.20\xstream-1.4.20.jar;C:\Users\diego\.m2\repository\io\github\x-stream\mxparser\1.2.2\mxparser-1.2.2.jar;C:\Users\diego\.m2\repository\xmlpull\xmlpull\1.1.3.1\xmlpull-1.1.3.1.jar;C:\Users\diego\.m2\repository\com\typesafe\config\1.4.2\config-1.4.2.jar;C:\Users\diego\.m2\repository\org\imgscalr\imgscalr-lib\4.2\imgscalr-lib-4.2.jar;C:\Users\diego\.m2\repository\org\awaitility\awaitility\4.2.0\awaitility-4.2.0.jar;C:\Users\diego\.m2\repository\org\freemarker\freemarker\2.3.31\freemarker-2.3.31.jar;C:\Users\diego\.m2\repository\io\github\classgraph\classgraph\4.8.138\classgraph-4.8.138.jar;C:\Users\diego\.m2\repository\net\sourceforge\jexcelapi\jxl\2.6.12\jxl-2.6.12.jar;C:\Users\diego\.m2\repository\net\bytebuddy\byte-buddy-agent\1.12.22\byte-buddy-agent-1.12.22.jar;C:\Users\diego\.m2\repository\org\objenesis\objenesis\3.1\objenesis-3.1.jar;C:\Users\diego\.m2\repository\net\serenity-bdd\serenity-reports\3.6.12\serenity-reports-3.6.12.jar;C:\Users\diego\.m2\repository\net\serenity-bdd\serenity-stats\3.6.12\serenity-stats-3.6.12.jar;C:\Users\diego\.m2\repository\net\serenity-bdd\serenity-reports-configuration\3.6.12\serenity-reports-configuration-3.6.12.jar;C:\Users\diego\.m2\repository\com\vladsch\flexmark\flexmark-all\0.34.30\flexmark-all-0.34.30.jar;C:\Users\diego\.m2\repository\com\vladsch\flexmark\flexmark\0.34.30\flexmark-0.34.30.jar;C:\Users\diego\.m2\repository\com\vladsch\flexmark\flexmark-ext-abbreviation\0.34.30\flexmark-ext-abbreviation-0.34.30.jar;C:\Users\diego\.m2\repository\com\vladsch\flexmark\flexmark-ext-admonition\0.34.30\flexmark-ext-admonition-0.34.30.jar;C:\Users\diego\.m2\repository\com\vladsch\flexmark\flexmark-ext-anchorlink\0.34.30\flexmark-ext-anchorlink-0.34.30.jar;C:\Users\diego\.m2\repository\com\vladsch\flexmark\flexmark-ext-aside\0.34.30\flexmark-ext-aside-0.34.30.jar;C:\Users\diego\.m2\repository\com\vladsch\flexmark\flexmark-ext-attributes\0.34.30\flexmark-ext-attributes-0.34.30.jar;C:\Users\diego\.m2\repository\com\vladsch\flexmark\flexmark-ext-autolink\0.34.30\flexmark-ext-autolink-0.34.30.jar;C:\Users\diego\.m2\repository\org\nibor\autolink\autolink\0.6.0\autolink-0.6.0.jar;C:\Users\diego\.m2\repository\com\vladsch\flexmark\flexmark-ext-definition\0.34.30\flexmark-ext-definition-0.34.30.jar;C:\Users\diego\.m2\repository\com\vladsch\flexmark\flexmark-ext-emoji\0.34.30\flexmark-ext-emoji-0.34.30.jar;C:\Users\diego\.m2\repository\com\vladsch\flexmark\flexmark-ext-enumerated-reference\0.34.30\flexmark-ext-enumerated-reference-0.34.30.jar;C:\Users\diego\.m2\repository\com\vladsch\flexmark\flexmark-ext-escaped-character\0.34.30\flexmark-ext-escaped-character-0.34.30.jar;C:\Users\diego\.m2\repository\com\vladsch\flexmark\flexmark-ext-footnotes\0.34.30\flexmark-ext-footnotes-0.34.30.jar;C:\Users\diego\.m2\repository\com\vladsch\flexmark\flexmark-ext-gfm-issues\0.34.30\flexmark-ext-gfm-issues-0.34.30.jar;C:\Users\diego\.m2\repository\com\vladsch\flexmark\flexmark-ext-gfm-strikethrough\0.34.30\flexmark-ext-gfm-strikethrough-0.34.30.jar;C:\Users\diego\.m2\repository\com\vladsch\flexmark\flexmark-ext-gfm-tables\0.34.30\flexmark-ext-gfm-tables-0.34.30.jar;C:\Users\diego\.m2\repository\com\vladsch\flexmark\flexmark-ext-gfm-tasklist\0.34.30\flexmark-ext-gfm-tasklist-0.34.30.jar;C:\Users\diego\.m2\repository\com\vladsch\flexmark\flexmark-ext-gfm-users\0.34.30\flexmark-ext-gfm-users-0.34.30.jar;C:\Users\diego\.m2\repository\com\vladsch\flexmark\flexmark-ext-gitlab\0.34.30\flexmark-ext-gitlab-0.34.30.jar;C:\Users\diego\.m2\repository\com\vladsch\flexmark\flexmark-ext-jekyll-front-matter\0.34.30\flexmark-ext-jekyll-front-matter-0.34.30.jar;C:\Users\diego\.m2\repository\com\vladsch\flexmark\flexmark-ext-jekyll-tag\0.34.30\flexmark-ext-jekyll-tag-0.34.30.jar;C:\Users\diego\.m2\repository\com\vladsch\flexmark\flexmark-ext-media-tags\0.34.30\flexmark-ext-media-tags-0.34.30.jar;C:\Users\diego\.m2\repository\com\vladsch\flexmark\flexmark-test-util\0.34.30\flexmark-test-util-0.34.30.jar;C:\Users\diego\.m2\repository\com\vladsch\flexmark\flexmark-ext-ins\0.34.30\flexmark-ext-ins-0.34.30.jar;C:\Users\diego\.m2\repository\com\vladsch\flexmark\flexmark-ext-xwiki-macros\0.34.30\flexmark-ext-xwiki-macros-0.34.30.jar;C:\Users\diego\.m2\repository\com\vladsch\flexmark\flexmark-ext-superscript\0.34.30\flexmark-ext-superscript-0.34.30.jar;C:\Users\diego\.m2\repository\com\vladsch\flexmark\flexmark-ext-tables\0.34.30\flexmark-ext-tables-0.34.30.jar;C:\Users\diego\.m2\repository\com\vladsch\flexmark\flexmark-ext-toc\0.34.30\flexmark-ext-toc-0.34.30.jar;C:\Users\diego\.m2\repository\com\vladsch\flexmark\flexmark-ext-typographic\0.34.30\flexmark-ext-typographic-0.34.30.jar;C:\Users\diego\.m2\repository\com\vladsch\flexmark\flexmark-ext-wikilink\0.34.30\flexmark-ext-wikilink-0.34.30.jar;C:\Users\diego\.m2\repository\com\vladsch\flexmark\flexmark-ext-yaml-front-matter\0.34.30\flexmark-ext-yaml-front-matter-0.34.30.jar;C:\Users\diego\.m2\repository\com\vladsch\flexmark\flexmark-ext-youtube-embedded\0.34.30\flexmark-ext-youtube-embedded-0.34.30.jar;C:\Users\diego\.m2\repository\com\vladsch\flexmark\flexmark-formatter\0.34.30\flexmark-formatter-0.34.30.jar;C:\Users\diego\.m2\repository\com\vladsch\flexmark\flexmark-html-parser\0.34.30\flexmark-html-parser-0.34.30.jar;C:\Users\diego\.m2\repository\com\vladsch\flexmark\flexmark-jira-converter\0.34.30\flexmark-jira-converter-0.34.30.jar;C:\Users\diego\.m2\repository\com\vladsch\flexmark\flexmark-pdf-converter\0.34.30\flexmark-pdf-converter-0.34.30.jar;C:\Users\diego\.m2\repository\com\openhtmltopdf\openhtmltopdf-core\0.0.1-RC13\openhtmltopdf-core-0.0.1-RC13.jar;C:\Users\diego\.m2\repository\com\openhtmltopdf\openhtmltopdf-pdfbox\0.0.1-RC13\openhtmltopdf-pdfbox-0.0.1-RC13.jar;C:\Users\diego\.m2\repository\org\apache\pdfbox\pdfbox\2.0.8\pdfbox-2.0.8.jar;C:\Users\diego\.m2\repository\org\apache\pdfbox\fontbox\2.0.8\fontbox-2.0.8.jar;C:\Users\diego\.m2\repository\org\apache\pdfbox\xmpbox\2.0.8\xmpbox-2.0.8.jar;C:\Users\diego\.m2\repository\de\rototor\pdfbox\graphics2d\0.12\graphics2d-0.12.jar;C:\Users\diego\.m2\repository\com\openhtmltopdf\openhtmltopdf-rtl-support\0.0.1-RC13\openhtmltopdf-rtl-support-0.0.1-RC13.jar;C:\Users\diego\.m2\repository\com\ibm\icu\icu4j\59.1\icu4j-59.1.jar;C:\Users\diego\.m2\repository\com\openhtmltopdf\openhtmltopdf-jsoup-dom-converter\0.0.1-RC13\openhtmltopdf-jsoup-dom-converter-0.0.1-RC13.jar;C:\Users\diego\.m2\repository\com\vladsch\flexmark\flexmark-profile-pegdown\0.34.30\flexmark-profile-pegdown-0.34.30.jar;C:\Users\diego\.m2\repository\com\vladsch\flexmark\flexmark-util\0.34.30\flexmark-util-0.34.30.jar;C:\Users\diego\.m2\repository\com\vladsch\flexmark\flexmark-youtrack-converter\0.34.30\flexmark-youtrack-converter-0.34.30.jar;C:\Users\diego\.m2\repository\es\nitaur\markdown\txtmark\0.16\txtmark-0.16.jar;C:\Users\diego\.m2\repository\net\serenity-bdd\serenity-report-resources\3.6.12\serenity-report-resources-3.6.12.jar;C:\Users\diego\.m2\repository\com\google\code\gson\gson\2.9.0\gson-2.9.0.jar;C:\Users\diego\.m2\repository\com\fasterxml\jackson\core\jackson-core\2.14.2\jackson-core-2.14.2.jar;C:\Users\diego\.m2\repository\com\fasterxml\jackson\core\jackson-databind\2.14.2\jackson-databind-2.14.2.jar;C:\Users\diego\.m2\repository\com\fasterxml\jackson\core\jackson-annotations\2.14.2\jackson-annotations-2.14.2.jar;C:\Users\diego\.m2\repository\commons-codec\commons-codec\1.15\commons-codec-1.15.jar;C:\Users\diego\.m2\repository\commons-io\commons-io\2.11.0\commons-io-2.11.0.jar;C:\Users\diego\.m2\repository\org\apache\httpcomponents\httpclient\4.5.13\httpclient-4.5.13.jar;C:\Users\diego\.m2\repository\org\apache\httpcomponents\httpcore\4.4.13\httpcore-4.4.13.jar;C:\Users\diego\.m2\repository\commons-logging\commons-logging\1.2\commons-logging-1.2.jar;C:\Users\diego\.m2\repository\org\seleniumhq\selenium\selenium-java\4.8.0\selenium-java-4.8.0.jar;C:\Users\diego\.m2\repository\org\seleniumhq\selenium\selenium-devtools-v107\4.8.0\selenium-devtools-v107-4.8.0.jar;C:\Users\diego\.m2\repository\org\seleniumhq\selenium\selenium-devtools-v108\4.8.0\selenium-devtools-v108-4.8.0.jar;C:\Users\diego\.m2\repository\org\seleniumhq\selenium\selenium-devtools-v109\4.8.0\selenium-devtools-v109-4.8.0.jar;C:\Users\diego\.m2\repository\org\seleniumhq\selenium\selenium-devtools-v85\4.8.0\selenium-devtools-v85-4.8.0.jar;C:\Users\diego\.m2\repository\org\seleniumhq\selenium\selenium-remote-driver\4.8.0\selenium-remote-driver-4.8.0.jar;C:\Users\diego\.m2\repository\com\beust\jcommander\1.82\jcommander-1.82.jar;C:\Users\diego\.m2\repository\io\netty\netty-buffer\4.1.87.Final\netty-buffer-4.1.87.Final.jar;C:\Users\diego\.m2\repository\io\netty\netty-codec-http\4.1.87.Final\netty-codec-http-4.1.87.Final.jar;C:\Users\diego\.m2\repository\io\netty\netty-codec\4.1.87.Final\netty-codec-4.1.87.Final.jar;C:\Users\diego\.m2\repository\io\netty\netty-handler\4.1.87.Final\netty-handler-4.1.87.Final.jar;C:\Users\diego\.m2\repository\io\netty\netty-common\4.1.87.Final\netty-common-4.1.87.Final.jar;C:\Users\diego\.m2\repository\io\netty\netty-transport-classes-epoll\4.1.87.Final\netty-transport-classes-epoll-4.1.87.Final.jar;C:\Users\diego\.m2\repository\io\netty\netty-transport-classes-kqueue\4.1.87.Final\netty-transport-classes-kqueue-4.1.87.Final.jar;C:\Users\diego\.m2\repository\io\netty\netty-transport-native-epoll\4.1.87.Final\netty-transport-native-epoll-4.1.87.Final.jar;C:\Users\diego\.m2\repository\io\netty\netty-transport-native-kqueue\4.1.87.Final\netty-transport-native-kqueue-4.1.87.Final.jar;C:\Users\diego\.m2\repository\io\netty\netty-transport-native-unix-common\4.1.87.Final\netty-transport-native-unix-common-4.1.87.Final.jar;C:\Users\diego\.m2\repository\io\netty\netty-transport\4.1.87.Final\netty-transport-4.1.87.Final.jar;C:\Users\diego\.m2\repository\io\netty\netty-resolver\4.1.87.Final\netty-resolver-4.1.87.Final.jar;C:\Users\diego\.m2\repository\io\opentelemetry\opentelemetry-api\1.22.0\opentelemetry-api-1.22.0.jar;C:\Users\diego\.m2\repository\io\opentelemetry\opentelemetry-context\1.22.0\opentelemetry-context-1.22.0.jar;C:\Users\diego\.m2\repository\io\opentelemetry\opentelemetry-exporter-logging\1.22.0\opentelemetry-exporter-logging-1.22.0.jar;C:\Users\diego\.m2\repository\io\opentelemetry\opentelemetry-sdk-metrics\1.22.0\opentelemetry-sdk-metrics-1.22.0.jar;C:\Users\diego\.m2\repository\io\opentelemetry\opentelemetry-sdk-logs\1.22.0-alpha\opentelemetry-sdk-logs-1.22.0-alpha.jar;C:\Users\diego\.m2\repository\io\opentelemetry\opentelemetry-api-logs\1.22.0-alpha\opentelemetry-api-logs-1.22.0-alpha.jar;C:\Users\diego\.m2\repository\io\opentelemetry\opentelemetry-sdk-common\1.22.0\opentelemetry-sdk-common-1.22.0.jar;C:\Users\diego\.m2\repository\io\opentelemetry\opentelemetry-sdk-extension-autoconfigure-spi\1.22.0\opentelemetry-sdk-extension-autoconfigure-spi-1.22.0.jar;C:\Users\diego\.m2\repository\io\opentelemetry\opentelemetry-sdk-extension-autoconfigure\1.22.0-alpha\opentelemetry-sdk-extension-autoconfigure-1.22.0-alpha.jar;C:\Users\diego\.m2\repository\io\opentelemetry\opentelemetry-sdk-trace\1.22.0\opentelemetry-sdk-trace-1.22.0.jar;C:\Users\diego\.m2\repository\io\opentelemetry\opentelemetry-sdk\1.22.0\opentelemetry-sdk-1.22.0.jar;C:\Users\diego\.m2\repository\io\opentelemetry\opentelemetry-semconv\1.22.0-alpha\opentelemetry-semconv-1.22.0-alpha.jar;C:\Users\diego\.m2\repository\io\ous\jtoml\2.0.0\jtoml-2.0.0.jar;C:\Users\diego\.m2\repository\org\apache\commons\commons-exec\1.3\commons-exec-1.3.jar;C:\Users\diego\.m2\repository\org\asynchttpclient\async-http-client\2.12.3\async-http-client-2.12.3.jar;C:\Users\diego\.m2\repository\org\asynchttpclient\async-http-client-netty-utils\2.12.3\async-http-client-netty-utils-2.12.3.jar;C:\Users\diego\.m2\repository\io\netty\netty-codec-socks\4.1.60.Final\netty-codec-socks-4.1.60.Final.jar;C:\Users\diego\.m2\repository\io\netty\netty-handler-proxy\4.1.60.Final\netty-handler-proxy-4.1.60.Final.jar;C:\Users\diego\.m2\repository\io\netty\netty-transport-native-epoll\4.1.60.Final\netty-transport-native-epoll-4.1.60.Final-linux-x86_64.jar;C:\Users\diego\.m2\repository\io\netty\netty-transport-native-kqueue\4.1.60.Final\netty-transport-native-kqueue-4.1.60.Final-osx-x86_64.jar;C:\Users\diego\.m2\repository\org\reactivestreams\reactive-streams\1.0.3\reactive-streams-1.0.3.jar;C:\Users\diego\.m2\repository\com\typesafe\netty\netty-reactive-streams\2.0.4\netty-reactive-streams-2.0.4.jar;C:\Users\diego\.m2\repository\org\seleniumhq\selenium\selenium-manager\4.8.0\selenium-manager-4.8.0.jar;C:\Users\diego\.m2\repository\org\seleniumhq\selenium\selenium-safari-driver\4.8.0\selenium-safari-driver-4.8.0.jar;C:\Users\diego\.m2\repository\org\seleniumhq\selenium\selenium-api\4.8.0\selenium-api-4.8.0.jar;C:\Users\diego\.m2\repository\org\seleniumhq\selenium\selenium-support\4.8.0\selenium-support-4.8.0.jar;C:\Users\diego\.m2\repository\com\google\auto\service\auto-service-annotations\1.0.1\auto-service-annotations-1.0.1.jar;C:\Users\diego\.m2\repository\com\google\auto\service\auto-service\1.0.1\auto-service-1.0.1.jar;C:\Users\diego\.m2\repository\com\google\auto\auto-common\1.2\auto-common-1.2.jar;C:\Users\diego\.m2\repository\org\seleniumhq\selenium\selenium-json\4.8.0\selenium-json-4.8.0.jar;C:\Users\diego\.m2\repository\org\seleniumhq\selenium\selenium-chrome-driver\4.8.0\selenium-chrome-driver-4.8.0.jar;C:\Users\diego\.m2\repository\org\seleniumhq\selenium\selenium-chromium-driver\4.8.0\selenium-chromium-driver-4.8.0.jar;C:\Users\diego\.m2\repository\org\seleniumhq\selenium\selenium-firefox-driver\4.8.0\selenium-firefox-driver-4.8.0.jar;C:\Users\diego\.m2\repository\org\seleniumhq\selenium\selenium-http\4.8.0\selenium-http-4.8.0.jar;C:\Users\diego\.m2\repository\dev\failsafe\failsafe\3.3.0\failsafe-3.3.0.jar;C:\Users\diego\.m2\repository\org\seleniumhq\selenium\selenium-edge-driver\4.8.0\selenium-edge-driver-4.8.0.jar;C:\Users\diego\.m2\repository\org\seleniumhq\selenium\selenium-ie-driver\4.8.0\selenium-ie-driver-4.8.0.jar;C:\Users\diego\.m2\repository\org\projectlombok\lombok\1.18.20\lombok-1.18.20.jar;C:\Users\diego\.m2\repository\io\appium\java-client\8.3.0\java-client-8.3.0.jar;C:\Users\diego\.m2\repository\commons-validator\commons-validator\1.7\commons-validator-1.7.jar;C:\Users\diego\.m2\repository\commons-digester\commons-digester\2.1\commons-digester-2.1.jar;C:\Users\diego\.m2\repository\org\apache\groovy\groovy\4.0.6\groovy-4.0.6.jar;C:\Users\diego\.m2\repository\net\sf\opencsv\opencsv\2.0\opencsv-2.0.jar;C:\Users\diego\.m2\repository\commons-beanutils\commons-beanutils\1.9.4\commons-beanutils-1.9.4.jar;C:\Users\diego\.m2\repository\org\apache\commons\commons-lang3\3.12.0\commons-lang3-3.12.0.jar;C:\Users\diego\.m2\repository\commons-collections\commons-collections\3.2.2\commons-collections-3.2.2.jar;C:\Users\diego\.m2\repository\org\fluentlenium\fluentlenium-core\0.10.2\fluentlenium-core-0.10.2.jar;C:\Users\diego\.m2\repository\io\github\bonigarcia\webdrivermanager\5.3.0\webdrivermanager-5.3.0.jar;C:\Users\diego\.m2\repository\com\github\docker-java\docker-java\3.2.13\docker-java-3.2.13.jar;C:\Users\diego\.m2\repository\com\github\docker-java\docker-java-core\3.2.13\docker-java-core-3.2.13.jar;C:\Users\diego\.m2\repository\com\github\docker-java\docker-java-api\3.2.13\docker-java-api-3.2.13.jar;C:\Users\diego\.m2\repository\org\apache\commons\commons-compress\1.21\commons-compress-1.21.jar;C:\Users\diego\.m2\repository\org\bouncycastle\bcpkix-jdk15on\1.64\bcpkix-jdk15on-1.64.jar;C:\Users\diego\.m2\repository\org\bouncycastle\bcprov-jdk15on\1.64\bcprov-jdk15on-1.64.jar;C:\Users\diego\.m2\repository\org\slf4j\jcl-over-slf4j\1.7.30\jcl-over-slf4j-1.7.30.jar;C:\Users\diego\.m2\repository\com\github\docker-java\docker-java-transport-httpclient5\3.2.13\docker-java-transport-httpclient5-3.2.13.jar;C:\Users\diego\.m2\repository\com\github\docker-java\docker-java-transport\3.2.13\docker-java-transport-3.2.13.jar;C:\Users\diego\.m2\repository\net\java\dev\jna\jna\5.8.0\jna-5.8.0.jar;C:\Users\diego\.m2\repository\org\brotli\dec\0.1.2\dec-0.1.2.jar;C:\Users\diego\.m2\repository\org\apache\httpcomponents\client5\httpclient5\5.1.3\httpclient5-5.1.3.jar;C:\Users\diego\.m2\repository\org\apache\httpcomponents\core5\httpcore5\5.1.3\httpcore5-5.1.3.jar;C:\Users\diego\.m2\repository\org\apache\httpcomponents\core5\httpcore5-h2\5.1.3\httpcore5-h2-5.1.3.jar;C:\Users\diego\.m2\repository\com\jhlabs\filters\2.0.235\filters-2.0.235.jar;C:\Users\diego\.m2\repository\com\paulhammant\ngwebdriver\1.1.6\ngwebdriver-1.1.6.jar;C:\Users\diego\.m2\repository\joda-time\joda-time\2.8.2\joda-time-2.8.2.jar;C:\Users\diego\.m2\repository\org\hamcrest\hamcrest\2.2\hamcrest-2.2.jar;C:\Users\diego\.m2\repository\com\google\jimfs\jimfs\1.2\jimfs-1.2.jar;C:\Users\diego\.m2\repository\org\mockito\mockito-core\3.3.3\mockito-core-3.3.3.jar;C:\Users\diego\.m2\repository\javax\xml\bind\jaxb-api\2.3.1\jaxb-api-2.3.1.jar;C:\Users\diego\.m2\repository\javax\activation\javax.activation-api\1.2.0\javax.activation-api-1.2.0.jar;C:\Users\diego\.m2\repository\com\sun\xml\bind\jaxb-core\2.3.0.1\jaxb-core-2.3.0.1.jar;C:\Users\diego\.m2\repository\com\sun\xml\bind\jaxb-impl\2.3.3\jaxb-impl-2.3.3.jar;C:\Users\diego\.m2\repository\jakarta\xml\bind\jakarta.xml.bind-api\2.3.3\jakarta.xml.bind-api-2.3.3.jar;C:\Users\diego\.m2\repository\com\sun\activation\jakarta.activation\1.2.2\jakarta.activation-1.2.2.jar;C:\Users\diego\.m2\repository\javax\activation\activation\1.1.1\activation-1.1.1.jar;C:\Users\diego\.m2\repository\net\serenity-bdd\serenity-cucumber\3.6.12\serenity-cucumber-3.6.12.jar;C:\Users\diego\.m2\repository\io\cucumber\cucumber-core\7.11.0\cucumber-core-7.11.0.jar;C:\Users\diego\.m2\repository\io\cucumber\cucumber-gherkin\7.11.0\cucumber-gherkin-7.11.0.jar;C:\Users\diego\.m2\repository\io\cucumber\cucumber-gherkin-messages\7.11.0\cucumber-gherkin-messages-7.11.0.jar;C:\Users\diego\.m2\repository\io\cucumber\gherkin\26.0.3\gherkin-26.0.3.jar;C:\Users\diego\.m2\repository\io\cucumber\messages\21.0.1\messages-21.0.1.jar;C:\Users\diego\.m2\repository\io\cucumber\tag-expressions\5.0.1\tag-expressions-5.0.1.jar;C:\Users\diego\.m2\repository\io\cucumber\cucumber-expressions\16.1.1\cucumber-expressions-16.1.1.jar;C:\Users\diego\.m2\repository\io\cucumber\datatable\7.11.0\datatable-7.11.0.jar;C:\Users\diego\.m2\repository\io\cucumber\cucumber-plugin\7.11.0\cucumber-plugin-7.11.0.jar;C:\Users\diego\.m2\repository\io\cucumber\docstring\7.11.0\docstring-7.11.0.jar;C:\Users\diego\.m2\repository\io\cucumber\html-formatter\20.2.1\html-formatter-20.2.1.jar;C:\Users\diego\.m2\repository\io\cucumber\junit-xml-formatter\0.1.0\junit-xml-formatter-0.1.0.jar;C:\Users\diego\.m2\repository\io\cucumber\ci-environment\9.1.0\ci-environment-9.1.0.jar;C:\Users\diego\.m2\repository\io\cucumber\cucumber-java\7.11.0\cucumber-java-7.11.0.jar;C:\Users\diego\.m2\repository\io\cucumber\cucumber-junit\7.11.0\cucumber-junit-7.11.0.jar;C:\Users\diego\.m2\repository\org\apache\commons\commons-csv\1.5\commons-csv-1.5.jar;C:\Users\diego\.m2\repository\net\serenity-bdd\serenity-screenplay\3.6.12\serenity-screenplay-3.6.12.jar;C:\Users\diego\.m2\repository\net\serenity-bdd\serenity-screenplay-webdriver\3.6.12\serenity-screenplay-webdriver-3.6.12.jar;C:\Users\diego\.m2\repository\net\serenity-bdd\serenity-ensure\3.6.12\serenity-ensure-3.6.12.jar;C:\Users\diego\.m2\repository\net\serenity-bdd\serenity-junit\3.6.12\serenity-junit-3.6.12.jar;C:\Users\diego\.m2\repository\org\jetbrains\kotlin\kotlin-stdlib\1.7.21\kotlin-stdlib-1.7.21.jar;C:\Users\diego\.m2\repository\org\jetbrains\kotlin\kotlin-stdlib-common\1.7.21\kotlin-stdlib-common-1.7.21.jar;C:\Users\diego\.m2\repository\org\jetbrains\annotations\13.0\annotations-13.0.jar;C:\Users\diego\.m2\repository\org\junit\jupiter\junit-jupiter-engine\5.8.2\junit-jupiter-engine-5.8.2.jar;C:\Users\diego\.m2\repository\org\junit\platform\junit-platform-engine\1.8.2\junit-platform-engine-1.8.2.jar;C:\Users\diego\.m2\repository\org\opentest4j\opentest4j\1.2.0\opentest4j-1.2.0.jar;C:\Users\diego\.m2\repository\org\junit\platform\junit-platform-commons\1.8.2\junit-platform-commons-1.8.2.jar;C:\Users\diego\.m2\repository\org\junit\jupiter\junit-jupiter-api\5.8.2\junit-jupiter-api-5.8.2.jar;C:\Users\diego\.m2\repository\org\apiguardian\apiguardian-api\1.1.2\apiguardian-api-1.1.2.jar;C:\Users\diego\.m2\repository\org\junit\vintage\junit-vintage-engine\5.8.2\junit-vintage-engine-5.8.2.jar;C:\Users\diego\.m2\repository\junit\junit\4.13.2\junit-4.13.2.jar;C:\Users\diego\.m2\repository\org\hamcrest\hamcrest-core\1.3\hamcrest-core-1.3.jar;C:\Users\diego\.m2\repository\ch\qos\logback\logback-classic\1.2.10\logback-classic-1.2.10.jar;C:\Users\diego\.m2\repository\ch\qos\logback\logback-core\1.2.10\logback-core-1.2.10.jar;C:\Users\diego\.m2\repository\org\slf4j\slf4j-api\1.7.32\slf4j-api-1.7.32.jar;C:\Users\diego\.m2\repository\org\assertj\assertj-core\3.23.1\assertj-core-3.23.1.jar;C:\Users\diego\.m2\repository\net\bytebuddy\byte-buddy\1.12.10\byte-buddy-1.12.10.jar;C:\Users\diego\.m2\repository\org\junit\platform\junit-platform-suite\1.9.3\junit-platform-suite-1.9.3.jar;C:\Users\diego\.m2\repository\org\junit\platform\junit-platform-suite-api\1.9.3\junit-platform-suite-api-1.9.3.jar;C:\Users\diego\.m2\repository\org\junit\platform\junit-platform-suite-engine\1.9.3\junit-platform-suite-engine-1.9.3.jar;C:\Users\diego\.m2\repository\org\junit\platform\junit-platform-suite-commons\1.9.3\junit-platform-suite-commons-1.9.3.jar;C:\Users\diego\.m2\repository\org\junit\platform\junit-platform-launcher\1.9.3\junit-platform-launcher-1.9.3.jar;"/>
    <property name="java.vm.vendor" value="Oracle Corporation"/>
    <property name="sun.arch.data.model" value="64"/>
    <property name="user.variant" value=""/>
    <property name="java.vendor.url" value="http://java.oracle.com/"/>
    <property name="user.timezone" value="America/Bogota"/>
    <property name="java.vm.specification.version" value="1.8"/>
    <property name="os.name" value="Windows 10"/>
    <property name="user.country" value="US"/>
    <property name="sun.java.launcher" value="SUN_STANDARD"/>
    <property name="sun.boot.library.path" value="C:\Program Files\Java\jdk1.8.0_202\jre\bin"/>
    <property name="sun.java.command" value="C:\Users\diego\AppData\Local\Temp\surefire1908535760207210226\surefirebooter8645953781509328474.jar C:\Users\diego\AppData\Local\Temp\surefire1908535760207210226 2023-05-12T13-08-45_672-jvmRun1 surefire5103000055151517927tmp surefire_08037221013134738723tmp"/>
    <property name="surefire.test.class.path" value="C:\Users\diego\OneDrive\Documentos\CHALLENGE\ejercicio1\target\test-classes;C:\Users\diego\OneDrive\Documentos\CHALLENGE\ejercicio1\target\ejercicio1-1.0.0-SNAPSHOT.jar;C:\Users\diego\.m2\repository\net\serenity-bdd\serenity-core\3.6.12\serenity-core-3.6.12.jar;C:\Users\diego\.m2\repository\net\serenity-bdd\serenity-model\3.6.12\serenity-model-3.6.12.jar;C:\Users\diego\.m2\repository\org\apache\commons\commons-text\1.10.0\commons-text-1.10.0.jar;C:\Users\diego\.m2\repository\commons-net\commons-net\3.9.0\commons-net-3.9.0.jar;C:\Users\diego\.m2\repository\com\google\guava\guava\31.1-jre\guava-31.1-jre.jar;C:\Users\diego\.m2\repository\com\google\guava\failureaccess\1.0.1\failureaccess-1.0.1.jar;C:\Users\diego\.m2\repository\com\google\guava\listenablefuture\9999.0-empty-to-avoid-conflict-with-guava\listenablefuture-9999.0-empty-to-avoid-conflict-with-guava.jar;C:\Users\diego\.m2\repository\com\google\code\findbugs\jsr305\3.0.2\jsr305-3.0.2.jar;C:\Users\diego\.m2\repository\org\checkerframework\checker-qual\3.12.0\checker-qual-3.12.0.jar;C:\Users\diego\.m2\repository\com\google\errorprone\error_prone_annotations\2.11.0\error_prone_annotations-2.11.0.jar;C:\Users\diego\.m2\repository\com\google\j2objc\j2objc-annotations\1.3\j2objc-annotations-1.3.jar;C:\Users\diego\.m2\repository\com\google\inject\guice\5.1.0\guice-5.1.0.jar;C:\Users\diego\.m2\repository\javax\inject\javax.inject\1\javax.inject-1.jar;C:\Users\diego\.m2\repository\aopalliance\aopalliance\1.0\aopalliance-1.0.jar;C:\Users\diego\.m2\repository\org\jsoup\jsoup\1.14.3\jsoup-1.14.3.jar;C:\Users\diego\.m2\repository\com\thoughtworks\xstream\xstream\1.4.20\xstream-1.4.20.jar;C:\Users\diego\.m2\repository\io\github\x-stream\mxparser\1.2.2\mxparser-1.2.2.jar;C:\Users\diego\.m2\repository\xmlpull\xmlpull\1.1.3.1\xmlpull-1.1.3.1.jar;C:\Users\diego\.m2\repository\com\typesafe\config\1.4.2\config-1.4.2.jar;C:\Users\diego\.m2\repository\org\imgscalr\imgscalr-lib\4.2\imgscalr-lib-4.2.jar;C:\Users\diego\.m2\repository\org\awaitility\awaitility\4.2.0\awaitility-4.2.0.jar;C:\Users\diego\.m2\repository\org\freemarker\freemarker\2.3.31\freemarker-2.3.31.jar;C:\Users\diego\.m2\repository\io\github\classgraph\classgraph\4.8.138\classgraph-4.8.138.jar;C:\Users\diego\.m2\repository\net\sourceforge\jexcelapi\jxl\2.6.12\jxl-2.6.12.jar;C:\Users\diego\.m2\repository\net\bytebuddy\byte-buddy-agent\1.12.22\byte-buddy-agent-1.12.22.jar;C:\Users\diego\.m2\repository\org\objenesis\objenesis\3.1\objenesis-3.1.jar;C:\Users\diego\.m2\repository\net\serenity-bdd\serenity-reports\3.6.12\serenity-reports-3.6.12.jar;C:\Users\diego\.m2\repository\net\serenity-bdd\serenity-stats\3.6.12\serenity-stats-3.6.12.jar;C:\Users\diego\.m2\repository\net\serenity-bdd\serenity-reports-configuration\3.6.12\serenity-reports-configuration-3.6.12.jar;C:\Users\diego\.m2\repository\com\vladsch\flexmark\flexmark-all\0.34.30\flexmark-all-0.34.30.jar;C:\Users\diego\.m2\repository\com\vladsch\flexmark\flexmark\0.34.30\flexmark-0.34.30.jar;C:\Users\diego\.m2\repository\com\vladsch\flexmark\flexmark-ext-abbreviation\0.34.30\flexmark-ext-abbreviation-0.34.30.jar;C:\Users\diego\.m2\repository\com\vladsch\flexmark\flexmark-ext-admonition\0.34.30\flexmark-ext-admonition-0.34.30.jar;C:\Users\diego\.m2\repository\com\vladsch\flexmark\flexmark-ext-anchorlink\0.34.30\flexmark-ext-anchorlink-0.34.30.jar;C:\Users\diego\.m2\repository\com\vladsch\flexmark\flexmark-ext-aside\0.34.30\flexmark-ext-aside-0.34.30.jar;C:\Users\diego\.m2\repository\com\vladsch\flexmark\flexmark-ext-attributes\0.34.30\flexmark-ext-attributes-0.34.30.jar;C:\Users\diego\.m2\repository\com\vladsch\flexmark\flexmark-ext-autolink\0.34.30\flexmark-ext-autolink-0.34.30.jar;C:\Users\diego\.m2\repository\org\nibor\autolink\autolink\0.6.0\autolink-0.6.0.jar;C:\Users\diego\.m2\repository\com\vladsch\flexmark\flexmark-ext-definition\0.34.30\flexmark-ext-definition-0.34.30.jar;C:\Users\diego\.m2\repository\com\vladsch\flexmark\flexmark-ext-emoji\0.34.30\flexmark-ext-emoji-0.34.30.jar;C:\Users\diego\.m2\repository\com\vladsch\flexmark\flexmark-ext-enumerated-reference\0.34.30\flexmark-ext-enumerated-reference-0.34.30.jar;C:\Users\diego\.m2\repository\com\vladsch\flexmark\flexmark-ext-escaped-character\0.34.30\flexmark-ext-escaped-character-0.34.30.jar;C:\Users\diego\.m2\repository\com\vladsch\flexmark\flexmark-ext-footnotes\0.34.30\flexmark-ext-footnotes-0.34.30.jar;C:\Users\diego\.m2\repository\com\vladsch\flexmark\flexmark-ext-gfm-issues\0.34.30\flexmark-ext-gfm-issues-0.34.30.jar;C:\Users\diego\.m2\repository\com\vladsch\flexmark\flexmark-ext-gfm-strikethrough\0.34.30\flexmark-ext-gfm-strikethrough-0.34.30.jar;C:\Users\diego\.m2\repository\com\vladsch\flexmark\flexmark-ext-gfm-tables\0.34.30\flexmark-ext-gfm-tables-0.34.30.jar;C:\Users\diego\.m2\repository\com\vladsch\flexmark\flexmark-ext-gfm-tasklist\0.34.30\flexmark-ext-gfm-tasklist-0.34.30.jar;C:\Users\diego\.m2\repository\com\vladsch\flexmark\flexmark-ext-gfm-users\0.34.30\flexmark-ext-gfm-users-0.34.30.jar;C:\Users\diego\.m2\repository\com\vladsch\flexmark\flexmark-ext-gitlab\0.34.30\flexmark-ext-gitlab-0.34.30.jar;C:\Users\diego\.m2\repository\com\vladsch\flexmark\flexmark-ext-jekyll-front-matter\0.34.30\flexmark-ext-jekyll-front-matter-0.34.30.jar;C:\Users\diego\.m2\repository\com\vladsch\flexmark\flexmark-ext-jekyll-tag\0.34.30\flexmark-ext-jekyll-tag-0.34.30.jar;C:\Users\diego\.m2\repository\com\vladsch\flexmark\flexmark-ext-media-tags\0.34.30\flexmark-ext-media-tags-0.34.30.jar;C:\Users\diego\.m2\repository\com\vladsch\flexmark\flexmark-test-util\0.34.30\flexmark-test-util-0.34.30.jar;C:\Users\diego\.m2\repository\com\vladsch\flexmark\flexmark-ext-ins\0.34.30\flexmark-ext-ins-0.34.30.jar;C:\Users\diego\.m2\repository\com\vladsch\flexmark\flexmark-ext-xwiki-macros\0.34.30\flexmark-ext-xwiki-macros-0.34.30.jar;C:\Users\diego\.m2\repository\com\vladsch\flexmark\flexmark-ext-superscript\0.34.30\flexmark-ext-superscript-0.34.30.jar;C:\Users\diego\.m2\repository\com\vladsch\flexmark\flexmark-ext-tables\0.34.30\flexmark-ext-tables-0.34.30.jar;C:\Users\diego\.m2\repository\com\vladsch\flexmark\flexmark-ext-toc\0.34.30\flexmark-ext-toc-0.34.30.jar;C:\Users\diego\.m2\repository\com\vladsch\flexmark\flexmark-ext-typographic\0.34.30\flexmark-ext-typographic-0.34.30.jar;C:\Users\diego\.m2\repository\com\vladsch\flexmark\flexmark-ext-wikilink\0.34.30\flexmark-ext-wikilink-0.34.30.jar;C:\Users\diego\.m2\repository\com\vladsch\flexmark\flexmark-ext-yaml-front-matter\0.34.30\flexmark-ext-yaml-front-matter-0.34.30.jar;C:\Users\diego\.m2\repository\com\vladsch\flexmark\flexmark-ext-youtube-embedded\0.34.30\flexmark-ext-youtube-embedded-0.34.30.jar;C:\Users\diego\.m2\repository\com\vladsch\flexmark\flexmark-formatter\0.34.30\flexmark-formatter-0.34.30.jar;C:\Users\diego\.m2\repository\com\vladsch\flexmark\flexmark-html-parser\0.34.30\flexmark-html-parser-0.34.30.jar;C:\Users\diego\.m2\repository\com\vladsch\flexmark\flexmark-jira-converter\0.34.30\flexmark-jira-converter-0.34.30.jar;C:\Users\diego\.m2\repository\com\vladsch\flexmark\flexmark-pdf-converter\0.34.30\flexmark-pdf-converter-0.34.30.jar;C:\Users\diego\.m2\repository\com\openhtmltopdf\openhtmltopdf-core\0.0.1-RC13\openhtmltopdf-core-0.0.1-RC13.jar;C:\Users\diego\.m2\repository\com\openhtmltopdf\openhtmltopdf-pdfbox\0.0.1-RC13\openhtmltopdf-pdfbox-0.0.1-RC13.jar;C:\Users\diego\.m2\repository\org\apache\pdfbox\pdfbox\2.0.8\pdfbox-2.0.8.jar;C:\Users\diego\.m2\repository\org\apache\pdfbox\fontbox\2.0.8\fontbox-2.0.8.jar;C:\Users\diego\.m2\repository\org\apache\pdfbox\xmpbox\2.0.8\xmpbox-2.0.8.jar;C:\Users\diego\.m2\repository\de\rototor\pdfbox\graphics2d\0.12\graphics2d-0.12.jar;C:\Users\diego\.m2\repository\com\openhtmltopdf\openhtmltopdf-rtl-support\0.0.1-RC13\openhtmltopdf-rtl-support-0.0.1-RC13.jar;C:\Users\diego\.m2\repository\com\ibm\icu\icu4j\59.1\icu4j-59.1.jar;C:\Users\diego\.m2\repository\com\openhtmltopdf\openhtmltopdf-jsoup-dom-converter\0.0.1-RC13\openhtmltopdf-jsoup-dom-converter-0.0.1-RC13.jar;C:\Users\diego\.m2\repository\com\vladsch\flexmark\flexmark-profile-pegdown\0.34.30\flexmark-profile-pegdown-0.34.30.jar;C:\Users\diego\.m2\repository\com\vladsch\flexmark\flexmark-util\0.34.30\flexmark-util-0.34.30.jar;C:\Users\diego\.m2\repository\com\vladsch\flexmark\flexmark-youtrack-converter\0.34.30\flexmark-youtrack-converter-0.34.30.jar;C:\Users\diego\.m2\repository\es\nitaur\markdown\txtmark\0.16\txtmark-0.16.jar;C:\Users\diego\.m2\repository\net\serenity-bdd\serenity-report-resources\3.6.12\serenity-report-resources-3.6.12.jar;C:\Users\diego\.m2\repository\com\google\code\gson\gson\2.9.0\gson-2.9.0.jar;C:\Users\diego\.m2\repository\com\fasterxml\jackson\core\jackson-core\2.14.2\jackson-core-2.14.2.jar;C:\Users\diego\.m2\repository\com\fasterxml\jackson\core\jackson-databind\2.14.2\jackson-databind-2.14.2.jar;C:\Users\diego\.m2\repository\com\fasterxml\jackson\core\jackson-annotations\2.14.2\jackson-annotations-2.14.2.jar;C:\Users\diego\.m2\repository\commons-codec\commons-codec\1.15\commons-codec-1.15.jar;C:\Users\diego\.m2\repository\commons-io\commons-io\2.11.0\commons-io-2.11.0.jar;C:\Users\diego\.m2\repository\org\apache\httpcomponents\httpclient\4.5.13\httpclient-4.5.13.jar;C:\Users\diego\.m2\repository\org\apache\httpcomponents\httpcore\4.4.13\httpcore-4.4.13.jar;C:\Users\diego\.m2\repository\commons-logging\commons-logging\1.2\commons-logging-1.2.jar;C:\Users\diego\.m2\repository\org\seleniumhq\selenium\selenium-java\4.8.0\selenium-java-4.8.0.jar;C:\Users\diego\.m2\repository\org\seleniumhq\selenium\selenium-devtools-v107\4.8.0\selenium-devtools-v107-4.8.0.jar;C:\Users\diego\.m2\repository\org\seleniumhq\selenium\selenium-devtools-v108\4.8.0\selenium-devtools-v108-4.8.0.jar;C:\Users\diego\.m2\repository\org\seleniumhq\selenium\selenium-devtools-v109\4.8.0\selenium-devtools-v109-4.8.0.jar;C:\Users\diego\.m2\repository\org\seleniumhq\selenium\selenium-devtools-v85\4.8.0\selenium-devtools-v85-4.8.0.jar;C:\Users\diego\.m2\repository\org\seleniumhq\selenium\selenium-remote-driver\4.8.0\selenium-remote-driver-4.8.0.jar;C:\Users\diego\.m2\repository\com\beust\jcommander\1.82\jcommander-1.82.jar;C:\Users\diego\.m2\repository\io\netty\netty-buffer\4.1.87.Final\netty-buffer-4.1.87.Final.jar;C:\Users\diego\.m2\repository\io\netty\netty-codec-http\4.1.87.Final\netty-codec-http-4.1.87.Final.jar;C:\Users\diego\.m2\repository\io\netty\netty-codec\4.1.87.Final\netty-codec-4.1.87.Final.jar;C:\Users\diego\.m2\repository\io\netty\netty-handler\4.1.87.Final\netty-handler-4.1.87.Final.jar;C:\Users\diego\.m2\repository\io\netty\netty-common\4.1.87.Final\netty-common-4.1.87.Final.jar;C:\Users\diego\.m2\repository\io\netty\netty-transport-classes-epoll\4.1.87.Final\netty-transport-classes-epoll-4.1.87.Final.jar;C:\Users\diego\.m2\repository\io\netty\netty-transport-classes-kqueue\4.1.87.Final\netty-transport-classes-kqueue-4.1.87.Final.jar;C:\Users\diego\.m2\repository\io\netty\netty-transport-native-epoll\4.1.87.Final\netty-transport-native-epoll-4.1.87.Final.jar;C:\Users\diego\.m2\repository\io\netty\netty-transport-native-kqueue\4.1.87.Final\netty-transport-native-kqueue-4.1.87.Final.jar;C:\Users\diego\.m2\repository\io\netty\netty-transport-native-unix-common\4.1.87.Final\netty-transport-native-unix-common-4.1.87.Final.jar;C:\Users\diego\.m2\repository\io\netty\netty-transport\4.1.87.Final\netty-transport-4.1.87.Final.jar;C:\Users\diego\.m2\repository\io\netty\netty-resolver\4.1.87.Final\netty-resolver-4.1.87.Final.jar;C:\Users\diego\.m2\repository\io\opentelemetry\opentelemetry-api\1.22.0\opentelemetry-api-1.22.0.jar;C:\Users\diego\.m2\repository\io\opentelemetry\opentelemetry-context\1.22.0\opentelemetry-context-1.22.0.jar;C:\Users\diego\.m2\repository\io\opentelemetry\opentelemetry-exporter-logging\1.22.0\opentelemetry-exporter-logging-1.22.0.jar;C:\Users\diego\.m2\repository\io\opentelemetry\opentelemetry-sdk-metrics\1.22.0\opentelemetry-sdk-metrics-1.22.0.jar;C:\Users\diego\.m2\repository\io\opentelemetry\opentelemetry-sdk-logs\1.22.0-alpha\opentelemetry-sdk-logs-1.22.0-alpha.jar;C:\Users\diego\.m2\repository\io\opentelemetry\opentelemetry-api-logs\1.22.0-alpha\opentelemetry-api-logs-1.22.0-alpha.jar;C:\Users\diego\.m2\repository\io\opentelemetry\opentelemetry-sdk-common\1.22.0\opentelemetry-sdk-common-1.22.0.jar;C:\Users\diego\.m2\repository\io\opentelemetry\opentelemetry-sdk-extension-autoconfigure-spi\1.22.0\opentelemetry-sdk-extension-autoconfigure-spi-1.22.0.jar;C:\Users\diego\.m2\repository\io\opentelemetry\opentelemetry-sdk-extension-autoconfigure\1.22.0-alpha\opentelemetry-sdk-extension-autoconfigure-1.22.0-alpha.jar;C:\Users\diego\.m2\repository\io\opentelemetry\opentelemetry-sdk-trace\1.22.0\opentelemetry-sdk-trace-1.22.0.jar;C:\Users\diego\.m2\repository\io\opentelemetry\opentelemetry-sdk\1.22.0\opentelemetry-sdk-1.22.0.jar;C:\Users\diego\.m2\repository\io\opentelemetry\opentelemetry-semconv\1.22.0-alpha\opentelemetry-semconv-1.22.0-alpha.jar;C:\Users\diego\.m2\repository\io\ous\jtoml\2.0.0\jtoml-2.0.0.jar;C:\Users\diego\.m2\repository\org\apache\commons\commons-exec\1.3\commons-exec-1.3.jar;C:\Users\diego\.m2\repository\org\asynchttpclient\async-http-client\2.12.3\async-http-client-2.12.3.jar;C:\Users\diego\.m2\repository\org\asynchttpclient\async-http-client-netty-utils\2.12.3\async-http-client-netty-utils-2.12.3.jar;C:\Users\diego\.m2\repository\io\netty\netty-codec-socks\4.1.60.Final\netty-codec-socks-4.1.60.Final.jar;C:\Users\diego\.m2\repository\io\netty\netty-handler-proxy\4.1.60.Final\netty-handler-proxy-4.1.60.Final.jar;C:\Users\diego\.m2\repository\io\netty\netty-transport-native-epoll\4.1.60.Final\netty-transport-native-epoll-4.1.60.Final-linux-x86_64.jar;C:\Users\diego\.m2\repository\io\netty\netty-transport-native-kqueue\4.1.60.Final\netty-transport-native-kqueue-4.1.60.Final-osx-x86_64.jar;C:\Users\diego\.m2\repository\org\reactivestreams\reactive-streams\1.0.3\reactive-streams-1.0.3.jar;C:\Users\diego\.m2\repository\com\typesafe\netty\netty-reactive-streams\2.0.4\netty-reactive-streams-2.0.4.jar;C:\Users\diego\.m2\repository\org\seleniumhq\selenium\selenium-manager\4.8.0\selenium-manager-4.8.0.jar;C:\Users\diego\.m2\repository\org\seleniumhq\selenium\selenium-safari-driver\4.8.0\selenium-safari-driver-4.8.0.jar;C:\Users\diego\.m2\repository\org\seleniumhq\selenium\selenium-api\4.8.0\selenium-api-4.8.0.jar;C:\Users\diego\.m2\repository\org\seleniumhq\selenium\selenium-support\4.8.0\selenium-support-4.8.0.jar;C:\Users\diego\.m2\repository\com\google\auto\service\auto-service-annotations\1.0.1\auto-service-annotations-1.0.1.jar;C:\Users\diego\.m2\repository\com\google\auto\service\auto-service\1.0.1\auto-service-1.0.1.jar;C:\Users\diego\.m2\repository\com\google\auto\auto-common\1.2\auto-common-1.2.jar;C:\Users\diego\.m2\repository\org\seleniumhq\selenium\selenium-json\4.8.0\selenium-json-4.8.0.jar;C:\Users\diego\.m2\repository\org\seleniumhq\selenium\selenium-chrome-driver\4.8.0\selenium-chrome-driver-4.8.0.jar;C:\Users\diego\.m2\repository\org\seleniumhq\selenium\selenium-chromium-driver\4.8.0\selenium-chromium-driver-4.8.0.jar;C:\Users\diego\.m2\repository\org\seleniumhq\selenium\selenium-firefox-driver\4.8.0\selenium-firefox-driver-4.8.0.jar;C:\Users\diego\.m2\repository\org\seleniumhq\selenium\selenium-http\4.8.0\selenium-http-4.8.0.jar;C:\Users\diego\.m2\repository\dev\failsafe\failsafe\3.3.0\failsafe-3.3.0.jar;C:\Users\diego\.m2\repository\org\seleniumhq\selenium\selenium-edge-driver\4.8.0\selenium-edge-driver-4.8.0.jar;C:\Users\diego\.m2\repository\org\seleniumhq\selenium\selenium-ie-driver\4.8.0\selenium-ie-driver-4.8.0.jar;C:\Users\diego\.m2\repository\org\projectlombok\lombok\1.18.20\lombok-1.18.20.jar;C:\Users\diego\.m2\repository\io\appium\java-client\8.3.0\java-client-8.3.0.jar;C:\Users\diego\.m2\repository\commons-validator\commons-validator\1.7\commons-validator-1.7.jar;C:\Users\diego\.m2\repository\commons-digester\commons-digester\2.1\commons-digester-2.1.jar;C:\Users\diego\.m2\repository\org\apache\groovy\groovy\4.0.6\groovy-4.0.6.jar;C:\Users\diego\.m2\repository\net\sf\opencsv\opencsv\2.0\opencsv-2.0.jar;C:\Users\diego\.m2\repository\commons-beanutils\commons-beanutils\1.9.4\commons-beanutils-1.9.4.jar;C:\Users\diego\.m2\repository\org\apache\commons\commons-lang3\3.12.0\commons-lang3-3.12.0.jar;C:\Users\diego\.m2\repository\commons-collections\commons-collections\3.2.2\commons-collections-3.2.2.jar;C:\Users\diego\.m2\repository\org\fluentlenium\fluentlenium-core\0.10.2\fluentlenium-core-0.10.2.jar;C:\Users\diego\.m2\repository\io\github\bonigarcia\webdrivermanager\5.3.0\webdrivermanager-5.3.0.jar;C:\Users\diego\.m2\repository\com\github\docker-java\docker-java\3.2.13\docker-java-3.2.13.jar;C:\Users\diego\.m2\repository\com\github\docker-java\docker-java-core\3.2.13\docker-java-core-3.2.13.jar;C:\Users\diego\.m2\repository\com\github\docker-java\docker-java-api\3.2.13\docker-java-api-3.2.13.jar;C:\Users\diego\.m2\repository\org\apache\commons\commons-compress\1.21\commons-compress-1.21.jar;C:\Users\diego\.m2\repository\org\bouncycastle\bcpkix-jdk15on\1.64\bcpkix-jdk15on-1.64.jar;C:\Users\diego\.m2\repository\org\bouncycastle\bcprov-jdk15on\1.64\bcprov-jdk15on-1.64.jar;C:\Users\diego\.m2\repository\org\slf4j\jcl-over-slf4j\1.7.30\jcl-over-slf4j-1.7.30.jar;C:\Users\diego\.m2\repository\com\github\docker-java\docker-java-transport-httpclient5\3.2.13\docker-java-transport-httpclient5-3.2.13.jar;C:\Users\diego\.m2\repository\com\github\docker-java\docker-java-transport\3.2.13\docker-java-transport-3.2.13.jar;C:\Users\diego\.m2\repository\net\java\dev\jna\jna\5.8.0\jna-5.8.0.jar;C:\Users\diego\.m2\repository\org\brotli\dec\0.1.2\dec-0.1.2.jar;C:\Users\diego\.m2\repository\org\apache\httpcomponents\client5\httpclient5\5.1.3\httpclient5-5.1.3.jar;C:\Users\diego\.m2\repository\org\apache\httpcomponents\core5\httpcore5\5.1.3\httpcore5-5.1.3.jar;C:\Users\diego\.m2\repository\org\apache\httpcomponents\core5\httpcore5-h2\5.1.3\httpcore5-h2-5.1.3.jar;C:\Users\diego\.m2\repository\com\jhlabs\filters\2.0.235\filters-2.0.235.jar;C:\Users\diego\.m2\repository\com\paulhammant\ngwebdriver\1.1.6\ngwebdriver-1.1.6.jar;C:\Users\diego\.m2\repository\joda-time\joda-time\2.8.2\joda-time-2.8.2.jar;C:\Users\diego\.m2\repository\org\hamcrest\hamcrest\2.2\hamcrest-2.2.jar;C:\Users\diego\.m2\repository\com\google\jimfs\jimfs\1.2\jimfs-1.2.jar;C:\Users\diego\.m2\repository\org\mockito\mockito-core\3.3.3\mockito-core-3.3.3.jar;C:\Users\diego\.m2\repository\javax\xml\bind\jaxb-api\2.3.1\jaxb-api-2.3.1.jar;C:\Users\diego\.m2\repository\javax\activation\javax.activation-api\1.2.0\javax.activation-api-1.2.0.jar;C:\Users\diego\.m2\repository\com\sun\xml\bind\jaxb-core\2.3.0.1\jaxb-core-2.3.0.1.jar;C:\Users\diego\.m2\repository\com\sun\xml\bind\jaxb-impl\2.3.3\jaxb-impl-2.3.3.jar;C:\Users\diego\.m2\repository\jakarta\xml\bind\jakarta.xml.bind-api\2.3.3\jakarta.xml.bind-api-2.3.3.jar;C:\Users\diego\.m2\repository\com\sun\activation\jakarta.activation\1.2.2\jakarta.activation-1.2.2.jar;C:\Users\diego\.m2\repository\javax\activation\activation\1.1.1\activation-1.1.1.jar;C:\Users\diego\.m2\repository\net\serenity-bdd\serenity-cucumber\3.6.12\serenity-cucumber-3.6.12.jar;C:\Users\diego\.m2\repository\io\cucumber\cucumber-core\7.11.0\cucumber-core-7.11.0.jar;C:\Users\diego\.m2\repository\io\cucumber\cucumber-gherkin\7.11.0\cucumber-gherkin-7.11.0.jar;C:\Users\diego\.m2\repository\io\cucumber\cucumber-gherkin-messages\7.11.0\cucumber-gherkin-messages-7.11.0.jar;C:\Users\diego\.m2\repository\io\cucumber\gherkin\26.0.3\gherkin-26.0.3.jar;C:\Users\diego\.m2\repository\io\cucumber\messages\21.0.1\messages-21.0.1.jar;C:\Users\diego\.m2\repository\io\cucumber\tag-expressions\5.0.1\tag-expressions-5.0.1.jar;C:\Users\diego\.m2\repository\io\cucumber\cucumber-expressions\16.1.1\cucumber-expressions-16.1.1.jar;C:\Users\diego\.m2\repository\io\cucumber\datatable\7.11.0\datatable-7.11.0.jar;C:\Users\diego\.m2\repository\io\cucumber\cucumber-plugin\7.11.0\cucumber-plugin-7.11.0.jar;C:\Users\diego\.m2\repository\io\cucumber\docstring\7.11.0\docstring-7.11.0.jar;C:\Users\diego\.m2\repository\io\cucumber\html-formatter\20.2.1\html-formatter-20.2.1.jar;C:\Users\diego\.m2\repository\io\cucumber\junit-xml-formatter\0.1.0\junit-xml-formatter-0.1.0.jar;C:\Users\diego\.m2\repository\io\cucumber\ci-environment\9.1.0\ci-environment-9.1.0.jar;C:\Users\diego\.m2\repository\io\cucumber\cucumber-java\7.11.0\cucumber-java-7.11.0.jar;C:\Users\diego\.m2\repository\io\cucumber\cucumber-junit\7.11.0\cucumber-junit-7.11.0.jar;C:\Users\diego\.m2\repository\org\apache\commons\commons-csv\1.5\commons-csv-1.5.jar;C:\Users\diego\.m2\repository\net\serenity-bdd\serenity-screenplay\3.6.12\serenity-screenplay-3.6.12.jar;C:\Users\diego\.m2\repository\net\serenity-bdd\serenity-screenplay-webdriver\3.6.12\serenity-screenplay-webdriver-3.6.12.jar;C:\Users\diego\.m2\repository\net\serenity-bdd\serenity-ensure\3.6.12\serenity-ensure-3.6.12.jar;C:\Users\diego\.m2\repository\net\serenity-bdd\serenity-junit\3.6.12\serenity-junit-3.6.12.jar;C:\Users\diego\.m2\repository\org\jetbrains\kotlin\kotlin-stdlib\1.7.21\kotlin-stdlib-1.7.21.jar;C:\Users\diego\.m2\repository\org\jetbrains\kotlin\kotlin-stdlib-common\1.7.21\kotlin-stdlib-common-1.7.21.jar;C:\Users\diego\.m2\repository\org\jetbrains\annotations\13.0\annotations-13.0.jar;C:\Users\diego\.m2\repository\org\junit\jupiter\junit-jupiter-engine\5.8.2\junit-jupiter-engine-5.8.2.jar;C:\Users\diego\.m2\repository\org\junit\platform\junit-platform-engine\1.8.2\junit-platform-engine-1.8.2.jar;C:\Users\diego\.m2\repository\org\opentest4j\opentest4j\1.2.0\opentest4j-1.2.0.jar;C:\Users\diego\.m2\repository\org\junit\platform\junit-platform-commons\1.8.2\junit-platform-commons-1.8.2.jar;C:\Users\diego\.m2\repository\org\junit\jupiter\junit-jupiter-api\5.8.2\junit-jupiter-api-5.8.2.jar;C:\Users\diego\.m2\repository\org\apiguardian\apiguardian-api\1.1.2\apiguardian-api-1.1.2.jar;C:\Users\diego\.m2\repository\org\junit\vintage\junit-vintage-engine\5.8.2\junit-vintage-engine-5.8.2.jar;C:\Users\diego\.m2\repository\junit\junit\4.13.2\junit-4.13.2.jar;C:\Users\diego\.m2\repository\org\hamcrest\hamcrest-core\1.3\hamcrest-core-1.3.jar;C:\Users\diego\.m2\repository\ch\qos\logback\logback-classic\1.2.10\logback-classic-1.2.10.jar;C:\Users\diego\.m2\repository\ch\qos\logback\logback-core\1.2.10\logback-core-1.2.10.jar;C:\Users\diego\.m2\repository\org\slf4j\slf4j-api\1.7.32\slf4j-api-1.7.32.jar;C:\Users\diego\.m2\repository\org\assertj\assertj-core\3.23.1\assertj-core-3.23.1.jar;C:\Users\diego\.m2\repository\net\bytebuddy\byte-buddy\1.12.10\byte-buddy-1.12.10.jar;C:\Users\diego\.m2\repository\org\junit\platform\junit-platform-suite\1.9.3\junit-platform-suite-1.9.3.jar;C:\Users\diego\.m2\repository\org\junit\platform\junit-platform-suite-api\1.9.3\junit-platform-suite-api-1.9.3.jar;C:\Users\diego\.m2\repository\org\junit\platform\junit-platform-suite-engine\1.9.3\junit-platform-suite-engine-1.9.3.jar;C:\Users\diego\.m2\repository\org\junit\platform\junit-platform-suite-commons\1.9.3\junit-platform-suite-commons-1.9.3.jar;C:\Users\diego\.m2\repository\org\junit\platform\junit-platform-launcher\1.9.3\junit-platform-launcher-1.9.3.jar;"/>
    <property name="sun.cpu.endian" value="little"/>
    <property name="user.home" value="C:\Users\diego"/>
    <property name="user.language" value="en"/>
    <property name="java.specification.vendor" value="Oracle Corporation"/>
    <property name="java.home" value="C:\Program Files\Java\jdk1.8.0_202\jre"/>
    <property name="basedir" value="C:\Users\diego\OneDrive\Documentos\CHALLENGE\ejercicio1"/>
    <property name="file.separator" value="\"/>
    <property name="line.separator" value="&#10;"/>
    <property name="java.vm.specification.vendor" value="Oracle Corporation"/>
    <property name="java.specification.name" value="Java Platform API Specification"/>
    <property name="java.awt.graphicsenv" value="sun.awt.Win32GraphicsEnvironment"/>
    <property name="surefire.real.class.path" value="C:\Users\diego\AppData\Local\Temp\surefire1908535760207210226\surefirebooter8645953781509328474.jar"/>
    <property name="sun.boot.class.path" value="C:\Program Files\Java\jdk1.8.0_202\jre\lib\resources.jar;C:\Program Files\Java\jdk1.8.0_202\jre\lib\rt.jar;C:\Program Files\Java\jdk1.8.0_202\jre\lib\sunrsasign.jar;C:\Program Files\Java\jdk1.8.0_202\jre\lib\jsse.jar;C:\Program Files\Java\jdk1.8.0_202\jre\lib\jce.jar;C:\Program Files\Java\jdk1.8.0_202\jre\lib\charsets.jar;C:\Program Files\Java\jdk1.8.0_202\jre\lib\jfr.jar;C:\Program Files\Java\jdk1.8.0_202\jre\classes"/>
    <property name="user.script" value=""/>
    <property name="java.protocol.handler.pkgs" value="com.google.common"/>
    <property name="sun.management.compiler" value="HotSpot 64-Bit Tiered Compilers"/>
    <property name="java.runtime.version" value="1.8.0_202-b08"/>
    <property name="user.name" value="diego"/>
    <property name="path.separator" value=";"/>
    <property name="os.version" value="10.0"/>
    <property name="java.endorsed.dirs" value="C:\Program Files\Java\jdk1.8.0_202\jre\lib\endorsed"/>
    <property name="java.runtime.name" value="Java(TM) SE Runtime Environment"/>
    <property name="file.encoding" value="Cp1252"/>
    <property name="webdriver.base.url" value=""/>
    <property name="java.vm.name" value="Java HotSpot(TM) 64-Bit Server VM"/>
    <property name="localRepository" value="C:\Users\diego\.m2\repository"/>
    <property name="java.vendor.url.bug" value="http://bugreport.sun.com/bugreport/"/>
    <property name="java.io.tmpdir" value="C:\Users\diego\AppData\Local\Temp\"/>
    <property name="java.version" value="1.8.0_202"/>
    <property name="user.dir" value="C:\Users\diego\OneDrive\Documentos\CHALLENGE\ejercicio1"/>
    <property name="os.arch" value="amd64"/>
    <property name="java.vm.specification.name" value="Java Virtual Machine Specification"/>
    <property name="java.awt.printerjob" value="sun.awt.windows.WPrinterJob"/>
    <property name="sun.os.patch.level" value=""/>
    <property name="java.library.path" value="C:\Program Files\Java\jdk1.8.0_202\jre\bin;C:\Windows\Sun\Java\bin;C:\Windows\system32;C:\Windows;C:\Program Files\Common Files\Oracle\Java\javapath;C:\Program Files (x86)\Common Files\Oracle\Java\javapath;C:\Windows\system32;C:\Windows;C:\Windows\System32\Wbem;C:\Windows\System32\WindowsPowerShell\v1.0\;C:\Windows\System32\OpenSSH\;C:\Users\diego\AppData\Local\Microsoft\WindowsApps;;."/>
    <property name="java.vm.info" value="mixed mode"/>
    <property name="java.vendor" value="Oracle Corporation"/>
    <property name="java.vm.version" value="25.202-b08"/>
    <property name="java.ext.dirs" value="C:\Program Files\Java\jdk1.8.0_202\jre\lib\ext;C:\Windows\Sun\Java\lib\ext"/>
    <property name="sun.io.unicode.encoding" value="UnicodeLittle"/>
    <property name="java.class.version" value="52.0"/>
  </properties>
  <testcase name="Adds 2 products" classname="Test Shopping Cart" time="37.796">
    <system-out><![CDATA[13:08:46.870 [main] DEBUG net.thucydides.core.guice.Injectors - Created injector for module net.thucydides.core.guice.ThucydidesModule
13:08:47.049 [main] INFO io.cucumber.core.plugin.SerenityReporter - Running feature from file:///C:/Users/diego/OneDrive/Documentos/CHALLENGE/ejercicio1/src/test/resources/io/cucumber/skeleton/buyItems.feature
13:08:47.049 [main] WARN io.cucumber.core.plugin.SerenityReporter - Feature from file:///C:/Users/diego/OneDrive/Documentos/CHALLENGE/ejercicio1/src/test/resources/io/cucumber/skeleton/buyItems.feature is not under the 'features' directory. Requirements report will not be correctly generated!
13:08:47.058 [main] INFO net.thucydides.core.steps.StepEventBus - Loading JUnit Platform configuration parameters from classpath resource [junit-platform.properties].
13:08:47.155 [main] DEBUG net.thucydides.core.guice.Injectors - Created injector for module net.thucydides.core.guice.webdriver.WebDriverModule
13:08:47.168 [main] INFO  - 

-------------------------------------------------------------------------------------
     _______. _______ .______       _______ .__   __.  __  .___________.____    ____ 
    /       ||   ____||   _  \     |   ____||  \ |  | |  | |           |\   \  /   / 
   |   (----`|  |__   |  |_)  |    |  |__   |   \|  | |  | `---|  |----` \   \/   /  
    \   \    |   __|  |      /     |   __|  |  . `  | |  |     |  |       \_    _/   
.----)   |   |  |____ |  |\  \----.|  |____ |  |\   | |  |     |  |         |  |     
|_______/    |_______|| _| `._____||_______||__| \__| |__|     |__|         |__|    
                                                                                     
 News and tutorials at http://www.serenity-bdd.info                                  
 Documentation at https://wakaleo.gitbooks.io/the-serenity-book/content/             
 Join the Serenity Community on Gitter: https://gitter.im/serenity-bdd/serenity-core 
 Serenity BDD Support and Training at http://serenity-bdd.info/#/trainingandsupport  
-------------------------------------------------------------------------------------

13:08:47.169 [main] DEBUG net.thucydides.core.steps.StepEventBus - Test suite started for story net.thucydides.core.model.Story@3a663547
13:08:47.170 [main] INFO  - Test Suite Started: Test Shopping Cart
13:08:47.179 [main] INFO io.cucumber.core.plugin.SerenityReporter - Running feature from file:///C:/Users/diego/OneDrive/Documentos/CHALLENGE/ejercicio1/src/test/resources/io/cucumber/skeleton/buyItems.feature
13:08:47.179 [main] WARN io.cucumber.core.plugin.SerenityReporter - Feature from file:///C:/Users/diego/OneDrive/Documentos/CHALLENGE/ejercicio1/src/test/resources/io/cucumber/skeleton/buyItems.feature is not under the 'features' directory. Requirements report will not be correctly generated!
13:08:47.181 [main] DEBUG net.thucydides.core.steps.StepEventBus - Test suite started for story net.thucydides.core.model.Story@3a663547
13:08:47.181 [main] INFO  - Test Suite Started: Test Shopping Cart

Scenario: Adds 2 products                                                                                                                              &amp#27;[90m# src/test/resources/io/cucumber/skeleton/buyItems.feature:3&amp#27;[0m
13:08:47.238 [main] INFO io.cucumber.core.plugin.SerenityReporter - Running feature from file:///C:/Users/diego/OneDrive/Documentos/CHALLENGE/ejercicio1/src/test/resources/io/cucumber/skeleton/buyItems.feature
13:08:47.238 [main] WARN io.cucumber.core.plugin.SerenityReporter - Feature from file:///C:/Users/diego/OneDrive/Documentos/CHALLENGE/ejercicio1/src/test/resources/io/cucumber/skeleton/buyItems.feature is not under the 'features' directory. Requirements report will not be correctly generated!
13:08:47.304 [main] INFO  - 
  _____   ___   ___   _____     ___   _____     _     ___   _____   ___   ___  
 |_   _| | __| / __| |_   _|   / __| |_   _|   /_\   | _ \ |_   _| | __| |   \ 
   | |   | _|  \__ \   | |     \__ \   | |    / _ \  |   /   | |   | _|  | |) |
   |_|   |___| |___/   |_|     |___/   |_|   /_/ \_\ |_|_\   |_|   |___| |___/ 

Adds 2 products(test-shopping-cart;adds-2-products)
--------------------------------------------------------------------------------
13:08:47.639 [main] DEBUG net.thucydides.core.steps.StepInterceptor - STARTING STEP: OpenCartStepDefinition.on_the_OpenCart_home_page - !#title
13:08:47.654 [main] DEBUG net.thucydides.core.steps.StepInterceptor - STARTING STEP: OpenCartStepDefinition.on_the_OpenCart_home_page - {0} opens the #targetPageName
13:08:47.669 [main] INFO net.serenitybdd.core.webdriver.driverproviders.DriverProvider - Using WebDriverManager configuration for chrome
13:08:47.919 [main] DEBUG io.github.bonigarcia.wdm.cache.ResolutionCache - Resolution chrome=113 in cache (valid until 11:21:12 12/05/2023 PDT)
13:08:47.920 [main] DEBUG io.github.bonigarcia.wdm.cache.ResolutionCache - Resolution chrome113=113.0.5672.63 in cache (valid until 08:14:14 13/05/2023 PDT)
13:08:47.920 [main] INFO io.github.bonigarcia.wdm.WebDriverManager - Using chromedriver 113.0.5672.63 (resolved driver for Chrome 113)
13:08:47.931 [main] DEBUG io.github.bonigarcia.wdm.WebDriverManager - Driver chromedriver 113.0.5672.63 found in cache
13:08:47.932 [main] INFO io.github.bonigarcia.wdm.WebDriverManager - Exporting webdriver.chrome.driver as C:\Users\diego\.cache\selenium\chromedriver\win32\113.0.5672.63\chromedriver.exe
13:08:47.973 [main] INFO net.serenitybdd.core.webdriver.driverproviders.ChromeDriverProvider - Starting Chrome driver instance with capabilities:
13:08:47.974 [main] INFO net.serenitybdd.core.webdriver.driverproviders.ChromeDriverProvider - Capabilities {acceptInsecureCerts: false, browserName: chrome, goog:chromeOptions: {args: [--start-maximized, --test-type, --no-sandbox, --ignore-certificate-errors, --remote-allow-origins=*, --disable-popup-blocking, --disable-default-apps, --disable-extensions-file-a..., --incognito, --disable-infobars,--disabl...], extensions: []}}
13:08:48.016 [main] DEBUG io.netty.util.internal.logging.InternalLoggerFactory - Using SLF4J as the default logging framework
13:08:48.019 [main] DEBUG io.netty.util.ResourceLeakDetector - -Dio.netty.leakDetection.level: simple
13:08:48.019 [main] DEBUG io.netty.util.ResourceLeakDetector - -Dio.netty.leakDetection.targetRecords: 4
13:08:48.021 [main] DEBUG io.netty.util.ResourceLeakDetectorFactory - Loaded default ResourceLeakDetector: io.netty.util.ResourceLeakDetector@2373ad99
13:08:48.033 [main] DEBUG io.netty.util.internal.PlatformDependent0 - -Dio.netty.noUnsafe: false
13:08:48.033 [main] DEBUG io.netty.util.internal.PlatformDependent0 - Java version: 8
13:08:48.033 [main] DEBUG io.netty.util.internal.PlatformDependent0 - sun.misc.Unsafe.theUnsafe: available
13:08:48.034 [main] DEBUG io.netty.util.internal.PlatformDependent0 - sun.misc.Unsafe.copyMemory: available
13:08:48.034 [main] DEBUG io.netty.util.internal.PlatformDependent0 - sun.misc.Unsafe.storeFence: available
13:08:48.034 [main] DEBUG io.netty.util.internal.PlatformDependent0 - java.nio.Buffer.address: available
13:08:48.034 [main] DEBUG io.netty.util.internal.PlatformDependent0 - direct buffer constructor: available
13:08:48.035 [main] DEBUG io.netty.util.internal.PlatformDependent0 - java.nio.Bits.unaligned: available, true
13:08:48.035 [main] DEBUG io.netty.util.internal.PlatformDependent0 - jdk.internal.misc.Unsafe.allocateUninitializedArray(int): unavailable prior to Java9
13:08:48.035 [main] DEBUG io.netty.util.internal.PlatformDependent0 - java.nio.DirectByteBuffer.<init>(long, int): available
13:08:48.035 [main] DEBUG io.netty.util.internal.PlatformDependent - sun.misc.Unsafe: available
13:08:48.035 [main] DEBUG io.netty.util.internal.PlatformDependent - -Dio.netty.tmpdir: C:\Users\diego\AppData\Local\Temp (java.io.tmpdir)
13:08:48.035 [main] DEBUG io.netty.util.internal.PlatformDependent - -Dio.netty.bitMode: 64 (sun.arch.data.model)
13:08:48.035 [main] DEBUG io.netty.util.internal.PlatformDependent - Platform: Windows
13:08:48.036 [main] DEBUG io.netty.util.internal.PlatformDependent - -Dio.netty.maxDirectMemory: 9466544128 bytes
13:08:48.036 [main] DEBUG io.netty.util.internal.PlatformDependent - -Dio.netty.uninitializedArrayAllocationThreshold: -1
13:08:48.036 [main] DEBUG io.netty.util.internal.CleanerJava6 - java.nio.ByteBuffer.cleaner(): available
13:08:48.036 [main] DEBUG io.netty.util.internal.PlatformDependent - -Dio.netty.noPreferDirect: false
13:08:48.040 [main] DEBUG io.netty.util.internal.PlatformDependent - org.jctools-core.MpscChunkedArrayQueue: available
13:08:48.053 [main] DEBUG io.netty.util.internal.InternalThreadLocalMap - -Dio.netty.threadLocalMap.stringBuilder.initialSize: 1024
13:08:48.054 [main] DEBUG io.netty.util.internal.InternalThreadLocalMap - -Dio.netty.threadLocalMap.stringBuilder.maxSize: 4096
13:08:48.071 [main] DEBUG io.netty.handler.ssl.JdkSslContext - Default protocols (JDK): [TLSv1.2, TLSv1.1, TLSv1] 
13:08:48.071 [main] DEBUG io.netty.handler.ssl.JdkSslContext - Default cipher suites (JDK): [TLS_ECDHE_ECDSA_WITH_AES_256_GCM_SHA384, TLS_ECDHE_ECDSA_WITH_AES_128_GCM_SHA256, TLS_ECDHE_RSA_WITH_AES_128_GCM_SHA256, TLS_ECDHE_RSA_WITH_AES_256_GCM_SHA384, TLS_ECDHE_RSA_WITH_AES_128_CBC_SHA, TLS_ECDHE_RSA_WITH_AES_256_CBC_SHA, TLS_RSA_WITH_AES_128_GCM_SHA256, TLS_RSA_WITH_AES_128_CBC_SHA, TLS_RSA_WITH_AES_256_CBC_SHA]
13:08:48.134 [main] DEBUG io.netty.channel.MultithreadEventLoopGroup - -Dio.netty.eventLoopThreads: 32
13:08:48.138 [main] DEBUG io.netty.channel.nio.NioEventLoop - -Dio.netty.noKeySetOptimization: false
13:08:48.138 [main] DEBUG io.netty.channel.nio.NioEventLoop - -Dio.netty.selectorAutoRebuildThreshold: 512
13:08:48.166 [main] DEBUG io.netty.buffer.PooledByteBufAllocator - -Dio.netty.allocator.numHeapArenas: 32
13:08:48.166 [main] DEBUG io.netty.buffer.PooledByteBufAllocator - -Dio.netty.allocator.numDirectArenas: 32
13:08:48.166 [main] DEBUG io.netty.buffer.PooledByteBufAllocator - -Dio.netty.allocator.pageSize: 8192
13:08:48.166 [main] DEBUG io.netty.buffer.PooledByteBufAllocator - -Dio.netty.allocator.maxOrder: 9
13:08:48.166 [main] DEBUG io.netty.buffer.PooledByteBufAllocator - -Dio.netty.allocator.chunkSize: 4194304
13:08:48.166 [main] DEBUG io.netty.buffer.PooledByteBufAllocator - -Dio.netty.allocator.smallCacheSize: 256
13:08:48.166 [main] DEBUG io.netty.buffer.PooledByteBufAllocator - -Dio.netty.allocator.normalCacheSize: 64
13:08:48.166 [main] DEBUG io.netty.buffer.PooledByteBufAllocator - -Dio.netty.allocator.maxCachedBufferCapacity: 32768
13:08:48.166 [main] DEBUG io.netty.buffer.PooledByteBufAllocator - -Dio.netty.allocator.cacheTrimInterval: 8192
13:08:48.166 [main] DEBUG io.netty.buffer.PooledByteBufAllocator - -Dio.netty.allocator.cacheTrimIntervalMillis: 0
13:08:48.166 [main] DEBUG io.netty.buffer.PooledByteBufAllocator - -Dio.netty.allocator.useCacheForAllThreads: false
13:08:48.166 [main] DEBUG io.netty.buffer.PooledByteBufAllocator - -Dio.netty.allocator.maxCachedByteBuffersPerChunk: 1023
13:08:48.174 [main] DEBUG io.netty.buffer.ByteBufUtil - -Dio.netty.allocator.type: pooled
13:08:48.174 [main] DEBUG io.netty.buffer.ByteBufUtil - -Dio.netty.threadLocalDirectBufferSize: 0
13:08:48.174 [main] DEBUG io.netty.buffer.ByteBufUtil - -Dio.netty.maxThreadLocalCharBufferSize: 16384
13:08:48.354 [Forwarding newSession on session null to remote] DEBUG io.netty.channel.DefaultChannelId - -Dio.netty.processId: 14816 (auto-detected)
13:08:48.356 [Forwarding newSession on session null to remote] DEBUG io.netty.util.NetUtil - -Djava.net.preferIPv4Stack: false
13:08:48.356 [Forwarding newSession on session null to remote] DEBUG io.netty.util.NetUtil - -Djava.net.preferIPv6Addresses: false
13:08:48.411 [Forwarding newSession on session null to remote] DEBUG io.netty.util.NetUtilInitializations - Loopback interface: lo (Software Loopback Interface 1, 127.0.0.1)
13:08:48.411 [Forwarding newSession on session null to remote] DEBUG io.netty.util.NetUtil - Failed to get SOMAXCONN from sysctl and file \proc\sys\net\core\somaxconn. Default: 200
13:08:48.416 [Forwarding newSession on session null to remote] DEBUG io.netty.channel.DefaultChannelId - -Dio.netty.machineId: 70:cd:0d:ff:fe:00:b3:24 (auto-detected)
13:08:48.446 [AsyncHttpClient-1-2] DEBUG io.netty.buffer.AbstractByteBuf - -Dio.netty.buffer.checkAccessible: true
13:08:48.446 [AsyncHttpClient-1-2] DEBUG io.netty.buffer.AbstractByteBuf - -Dio.netty.buffer.checkBounds: true
13:08:48.446 [AsyncHttpClient-1-2] DEBUG io.netty.util.ResourceLeakDetectorFactory - Loaded default ResourceLeakDetector: io.netty.util.ResourceLeakDetector@2fef994c
13:08:48.454 [AsyncHttpClient-1-2] DEBUG org.asynchttpclient.netty.channel.NettyConnectListener - Using new Channel '[id: 0x4eddb369, L:/127.0.0.1:58747 - R:localhost/127.0.0.1:7138]' for 'POST' to '/session'
13:08:48.464 [AsyncHttpClient-1-2] DEBUG io.netty.util.Recycler - -Dio.netty.recycler.maxCapacityPerThread: 4096
13:08:48.464 [AsyncHttpClient-1-2] DEBUG io.netty.util.Recycler - -Dio.netty.recycler.ratio: 8
13:08:48.464 [AsyncHttpClient-1-2] DEBUG io.netty.util.Recycler - -Dio.netty.recycler.chunkSize: 32
13:08:48.464 [AsyncHttpClient-1-2] DEBUG io.netty.util.Recycler - -Dio.netty.recycler.blocking: false
13:08:48.932 [AsyncHttpClient-1-2] DEBUG io.netty.handler.codec.compression.Brotli - brotli4j not in the classpath; Brotli support will be unavailable.
13:08:48.932 [AsyncHttpClient-1-2] DEBUG org.asynchttpclient.netty.handler.HttpHandler - 

Request DefaultHttpRequest(decodeResult: success, version: HTTP/1.1)
POST /session HTTP/1.1
User-Agent: selenium/4.8.0 (java windows)
Content-Length: 1151
Content-Type: application/json; charset=utf-8
host: localhost:7138
accept: */*

Response DefaultHttpResponse(decodeResult: success, version: HTTP/1.1)
HTTP/1.1 200 OK
Content-Length: 859
Content-Type: application/json; charset=utf-8
cache-control: no-cache

13:08:48.937 [AsyncHttpClient-1-2] DEBUG org.asynchttpclient.netty.channel.ChannelManager - Adding key: http://localhost:7138 for channel [id: 0x4eddb369, L:/127.0.0.1:58747 - R:localhost/127.0.0.1:7138]
13:08:48.971 [AsyncHttpClient-1-3] DEBUG org.asynchttpclient.netty.channel.NettyConnectListener - Using new Channel '[id: 0xab3abc24, L:/127.0.0.1:58754 - R:localhost/127.0.0.1:58748]' for 'GET' to '/json/version'
13:08:48.972 [AsyncHttpClient-1-3] DEBUG org.asynchttpclient.netty.handler.HttpHandler - 

Request DefaultFullHttpRequest(decodeResult: success, version: HTTP/1.1, content: EmptyByteBufBE)
GET /json/version HTTP/1.1
User-Agent: selenium/4.8.0 (java windows)
host: localhost:58748
accept: */*

Response DefaultHttpResponse(decodeResult: success, version: HTTP/1.1)
HTTP/1.1 200 OK
Content-Security-Policy: frame-ancestors 'none'
Content-Length: 422
Content-Type: application/json; charset=UTF-8

13:08:48.973 [AsyncHttpClient-1-3] DEBUG org.asynchttpclient.netty.channel.ChannelManager - Adding key: http://localhost:58748 for channel [id: 0xab3abc24, L:/127.0.0.1:58754 - R:localhost/127.0.0.1:58748]
13:08:48.978 [main] DEBUG io.netty.util.internal.ThreadLocalRandom - -Dio.netty.initialSeedUniquifier: 0xb588d444a10b0eb7
13:08:48.980 [AsyncHttpClient-1-4] DEBUG org.asynchttpclient.netty.channel.NettyConnectListener - Using new Channel '[id: 0x3c0a10de, L:/127.0.0.1:58755 - R:localhost/127.0.0.1:58748]' for 'GET' to '/devtools/browser/785298b3-662b-4228-90d7-67daa84d1a9e'
13:08:48.981 [AsyncHttpClient-1-4] DEBUG org.asynchttpclient.netty.handler.WebSocketHandler - 

Request DefaultFullHttpRequest(decodeResult: success, version: HTTP/1.1, content: EmptyByteBufBE)
GET /devtools/browser/785298b3-662b-4228-90d7-67daa84d1a9e HTTP/1.1
upgrade: websocket
connection: upgrade
sec-websocket-key: J9jIYUkyPLhZ5VeJzn4Jsg==
sec-websocket-version: 13
origin: http://localhost:58748
host: localhost:58748
accept: */*
user-agent: AHC/2.1

Response DefaultHttpResponse(decodeResult: success, version: HTTP/1.1)
HTTP/1.1 101 WebSocket Protocol Handshake
Upgrade: WebSocket
Connection: Upgrade
Sec-WebSocket-Accept: tVVcHvorNbik6NkbQ2DC/9yTy0Y=

13:08:49.015 [Forwarding setTimeout on session 5ad97dfb5cc8ee7bdc66ecb7503f8fc1 to remote] DEBUG org.asynchttpclient.netty.request.NettyRequestSender - Using pooled Channel '[id: 0x4eddb369, L:/127.0.0.1:58747 - R:localhost/127.0.0.1:7138]' for 'POST' to 'http://localhost:7138/session/5ad97dfb5cc8ee7bdc66ecb7503f8fc1/timeouts'
13:08:49.015 [Forwarding setTimeout on session 5ad97dfb5cc8ee7bdc66ecb7503f8fc1 to remote] DEBUG org.asynchttpclient.netty.request.NettyRequestSender - Using open Channel [id: 0x4eddb369, L:/127.0.0.1:58747 - R:localhost/127.0.0.1:7138] for POST '/session/5ad97dfb5cc8ee7bdc66ecb7503f8fc1/timeouts'
13:08:49.018 [AsyncHttpClient-1-2] DEBUG org.asynchttpclient.netty.handler.HttpHandler - 

Request DefaultHttpRequest(decodeResult: success, version: HTTP/1.1)
POST /session/5ad97dfb5cc8ee7bdc66ecb7503f8fc1/timeouts HTTP/1.1
User-Agent: selenium/4.8.0 (java windows)
Content-Length: 22
Content-Type: application/json; charset=utf-8
host: localhost:7138
accept: */*

Response DefaultHttpResponse(decodeResult: success, version: HTTP/1.1)
HTTP/1.1 200 OK
Content-Length: 14
Content-Type: application/json; charset=utf-8
cache-control: no-cache

13:08:49.018 [AsyncHttpClient-1-2] DEBUG org.asynchttpclient.netty.channel.ChannelManager - Adding key: http://localhost:7138 for channel [id: 0x4eddb369, L:/127.0.0.1:58747 - R:localhost/127.0.0.1:7138]
13:08:49.055 [Forwarding get on session 5ad97dfb5cc8ee7bdc66ecb7503f8fc1 to remote] DEBUG org.asynchttpclient.netty.request.NettyRequestSender - Using pooled Channel '[id: 0x4eddb369, L:/127.0.0.1:58747 - R:localhost/127.0.0.1:7138]' for 'POST' to 'http://localhost:7138/session/5ad97dfb5cc8ee7bdc66ecb7503f8fc1/url'
13:08:49.055 [Forwarding get on session 5ad97dfb5cc8ee7bdc66ecb7503f8fc1 to remote] DEBUG org.asynchttpclient.netty.request.NettyRequestSender - Using open Channel [id: 0x4eddb369, L:/127.0.0.1:58747 - R:localhost/127.0.0.1:7138] for POST '/session/5ad97dfb5cc8ee7bdc66ecb7503f8fc1/url'
13:08:49.145 [AsyncHttpClient-1-1] DEBUG org.asynchttpclient.netty.channel.DefaultChannelPool - Entry count for : http://localhost:58748 : 1
13:08:50.245 [AsyncHttpClient-1-1] DEBUG org.asynchttpclient.netty.channel.DefaultChannelPool - Entry count for : http://localhost:58748 : 1
13:08:50.995 [AsyncHttpClient-1-2] DEBUG org.asynchttpclient.netty.handler.HttpHandler - 

Request DefaultHttpRequest(decodeResult: success, version: HTTP/1.1)
POST /session/5ad97dfb5cc8ee7bdc66ecb7503f8fc1/url HTTP/1.1
User-Agent: selenium/4.8.0 (java windows)
Content-Length: 59
Content-Type: application/json; charset=utf-8
host: localhost:7138
accept: */*

Response DefaultHttpResponse(decodeResult: success, version: HTTP/1.1)
HTTP/1.1 200 OK
Content-Length: 14
Content-Type: application/json; charset=utf-8
cache-control: no-cache

13:08:50.995 [AsyncHttpClient-1-2] DEBUG org.asynchttpclient.netty.channel.ChannelManager - Adding key: http://localhost:7138 for channel [id: 0x4eddb369, L:/127.0.0.1:58747 - R:localhost/127.0.0.1:7138]
13:08:50.998 [Forwarding setTimeout on session 5ad97dfb5cc8ee7bdc66ecb7503f8fc1 to remote] DEBUG org.asynchttpclient.netty.request.NettyRequestSender - Using pooled Channel '[id: 0x4eddb369, L:/127.0.0.1:58747 - R:localhost/127.0.0.1:7138]' for 'POST' to 'http://localhost:7138/session/5ad97dfb5cc8ee7bdc66ecb7503f8fc1/timeouts'
13:08:50.998 [Forwarding setTimeout on session 5ad97dfb5cc8ee7bdc66ecb7503f8fc1 to remote] DEBUG org.asynchttpclient.netty.request.NettyRequestSender - Using open Channel [id: 0x4eddb369, L:/127.0.0.1:58747 - R:localhost/127.0.0.1:7138] for POST '/session/5ad97dfb5cc8ee7bdc66ecb7503f8fc1/timeouts'
13:08:50.999 [AsyncHttpClient-1-2] DEBUG org.asynchttpclient.netty.handler.HttpHandler - 

Request DefaultHttpRequest(decodeResult: success, version: HTTP/1.1)
POST /session/5ad97dfb5cc8ee7bdc66ecb7503f8fc1/timeouts HTTP/1.1
User-Agent: selenium/4.8.0 (java windows)
Content-Length: 22
Content-Type: application/json; charset=utf-8
host: localhost:7138
accept: */*

Response DefaultHttpResponse(decodeResult: success, version: HTTP/1.1)
HTTP/1.1 200 OK
Content-Length: 14
Content-Type: application/json; charset=utf-8
cache-control: no-cache

13:08:50.999 [AsyncHttpClient-1-2] DEBUG org.asynchttpclient.netty.channel.ChannelManager - Adding key: http://localhost:7138 for channel [id: 0x4eddb369, L:/127.0.0.1:58747 - R:localhost/127.0.0.1:7138]
13:08:51.001 [Forwarding getCurrentUrl on session 5ad97dfb5cc8ee7bdc66ecb7503f8fc1 to remote] DEBUG org.asynchttpclient.netty.request.NettyRequestSender - Using pooled Channel '[id: 0x4eddb369, L:/127.0.0.1:58747 - R:localhost/127.0.0.1:7138]' for 'GET' to 'http://localhost:7138/session/5ad97dfb5cc8ee7bdc66ecb7503f8fc1/url'
13:08:51.001 [Forwarding getCurrentUrl on session 5ad97dfb5cc8ee7bdc66ecb7503f8fc1 to remote] DEBUG org.asynchttpclient.netty.request.NettyRequestSender - Using open Channel [id: 0x4eddb369, L:/127.0.0.1:58747 - R:localhost/127.0.0.1:7138] for GET '/session/5ad97dfb5cc8ee7bdc66ecb7503f8fc1/url'
13:08:51.004 [AsyncHttpClient-1-2] DEBUG org.asynchttpclient.netty.handler.HttpHandler - 

Request DefaultFullHttpRequest(decodeResult: success, version: HTTP/1.1, content: EmptyByteBufBE)
GET /session/5ad97dfb5cc8ee7bdc66ecb7503f8fc1/url HTTP/1.1
User-Agent: selenium/4.8.0 (java windows)
Cache-Control: no-cache
Content-Type: application/json; charset=utf-8
host: localhost:7138
accept: */*

Response DefaultHttpResponse(decodeResult: success, version: HTTP/1.1)
HTTP/1.1 200 OK
Content-Length: 41
Content-Type: application/json; charset=utf-8
cache-control: no-cache

13:08:51.004 [AsyncHttpClient-1-2] DEBUG org.asynchttpclient.netty.channel.ChannelManager - Adding key: http://localhost:7138 for channel [id: 0x4eddb369, L:/127.0.0.1:58747 - R:localhost/127.0.0.1:7138]
13:08:51.006 [Forwarding getCurrentUrl on session 5ad97dfb5cc8ee7bdc66ecb7503f8fc1 to remote] DEBUG org.asynchttpclient.netty.request.NettyRequestSender - Using pooled Channel '[id: 0x4eddb369, L:/127.0.0.1:58747 - R:localhost/127.0.0.1:7138]' for 'GET' to 'http://localhost:7138/session/5ad97dfb5cc8ee7bdc66ecb7503f8fc1/url'
13:08:51.006 [Forwarding getCurrentUrl on session 5ad97dfb5cc8ee7bdc66ecb7503f8fc1 to remote] DEBUG org.asynchttpclient.netty.request.NettyRequestSender - Using open Channel [id: 0x4eddb369, L:/127.0.0.1:58747 - R:localhost/127.0.0.1:7138] for GET '/session/5ad97dfb5cc8ee7bdc66ecb7503f8fc1/url'
13:08:51.008 [AsyncHttpClient-1-2] DEBUG org.asynchttpclient.netty.handler.HttpHandler - 

Request DefaultFullHttpRequest(decodeResult: success, version: HTTP/1.1, content: EmptyByteBufBE)
GET /session/5ad97dfb5cc8ee7bdc66ecb7503f8fc1/url HTTP/1.1
User-Agent: selenium/4.8.0 (java windows)
Cache-Control: no-cache
Content-Type: application/json; charset=utf-8
host: localhost:7138
accept: */*

Response DefaultHttpResponse(decodeResult: success, version: HTTP/1.1)
HTTP/1.1 200 OK
Content-Length: 41
Content-Type: application/json; charset=utf-8
cache-control: no-cache

13:08:51.008 [AsyncHttpClient-1-2] DEBUG org.asynchttpclient.netty.channel.ChannelManager - Adding key: http://localhost:7138 for channel [id: 0x4eddb369, L:/127.0.0.1:58747 - R:localhost/127.0.0.1:7138]
13:08:51.021 [main] DEBUG net.serenitybdd.core.photography.Darkroom - Opening darkroom
13:08:51.021 [Darkroom Processing Line] DEBUG net.serenitybdd.core.photography.DarkroomProcessingLine - Darkroom processing line starting up
13:08:51.030 [Forwarding getAlertText on session 5ad97dfb5cc8ee7bdc66ecb7503f8fc1 to remote] DEBUG org.asynchttpclient.netty.request.NettyRequestSender - Using pooled Channel '[id: 0x4eddb369, L:/127.0.0.1:58747 - R:localhost/127.0.0.1:7138]' for 'GET' to 'http://localhost:7138/session/5ad97dfb5cc8ee7bdc66ecb7503f8fc1/alert/text'
13:08:51.030 [Forwarding getAlertText on session 5ad97dfb5cc8ee7bdc66ecb7503f8fc1 to remote] DEBUG org.asynchttpclient.netty.request.NettyRequestSender - Using open Channel [id: 0x4eddb369, L:/127.0.0.1:58747 - R:localhost/127.0.0.1:7138] for GET '/session/5ad97dfb5cc8ee7bdc66ecb7503f8fc1/alert/text'
13:08:51.031 [AsyncHttpClient-1-2] DEBUG org.asynchttpclient.netty.handler.HttpHandler - 

Request DefaultFullHttpRequest(decodeResult: success, version: HTTP/1.1, content: EmptyByteBufBE)
GET /session/5ad97dfb5cc8ee7bdc66ecb7503f8fc1/alert/text HTTP/1.1
User-Agent: selenium/4.8.0 (java windows)
Cache-Control: no-cache
Content-Type: application/json; charset=utf-8
host: localhost:7138
accept: */*

Response DefaultHttpResponse(decodeResult: success, version: HTTP/1.1)
HTTP/1.1 404 Not Found
Content-Length: 820
Content-Type: application/json; charset=utf-8
cache-control: no-cache

13:08:51.031 [AsyncHttpClient-1-2] DEBUG org.asynchttpclient.netty.channel.ChannelManager - Adding key: http://localhost:7138 for channel [id: 0x4eddb369, L:/127.0.0.1:58747 - R:localhost/127.0.0.1:7138]
13:08:51.036 [Forwarding getCurrentUrl on session 5ad97dfb5cc8ee7bdc66ecb7503f8fc1 to remote] DEBUG org.asynchttpclient.netty.request.NettyRequestSender - Using pooled Channel '[id: 0x4eddb369, L:/127.0.0.1:58747 - R:localhost/127.0.0.1:7138]' for 'GET' to 'http://localhost:7138/session/5ad97dfb5cc8ee7bdc66ecb7503f8fc1/url'
13:08:51.036 [Forwarding getCurrentUrl on session 5ad97dfb5cc8ee7bdc66ecb7503f8fc1 to remote] DEBUG org.asynchttpclient.netty.request.NettyRequestSender - Using open Channel [id: 0x4eddb369, L:/127.0.0.1:58747 - R:localhost/127.0.0.1:7138] for GET '/session/5ad97dfb5cc8ee7bdc66ecb7503f8fc1/url'
13:08:51.038 [AsyncHttpClient-1-2] DEBUG org.asynchttpclient.netty.handler.HttpHandler - 

Request DefaultFullHttpRequest(decodeResult: success, version: HTTP/1.1, content: EmptyByteBufBE)
GET /session/5ad97dfb5cc8ee7bdc66ecb7503f8fc1/url HTTP/1.1
User-Agent: selenium/4.8.0 (java windows)
Cache-Control: no-cache
Content-Type: application/json; charset=utf-8
host: localhost:7138
accept: */*

Response DefaultHttpResponse(decodeResult: success, version: HTTP/1.1)
HTTP/1.1 200 OK
Content-Length: 41
Content-Type: application/json; charset=utf-8
cache-control: no-cache

13:08:51.039 [AsyncHttpClient-1-2] DEBUG org.asynchttpclient.netty.channel.ChannelManager - Adding key: http://localhost:7138 for channel [id: 0x4eddb369, L:/127.0.0.1:58747 - R:localhost/127.0.0.1:7138]
13:08:51.040 [Forwarding screenshot on session 5ad97dfb5cc8ee7bdc66ecb7503f8fc1 to remote] DEBUG org.asynchttpclient.netty.request.NettyRequestSender - Using pooled Channel '[id: 0x4eddb369, L:/127.0.0.1:58747 - R:localhost/127.0.0.1:7138]' for 'GET' to 'http://localhost:7138/session/5ad97dfb5cc8ee7bdc66ecb7503f8fc1/screenshot'
13:08:51.040 [Forwarding screenshot on session 5ad97dfb5cc8ee7bdc66ecb7503f8fc1 to remote] DEBUG org.asynchttpclient.netty.request.NettyRequestSender - Using open Channel [id: 0x4eddb369, L:/127.0.0.1:58747 - R:localhost/127.0.0.1:7138] for GET '/session/5ad97dfb5cc8ee7bdc66ecb7503f8fc1/screenshot'
13:08:51.163 [AsyncHttpClient-1-2] DEBUG org.asynchttpclient.netty.handler.HttpHandler - 

Request DefaultFullHttpRequest(decodeResult: success, version: HTTP/1.1, content: EmptyByteBufBE)
GET /session/5ad97dfb5cc8ee7bdc66ecb7503f8fc1/screenshot HTTP/1.1
User-Agent: selenium/4.8.0 (java windows)
Cache-Control: no-cache
Content-Type: application/json; charset=utf-8
host: localhost:7138
accept: */*

Response DefaultHttpResponse(decodeResult: success, version: HTTP/1.1)
HTTP/1.1 200 OK
Content-Length: 418684
Content-Type: application/json; charset=utf-8
cache-control: no-cache

13:08:51.166 [AsyncHttpClient-1-2] DEBUG org.asynchttpclient.netty.channel.ChannelManager - Adding key: http://localhost:7138 for channel [id: 0x4eddb369, L:/127.0.0.1:58747 - R:localhost/127.0.0.1:7138]
13:08:51.230 [main] DEBUG net.serenitybdd.core.photography.Darkroom - Send negative for processing for target\site\serenity\f5010288d8863e0943cd0ba9e5ff8dd296d8b8f96f2b4c949bb680ce945c29f0.png
13:08:51.230 [Darkroom Processing Line] DEBUG net.serenitybdd.core.photography.DarkroomProcessingLine - Processing screenshot image in /var/screenshots/screenshot-77603172206862057
13:08:51.230 [Darkroom Processing Line] DEBUG net.serenitybdd.core.photography.DarkroomProcessingLine - Saving screenshot to target\site\serenity\f5010288d8863e0943cd0ba9e5ff8dd296d8b8f96f2b4c949bb680ce945c29f0.png
13:08:51.350 [AsyncHttpClient-1-1] DEBUG org.asynchttpclient.netty.channel.DefaultChannelPool - Entry count for : http://localhost:7138 : 1
13:08:51.350 [AsyncHttpClient-1-1] DEBUG org.asynchttpclient.netty.channel.DefaultChannelPool - Entry count for : http://localhost:58748 : 1
13:08:51.443 [main] DEBUG net.thucydides.core.steps.StepInterceptor - STEP DONE: {0} opens the #targetPageName
13:08:51.449 [Forwarding getAlertText on session 5ad97dfb5cc8ee7bdc66ecb7503f8fc1 to remote] DEBUG org.asynchttpclient.netty.request.NettyRequestSender - Using pooled Channel '[id: 0x4eddb369, L:/127.0.0.1:58747 - R:localhost/127.0.0.1:7138]' for 'GET' to 'http://localhost:7138/session/5ad97dfb5cc8ee7bdc66ecb7503f8fc1/alert/text'
13:08:51.450 [Forwarding getAlertText on session 5ad97dfb5cc8ee7bdc66ecb7503f8fc1 to remote] DEBUG org.asynchttpclient.netty.request.NettyRequestSender - Using open Channel [id: 0x4eddb369, L:/127.0.0.1:58747 - R:localhost/127.0.0.1:7138] for GET '/session/5ad97dfb5cc8ee7bdc66ecb7503f8fc1/alert/text'
13:08:51.451 [AsyncHttpClient-1-2] DEBUG org.asynchttpclient.netty.handler.HttpHandler - 

Request DefaultFullHttpRequest(decodeResult: success, version: HTTP/1.1, content: EmptyByteBufBE)
GET /session/5ad97dfb5cc8ee7bdc66ecb7503f8fc1/alert/text HTTP/1.1
User-Agent: selenium/4.8.0 (java windows)
Cache-Control: no-cache
Content-Type: application/json; charset=utf-8
host: localhost:7138
accept: */*

Response DefaultHttpResponse(decodeResult: success, version: HTTP/1.1)
HTTP/1.1 404 Not Found
Content-Length: 820
Content-Type: application/json; charset=utf-8
cache-control: no-cache

13:08:51.451 [AsyncHttpClient-1-2] DEBUG org.asynchttpclient.netty.channel.ChannelManager - Adding key: http://localhost:7138 for channel [id: 0x4eddb369, L:/127.0.0.1:58747 - R:localhost/127.0.0.1:7138]
13:08:51.452 [Forwarding getCurrentUrl on session 5ad97dfb5cc8ee7bdc66ecb7503f8fc1 to remote] DEBUG org.asynchttpclient.netty.request.NettyRequestSender - Using pooled Channel '[id: 0x4eddb369, L:/127.0.0.1:58747 - R:localhost/127.0.0.1:7138]' for 'GET' to 'http://localhost:7138/session/5ad97dfb5cc8ee7bdc66ecb7503f8fc1/url'
13:08:51.452 [Forwarding getCurrentUrl on session 5ad97dfb5cc8ee7bdc66ecb7503f8fc1 to remote] DEBUG org.asynchttpclient.netty.request.NettyRequestSender - Using open Channel [id: 0x4eddb369, L:/127.0.0.1:58747 - R:localhost/127.0.0.1:7138] for GET '/session/5ad97dfb5cc8ee7bdc66ecb7503f8fc1/url'
13:08:51.455 [AsyncHttpClient-1-2] DEBUG org.asynchttpclient.netty.handler.HttpHandler - 

Request DefaultFullHttpRequest(decodeResult: success, version: HTTP/1.1, content: EmptyByteBufBE)
GET /session/5ad97dfb5cc8ee7bdc66ecb7503f8fc1/url HTTP/1.1
User-Agent: selenium/4.8.0 (java windows)
Cache-Control: no-cache
Content-Type: application/json; charset=utf-8
host: localhost:7138
accept: */*

Response DefaultHttpResponse(decodeResult: success, version: HTTP/1.1)
HTTP/1.1 200 OK
Content-Length: 41
Content-Type: application/json; charset=utf-8
cache-control: no-cache

13:08:51.455 [AsyncHttpClient-1-2] DEBUG org.asynchttpclient.netty.channel.ChannelManager - Adding key: http://localhost:7138 for channel [id: 0x4eddb369, L:/127.0.0.1:58747 - R:localhost/127.0.0.1:7138]
13:08:51.455 [Forwarding screenshot on session 5ad97dfb5cc8ee7bdc66ecb7503f8fc1 to remote] DEBUG org.asynchttpclient.netty.request.NettyRequestSender - Using pooled Channel '[id: 0x4eddb369, L:/127.0.0.1:58747 - R:localhost/127.0.0.1:7138]' for 'GET' to 'http://localhost:7138/session/5ad97dfb5cc8ee7bdc66ecb7503f8fc1/screenshot'
13:08:51.456 [Forwarding screenshot on session 5ad97dfb5cc8ee7bdc66ecb7503f8fc1 to remote] DEBUG org.asynchttpclient.netty.request.NettyRequestSender - Using open Channel [id: 0x4eddb369, L:/127.0.0.1:58747 - R:localhost/127.0.0.1:7138] for GET '/session/5ad97dfb5cc8ee7bdc66ecb7503f8fc1/screenshot'
13:08:51.589 [AsyncHttpClient-1-2] DEBUG org.asynchttpclient.netty.handler.HttpHandler - 

Request DefaultFullHttpRequest(decodeResult: success, version: HTTP/1.1, content: EmptyByteBufBE)
GET /session/5ad97dfb5cc8ee7bdc66ecb7503f8fc1/screenshot HTTP/1.1
User-Agent: selenium/4.8.0 (java windows)
Cache-Control: no-cache
Content-Type: application/json; charset=utf-8
host: localhost:7138
accept: */*

Response DefaultHttpResponse(decodeResult: success, version: HTTP/1.1)
HTTP/1.1 200 OK
Content-Length: 421604
Content-Type: application/json; charset=utf-8
cache-control: no-cache

13:08:51.591 [AsyncHttpClient-1-2] DEBUG org.asynchttpclient.netty.channel.ChannelManager - Adding key: http://localhost:7138 for channel [id: 0x4eddb369, L:/127.0.0.1:58747 - R:localhost/127.0.0.1:7138]
13:08:51.602 [main] DEBUG net.serenitybdd.core.photography.Darkroom - Send negative for processing for target\site\serenity\d57b12f81a2fcbef47c104e47d5263eaeb35c607b8957c5a9557973bf9bfbf38.png
13:08:51.602 [Darkroom Processing Line] DEBUG net.serenitybdd.core.photography.DarkroomProcessingLine - Processing screenshot image in /var/screenshots/screenshot-9064987925790270981
13:08:51.602 [Darkroom Processing Line] DEBUG net.serenitybdd.core.photography.DarkroomProcessingLine - Saving screenshot to target\site\serenity\d57b12f81a2fcbef47c104e47d5263eaeb35c607b8957c5a9557973bf9bfbf38.png
13:08:51.803 [main] DEBUG net.thucydides.core.steps.StepInterceptor - STEP DONE: !#title
  &amp#27;[32mGiven &amp#27;[0m&amp#27;[32m&amp#27;[0m&amp#27;[32m&amp#27;[1mDiana&amp#27;[0m&amp#27;[32m navigate to Homepage&amp#27;[0m                                                                                                                     &amp#27;[90m# io.cucumber.skeleton.stepdefinitions.OpenCartStepDefinition.on_the_OpenCart_home_page(java.lang.String)&amp#27;[0m
13:08:51.809 [Forwarding getAlertText on session 5ad97dfb5cc8ee7bdc66ecb7503f8fc1 to remote] DEBUG org.asynchttpclient.netty.request.NettyRequestSender - Using pooled Channel '[id: 0x4eddb369, L:/127.0.0.1:58747 - R:localhost/127.0.0.1:7138]' for 'GET' to 'http://localhost:7138/session/5ad97dfb5cc8ee7bdc66ecb7503f8fc1/alert/text'
13:08:51.809 [Forwarding getAlertText on session 5ad97dfb5cc8ee7bdc66ecb7503f8fc1 to remote] DEBUG org.asynchttpclient.netty.request.NettyRequestSender - Using open Channel [id: 0x4eddb369, L:/127.0.0.1:58747 - R:localhost/127.0.0.1:7138] for GET '/session/5ad97dfb5cc8ee7bdc66ecb7503f8fc1/alert/text'
13:08:51.811 [AsyncHttpClient-1-2] DEBUG org.asynchttpclient.netty.handler.HttpHandler - 

Request DefaultFullHttpRequest(decodeResult: success, version: HTTP/1.1, content: EmptyByteBufBE)
GET /session/5ad97dfb5cc8ee7bdc66ecb7503f8fc1/alert/text HTTP/1.1
User-Agent: selenium/4.8.0 (java windows)
Cache-Control: no-cache
Content-Type: application/json; charset=utf-8
host: localhost:7138
accept: */*

Response DefaultHttpResponse(decodeResult: success, version: HTTP/1.1)
HTTP/1.1 404 Not Found
Content-Length: 820
Content-Type: application/json; charset=utf-8
cache-control: no-cache

13:08:51.811 [AsyncHttpClient-1-2] DEBUG org.asynchttpclient.netty.channel.ChannelManager - Adding key: http://localhost:7138 for channel [id: 0x4eddb369, L:/127.0.0.1:58747 - R:localhost/127.0.0.1:7138]
13:08:51.812 [Forwarding getCurrentUrl on session 5ad97dfb5cc8ee7bdc66ecb7503f8fc1 to remote] DEBUG org.asynchttpclient.netty.request.NettyRequestSender - Using pooled Channel '[id: 0x4eddb369, L:/127.0.0.1:58747 - R:localhost/127.0.0.1:7138]' for 'GET' to 'http://localhost:7138/session/5ad97dfb5cc8ee7bdc66ecb7503f8fc1/url'
13:08:51.812 [Forwarding getCurrentUrl on session 5ad97dfb5cc8ee7bdc66ecb7503f8fc1 to remote] DEBUG org.asynchttpclient.netty.request.NettyRequestSender - Using open Channel [id: 0x4eddb369, L:/127.0.0.1:58747 - R:localhost/127.0.0.1:7138] for GET '/session/5ad97dfb5cc8ee7bdc66ecb7503f8fc1/url'
13:08:51.814 [AsyncHttpClient-1-2] DEBUG org.asynchttpclient.netty.handler.HttpHandler - 

Request DefaultFullHttpRequest(decodeResult: success, version: HTTP/1.1, content: EmptyByteBufBE)
GET /session/5ad97dfb5cc8ee7bdc66ecb7503f8fc1/url HTTP/1.1
User-Agent: selenium/4.8.0 (java windows)
Cache-Control: no-cache
Content-Type: application/json; charset=utf-8
host: localhost:7138
accept: */*

Response DefaultHttpResponse(decodeResult: success, version: HTTP/1.1)
HTTP/1.1 200 OK
Content-Length: 41
Content-Type: application/json; charset=utf-8
cache-control: no-cache

13:08:51.814 [AsyncHttpClient-1-2] DEBUG org.asynchttpclient.netty.channel.ChannelManager - Adding key: http://localhost:7138 for channel [id: 0x4eddb369, L:/127.0.0.1:58747 - R:localhost/127.0.0.1:7138]
13:08:51.815 [Forwarding screenshot on session 5ad97dfb5cc8ee7bdc66ecb7503f8fc1 to remote] DEBUG org.asynchttpclient.netty.request.NettyRequestSender - Using pooled Channel '[id: 0x4eddb369, L:/127.0.0.1:58747 - R:localhost/127.0.0.1:7138]' for 'GET' to 'http://localhost:7138/session/5ad97dfb5cc8ee7bdc66ecb7503f8fc1/screenshot'
13:08:51.815 [Forwarding screenshot on session 5ad97dfb5cc8ee7bdc66ecb7503f8fc1 to remote] DEBUG org.asynchttpclient.netty.request.NettyRequestSender - Using open Channel [id: 0x4eddb369, L:/127.0.0.1:58747 - R:localhost/127.0.0.1:7138] for GET '/session/5ad97dfb5cc8ee7bdc66ecb7503f8fc1/screenshot'
13:08:51.955 [AsyncHttpClient-1-2] DEBUG org.asynchttpclient.netty.handler.HttpHandler - 

Request DefaultFullHttpRequest(decodeResult: success, version: HTTP/1.1, content: EmptyByteBufBE)
GET /session/5ad97dfb5cc8ee7bdc66ecb7503f8fc1/screenshot HTTP/1.1
User-Agent: selenium/4.8.0 (java windows)
Cache-Control: no-cache
Content-Type: application/json; charset=utf-8
host: localhost:7138
accept: */*

Response DefaultHttpResponse(decodeResult: success, version: HTTP/1.1)
HTTP/1.1 200 OK
Content-Length: 420896
Content-Type: application/json; charset=utf-8
cache-control: no-cache

13:08:51.957 [AsyncHttpClient-1-2] DEBUG org.asynchttpclient.netty.channel.ChannelManager - Adding key: http://localhost:7138 for channel [id: 0x4eddb369, L:/127.0.0.1:58747 - R:localhost/127.0.0.1:7138]
13:08:51.966 [main] DEBUG net.serenitybdd.core.photography.Darkroom - Send negative for processing for target\site\serenity\09cc1ea3a638856983ecde14659ba8c493fd86ddf4271c86a77ef0dc30164b2f.png
13:08:51.966 [Darkroom Processing Line] DEBUG net.serenitybdd.core.photography.DarkroomProcessingLine - Processing screenshot image in /var/screenshots/screenshot-682180144554609621
13:08:51.966 [Darkroom Processing Line] DEBUG net.serenitybdd.core.photography.DarkroomProcessingLine - Saving screenshot to target\site\serenity\09cc1ea3a638856983ecde14659ba8c493fd86ddf4271c86a77ef0dc30164b2f.png
13:08:52.178 [Forwarding getAlertText on session 5ad97dfb5cc8ee7bdc66ecb7503f8fc1 to remote] DEBUG org.asynchttpclient.netty.request.NettyRequestSender - Using pooled Channel '[id: 0x4eddb369, L:/127.0.0.1:58747 - R:localhost/127.0.0.1:7138]' for 'GET' to 'http://localhost:7138/session/5ad97dfb5cc8ee7bdc66ecb7503f8fc1/alert/text'
13:08:52.179 [Forwarding getAlertText on session 5ad97dfb5cc8ee7bdc66ecb7503f8fc1 to remote] DEBUG org.asynchttpclient.netty.request.NettyRequestSender - Using open Channel [id: 0x4eddb369, L:/127.0.0.1:58747 - R:localhost/127.0.0.1:7138] for GET '/session/5ad97dfb5cc8ee7bdc66ecb7503f8fc1/alert/text'
13:08:52.180 [AsyncHttpClient-1-2] DEBUG org.asynchttpclient.netty.handler.HttpHandler - 

Request DefaultFullHttpRequest(decodeResult: success, version: HTTP/1.1, content: EmptyByteBufBE)
GET /session/5ad97dfb5cc8ee7bdc66ecb7503f8fc1/alert/text HTTP/1.1
User-Agent: selenium/4.8.0 (java windows)
Cache-Control: no-cache
Content-Type: application/json; charset=utf-8
host: localhost:7138
accept: */*

Response DefaultHttpResponse(decodeResult: success, version: HTTP/1.1)
HTTP/1.1 404 Not Found
Content-Length: 820
Content-Type: application/json; charset=utf-8
cache-control: no-cache

13:08:52.180 [AsyncHttpClient-1-2] DEBUG org.asynchttpclient.netty.channel.ChannelManager - Adding key: http://localhost:7138 for channel [id: 0x4eddb369, L:/127.0.0.1:58747 - R:localhost/127.0.0.1:7138]
13:08:52.182 [Forwarding getCurrentUrl on session 5ad97dfb5cc8ee7bdc66ecb7503f8fc1 to remote] DEBUG org.asynchttpclient.netty.request.NettyRequestSender - Using pooled Channel '[id: 0x4eddb369, L:/127.0.0.1:58747 - R:localhost/127.0.0.1:7138]' for 'GET' to 'http://localhost:7138/session/5ad97dfb5cc8ee7bdc66ecb7503f8fc1/url'
13:08:52.182 [Forwarding getCurrentUrl on session 5ad97dfb5cc8ee7bdc66ecb7503f8fc1 to remote] DEBUG org.asynchttpclient.netty.request.NettyRequestSender - Using open Channel [id: 0x4eddb369, L:/127.0.0.1:58747 - R:localhost/127.0.0.1:7138] for GET '/session/5ad97dfb5cc8ee7bdc66ecb7503f8fc1/url'
13:08:52.184 [AsyncHttpClient-1-2] DEBUG org.asynchttpclient.netty.handler.HttpHandler - 

Request DefaultFullHttpRequest(decodeResult: success, version: HTTP/1.1, content: EmptyByteBufBE)
GET /session/5ad97dfb5cc8ee7bdc66ecb7503f8fc1/url HTTP/1.1
User-Agent: selenium/4.8.0 (java windows)
Cache-Control: no-cache
Content-Type: application/json; charset=utf-8
host: localhost:7138
accept: */*

Response DefaultHttpResponse(decodeResult: success, version: HTTP/1.1)
HTTP/1.1 200 OK
Content-Length: 41
Content-Type: application/json; charset=utf-8
cache-control: no-cache

13:08:52.184 [AsyncHttpClient-1-2] DEBUG org.asynchttpclient.netty.channel.ChannelManager - Adding key: http://localhost:7138 for channel [id: 0x4eddb369, L:/127.0.0.1:58747 - R:localhost/127.0.0.1:7138]
13:08:52.185 [Forwarding screenshot on session 5ad97dfb5cc8ee7bdc66ecb7503f8fc1 to remote] DEBUG org.asynchttpclient.netty.request.NettyRequestSender - Using pooled Channel '[id: 0x4eddb369, L:/127.0.0.1:58747 - R:localhost/127.0.0.1:7138]' for 'GET' to 'http://localhost:7138/session/5ad97dfb5cc8ee7bdc66ecb7503f8fc1/screenshot'
13:08:52.185 [Forwarding screenshot on session 5ad97dfb5cc8ee7bdc66ecb7503f8fc1 to remote] DEBUG org.asynchttpclient.netty.request.NettyRequestSender - Using open Channel [id: 0x4eddb369, L:/127.0.0.1:58747 - R:localhost/127.0.0.1:7138] for GET '/session/5ad97dfb5cc8ee7bdc66ecb7503f8fc1/screenshot'
13:08:52.316 [AsyncHttpClient-1-2] DEBUG org.asynchttpclient.netty.handler.HttpHandler - 

Request DefaultFullHttpRequest(decodeResult: success, version: HTTP/1.1, content: EmptyByteBufBE)
GET /session/5ad97dfb5cc8ee7bdc66ecb7503f8fc1/screenshot HTTP/1.1
User-Agent: selenium/4.8.0 (java windows)
Cache-Control: no-cache
Content-Type: application/json; charset=utf-8
host: localhost:7138
accept: */*

Response DefaultHttpResponse(decodeResult: success, version: HTTP/1.1)
HTTP/1.1 200 OK
Content-Length: 420480
Content-Type: application/json; charset=utf-8
cache-control: no-cache

13:08:52.318 [AsyncHttpClient-1-2] DEBUG org.asynchttpclient.netty.channel.ChannelManager - Adding key: http://localhost:7138 for channel [id: 0x4eddb369, L:/127.0.0.1:58747 - R:localhost/127.0.0.1:7138]
13:08:52.327 [main] DEBUG net.serenitybdd.core.photography.Darkroom - Send negative for processing for target\site\serenity\10042b224230115ee44c817abe5b038e2cc413bae70f3c66ffcb4951fb514d3b.png
13:08:52.327 [Darkroom Processing Line] DEBUG net.serenitybdd.core.photography.DarkroomProcessingLine - Processing screenshot image in /var/screenshots/screenshot-6809193264997374198
13:08:52.327 [Darkroom Processing Line] DEBUG net.serenitybdd.core.photography.DarkroomProcessingLine - Saving screenshot to target\site\serenity\10042b224230115ee44c817abe5b038e2cc413bae70f3c66ffcb4951fb514d3b.png
13:08:52.329 [Forwarding getPageSource on session 5ad97dfb5cc8ee7bdc66ecb7503f8fc1 to remote] DEBUG org.asynchttpclient.netty.request.NettyRequestSender - Using pooled Channel '[id: 0x4eddb369, L:/127.0.0.1:58747 - R:localhost/127.0.0.1:7138]' for 'POST' to 'http://localhost:7138/session/5ad97dfb5cc8ee7bdc66ecb7503f8fc1/execute/sync'
13:08:52.330 [Forwarding getPageSource on session 5ad97dfb5cc8ee7bdc66ecb7503f8fc1 to remote] DEBUG org.asynchttpclient.netty.request.NettyRequestSender - Using open Channel [id: 0x4eddb369, L:/127.0.0.1:58747 - R:localhost/127.0.0.1:7138] for POST '/session/5ad97dfb5cc8ee7bdc66ecb7503f8fc1/execute/sync'
13:08:52.336 [AsyncHttpClient-1-2] DEBUG org.asynchttpclient.netty.handler.HttpHandler - 

Request DefaultHttpRequest(decodeResult: success, version: HTTP/1.1)
POST /session/5ad97dfb5cc8ee7bdc66ecb7503f8fc1/execute/sync HTTP/1.1
User-Agent: selenium/4.8.0 (java windows)
Content-Length: 176
Content-Type: application/json; charset=utf-8
host: localhost:7138
accept: */*

Response DefaultHttpResponse(decodeResult: success, version: HTTP/1.1)
HTTP/1.1 200 OK
Content-Length: 37726
Content-Type: application/json; charset=utf-8
cache-control: no-cache

13:08:52.336 [AsyncHttpClient-1-2] DEBUG org.asynchttpclient.netty.channel.ChannelManager - Adding key: http://localhost:7138 for channel [id: 0x4eddb369, L:/127.0.0.1:58747 - R:localhost/127.0.0.1:7138]
13:08:52.391 [Forwarding getCurrentUrl on session 5ad97dfb5cc8ee7bdc66ecb7503f8fc1 to remote] DEBUG org.asynchttpclient.netty.request.NettyRequestSender - Using pooled Channel '[id: 0x4eddb369, L:/127.0.0.1:58747 - R:localhost/127.0.0.1:7138]' for 'GET' to 'http://localhost:7138/session/5ad97dfb5cc8ee7bdc66ecb7503f8fc1/url'
13:08:52.391 [Forwarding getCurrentUrl on session 5ad97dfb5cc8ee7bdc66ecb7503f8fc1 to remote] DEBUG org.asynchttpclient.netty.request.NettyRequestSender - Using open Channel [id: 0x4eddb369, L:/127.0.0.1:58747 - R:localhost/127.0.0.1:7138] for GET '/session/5ad97dfb5cc8ee7bdc66ecb7503f8fc1/url'
13:08:52.394 [AsyncHttpClient-1-2] DEBUG org.asynchttpclient.netty.handler.HttpHandler - 

Request DefaultFullHttpRequest(decodeResult: success, version: HTTP/1.1, content: EmptyByteBufBE)
GET /session/5ad97dfb5cc8ee7bdc66ecb7503f8fc1/url HTTP/1.1
User-Agent: selenium/4.8.0 (java windows)
Cache-Control: no-cache
Content-Type: application/json; charset=utf-8
host: localhost:7138
accept: */*

Response DefaultHttpResponse(decodeResult: success, version: HTTP/1.1)
HTTP/1.1 200 OK
Content-Length: 41
Content-Type: application/json; charset=utf-8
cache-control: no-cache

13:08:52.394 [AsyncHttpClient-1-2] DEBUG org.asynchttpclient.netty.channel.ChannelManager - Adding key: http://localhost:7138 for channel [id: 0x4eddb369, L:/127.0.0.1:58747 - R:localhost/127.0.0.1:7138]
13:08:52.442 [Forwarding getAlertText on session 5ad97dfb5cc8ee7bdc66ecb7503f8fc1 to remote] DEBUG org.asynchttpclient.netty.request.NettyRequestSender - Using pooled Channel '[id: 0x4eddb369, L:/127.0.0.1:58747 - R:localhost/127.0.0.1:7138]' for 'GET' to 'http://localhost:7138/session/5ad97dfb5cc8ee7bdc66ecb7503f8fc1/alert/text'
13:08:52.442 [Forwarding getAlertText on session 5ad97dfb5cc8ee7bdc66ecb7503f8fc1 to remote] DEBUG org.asynchttpclient.netty.request.NettyRequestSender - Using open Channel [id: 0x4eddb369, L:/127.0.0.1:58747 - R:localhost/127.0.0.1:7138] for GET '/session/5ad97dfb5cc8ee7bdc66ecb7503f8fc1/alert/text'
13:08:52.444 [AsyncHttpClient-1-1] DEBUG org.asynchttpclient.netty.channel.DefaultChannelPool - Entry count for : http://localhost:58748 : 1
13:08:52.444 [AsyncHttpClient-1-2] DEBUG org.asynchttpclient.netty.handler.HttpHandler - 

Request DefaultFullHttpRequest(decodeResult: success, version: HTTP/1.1, content: EmptyByteBufBE)
GET /session/5ad97dfb5cc8ee7bdc66ecb7503f8fc1/alert/text HTTP/1.1
User-Agent: selenium/4.8.0 (java windows)
Cache-Control: no-cache
Content-Type: application/json; charset=utf-8
host: localhost:7138
accept: */*

Response DefaultHttpResponse(decodeResult: success, version: HTTP/1.1)
HTTP/1.1 404 Not Found
Content-Length: 820
Content-Type: application/json; charset=utf-8
cache-control: no-cache

13:08:52.445 [AsyncHttpClient-1-2] DEBUG org.asynchttpclient.netty.channel.ChannelManager - Adding key: http://localhost:7138 for channel [id: 0x4eddb369, L:/127.0.0.1:58747 - R:localhost/127.0.0.1:7138]
13:08:52.446 [Forwarding getCurrentUrl on session 5ad97dfb5cc8ee7bdc66ecb7503f8fc1 to remote] DEBUG org.asynchttpclient.netty.request.NettyRequestSender - Using pooled Channel '[id: 0x4eddb369, L:/127.0.0.1:58747 - R:localhost/127.0.0.1:7138]' for 'GET' to 'http://localhost:7138/session/5ad97dfb5cc8ee7bdc66ecb7503f8fc1/url'
13:08:52.446 [Forwarding getCurrentUrl on session 5ad97dfb5cc8ee7bdc66ecb7503f8fc1 to remote] DEBUG org.asynchttpclient.netty.request.NettyRequestSender - Using open Channel [id: 0x4eddb369, L:/127.0.0.1:58747 - R:localhost/127.0.0.1:7138] for GET '/session/5ad97dfb5cc8ee7bdc66ecb7503f8fc1/url'
13:08:52.449 [AsyncHttpClient-1-2] DEBUG org.asynchttpclient.netty.handler.HttpHandler - 

Request DefaultFullHttpRequest(decodeResult: success, version: HTTP/1.1, content: EmptyByteBufBE)
GET /session/5ad97dfb5cc8ee7bdc66ecb7503f8fc1/url HTTP/1.1
User-Agent: selenium/4.8.0 (java windows)
Cache-Control: no-cache
Content-Type: application/json; charset=utf-8
host: localhost:7138
accept: */*

Response DefaultHttpResponse(decodeResult: success, version: HTTP/1.1)
HTTP/1.1 200 OK
Content-Length: 41
Content-Type: application/json; charset=utf-8
cache-control: no-cache

13:08:52.449 [AsyncHttpClient-1-2] DEBUG org.asynchttpclient.netty.channel.ChannelManager - Adding key: http://localhost:7138 for channel [id: 0x4eddb369, L:/127.0.0.1:58747 - R:localhost/127.0.0.1:7138]
13:08:52.450 [Forwarding screenshot on session 5ad97dfb5cc8ee7bdc66ecb7503f8fc1 to remote] DEBUG org.asynchttpclient.netty.request.NettyRequestSender - Using pooled Channel '[id: 0x4eddb369, L:/127.0.0.1:58747 - R:localhost/127.0.0.1:7138]' for 'GET' to 'http://localhost:7138/session/5ad97dfb5cc8ee7bdc66ecb7503f8fc1/screenshot'
13:08:52.450 [Forwarding screenshot on session 5ad97dfb5cc8ee7bdc66ecb7503f8fc1 to remote] DEBUG org.asynchttpclient.netty.request.NettyRequestSender - Using open Channel [id: 0x4eddb369, L:/127.0.0.1:58747 - R:localhost/127.0.0.1:7138] for GET '/session/5ad97dfb5cc8ee7bdc66ecb7503f8fc1/screenshot'
13:08:52.585 [AsyncHttpClient-1-2] DEBUG org.asynchttpclient.netty.handler.HttpHandler - 

Request DefaultFullHttpRequest(decodeResult: success, version: HTTP/1.1, content: EmptyByteBufBE)
GET /session/5ad97dfb5cc8ee7bdc66ecb7503f8fc1/screenshot HTTP/1.1
User-Agent: selenium/4.8.0 (java windows)
Cache-Control: no-cache
Content-Type: application/json; charset=utf-8
host: localhost:7138
accept: */*

Response DefaultHttpResponse(decodeResult: success, version: HTTP/1.1)
HTTP/1.1 200 OK
Content-Length: 420480
Content-Type: application/json; charset=utf-8
cache-control: no-cache

13:08:52.586 [AsyncHttpClient-1-2] DEBUG org.asynchttpclient.netty.channel.ChannelManager - Adding key: http://localhost:7138 for channel [id: 0x4eddb369, L:/127.0.0.1:58747 - R:localhost/127.0.0.1:7138]
13:08:52.596 [main] DEBUG net.serenitybdd.core.photography.Darkroom - Send negative for processing for target\site\serenity\10042b224230115ee44c817abe5b038e2cc413bae70f3c66ffcb4951fb514d3b.png
13:08:52.598 [Forwarding getPageSource on session 5ad97dfb5cc8ee7bdc66ecb7503f8fc1 to remote] DEBUG org.asynchttpclient.netty.request.NettyRequestSender - Using pooled Channel '[id: 0x4eddb369, L:/127.0.0.1:58747 - R:localhost/127.0.0.1:7138]' for 'POST' to 'http://localhost:7138/session/5ad97dfb5cc8ee7bdc66ecb7503f8fc1/execute/sync'
13:08:52.598 [Forwarding getPageSource on session 5ad97dfb5cc8ee7bdc66ecb7503f8fc1 to remote] DEBUG org.asynchttpclient.netty.request.NettyRequestSender - Using open Channel [id: 0x4eddb369, L:/127.0.0.1:58747 - R:localhost/127.0.0.1:7138] for POST '/session/5ad97dfb5cc8ee7bdc66ecb7503f8fc1/execute/sync'
13:08:52.603 [AsyncHttpClient-1-2] DEBUG org.asynchttpclient.netty.handler.HttpHandler - 

Request DefaultHttpRequest(decodeResult: success, version: HTTP/1.1)
POST /session/5ad97dfb5cc8ee7bdc66ecb7503f8fc1/execute/sync HTTP/1.1
User-Agent: selenium/4.8.0 (java windows)
Content-Length: 176
Content-Type: application/json; charset=utf-8
host: localhost:7138
accept: */*

Response DefaultHttpResponse(decodeResult: success, version: HTTP/1.1)
HTTP/1.1 200 OK
Content-Length: 37726
Content-Type: application/json; charset=utf-8
cache-control: no-cache

13:08:52.604 [AsyncHttpClient-1-2] DEBUG org.asynchttpclient.netty.channel.ChannelManager - Adding key: http://localhost:7138 for channel [id: 0x4eddb369, L:/127.0.0.1:58747 - R:localhost/127.0.0.1:7138]
13:08:52.610 [Forwarding getCurrentUrl on session 5ad97dfb5cc8ee7bdc66ecb7503f8fc1 to remote] DEBUG org.asynchttpclient.netty.request.NettyRequestSender - Using pooled Channel '[id: 0x4eddb369, L:/127.0.0.1:58747 - R:localhost/127.0.0.1:7138]' for 'GET' to 'http://localhost:7138/session/5ad97dfb5cc8ee7bdc66ecb7503f8fc1/url'
13:08:52.610 [Forwarding getCurrentUrl on session 5ad97dfb5cc8ee7bdc66ecb7503f8fc1 to remote] DEBUG org.asynchttpclient.netty.request.NettyRequestSender - Using open Channel [id: 0x4eddb369, L:/127.0.0.1:58747 - R:localhost/127.0.0.1:7138] for GET '/session/5ad97dfb5cc8ee7bdc66ecb7503f8fc1/url'
13:08:52.613 [AsyncHttpClient-1-2] DEBUG org.asynchttpclient.netty.handler.HttpHandler - 

Request DefaultFullHttpRequest(decodeResult: success, version: HTTP/1.1, content: EmptyByteBufBE)
GET /session/5ad97dfb5cc8ee7bdc66ecb7503f8fc1/url HTTP/1.1
User-Agent: selenium/4.8.0 (java windows)
Cache-Control: no-cache
Content-Type: application/json; charset=utf-8
host: localhost:7138
accept: */*

Response DefaultHttpResponse(decodeResult: success, version: HTTP/1.1)
HTTP/1.1 200 OK
Content-Length: 41
Content-Type: application/json; charset=utf-8
cache-control: no-cache

13:08:52.613 [AsyncHttpClient-1-2] DEBUG org.asynchttpclient.netty.channel.ChannelManager - Adding key: http://localhost:7138 for channel [id: 0x4eddb369, L:/127.0.0.1:58747 - R:localhost/127.0.0.1:7138]
13:08:52.614 [main] DEBUG net.thucydides.core.steps.StepInterceptor - STARTING STEP: OpenCartStepDefinition.search_for - !#title
13:08:52.621 [Forwarding getPageSource on session 5ad97dfb5cc8ee7bdc66ecb7503f8fc1 to remote] DEBUG org.asynchttpclient.netty.request.NettyRequestSender - Using pooled Channel '[id: 0x4eddb369, L:/127.0.0.1:58747 - R:localhost/127.0.0.1:7138]' for 'POST' to 'http://localhost:7138/session/5ad97dfb5cc8ee7bdc66ecb7503f8fc1/execute/sync'
13:08:52.621 [Forwarding getPageSource on session 5ad97dfb5cc8ee7bdc66ecb7503f8fc1 to remote] DEBUG org.asynchttpclient.netty.request.NettyRequestSender - Using open Channel [id: 0x4eddb369, L:/127.0.0.1:58747 - R:localhost/127.0.0.1:7138] for POST '/session/5ad97dfb5cc8ee7bdc66ecb7503f8fc1/execute/sync'
13:08:52.626 [AsyncHttpClient-1-2] DEBUG org.asynchttpclient.netty.handler.HttpHandler - 

Request DefaultHttpRequest(decodeResult: success, version: HTTP/1.1)
POST /session/5ad97dfb5cc8ee7bdc66ecb7503f8fc1/execute/sync HTTP/1.1
User-Agent: selenium/4.8.0 (java windows)
Content-Length: 176
Content-Type: application/json; charset=utf-8
host: localhost:7138
accept: */*

Response DefaultHttpResponse(decodeResult: success, version: HTTP/1.1)
HTTP/1.1 200 OK
Content-Length: 37726
Content-Type: application/json; charset=utf-8
cache-control: no-cache

13:08:52.626 [AsyncHttpClient-1-2] DEBUG org.asynchttpclient.netty.channel.ChannelManager - Adding key: http://localhost:7138 for channel [id: 0x4eddb369, L:/127.0.0.1:58747 - R:localhost/127.0.0.1:7138]
13:08:52.632 [Forwarding getCurrentUrl on session 5ad97dfb5cc8ee7bdc66ecb7503f8fc1 to remote] DEBUG org.asynchttpclient.netty.request.NettyRequestSender - Using pooled Channel '[id: 0x4eddb369, L:/127.0.0.1:58747 - R:localhost/127.0.0.1:7138]' for 'GET' to 'http://localhost:7138/session/5ad97dfb5cc8ee7bdc66ecb7503f8fc1/url'
13:08:52.632 [Forwarding getCurrentUrl on session 5ad97dfb5cc8ee7bdc66ecb7503f8fc1 to remote] DEBUG org.asynchttpclient.netty.request.NettyRequestSender - Using open Channel [id: 0x4eddb369, L:/127.0.0.1:58747 - R:localhost/127.0.0.1:7138] for GET '/session/5ad97dfb5cc8ee7bdc66ecb7503f8fc1/url'
13:08:52.636 [AsyncHttpClient-1-2] DEBUG org.asynchttpclient.netty.handler.HttpHandler - 

Request DefaultFullHttpRequest(decodeResult: success, version: HTTP/1.1, content: EmptyByteBufBE)
GET /session/5ad97dfb5cc8ee7bdc66ecb7503f8fc1/url HTTP/1.1
User-Agent: selenium/4.8.0 (java windows)
Cache-Control: no-cache
Content-Type: application/json; charset=utf-8
host: localhost:7138
accept: */*

Response DefaultHttpResponse(decodeResult: success, version: HTTP/1.1)
HTTP/1.1 200 OK
Content-Length: 41
Content-Type: application/json; charset=utf-8
cache-control: no-cache

13:08:52.636 [AsyncHttpClient-1-2] DEBUG org.asynchttpclient.netty.channel.ChannelManager - Adding key: http://localhost:7138 for channel [id: 0x4eddb369, L:/127.0.0.1:58747 - R:localhost/127.0.0.1:7138]
13:08:52.638 [main] DEBUG net.thucydides.core.steps.StepInterceptor - STARTING STEP: OpenCartStepDefinition.search_for - {0} clears field #locators
13:08:52.646 [Forwarding findElement on session 5ad97dfb5cc8ee7bdc66ecb7503f8fc1 to remote] DEBUG org.asynchttpclient.netty.request.NettyRequestSender - Using pooled Channel '[id: 0x4eddb369, L:/127.0.0.1:58747 - R:localhost/127.0.0.1:7138]' for 'POST' to 'http://localhost:7138/session/5ad97dfb5cc8ee7bdc66ecb7503f8fc1/element'
13:08:52.646 [Forwarding findElement on session 5ad97dfb5cc8ee7bdc66ecb7503f8fc1 to remote] DEBUG org.asynchttpclient.netty.request.NettyRequestSender - Using open Channel [id: 0x4eddb369, L:/127.0.0.1:58747 - R:localhost/127.0.0.1:7138] for POST '/session/5ad97dfb5cc8ee7bdc66ecb7503f8fc1/element'
13:08:52.655 [AsyncHttpClient-1-2] DEBUG org.asynchttpclient.netty.handler.HttpHandler - 

Request DefaultHttpRequest(decodeResult: success, version: HTTP/1.1)
POST /session/5ad97dfb5cc8ee7bdc66ecb7503f8fc1/element HTTP/1.1
User-Agent: selenium/4.8.0 (java windows)
Content-Length: 109
Content-Type: application/json; charset=utf-8
host: localhost:7138
accept: */*

Response DefaultHttpResponse(decodeResult: success, version: HTTP/1.1)
HTTP/1.1 200 OK
Content-Length: 95
Content-Type: application/json; charset=utf-8
cache-control: no-cache

13:08:52.655 [AsyncHttpClient-1-2] DEBUG org.asynchttpclient.netty.channel.ChannelManager - Adding key: http://localhost:7138 for channel [id: 0x4eddb369, L:/127.0.0.1:58747 - R:localhost/127.0.0.1:7138]
13:08:52.663 [Forwarding isElementDisplayed on session 5ad97dfb5cc8ee7bdc66ecb7503f8fc1 to remote] DEBUG org.asynchttpclient.netty.request.NettyRequestSender - Using pooled Channel '[id: 0x4eddb369, L:/127.0.0.1:58747 - R:localhost/127.0.0.1:7138]' for 'POST' to 'http://localhost:7138/session/5ad97dfb5cc8ee7bdc66ecb7503f8fc1/execute/sync'
13:08:52.663 [Forwarding isElementDisplayed on session 5ad97dfb5cc8ee7bdc66ecb7503f8fc1 to remote] DEBUG org.asynchttpclient.netty.request.NettyRequestSender - Using open Channel [id: 0x4eddb369, L:/127.0.0.1:58747 - R:localhost/127.0.0.1:7138] for POST '/session/5ad97dfb5cc8ee7bdc66ecb7503f8fc1/execute/sync'
13:08:52.672 [AsyncHttpClient-1-2] DEBUG org.asynchttpclient.netty.handler.HttpHandler - 

Request DefaultHttpRequest(decodeResult: success, version: HTTP/1.1)
POST /session/5ad97dfb5cc8ee7bdc66ecb7503f8fc1/execute/sync HTTP/1.1
User-Agent: selenium/4.8.0 (java windows)
Content-Length: 48814
Content-Type: application/json; charset=utf-8
host: localhost:7138
accept: */*

Response DefaultHttpResponse(decodeResult: success, version: HTTP/1.1)
HTTP/1.1 200 OK
Content-Length: 14
Content-Type: application/json; charset=utf-8
cache-control: no-cache

13:08:52.672 [AsyncHttpClient-1-2] DEBUG org.asynchttpclient.netty.channel.ChannelManager - Adding key: http://localhost:7138 for channel [id: 0x4eddb369, L:/127.0.0.1:58747 - R:localhost/127.0.0.1:7138]
13:08:52.674 [Forwarding clearElement on session 5ad97dfb5cc8ee7bdc66ecb7503f8fc1 to remote] DEBUG org.asynchttpclient.netty.request.NettyRequestSender - Using pooled Channel '[id: 0x4eddb369, L:/127.0.0.1:58747 - R:localhost/127.0.0.1:7138]' for 'POST' to 'http://localhost:7138/session/5ad97dfb5cc8ee7bdc66ecb7503f8fc1/element/73EE823629EBBD91C99488D785B3BEC3_element_18/clear'
13:08:52.675 [Forwarding clearElement on session 5ad97dfb5cc8ee7bdc66ecb7503f8fc1 to remote] DEBUG org.asynchttpclient.netty.request.NettyRequestSender - Using open Channel [id: 0x4eddb369, L:/127.0.0.1:58747 - R:localhost/127.0.0.1:7138] for POST '/session/5ad97dfb5cc8ee7bdc66ecb7503f8fc1/element/73EE823629EBBD91C99488D785B3BEC3_element_18/clear'
13:08:52.696 [AsyncHttpClient-1-2] DEBUG org.asynchttpclient.netty.handler.HttpHandler - 

Request DefaultHttpRequest(decodeResult: success, version: HTTP/1.1)
POST /session/5ad97dfb5cc8ee7bdc66ecb7503f8fc1/element/73EE823629EBBD91C99488D785B3BEC3_element_18/clear HTTP/1.1
User-Agent: selenium/4.8.0 (java windows)
Content-Length: 57
Content-Type: application/json; charset=utf-8
host: localhost:7138
accept: */*

Response DefaultHttpResponse(decodeResult: success, version: HTTP/1.1)
HTTP/1.1 200 OK
Content-Length: 14
Content-Type: application/json; charset=utf-8
cache-control: no-cache

13:08:52.698 [AsyncHttpClient-1-2] DEBUG org.asynchttpclient.netty.channel.ChannelManager - Adding key: http://localhost:7138 for channel [id: 0x4eddb369, L:/127.0.0.1:58747 - R:localhost/127.0.0.1:7138]
13:08:52.702 [Forwarding getAlertText on session 5ad97dfb5cc8ee7bdc66ecb7503f8fc1 to remote] DEBUG org.asynchttpclient.netty.request.NettyRequestSender - Using pooled Channel '[id: 0x4eddb369, L:/127.0.0.1:58747 - R:localhost/127.0.0.1:7138]' for 'GET' to 'http://localhost:7138/session/5ad97dfb5cc8ee7bdc66ecb7503f8fc1/alert/text'
13:08:52.702 [Forwarding getAlertText on session 5ad97dfb5cc8ee7bdc66ecb7503f8fc1 to remote] DEBUG org.asynchttpclient.netty.request.NettyRequestSender - Using open Channel [id: 0x4eddb369, L:/127.0.0.1:58747 - R:localhost/127.0.0.1:7138] for GET '/session/5ad97dfb5cc8ee7bdc66ecb7503f8fc1/alert/text'
13:08:52.704 [AsyncHttpClient-1-2] DEBUG org.asynchttpclient.netty.handler.HttpHandler - 

Request DefaultFullHttpRequest(decodeResult: success, version: HTTP/1.1, content: EmptyByteBufBE)
GET /session/5ad97dfb5cc8ee7bdc66ecb7503f8fc1/alert/text HTTP/1.1
User-Agent: selenium/4.8.0 (java windows)
Cache-Control: no-cache
Content-Type: application/json; charset=utf-8
host: localhost:7138
accept: */*

Response DefaultHttpResponse(decodeResult: success, version: HTTP/1.1)
HTTP/1.1 404 Not Found
Content-Length: 820
Content-Type: application/json; charset=utf-8
cache-control: no-cache

13:08:52.704 [AsyncHttpClient-1-2] DEBUG org.asynchttpclient.netty.channel.ChannelManager - Adding key: http://localhost:7138 for channel [id: 0x4eddb369, L:/127.0.0.1:58747 - R:localhost/127.0.0.1:7138]
13:08:52.705 [Forwarding getCurrentUrl on session 5ad97dfb5cc8ee7bdc66ecb7503f8fc1 to remote] DEBUG org.asynchttpclient.netty.request.NettyRequestSender - Using pooled Channel '[id: 0x4eddb369, L:/127.0.0.1:58747 - R:localhost/127.0.0.1:7138]' for 'GET' to 'http://localhost:7138/session/5ad97dfb5cc8ee7bdc66ecb7503f8fc1/url'
13:08:52.705 [Forwarding getCurrentUrl on session 5ad97dfb5cc8ee7bdc66ecb7503f8fc1 to remote] DEBUG org.asynchttpclient.netty.request.NettyRequestSender - Using open Channel [id: 0x4eddb369, L:/127.0.0.1:58747 - R:localhost/127.0.0.1:7138] for GET '/session/5ad97dfb5cc8ee7bdc66ecb7503f8fc1/url'
13:08:52.706 [AsyncHttpClient-1-2] DEBUG org.asynchttpclient.netty.handler.HttpHandler - 

Request DefaultFullHttpRequest(decodeResult: success, version: HTTP/1.1, content: EmptyByteBufBE)
GET /session/5ad97dfb5cc8ee7bdc66ecb7503f8fc1/url HTTP/1.1
User-Agent: selenium/4.8.0 (java windows)
Cache-Control: no-cache
Content-Type: application/json; charset=utf-8
host: localhost:7138
accept: */*

Response DefaultHttpResponse(decodeResult: success, version: HTTP/1.1)
HTTP/1.1 200 OK
Content-Length: 41
Content-Type: application/json; charset=utf-8
cache-control: no-cache

13:08:52.706 [AsyncHttpClient-1-2] DEBUG org.asynchttpclient.netty.channel.ChannelManager - Adding key: http://localhost:7138 for channel [id: 0x4eddb369, L:/127.0.0.1:58747 - R:localhost/127.0.0.1:7138]
13:08:52.708 [Forwarding screenshot on session 5ad97dfb5cc8ee7bdc66ecb7503f8fc1 to remote] DEBUG org.asynchttpclient.netty.request.NettyRequestSender - Using pooled Channel '[id: 0x4eddb369, L:/127.0.0.1:58747 - R:localhost/127.0.0.1:7138]' for 'GET' to 'http://localhost:7138/session/5ad97dfb5cc8ee7bdc66ecb7503f8fc1/screenshot'
13:08:52.708 [Forwarding screenshot on session 5ad97dfb5cc8ee7bdc66ecb7503f8fc1 to remote] DEBUG org.asynchttpclient.netty.request.NettyRequestSender - Using open Channel [id: 0x4eddb369, L:/127.0.0.1:58747 - R:localhost/127.0.0.1:7138] for GET '/session/5ad97dfb5cc8ee7bdc66ecb7503f8fc1/screenshot'
13:08:52.835 [AsyncHttpClient-1-2] DEBUG org.asynchttpclient.netty.handler.HttpHandler - 

Request DefaultFullHttpRequest(decodeResult: success, version: HTTP/1.1, content: EmptyByteBufBE)
GET /session/5ad97dfb5cc8ee7bdc66ecb7503f8fc1/screenshot HTTP/1.1
User-Agent: selenium/4.8.0 (java windows)
Cache-Control: no-cache
Content-Type: application/json; charset=utf-8
host: localhost:7138
accept: */*

Response DefaultHttpResponse(decodeResult: success, version: HTTP/1.1)
HTTP/1.1 200 OK
Content-Length: 420480
Content-Type: application/json; charset=utf-8
cache-control: no-cache

13:08:52.836 [AsyncHttpClient-1-2] DEBUG org.asynchttpclient.netty.channel.ChannelManager - Adding key: http://localhost:7138 for channel [id: 0x4eddb369, L:/127.0.0.1:58747 - R:localhost/127.0.0.1:7138]
13:08:52.848 [main] DEBUG net.serenitybdd.core.photography.Darkroom - Send negative for processing for target\site\serenity\10042b224230115ee44c817abe5b038e2cc413bae70f3c66ffcb4951fb514d3b.png
13:08:53.053 [main] DEBUG net.thucydides.core.steps.StepInterceptor - STEP DONE: {0} clears field #locators
13:08:53.059 [Forwarding getAlertText on session 5ad97dfb5cc8ee7bdc66ecb7503f8fc1 to remote] DEBUG org.asynchttpclient.netty.request.NettyRequestSender - Using pooled Channel '[id: 0x4eddb369, L:/127.0.0.1:58747 - R:localhost/127.0.0.1:7138]' for 'GET' to 'http://localhost:7138/session/5ad97dfb5cc8ee7bdc66ecb7503f8fc1/alert/text'
13:08:53.059 [Forwarding getAlertText on session 5ad97dfb5cc8ee7bdc66ecb7503f8fc1 to remote] DEBUG org.asynchttpclient.netty.request.NettyRequestSender - Using open Channel [id: 0x4eddb369, L:/127.0.0.1:58747 - R:localhost/127.0.0.1:7138] for GET '/session/5ad97dfb5cc8ee7bdc66ecb7503f8fc1/alert/text'
13:08:53.061 [AsyncHttpClient-1-2] DEBUG org.asynchttpclient.netty.handler.HttpHandler - 

Request DefaultFullHttpRequest(decodeResult: success, version: HTTP/1.1, content: EmptyByteBufBE)
GET /session/5ad97dfb5cc8ee7bdc66ecb7503f8fc1/alert/text HTTP/1.1
User-Agent: selenium/4.8.0 (java windows)
Cache-Control: no-cache
Content-Type: application/json; charset=utf-8
host: localhost:7138
accept: */*

Response DefaultHttpResponse(decodeResult: success, version: HTTP/1.1)
HTTP/1.1 404 Not Found
Content-Length: 820
Content-Type: application/json; charset=utf-8
cache-control: no-cache

13:08:53.061 [AsyncHttpClient-1-2] DEBUG org.asynchttpclient.netty.channel.ChannelManager - Adding key: http://localhost:7138 for channel [id: 0x4eddb369, L:/127.0.0.1:58747 - R:localhost/127.0.0.1:7138]
13:08:53.062 [Forwarding getCurrentUrl on session 5ad97dfb5cc8ee7bdc66ecb7503f8fc1 to remote] DEBUG org.asynchttpclient.netty.request.NettyRequestSender - Using pooled Channel '[id: 0x4eddb369, L:/127.0.0.1:58747 - R:localhost/127.0.0.1:7138]' for 'GET' to 'http://localhost:7138/session/5ad97dfb5cc8ee7bdc66ecb7503f8fc1/url'
13:08:53.062 [Forwarding getCurrentUrl on session 5ad97dfb5cc8ee7bdc66ecb7503f8fc1 to remote] DEBUG org.asynchttpclient.netty.request.NettyRequestSender - Using open Channel [id: 0x4eddb369, L:/127.0.0.1:58747 - R:localhost/127.0.0.1:7138] for GET '/session/5ad97dfb5cc8ee7bdc66ecb7503f8fc1/url'
13:08:53.065 [AsyncHttpClient-1-2] DEBUG org.asynchttpclient.netty.handler.HttpHandler - 

Request DefaultFullHttpRequest(decodeResult: success, version: HTTP/1.1, content: EmptyByteBufBE)
GET /session/5ad97dfb5cc8ee7bdc66ecb7503f8fc1/url HTTP/1.1
User-Agent: selenium/4.8.0 (java windows)
Cache-Control: no-cache
Content-Type: application/json; charset=utf-8
host: localhost:7138
accept: */*

Response DefaultHttpResponse(decodeResult: success, version: HTTP/1.1)
HTTP/1.1 200 OK
Content-Length: 41
Content-Type: application/json; charset=utf-8
cache-control: no-cache

13:08:53.066 [AsyncHttpClient-1-2] DEBUG org.asynchttpclient.netty.channel.ChannelManager - Adding key: http://localhost:7138 for channel [id: 0x4eddb369, L:/127.0.0.1:58747 - R:localhost/127.0.0.1:7138]
13:08:53.066 [Forwarding screenshot on session 5ad97dfb5cc8ee7bdc66ecb7503f8fc1 to remote] DEBUG org.asynchttpclient.netty.request.NettyRequestSender - Using pooled Channel '[id: 0x4eddb369, L:/127.0.0.1:58747 - R:localhost/127.0.0.1:7138]' for 'GET' to 'http://localhost:7138/session/5ad97dfb5cc8ee7bdc66ecb7503f8fc1/screenshot'
13:08:53.066 [Forwarding screenshot on session 5ad97dfb5cc8ee7bdc66ecb7503f8fc1 to remote] DEBUG org.asynchttpclient.netty.request.NettyRequestSender - Using open Channel [id: 0x4eddb369, L:/127.0.0.1:58747 - R:localhost/127.0.0.1:7138] for GET '/session/5ad97dfb5cc8ee7bdc66ecb7503f8fc1/screenshot'
13:08:53.215 [AsyncHttpClient-1-2] DEBUG org.asynchttpclient.netty.handler.HttpHandler - 

Request DefaultFullHttpRequest(decodeResult: success, version: HTTP/1.1, content: EmptyByteBufBE)
GET /session/5ad97dfb5cc8ee7bdc66ecb7503f8fc1/screenshot HTTP/1.1
User-Agent: selenium/4.8.0 (java windows)
Cache-Control: no-cache
Content-Type: application/json; charset=utf-8
host: localhost:7138
accept: */*

Response DefaultHttpResponse(decodeResult: success, version: HTTP/1.1)
HTTP/1.1 200 OK
Content-Length: 558108
Content-Type: application/json; charset=utf-8
cache-control: no-cache

13:08:53.216 [AsyncHttpClient-1-2] DEBUG org.asynchttpclient.netty.channel.ChannelManager - Adding key: http://localhost:7138 for channel [id: 0x4eddb369, L:/127.0.0.1:58747 - R:localhost/127.0.0.1:7138]
13:08:53.232 [main] DEBUG net.serenitybdd.core.photography.Darkroom - Send negative for processing for target\site\serenity\af63560227a8757e99d142a7f5f4f0a25ab4d40a5add27a70dc8138f21091d39.png
13:08:53.232 [Darkroom Processing Line] DEBUG net.serenitybdd.core.photography.DarkroomProcessingLine - Processing screenshot image in /var/screenshots/screenshot-3252696781669521003
13:08:53.233 [Darkroom Processing Line] DEBUG net.serenitybdd.core.photography.DarkroomProcessingLine - Saving screenshot to target\site\serenity\af63560227a8757e99d142a7f5f4f0a25ab4d40a5add27a70dc8138f21091d39.png
13:08:53.234 [Forwarding getPageSource on session 5ad97dfb5cc8ee7bdc66ecb7503f8fc1 to remote] DEBUG org.asynchttpclient.netty.request.NettyRequestSender - Using pooled Channel '[id: 0x4eddb369, L:/127.0.0.1:58747 - R:localhost/127.0.0.1:7138]' for 'POST' to 'http://localhost:7138/session/5ad97dfb5cc8ee7bdc66ecb7503f8fc1/execute/sync'
13:08:53.234 [Forwarding getPageSource on session 5ad97dfb5cc8ee7bdc66ecb7503f8fc1 to remote] DEBUG org.asynchttpclient.netty.request.NettyRequestSender - Using open Channel [id: 0x4eddb369, L:/127.0.0.1:58747 - R:localhost/127.0.0.1:7138] for POST '/session/5ad97dfb5cc8ee7bdc66ecb7503f8fc1/execute/sync'
13:08:53.239 [AsyncHttpClient-1-2] DEBUG org.asynchttpclient.netty.handler.HttpHandler - 

Request DefaultHttpRequest(decodeResult: success, version: HTTP/1.1)
POST /session/5ad97dfb5cc8ee7bdc66ecb7503f8fc1/execute/sync HTTP/1.1
User-Agent: selenium/4.8.0 (java windows)
Content-Length: 176
Content-Type: application/json; charset=utf-8
host: localhost:7138
accept: */*

Response DefaultHttpResponse(decodeResult: success, version: HTTP/1.1)
HTTP/1.1 200 OK
Content-Length: 37728
Content-Type: application/json; charset=utf-8
cache-control: no-cache

13:08:53.239 [AsyncHttpClient-1-2] DEBUG org.asynchttpclient.netty.channel.ChannelManager - Adding key: http://localhost:7138 for channel [id: 0x4eddb369, L:/127.0.0.1:58747 - R:localhost/127.0.0.1:7138]
13:08:53.244 [Forwarding getCurrentUrl on session 5ad97dfb5cc8ee7bdc66ecb7503f8fc1 to remote] DEBUG org.asynchttpclient.netty.request.NettyRequestSender - Using pooled Channel '[id: 0x4eddb369, L:/127.0.0.1:58747 - R:localhost/127.0.0.1:7138]' for 'GET' to 'http://localhost:7138/session/5ad97dfb5cc8ee7bdc66ecb7503f8fc1/url'
13:08:53.244 [Forwarding getCurrentUrl on session 5ad97dfb5cc8ee7bdc66ecb7503f8fc1 to remote] DEBUG org.asynchttpclient.netty.request.NettyRequestSender - Using open Channel [id: 0x4eddb369, L:/127.0.0.1:58747 - R:localhost/127.0.0.1:7138] for GET '/session/5ad97dfb5cc8ee7bdc66ecb7503f8fc1/url'
13:08:53.246 [AsyncHttpClient-1-2] DEBUG org.asynchttpclient.netty.handler.HttpHandler - 

Request DefaultFullHttpRequest(decodeResult: success, version: HTTP/1.1, content: EmptyByteBufBE)
GET /session/5ad97dfb5cc8ee7bdc66ecb7503f8fc1/url HTTP/1.1
User-Agent: selenium/4.8.0 (java windows)
Cache-Control: no-cache
Content-Type: application/json; charset=utf-8
host: localhost:7138
accept: */*

Response DefaultHttpResponse(decodeResult: success, version: HTTP/1.1)
HTTP/1.1 200 OK
Content-Length: 41
Content-Type: application/json; charset=utf-8
cache-control: no-cache

13:08:53.246 [AsyncHttpClient-1-2] DEBUG org.asynchttpclient.netty.channel.ChannelManager - Adding key: http://localhost:7138 for channel [id: 0x4eddb369, L:/127.0.0.1:58747 - R:localhost/127.0.0.1:7138]
13:08:53.249 [main] DEBUG net.thucydides.core.steps.StepInterceptor - STARTING STEP: OpenCartStepDefinition.search_for - {0} enters #theTextAsAString into #locatorNames
13:08:53.252 [Forwarding findElement on session 5ad97dfb5cc8ee7bdc66ecb7503f8fc1 to remote] DEBUG org.asynchttpclient.netty.request.NettyRequestSender - Using pooled Channel '[id: 0x4eddb369, L:/127.0.0.1:58747 - R:localhost/127.0.0.1:7138]' for 'POST' to 'http://localhost:7138/session/5ad97dfb5cc8ee7bdc66ecb7503f8fc1/element'
13:08:53.252 [Forwarding findElement on session 5ad97dfb5cc8ee7bdc66ecb7503f8fc1 to remote] DEBUG org.asynchttpclient.netty.request.NettyRequestSender - Using open Channel [id: 0x4eddb369, L:/127.0.0.1:58747 - R:localhost/127.0.0.1:7138] for POST '/session/5ad97dfb5cc8ee7bdc66ecb7503f8fc1/element'
13:08:53.257 [AsyncHttpClient-1-2] DEBUG org.asynchttpclient.netty.handler.HttpHandler - 

Request DefaultHttpRequest(decodeResult: success, version: HTTP/1.1)
POST /session/5ad97dfb5cc8ee7bdc66ecb7503f8fc1/element HTTP/1.1
User-Agent: selenium/4.8.0 (java windows)
Content-Length: 109
Content-Type: application/json; charset=utf-8
host: localhost:7138
accept: */*

Response DefaultHttpResponse(decodeResult: success, version: HTTP/1.1)
HTTP/1.1 200 OK
Content-Length: 95
Content-Type: application/json; charset=utf-8
cache-control: no-cache

13:08:53.257 [AsyncHttpClient-1-2] DEBUG org.asynchttpclient.netty.channel.ChannelManager - Adding key: http://localhost:7138 for channel [id: 0x4eddb369, L:/127.0.0.1:58747 - R:localhost/127.0.0.1:7138]
13:08:53.259 [Forwarding clearElement on session 5ad97dfb5cc8ee7bdc66ecb7503f8fc1 to remote] DEBUG org.asynchttpclient.netty.request.NettyRequestSender - Using pooled Channel '[id: 0x4eddb369, L:/127.0.0.1:58747 - R:localhost/127.0.0.1:7138]' for 'POST' to 'http://localhost:7138/session/5ad97dfb5cc8ee7bdc66ecb7503f8fc1/element/73EE823629EBBD91C99488D785B3BEC3_element_18/clear'
13:08:53.259 [Forwarding clearElement on session 5ad97dfb5cc8ee7bdc66ecb7503f8fc1 to remote] DEBUG org.asynchttpclient.netty.request.NettyRequestSender - Using open Channel [id: 0x4eddb369, L:/127.0.0.1:58747 - R:localhost/127.0.0.1:7138] for POST '/session/5ad97dfb5cc8ee7bdc66ecb7503f8fc1/element/73EE823629EBBD91C99488D785B3BEC3_element_18/clear'
13:08:53.273 [AsyncHttpClient-1-2] DEBUG org.asynchttpclient.netty.handler.HttpHandler - 

Request DefaultHttpRequest(decodeResult: success, version: HTTP/1.1)
POST /session/5ad97dfb5cc8ee7bdc66ecb7503f8fc1/element/73EE823629EBBD91C99488D785B3BEC3_element_18/clear HTTP/1.1
User-Agent: selenium/4.8.0 (java windows)
Content-Length: 57
Content-Type: application/json; charset=utf-8
host: localhost:7138
accept: */*

Response DefaultHttpResponse(decodeResult: success, version: HTTP/1.1)
HTTP/1.1 200 OK
Content-Length: 14
Content-Type: application/json; charset=utf-8
cache-control: no-cache

13:08:53.273 [AsyncHttpClient-1-2] DEBUG org.asynchttpclient.netty.channel.ChannelManager - Adding key: http://localhost:7138 for channel [id: 0x4eddb369, L:/127.0.0.1:58747 - R:localhost/127.0.0.1:7138]
13:08:53.276 [Forwarding findElement on session 5ad97dfb5cc8ee7bdc66ecb7503f8fc1 to remote] DEBUG org.asynchttpclient.netty.request.NettyRequestSender - Using pooled Channel '[id: 0x4eddb369, L:/127.0.0.1:58747 - R:localhost/127.0.0.1:7138]' for 'POST' to 'http://localhost:7138/session/5ad97dfb5cc8ee7bdc66ecb7503f8fc1/element'
13:08:53.276 [Forwarding findElement on session 5ad97dfb5cc8ee7bdc66ecb7503f8fc1 to remote] DEBUG org.asynchttpclient.netty.request.NettyRequestSender - Using open Channel [id: 0x4eddb369, L:/127.0.0.1:58747 - R:localhost/127.0.0.1:7138] for POST '/session/5ad97dfb5cc8ee7bdc66ecb7503f8fc1/element'
13:08:53.281 [AsyncHttpClient-1-2] DEBUG org.asynchttpclient.netty.handler.HttpHandler - 

Request DefaultHttpRequest(decodeResult: success, version: HTTP/1.1)
POST /session/5ad97dfb5cc8ee7bdc66ecb7503f8fc1/element HTTP/1.1
User-Agent: selenium/4.8.0 (java windows)
Content-Length: 109
Content-Type: application/json; charset=utf-8
host: localhost:7138
accept: */*

Response DefaultHttpResponse(decodeResult: success, version: HTTP/1.1)
HTTP/1.1 200 OK
Content-Length: 95
Content-Type: application/json; charset=utf-8
cache-control: no-cache

13:08:53.281 [AsyncHttpClient-1-2] DEBUG org.asynchttpclient.netty.channel.ChannelManager - Adding key: http://localhost:7138 for channel [id: 0x4eddb369, L:/127.0.0.1:58747 - R:localhost/127.0.0.1:7138]
13:08:53.283 [Forwarding sendKeysToElement on session 5ad97dfb5cc8ee7bdc66ecb7503f8fc1 to remote] DEBUG org.asynchttpclient.netty.request.NettyRequestSender - Using pooled Channel '[id: 0x4eddb369, L:/127.0.0.1:58747 - R:localhost/127.0.0.1:7138]' for 'POST' to 'http://localhost:7138/session/5ad97dfb5cc8ee7bdc66ecb7503f8fc1/element/73EE823629EBBD91C99488D785B3BEC3_element_18/value'
13:08:53.283 [Forwarding sendKeysToElement on session 5ad97dfb5cc8ee7bdc66ecb7503f8fc1 to remote] DEBUG org.asynchttpclient.netty.request.NettyRequestSender - Using open Channel [id: 0x4eddb369, L:/127.0.0.1:58747 - R:localhost/127.0.0.1:7138] for POST '/session/5ad97dfb5cc8ee7bdc66ecb7503f8fc1/element/73EE823629EBBD91C99488D785B3BEC3_element_18/value'
13:08:53.321 [AsyncHttpClient-1-2] DEBUG org.asynchttpclient.netty.handler.HttpHandler - 

Request DefaultHttpRequest(decodeResult: success, version: HTTP/1.1)
POST /session/5ad97dfb5cc8ee7bdc66ecb7503f8fc1/element/73EE823629EBBD91C99488D785B3BEC3_element_18/value HTTP/1.1
User-Agent: selenium/4.8.0 (java windows)
Content-Length: 268
Content-Type: application/json; charset=utf-8
host: localhost:7138
accept: */*

Response DefaultHttpResponse(decodeResult: success, version: HTTP/1.1)
HTTP/1.1 200 OK
Content-Length: 14
Content-Type: application/json; charset=utf-8
cache-control: no-cache

13:08:53.321 [AsyncHttpClient-1-2] DEBUG org.asynchttpclient.netty.channel.ChannelManager - Adding key: http://localhost:7138 for channel [id: 0x4eddb369, L:/127.0.0.1:58747 - R:localhost/127.0.0.1:7138]
13:08:53.327 [Forwarding getAlertText on session 5ad97dfb5cc8ee7bdc66ecb7503f8fc1 to remote] DEBUG org.asynchttpclient.netty.request.NettyRequestSender - Using pooled Channel '[id: 0x4eddb369, L:/127.0.0.1:58747 - R:localhost/127.0.0.1:7138]' for 'GET' to 'http://localhost:7138/session/5ad97dfb5cc8ee7bdc66ecb7503f8fc1/alert/text'
13:08:53.327 [Forwarding getAlertText on session 5ad97dfb5cc8ee7bdc66ecb7503f8fc1 to remote] DEBUG org.asynchttpclient.netty.request.NettyRequestSender - Using open Channel [id: 0x4eddb369, L:/127.0.0.1:58747 - R:localhost/127.0.0.1:7138] for GET '/session/5ad97dfb5cc8ee7bdc66ecb7503f8fc1/alert/text'
13:08:53.329 [AsyncHttpClient-1-2] DEBUG org.asynchttpclient.netty.handler.HttpHandler - 

Request DefaultFullHttpRequest(decodeResult: success, version: HTTP/1.1, content: EmptyByteBufBE)
GET /session/5ad97dfb5cc8ee7bdc66ecb7503f8fc1/alert/text HTTP/1.1
User-Agent: selenium/4.8.0 (java windows)
Cache-Control: no-cache
Content-Type: application/json; charset=utf-8
host: localhost:7138
accept: */*

Response DefaultHttpResponse(decodeResult: success, version: HTTP/1.1)
HTTP/1.1 404 Not Found
Content-Length: 820
Content-Type: application/json; charset=utf-8
cache-control: no-cache

13:08:53.329 [AsyncHttpClient-1-2] DEBUG org.asynchttpclient.netty.channel.ChannelManager - Adding key: http://localhost:7138 for channel [id: 0x4eddb369, L:/127.0.0.1:58747 - R:localhost/127.0.0.1:7138]
13:08:53.330 [Forwarding getCurrentUrl on session 5ad97dfb5cc8ee7bdc66ecb7503f8fc1 to remote] DEBUG org.asynchttpclient.netty.request.NettyRequestSender - Using pooled Channel '[id: 0x4eddb369, L:/127.0.0.1:58747 - R:localhost/127.0.0.1:7138]' for 'GET' to 'http://localhost:7138/session/5ad97dfb5cc8ee7bdc66ecb7503f8fc1/url'
13:08:53.330 [Forwarding getCurrentUrl on session 5ad97dfb5cc8ee7bdc66ecb7503f8fc1 to remote] DEBUG org.asynchttpclient.netty.request.NettyRequestSender - Using open Channel [id: 0x4eddb369, L:/127.0.0.1:58747 - R:localhost/127.0.0.1:7138] for GET '/session/5ad97dfb5cc8ee7bdc66ecb7503f8fc1/url'
13:08:53.333 [AsyncHttpClient-1-2] DEBUG org.asynchttpclient.netty.handler.HttpHandler - 

Request DefaultFullHttpRequest(decodeResult: success, version: HTTP/1.1, content: EmptyByteBufBE)
GET /session/5ad97dfb5cc8ee7bdc66ecb7503f8fc1/url HTTP/1.1
User-Agent: selenium/4.8.0 (java windows)
Cache-Control: no-cache
Content-Type: application/json; charset=utf-8
host: localhost:7138
accept: */*

Response DefaultHttpResponse(decodeResult: success, version: HTTP/1.1)
HTTP/1.1 200 OK
Content-Length: 41
Content-Type: application/json; charset=utf-8
cache-control: no-cache

13:08:53.333 [AsyncHttpClient-1-2] DEBUG org.asynchttpclient.netty.channel.ChannelManager - Adding key: http://localhost:7138 for channel [id: 0x4eddb369, L:/127.0.0.1:58747 - R:localhost/127.0.0.1:7138]
13:08:53.334 [Forwarding screenshot on session 5ad97dfb5cc8ee7bdc66ecb7503f8fc1 to remote] DEBUG org.asynchttpclient.netty.request.NettyRequestSender - Using pooled Channel '[id: 0x4eddb369, L:/127.0.0.1:58747 - R:localhost/127.0.0.1:7138]' for 'GET' to 'http://localhost:7138/session/5ad97dfb5cc8ee7bdc66ecb7503f8fc1/screenshot'
13:08:53.334 [Forwarding screenshot on session 5ad97dfb5cc8ee7bdc66ecb7503f8fc1 to remote] DEBUG org.asynchttpclient.netty.request.NettyRequestSender - Using open Channel [id: 0x4eddb369, L:/127.0.0.1:58747 - R:localhost/127.0.0.1:7138] for GET '/session/5ad97dfb5cc8ee7bdc66ecb7503f8fc1/screenshot'
13:08:53.522 [AsyncHttpClient-1-2] DEBUG org.asynchttpclient.netty.handler.HttpHandler - 

Request DefaultFullHttpRequest(decodeResult: success, version: HTTP/1.1, content: EmptyByteBufBE)
GET /session/5ad97dfb5cc8ee7bdc66ecb7503f8fc1/screenshot HTTP/1.1
User-Agent: selenium/4.8.0 (java windows)
Cache-Control: no-cache
Content-Type: application/json; charset=utf-8
host: localhost:7138
accept: */*

Response DefaultHttpResponse(decodeResult: success, version: HTTP/1.1)
HTTP/1.1 200 OK
Content-Length: 572960
Content-Type: application/json; charset=utf-8
cache-control: no-cache

13:08:53.524 [AsyncHttpClient-1-2] DEBUG org.asynchttpclient.netty.channel.ChannelManager - Adding key: http://localhost:7138 for channel [id: 0x4eddb369, L:/127.0.0.1:58747 - R:localhost/127.0.0.1:7138]
13:08:53.540 [main] DEBUG net.serenitybdd.core.photography.Darkroom - Send negative for processing for target\site\serenity\00b8aae6f046eea215a18adf3b48a4e8c2934c227933c8aa46e9ad11099a2e92.png
13:08:53.540 [Darkroom Processing Line] DEBUG net.serenitybdd.core.photography.DarkroomProcessingLine - Processing screenshot image in /var/screenshots/screenshot-1342750894458598060
13:08:53.540 [Darkroom Processing Line] DEBUG net.serenitybdd.core.photography.DarkroomProcessingLine - Saving screenshot to target\site\serenity\00b8aae6f046eea215a18adf3b48a4e8c2934c227933c8aa46e9ad11099a2e92.png
13:08:53.545 [AsyncHttpClient-1-1] DEBUG org.asynchttpclient.netty.channel.DefaultChannelPool - Entry count for : http://localhost:7138 : 1
13:08:53.545 [AsyncHttpClient-1-1] DEBUG org.asynchttpclient.netty.channel.DefaultChannelPool - Entry count for : http://localhost:58748 : 1
13:08:53.741 [main] DEBUG net.thucydides.core.steps.StepInterceptor - STEP DONE: {0} enters #theTextAsAString into #locatorNames
13:08:53.746 [Forwarding getAlertText on session 5ad97dfb5cc8ee7bdc66ecb7503f8fc1 to remote] DEBUG org.asynchttpclient.netty.request.NettyRequestSender - Using pooled Channel '[id: 0x4eddb369, L:/127.0.0.1:58747 - R:localhost/127.0.0.1:7138]' for 'GET' to 'http://localhost:7138/session/5ad97dfb5cc8ee7bdc66ecb7503f8fc1/alert/text'
13:08:53.746 [Forwarding getAlertText on session 5ad97dfb5cc8ee7bdc66ecb7503f8fc1 to remote] DEBUG org.asynchttpclient.netty.request.NettyRequestSender - Using open Channel [id: 0x4eddb369, L:/127.0.0.1:58747 - R:localhost/127.0.0.1:7138] for GET '/session/5ad97dfb5cc8ee7bdc66ecb7503f8fc1/alert/text'
13:08:53.748 [AsyncHttpClient-1-2] DEBUG org.asynchttpclient.netty.handler.HttpHandler - 

Request DefaultFullHttpRequest(decodeResult: success, version: HTTP/1.1, content: EmptyByteBufBE)
GET /session/5ad97dfb5cc8ee7bdc66ecb7503f8fc1/alert/text HTTP/1.1
User-Agent: selenium/4.8.0 (java windows)
Cache-Control: no-cache
Content-Type: application/json; charset=utf-8
host: localhost:7138
accept: */*

Response DefaultHttpResponse(decodeResult: success, version: HTTP/1.1)
HTTP/1.1 404 Not Found
Content-Length: 820
Content-Type: application/json; charset=utf-8
cache-control: no-cache

13:08:53.748 [AsyncHttpClient-1-2] DEBUG org.asynchttpclient.netty.channel.ChannelManager - Adding key: http://localhost:7138 for channel [id: 0x4eddb369, L:/127.0.0.1:58747 - R:localhost/127.0.0.1:7138]
13:08:53.749 [Forwarding getCurrentUrl on session 5ad97dfb5cc8ee7bdc66ecb7503f8fc1 to remote] DEBUG org.asynchttpclient.netty.request.NettyRequestSender - Using pooled Channel '[id: 0x4eddb369, L:/127.0.0.1:58747 - R:localhost/127.0.0.1:7138]' for 'GET' to 'http://localhost:7138/session/5ad97dfb5cc8ee7bdc66ecb7503f8fc1/url'
13:08:53.749 [Forwarding getCurrentUrl on session 5ad97dfb5cc8ee7bdc66ecb7503f8fc1 to remote] DEBUG org.asynchttpclient.netty.request.NettyRequestSender - Using open Channel [id: 0x4eddb369, L:/127.0.0.1:58747 - R:localhost/127.0.0.1:7138] for GET '/session/5ad97dfb5cc8ee7bdc66ecb7503f8fc1/url'
13:08:53.751 [AsyncHttpClient-1-2] DEBUG org.asynchttpclient.netty.handler.HttpHandler - 

Request DefaultFullHttpRequest(decodeResult: success, version: HTTP/1.1, content: EmptyByteBufBE)
GET /session/5ad97dfb5cc8ee7bdc66ecb7503f8fc1/url HTTP/1.1
User-Agent: selenium/4.8.0 (java windows)
Cache-Control: no-cache
Content-Type: application/json; charset=utf-8
host: localhost:7138
accept: */*

Response DefaultHttpResponse(decodeResult: success, version: HTTP/1.1)
HTTP/1.1 200 OK
Content-Length: 41
Content-Type: application/json; charset=utf-8
cache-control: no-cache

13:08:53.751 [AsyncHttpClient-1-2] DEBUG org.asynchttpclient.netty.channel.ChannelManager - Adding key: http://localhost:7138 for channel [id: 0x4eddb369, L:/127.0.0.1:58747 - R:localhost/127.0.0.1:7138]
13:08:53.752 [Forwarding screenshot on session 5ad97dfb5cc8ee7bdc66ecb7503f8fc1 to remote] DEBUG org.asynchttpclient.netty.request.NettyRequestSender - Using pooled Channel '[id: 0x4eddb369, L:/127.0.0.1:58747 - R:localhost/127.0.0.1:7138]' for 'GET' to 'http://localhost:7138/session/5ad97dfb5cc8ee7bdc66ecb7503f8fc1/screenshot'
13:08:53.752 [Forwarding screenshot on session 5ad97dfb5cc8ee7bdc66ecb7503f8fc1 to remote] DEBUG org.asynchttpclient.netty.request.NettyRequestSender - Using open Channel [id: 0x4eddb369, L:/127.0.0.1:58747 - R:localhost/127.0.0.1:7138] for GET '/session/5ad97dfb5cc8ee7bdc66ecb7503f8fc1/screenshot'
13:08:53.891 [AsyncHttpClient-1-2] DEBUG org.asynchttpclient.netty.handler.HttpHandler - 

Request DefaultFullHttpRequest(decodeResult: success, version: HTTP/1.1, content: EmptyByteBufBE)
GET /session/5ad97dfb5cc8ee7bdc66ecb7503f8fc1/screenshot HTTP/1.1
User-Agent: selenium/4.8.0 (java windows)
Cache-Control: no-cache
Content-Type: application/json; charset=utf-8
host: localhost:7138
accept: */*

Response DefaultHttpResponse(decodeResult: success, version: HTTP/1.1)
HTTP/1.1 200 OK
Content-Length: 574504
Content-Type: application/json; charset=utf-8
cache-control: no-cache

13:08:53.893 [AsyncHttpClient-1-2] DEBUG org.asynchttpclient.netty.channel.ChannelManager - Adding key: http://localhost:7138 for channel [id: 0x4eddb369, L:/127.0.0.1:58747 - R:localhost/127.0.0.1:7138]
13:08:53.922 [main] DEBUG net.serenitybdd.core.photography.Darkroom - Send negative for processing for target\site\serenity\4cb4eaa4e48b70930675aafe4a2563915e7b1690027e012cd1c6f93d4cd2f843.png
13:08:53.922 [Darkroom Processing Line] DEBUG net.serenitybdd.core.photography.DarkroomProcessingLine - Processing screenshot image in /var/screenshots/screenshot-2868208018153313843
13:08:53.922 [Darkroom Processing Line] DEBUG net.serenitybdd.core.photography.DarkroomProcessingLine - Saving screenshot to target\site\serenity\4cb4eaa4e48b70930675aafe4a2563915e7b1690027e012cd1c6f93d4cd2f843.png
13:08:53.923 [Forwarding getPageSource on session 5ad97dfb5cc8ee7bdc66ecb7503f8fc1 to remote] DEBUG org.asynchttpclient.netty.request.NettyRequestSender - Using pooled Channel '[id: 0x4eddb369, L:/127.0.0.1:58747 - R:localhost/127.0.0.1:7138]' for 'POST' to 'http://localhost:7138/session/5ad97dfb5cc8ee7bdc66ecb7503f8fc1/execute/sync'
13:08:53.923 [Forwarding getPageSource on session 5ad97dfb5cc8ee7bdc66ecb7503f8fc1 to remote] DEBUG org.asynchttpclient.netty.request.NettyRequestSender - Using open Channel [id: 0x4eddb369, L:/127.0.0.1:58747 - R:localhost/127.0.0.1:7138] for POST '/session/5ad97dfb5cc8ee7bdc66ecb7503f8fc1/execute/sync'
13:08:53.929 [AsyncHttpClient-1-2] DEBUG org.asynchttpclient.netty.handler.HttpHandler - 

Request DefaultHttpRequest(decodeResult: success, version: HTTP/1.1)
POST /session/5ad97dfb5cc8ee7bdc66ecb7503f8fc1/execute/sync HTTP/1.1
User-Agent: selenium/4.8.0 (java windows)
Content-Length: 176
Content-Type: application/json; charset=utf-8
host: localhost:7138
accept: */*

Response DefaultHttpResponse(decodeResult: success, version: HTTP/1.1)
HTTP/1.1 200 OK
Content-Length: 37728
Content-Type: application/json; charset=utf-8
cache-control: no-cache

13:08:53.929 [AsyncHttpClient-1-2] DEBUG org.asynchttpclient.netty.channel.ChannelManager - Adding key: http://localhost:7138 for channel [id: 0x4eddb369, L:/127.0.0.1:58747 - R:localhost/127.0.0.1:7138]
13:08:53.933 [Forwarding getCurrentUrl on session 5ad97dfb5cc8ee7bdc66ecb7503f8fc1 to remote] DEBUG org.asynchttpclient.netty.request.NettyRequestSender - Using pooled Channel '[id: 0x4eddb369, L:/127.0.0.1:58747 - R:localhost/127.0.0.1:7138]' for 'GET' to 'http://localhost:7138/session/5ad97dfb5cc8ee7bdc66ecb7503f8fc1/url'
13:08:53.933 [Forwarding getCurrentUrl on session 5ad97dfb5cc8ee7bdc66ecb7503f8fc1 to remote] DEBUG org.asynchttpclient.netty.request.NettyRequestSender - Using open Channel [id: 0x4eddb369, L:/127.0.0.1:58747 - R:localhost/127.0.0.1:7138] for GET '/session/5ad97dfb5cc8ee7bdc66ecb7503f8fc1/url'
13:08:53.935 [AsyncHttpClient-1-2] DEBUG org.asynchttpclient.netty.handler.HttpHandler - 

Request DefaultFullHttpRequest(decodeResult: success, version: HTTP/1.1, content: EmptyByteBufBE)
GET /session/5ad97dfb5cc8ee7bdc66ecb7503f8fc1/url HTTP/1.1
User-Agent: selenium/4.8.0 (java windows)
Cache-Control: no-cache
Content-Type: application/json; charset=utf-8
host: localhost:7138
accept: */*

Response DefaultHttpResponse(decodeResult: success, version: HTTP/1.1)
HTTP/1.1 200 OK
Content-Length: 41
Content-Type: application/json; charset=utf-8
cache-control: no-cache

13:08:53.935 [AsyncHttpClient-1-2] DEBUG org.asynchttpclient.netty.channel.ChannelManager - Adding key: http://localhost:7138 for channel [id: 0x4eddb369, L:/127.0.0.1:58747 - R:localhost/127.0.0.1:7138]
13:08:53.938 [main] DEBUG net.thucydides.core.steps.StepInterceptor - STARTING STEP: OpenCartStepDefinition.search_for - {0} clicks on #locators
13:08:53.940 [Forwarding findElement on session 5ad97dfb5cc8ee7bdc66ecb7503f8fc1 to remote] DEBUG org.asynchttpclient.netty.request.NettyRequestSender - Using pooled Channel '[id: 0x4eddb369, L:/127.0.0.1:58747 - R:localhost/127.0.0.1:7138]' for 'POST' to 'http://localhost:7138/session/5ad97dfb5cc8ee7bdc66ecb7503f8fc1/element'
13:08:53.940 [Forwarding findElement on session 5ad97dfb5cc8ee7bdc66ecb7503f8fc1 to remote] DEBUG org.asynchttpclient.netty.request.NettyRequestSender - Using open Channel [id: 0x4eddb369, L:/127.0.0.1:58747 - R:localhost/127.0.0.1:7138] for POST '/session/5ad97dfb5cc8ee7bdc66ecb7503f8fc1/element'
13:08:53.947 [AsyncHttpClient-1-2] DEBUG org.asynchttpclient.netty.handler.HttpHandler - 

Request DefaultHttpRequest(decodeResult: success, version: HTTP/1.1)
POST /session/5ad97dfb5cc8ee7bdc66ecb7503f8fc1/element HTTP/1.1
User-Agent: selenium/4.8.0 (java windows)
Content-Length: 93
Content-Type: application/json; charset=utf-8
host: localhost:7138
accept: */*

Response DefaultHttpResponse(decodeResult: success, version: HTTP/1.1)
HTTP/1.1 200 OK
Content-Length: 95
Content-Type: application/json; charset=utf-8
cache-control: no-cache

13:08:53.947 [AsyncHttpClient-1-2] DEBUG org.asynchttpclient.netty.channel.ChannelManager - Adding key: http://localhost:7138 for channel [id: 0x4eddb369, L:/127.0.0.1:58747 - R:localhost/127.0.0.1:7138]
13:08:53.950 [Forwarding isElementDisplayed on session 5ad97dfb5cc8ee7bdc66ecb7503f8fc1 to remote] DEBUG org.asynchttpclient.netty.request.NettyRequestSender - Using pooled Channel '[id: 0x4eddb369, L:/127.0.0.1:58747 - R:localhost/127.0.0.1:7138]' for 'POST' to 'http://localhost:7138/session/5ad97dfb5cc8ee7bdc66ecb7503f8fc1/execute/sync'
13:08:53.950 [Forwarding isElementDisplayed on session 5ad97dfb5cc8ee7bdc66ecb7503f8fc1 to remote] DEBUG org.asynchttpclient.netty.request.NettyRequestSender - Using open Channel [id: 0x4eddb369, L:/127.0.0.1:58747 - R:localhost/127.0.0.1:7138] for POST '/session/5ad97dfb5cc8ee7bdc66ecb7503f8fc1/execute/sync'
13:08:53.958 [AsyncHttpClient-1-2] DEBUG org.asynchttpclient.netty.handler.HttpHandler - 

Request DefaultHttpRequest(decodeResult: success, version: HTTP/1.1)
POST /session/5ad97dfb5cc8ee7bdc66ecb7503f8fc1/execute/sync HTTP/1.1
User-Agent: selenium/4.8.0 (java windows)
Content-Length: 48814
Content-Type: application/json; charset=utf-8
host: localhost:7138
accept: */*

Response DefaultHttpResponse(decodeResult: success, version: HTTP/1.1)
HTTP/1.1 200 OK
Content-Length: 14
Content-Type: application/json; charset=utf-8
cache-control: no-cache

13:08:53.958 [AsyncHttpClient-1-2] DEBUG org.asynchttpclient.netty.channel.ChannelManager - Adding key: http://localhost:7138 for channel [id: 0x4eddb369, L:/127.0.0.1:58747 - R:localhost/127.0.0.1:7138]
13:08:53.962 [Forwarding isElementDisplayed on session 5ad97dfb5cc8ee7bdc66ecb7503f8fc1 to remote] DEBUG org.asynchttpclient.netty.request.NettyRequestSender - Using pooled Channel '[id: 0x4eddb369, L:/127.0.0.1:58747 - R:localhost/127.0.0.1:7138]' for 'POST' to 'http://localhost:7138/session/5ad97dfb5cc8ee7bdc66ecb7503f8fc1/execute/sync'
13:08:53.962 [Forwarding isElementDisplayed on session 5ad97dfb5cc8ee7bdc66ecb7503f8fc1 to remote] DEBUG org.asynchttpclient.netty.request.NettyRequestSender - Using open Channel [id: 0x4eddb369, L:/127.0.0.1:58747 - R:localhost/127.0.0.1:7138] for POST '/session/5ad97dfb5cc8ee7bdc66ecb7503f8fc1/execute/sync'
13:08:53.967 [AsyncHttpClient-1-2] DEBUG org.asynchttpclient.netty.handler.HttpHandler - 

Request DefaultHttpRequest(decodeResult: success, version: HTTP/1.1)
POST /session/5ad97dfb5cc8ee7bdc66ecb7503f8fc1/execute/sync HTTP/1.1
User-Agent: selenium/4.8.0 (java windows)
Content-Length: 48814
Content-Type: application/json; charset=utf-8
host: localhost:7138
accept: */*

Response DefaultHttpResponse(decodeResult: success, version: HTTP/1.1)
HTTP/1.1 200 OK
Content-Length: 14
Content-Type: application/json; charset=utf-8
cache-control: no-cache

13:08:53.967 [AsyncHttpClient-1-2] DEBUG org.asynchttpclient.netty.channel.ChannelManager - Adding key: http://localhost:7138 for channel [id: 0x4eddb369, L:/127.0.0.1:58747 - R:localhost/127.0.0.1:7138]
13:08:53.968 [Forwarding clickElement on session 5ad97dfb5cc8ee7bdc66ecb7503f8fc1 to remote] DEBUG org.asynchttpclient.netty.request.NettyRequestSender - Using pooled Channel '[id: 0x4eddb369, L:/127.0.0.1:58747 - R:localhost/127.0.0.1:7138]' for 'POST' to 'http://localhost:7138/session/5ad97dfb5cc8ee7bdc66ecb7503f8fc1/element/73EE823629EBBD91C99488D785B3BEC3_element_20/click'
13:08:53.968 [Forwarding clickElement on session 5ad97dfb5cc8ee7bdc66ecb7503f8fc1 to remote] DEBUG org.asynchttpclient.netty.request.NettyRequestSender - Using open Channel [id: 0x4eddb369, L:/127.0.0.1:58747 - R:localhost/127.0.0.1:7138] for POST '/session/5ad97dfb5cc8ee7bdc66ecb7503f8fc1/element/73EE823629EBBD91C99488D785B3BEC3_element_20/click'
13:08:54.386 [AsyncHttpClient-1-2] DEBUG org.asynchttpclient.netty.handler.HttpHandler - 

Request DefaultHttpRequest(decodeResult: success, version: HTTP/1.1)
POST /session/5ad97dfb5cc8ee7bdc66ecb7503f8fc1/element/73EE823629EBBD91C99488D785B3BEC3_element_20/click HTTP/1.1
User-Agent: selenium/4.8.0 (java windows)
Content-Length: 57
Content-Type: application/json; charset=utf-8
host: localhost:7138
accept: */*

Response DefaultHttpResponse(decodeResult: success, version: HTTP/1.1)
HTTP/1.1 200 OK
Content-Length: 14
Content-Type: application/json; charset=utf-8
cache-control: no-cache

13:08:54.386 [AsyncHttpClient-1-2] DEBUG org.asynchttpclient.netty.channel.ChannelManager - Adding key: http://localhost:7138 for channel [id: 0x4eddb369, L:/127.0.0.1:58747 - R:localhost/127.0.0.1:7138]
13:08:54.396 [Forwarding getAlertText on session 5ad97dfb5cc8ee7bdc66ecb7503f8fc1 to remote] DEBUG org.asynchttpclient.netty.request.NettyRequestSender - Using pooled Channel '[id: 0x4eddb369, L:/127.0.0.1:58747 - R:localhost/127.0.0.1:7138]' for 'GET' to 'http://localhost:7138/session/5ad97dfb5cc8ee7bdc66ecb7503f8fc1/alert/text'
13:08:54.396 [Forwarding getAlertText on session 5ad97dfb5cc8ee7bdc66ecb7503f8fc1 to remote] DEBUG org.asynchttpclient.netty.request.NettyRequestSender - Using open Channel [id: 0x4eddb369, L:/127.0.0.1:58747 - R:localhost/127.0.0.1:7138] for GET '/session/5ad97dfb5cc8ee7bdc66ecb7503f8fc1/alert/text'
13:08:54.397 [AsyncHttpClient-1-2] DEBUG org.asynchttpclient.netty.handler.HttpHandler - 

Request DefaultFullHttpRequest(decodeResult: success, version: HTTP/1.1, content: EmptyByteBufBE)
GET /session/5ad97dfb5cc8ee7bdc66ecb7503f8fc1/alert/text HTTP/1.1
User-Agent: selenium/4.8.0 (java windows)
Cache-Control: no-cache
Content-Type: application/json; charset=utf-8
host: localhost:7138
accept: */*

Response DefaultHttpResponse(decodeResult: success, version: HTTP/1.1)
HTTP/1.1 404 Not Found
Content-Length: 820
Content-Type: application/json; charset=utf-8
cache-control: no-cache

13:08:54.397 [AsyncHttpClient-1-2] DEBUG org.asynchttpclient.netty.channel.ChannelManager - Adding key: http://localhost:7138 for channel [id: 0x4eddb369, L:/127.0.0.1:58747 - R:localhost/127.0.0.1:7138]
13:08:54.398 [Forwarding getCurrentUrl on session 5ad97dfb5cc8ee7bdc66ecb7503f8fc1 to remote] DEBUG org.asynchttpclient.netty.request.NettyRequestSender - Using pooled Channel '[id: 0x4eddb369, L:/127.0.0.1:58747 - R:localhost/127.0.0.1:7138]' for 'GET' to 'http://localhost:7138/session/5ad97dfb5cc8ee7bdc66ecb7503f8fc1/url'
13:08:54.398 [Forwarding getCurrentUrl on session 5ad97dfb5cc8ee7bdc66ecb7503f8fc1 to remote] DEBUG org.asynchttpclient.netty.request.NettyRequestSender - Using open Channel [id: 0x4eddb369, L:/127.0.0.1:58747 - R:localhost/127.0.0.1:7138] for GET '/session/5ad97dfb5cc8ee7bdc66ecb7503f8fc1/url'
13:08:54.400 [AsyncHttpClient-1-2] DEBUG org.asynchttpclient.netty.handler.HttpHandler - 

Request DefaultFullHttpRequest(decodeResult: success, version: HTTP/1.1, content: EmptyByteBufBE)
GET /session/5ad97dfb5cc8ee7bdc66ecb7503f8fc1/url HTTP/1.1
User-Agent: selenium/4.8.0 (java windows)
Cache-Control: no-cache
Content-Type: application/json; charset=utf-8
host: localhost:7138
accept: */*

Response DefaultHttpResponse(decodeResult: success, version: HTTP/1.1)
HTTP/1.1 200 OK
Content-Length: 99
Content-Type: application/json; charset=utf-8
cache-control: no-cache

13:08:54.400 [AsyncHttpClient-1-2] DEBUG org.asynchttpclient.netty.channel.ChannelManager - Adding key: http://localhost:7138 for channel [id: 0x4eddb369, L:/127.0.0.1:58747 - R:localhost/127.0.0.1:7138]
13:08:54.400 [Forwarding screenshot on session 5ad97dfb5cc8ee7bdc66ecb7503f8fc1 to remote] DEBUG org.asynchttpclient.netty.request.NettyRequestSender - Using pooled Channel '[id: 0x4eddb369, L:/127.0.0.1:58747 - R:localhost/127.0.0.1:7138]' for 'GET' to 'http://localhost:7138/session/5ad97dfb5cc8ee7bdc66ecb7503f8fc1/screenshot'
13:08:54.400 [Forwarding screenshot on session 5ad97dfb5cc8ee7bdc66ecb7503f8fc1 to remote] DEBUG org.asynchttpclient.netty.request.NettyRequestSender - Using open Channel [id: 0x4eddb369, L:/127.0.0.1:58747 - R:localhost/127.0.0.1:7138] for GET '/session/5ad97dfb5cc8ee7bdc66ecb7503f8fc1/screenshot'
13:08:54.488 [AsyncHttpClient-1-2] DEBUG org.asynchttpclient.netty.handler.HttpHandler - 

Request DefaultFullHttpRequest(decodeResult: success, version: HTTP/1.1, content: EmptyByteBufBE)
GET /session/5ad97dfb5cc8ee7bdc66ecb7503f8fc1/screenshot HTTP/1.1
User-Agent: selenium/4.8.0 (java windows)
Cache-Control: no-cache
Content-Type: application/json; charset=utf-8
host: localhost:7138
accept: */*

Response DefaultHttpResponse(decodeResult: success, version: HTTP/1.1)
HTTP/1.1 200 OK
Content-Length: 169656
Content-Type: application/json; charset=utf-8
cache-control: no-cache

13:08:54.489 [AsyncHttpClient-1-2] DEBUG org.asynchttpclient.netty.channel.ChannelManager - Adding key: http://localhost:7138 for channel [id: 0x4eddb369, L:/127.0.0.1:58747 - R:localhost/127.0.0.1:7138]
13:08:54.494 [main] DEBUG net.serenitybdd.core.photography.Darkroom - Send negative for processing for target\site\serenity\6ec21c78cca47232f4eedbeeb245146dbebae32b78601e437ebebedb6474251e.png
13:08:54.494 [Darkroom Processing Line] DEBUG net.serenitybdd.core.photography.DarkroomProcessingLine - Processing screenshot image in /var/screenshots/screenshot-6573966764031045368
13:08:54.494 [Darkroom Processing Line] DEBUG net.serenitybdd.core.photography.DarkroomProcessingLine - Saving screenshot to target\site\serenity\6ec21c78cca47232f4eedbeeb245146dbebae32b78601e437ebebedb6474251e.png
13:08:54.645 [AsyncHttpClient-1-1] DEBUG org.asynchttpclient.netty.channel.DefaultChannelPool - Entry count for : http://localhost:7138 : 1
13:08:54.645 [AsyncHttpClient-1-1] DEBUG org.asynchttpclient.netty.channel.DefaultChannelPool - Entry count for : http://localhost:58748 : 1
13:08:54.707 [main] DEBUG net.thucydides.core.steps.StepInterceptor - STEP DONE: {0} clicks on #locators
13:08:54.714 [Forwarding getAlertText on session 5ad97dfb5cc8ee7bdc66ecb7503f8fc1 to remote] DEBUG org.asynchttpclient.netty.request.NettyRequestSender - Using pooled Channel '[id: 0x4eddb369, L:/127.0.0.1:58747 - R:localhost/127.0.0.1:7138]' for 'GET' to 'http://localhost:7138/session/5ad97dfb5cc8ee7bdc66ecb7503f8fc1/alert/text'
13:08:54.714 [Forwarding getAlertText on session 5ad97dfb5cc8ee7bdc66ecb7503f8fc1 to remote] DEBUG org.asynchttpclient.netty.request.NettyRequestSender - Using open Channel [id: 0x4eddb369, L:/127.0.0.1:58747 - R:localhost/127.0.0.1:7138] for GET '/session/5ad97dfb5cc8ee7bdc66ecb7503f8fc1/alert/text'
13:08:54.718 [AsyncHttpClient-1-2] DEBUG org.asynchttpclient.netty.handler.HttpHandler - 

Request DefaultFullHttpRequest(decodeResult: success, version: HTTP/1.1, content: EmptyByteBufBE)
GET /session/5ad97dfb5cc8ee7bdc66ecb7503f8fc1/alert/text HTTP/1.1
User-Agent: selenium/4.8.0 (java windows)
Cache-Control: no-cache
Content-Type: application/json; charset=utf-8
host: localhost:7138
accept: */*

Response DefaultHttpResponse(decodeResult: success, version: HTTP/1.1)
HTTP/1.1 404 Not Found
Content-Length: 820
Content-Type: application/json; charset=utf-8
cache-control: no-cache

13:08:54.718 [AsyncHttpClient-1-2] DEBUG org.asynchttpclient.netty.channel.ChannelManager - Adding key: http://localhost:7138 for channel [id: 0x4eddb369, L:/127.0.0.1:58747 - R:localhost/127.0.0.1:7138]
13:08:54.722 [Forwarding getCurrentUrl on session 5ad97dfb5cc8ee7bdc66ecb7503f8fc1 to remote] DEBUG org.asynchttpclient.netty.request.NettyRequestSender - Using pooled Channel '[id: 0x4eddb369, L:/127.0.0.1:58747 - R:localhost/127.0.0.1:7138]' for 'GET' to 'http://localhost:7138/session/5ad97dfb5cc8ee7bdc66ecb7503f8fc1/url'
13:08:54.722 [Forwarding getCurrentUrl on session 5ad97dfb5cc8ee7bdc66ecb7503f8fc1 to remote] DEBUG org.asynchttpclient.netty.request.NettyRequestSender - Using open Channel [id: 0x4eddb369, L:/127.0.0.1:58747 - R:localhost/127.0.0.1:7138] for GET '/session/5ad97dfb5cc8ee7bdc66ecb7503f8fc1/url'
13:08:54.727 [AsyncHttpClient-1-2] DEBUG org.asynchttpclient.netty.handler.HttpHandler - 

Request DefaultFullHttpRequest(decodeResult: success, version: HTTP/1.1, content: EmptyByteBufBE)
GET /session/5ad97dfb5cc8ee7bdc66ecb7503f8fc1/url HTTP/1.1
User-Agent: selenium/4.8.0 (java windows)
Cache-Control: no-cache
Content-Type: application/json; charset=utf-8
host: localhost:7138
accept: */*

Response DefaultHttpResponse(decodeResult: success, version: HTTP/1.1)
HTTP/1.1 200 OK
Content-Length: 99
Content-Type: application/json; charset=utf-8
cache-control: no-cache

13:08:54.727 [AsyncHttpClient-1-2] DEBUG org.asynchttpclient.netty.channel.ChannelManager - Adding key: http://localhost:7138 for channel [id: 0x4eddb369, L:/127.0.0.1:58747 - R:localhost/127.0.0.1:7138]
13:08:54.729 [Forwarding screenshot on session 5ad97dfb5cc8ee7bdc66ecb7503f8fc1 to remote] DEBUG org.asynchttpclient.netty.request.NettyRequestSender - Using pooled Channel '[id: 0x4eddb369, L:/127.0.0.1:58747 - R:localhost/127.0.0.1:7138]' for 'GET' to 'http://localhost:7138/session/5ad97dfb5cc8ee7bdc66ecb7503f8fc1/screenshot'
13:08:54.729 [Forwarding screenshot on session 5ad97dfb5cc8ee7bdc66ecb7503f8fc1 to remote] DEBUG org.asynchttpclient.netty.request.NettyRequestSender - Using open Channel [id: 0x4eddb369, L:/127.0.0.1:58747 - R:localhost/127.0.0.1:7138] for GET '/session/5ad97dfb5cc8ee7bdc66ecb7503f8fc1/screenshot'
13:08:54.821 [AsyncHttpClient-1-2] DEBUG org.asynchttpclient.netty.handler.HttpHandler - 

Request DefaultFullHttpRequest(decodeResult: success, version: HTTP/1.1, content: EmptyByteBufBE)
GET /session/5ad97dfb5cc8ee7bdc66ecb7503f8fc1/screenshot HTTP/1.1
User-Agent: selenium/4.8.0 (java windows)
Cache-Control: no-cache
Content-Type: application/json; charset=utf-8
host: localhost:7138
accept: */*

Response DefaultHttpResponse(decodeResult: success, version: HTTP/1.1)
HTTP/1.1 200 OK
Content-Length: 169656
Content-Type: application/json; charset=utf-8
cache-control: no-cache

13:08:54.822 [AsyncHttpClient-1-2] DEBUG org.asynchttpclient.netty.channel.ChannelManager - Adding key: http://localhost:7138 for channel [id: 0x4eddb369, L:/127.0.0.1:58747 - R:localhost/127.0.0.1:7138]
13:08:54.833 [main] DEBUG net.serenitybdd.core.photography.Darkroom - Send negative for processing for target\site\serenity\6ec21c78cca47232f4eedbeeb245146dbebae32b78601e437ebebedb6474251e.png
13:08:55.048 [main] DEBUG net.thucydides.core.steps.StepInterceptor - STEP DONE: !#title
  &amp#27;[32mWhen &amp#27;[0m&amp#27;[32mshe searches for &amp#27;[0m&amp#27;[32m&amp#27;[1m"Samsung SyncMaster"&amp#27;[0m                                                                                                           &amp#27;[90m# io.cucumber.skeleton.stepdefinitions.OpenCartStepDefinition.search_for(java.lang.String)&amp#27;[0m
13:08:55.062 [Forwarding getAlertText on session 5ad97dfb5cc8ee7bdc66ecb7503f8fc1 to remote] DEBUG org.asynchttpclient.netty.request.NettyRequestSender - Using pooled Channel '[id: 0x4eddb369, L:/127.0.0.1:58747 - R:localhost/127.0.0.1:7138]' for 'GET' to 'http://localhost:7138/session/5ad97dfb5cc8ee7bdc66ecb7503f8fc1/alert/text'
13:08:55.062 [Forwarding getAlertText on session 5ad97dfb5cc8ee7bdc66ecb7503f8fc1 to remote] DEBUG org.asynchttpclient.netty.request.NettyRequestSender - Using open Channel [id: 0x4eddb369, L:/127.0.0.1:58747 - R:localhost/127.0.0.1:7138] for GET '/session/5ad97dfb5cc8ee7bdc66ecb7503f8fc1/alert/text'
13:08:55.068 [AsyncHttpClient-1-2] DEBUG org.asynchttpclient.netty.handler.HttpHandler - 

Request DefaultFullHttpRequest(decodeResult: success, version: HTTP/1.1, content: EmptyByteBufBE)
GET /session/5ad97dfb5cc8ee7bdc66ecb7503f8fc1/alert/text HTTP/1.1
User-Agent: selenium/4.8.0 (java windows)
Cache-Control: no-cache
Content-Type: application/json; charset=utf-8
host: localhost:7138
accept: */*

Response DefaultHttpResponse(decodeResult: success, version: HTTP/1.1)
HTTP/1.1 404 Not Found
Content-Length: 820
Content-Type: application/json; charset=utf-8
cache-control: no-cache

13:08:55.068 [AsyncHttpClient-1-2] DEBUG org.asynchttpclient.netty.channel.ChannelManager - Adding key: http://localhost:7138 for channel [id: 0x4eddb369, L:/127.0.0.1:58747 - R:localhost/127.0.0.1:7138]
13:08:55.069 [Forwarding getCurrentUrl on session 5ad97dfb5cc8ee7bdc66ecb7503f8fc1 to remote] DEBUG org.asynchttpclient.netty.request.NettyRequestSender - Using pooled Channel '[id: 0x4eddb369, L:/127.0.0.1:58747 - R:localhost/127.0.0.1:7138]' for 'GET' to 'http://localhost:7138/session/5ad97dfb5cc8ee7bdc66ecb7503f8fc1/url'
13:08:55.069 [Forwarding getCurrentUrl on session 5ad97dfb5cc8ee7bdc66ecb7503f8fc1 to remote] DEBUG org.asynchttpclient.netty.request.NettyRequestSender - Using open Channel [id: 0x4eddb369, L:/127.0.0.1:58747 - R:localhost/127.0.0.1:7138] for GET '/session/5ad97dfb5cc8ee7bdc66ecb7503f8fc1/url'
13:08:55.071 [AsyncHttpClient-1-2] DEBUG org.asynchttpclient.netty.handler.HttpHandler - 

Request DefaultFullHttpRequest(decodeResult: success, version: HTTP/1.1, content: EmptyByteBufBE)
GET /session/5ad97dfb5cc8ee7bdc66ecb7503f8fc1/url HTTP/1.1
User-Agent: selenium/4.8.0 (java windows)
Cache-Control: no-cache
Content-Type: application/json; charset=utf-8
host: localhost:7138
accept: */*

Response DefaultHttpResponse(decodeResult: success, version: HTTP/1.1)
HTTP/1.1 200 OK
Content-Length: 99
Content-Type: application/json; charset=utf-8
cache-control: no-cache

13:08:55.072 [AsyncHttpClient-1-2] DEBUG org.asynchttpclient.netty.channel.ChannelManager - Adding key: http://localhost:7138 for channel [id: 0x4eddb369, L:/127.0.0.1:58747 - R:localhost/127.0.0.1:7138]
13:08:55.073 [Forwarding screenshot on session 5ad97dfb5cc8ee7bdc66ecb7503f8fc1 to remote] DEBUG org.asynchttpclient.netty.request.NettyRequestSender - Using pooled Channel '[id: 0x4eddb369, L:/127.0.0.1:58747 - R:localhost/127.0.0.1:7138]' for 'GET' to 'http://localhost:7138/session/5ad97dfb5cc8ee7bdc66ecb7503f8fc1/screenshot'
13:08:55.073 [Forwarding screenshot on session 5ad97dfb5cc8ee7bdc66ecb7503f8fc1 to remote] DEBUG org.asynchttpclient.netty.request.NettyRequestSender - Using open Channel [id: 0x4eddb369, L:/127.0.0.1:58747 - R:localhost/127.0.0.1:7138] for GET '/session/5ad97dfb5cc8ee7bdc66ecb7503f8fc1/screenshot'
13:08:55.170 [AsyncHttpClient-1-2] DEBUG org.asynchttpclient.netty.handler.HttpHandler - 

Request DefaultFullHttpRequest(decodeResult: success, version: HTTP/1.1, content: EmptyByteBufBE)
GET /session/5ad97dfb5cc8ee7bdc66ecb7503f8fc1/screenshot HTTP/1.1
User-Agent: selenium/4.8.0 (java windows)
Cache-Control: no-cache
Content-Type: application/json; charset=utf-8
host: localhost:7138
accept: */*

Response DefaultHttpResponse(decodeResult: success, version: HTTP/1.1)
HTTP/1.1 200 OK
Content-Length: 169656
Content-Type: application/json; charset=utf-8
cache-control: no-cache

13:08:55.171 [AsyncHttpClient-1-2] DEBUG org.asynchttpclient.netty.channel.ChannelManager - Adding key: http://localhost:7138 for channel [id: 0x4eddb369, L:/127.0.0.1:58747 - R:localhost/127.0.0.1:7138]
13:08:55.175 [main] DEBUG net.serenitybdd.core.photography.Darkroom - Send negative for processing for target\site\serenity\6ec21c78cca47232f4eedbeeb245146dbebae32b78601e437ebebedb6474251e.png
13:08:55.395 [Forwarding getAlertText on session 5ad97dfb5cc8ee7bdc66ecb7503f8fc1 to remote] DEBUG org.asynchttpclient.netty.request.NettyRequestSender - Using pooled Channel '[id: 0x4eddb369, L:/127.0.0.1:58747 - R:localhost/127.0.0.1:7138]' for 'GET' to 'http://localhost:7138/session/5ad97dfb5cc8ee7bdc66ecb7503f8fc1/alert/text'
13:08:55.395 [Forwarding getAlertText on session 5ad97dfb5cc8ee7bdc66ecb7503f8fc1 to remote] DEBUG org.asynchttpclient.netty.request.NettyRequestSender - Using open Channel [id: 0x4eddb369, L:/127.0.0.1:58747 - R:localhost/127.0.0.1:7138] for GET '/session/5ad97dfb5cc8ee7bdc66ecb7503f8fc1/alert/text'
13:08:55.398 [AsyncHttpClient-1-2] DEBUG org.asynchttpclient.netty.handler.HttpHandler - 

Request DefaultFullHttpRequest(decodeResult: success, version: HTTP/1.1, content: EmptyByteBufBE)
GET /session/5ad97dfb5cc8ee7bdc66ecb7503f8fc1/alert/text HTTP/1.1
User-Agent: selenium/4.8.0 (java windows)
Cache-Control: no-cache
Content-Type: application/json; charset=utf-8
host: localhost:7138
accept: */*

Response DefaultHttpResponse(decodeResult: success, version: HTTP/1.1)
HTTP/1.1 404 Not Found
Content-Length: 820
Content-Type: application/json; charset=utf-8
cache-control: no-cache

13:08:55.398 [AsyncHttpClient-1-2] DEBUG org.asynchttpclient.netty.channel.ChannelManager - Adding key: http://localhost:7138 for channel [id: 0x4eddb369, L:/127.0.0.1:58747 - R:localhost/127.0.0.1:7138]
13:08:55.399 [Forwarding getCurrentUrl on session 5ad97dfb5cc8ee7bdc66ecb7503f8fc1 to remote] DEBUG org.asynchttpclient.netty.request.NettyRequestSender - Using pooled Channel '[id: 0x4eddb369, L:/127.0.0.1:58747 - R:localhost/127.0.0.1:7138]' for 'GET' to 'http://localhost:7138/session/5ad97dfb5cc8ee7bdc66ecb7503f8fc1/url'
13:08:55.399 [Forwarding getCurrentUrl on session 5ad97dfb5cc8ee7bdc66ecb7503f8fc1 to remote] DEBUG org.asynchttpclient.netty.request.NettyRequestSender - Using open Channel [id: 0x4eddb369, L:/127.0.0.1:58747 - R:localhost/127.0.0.1:7138] for GET '/session/5ad97dfb5cc8ee7bdc66ecb7503f8fc1/url'
13:08:55.404 [AsyncHttpClient-1-2] DEBUG org.asynchttpclient.netty.handler.HttpHandler - 

Request DefaultFullHttpRequest(decodeResult: success, version: HTTP/1.1, content: EmptyByteBufBE)
GET /session/5ad97dfb5cc8ee7bdc66ecb7503f8fc1/url HTTP/1.1
User-Agent: selenium/4.8.0 (java windows)
Cache-Control: no-cache
Content-Type: application/json; charset=utf-8
host: localhost:7138
accept: */*

Response DefaultHttpResponse(decodeResult: success, version: HTTP/1.1)
HTTP/1.1 200 OK
Content-Length: 99
Content-Type: application/json; charset=utf-8
cache-control: no-cache

13:08:55.404 [AsyncHttpClient-1-2] DEBUG org.asynchttpclient.netty.channel.ChannelManager - Adding key: http://localhost:7138 for channel [id: 0x4eddb369, L:/127.0.0.1:58747 - R:localhost/127.0.0.1:7138]
13:08:55.404 [Forwarding screenshot on session 5ad97dfb5cc8ee7bdc66ecb7503f8fc1 to remote] DEBUG org.asynchttpclient.netty.request.NettyRequestSender - Using pooled Channel '[id: 0x4eddb369, L:/127.0.0.1:58747 - R:localhost/127.0.0.1:7138]' for 'GET' to 'http://localhost:7138/session/5ad97dfb5cc8ee7bdc66ecb7503f8fc1/screenshot'
13:08:55.404 [Forwarding screenshot on session 5ad97dfb5cc8ee7bdc66ecb7503f8fc1 to remote] DEBUG org.asynchttpclient.netty.request.NettyRequestSender - Using open Channel [id: 0x4eddb369, L:/127.0.0.1:58747 - R:localhost/127.0.0.1:7138] for GET '/session/5ad97dfb5cc8ee7bdc66ecb7503f8fc1/screenshot'
13:08:55.497 [AsyncHttpClient-1-2] DEBUG org.asynchttpclient.netty.handler.HttpHandler - 

Request DefaultFullHttpRequest(decodeResult: success, version: HTTP/1.1, content: EmptyByteBufBE)
GET /session/5ad97dfb5cc8ee7bdc66ecb7503f8fc1/screenshot HTTP/1.1
User-Agent: selenium/4.8.0 (java windows)
Cache-Control: no-cache
Content-Type: application/json; charset=utf-8
host: localhost:7138
accept: */*

Response DefaultHttpResponse(decodeResult: success, version: HTTP/1.1)
HTTP/1.1 200 OK
Content-Length: 169676
Content-Type: application/json; charset=utf-8
cache-control: no-cache

13:08:55.498 [AsyncHttpClient-1-2] DEBUG org.asynchttpclient.netty.channel.ChannelManager - Adding key: http://localhost:7138 for channel [id: 0x4eddb369, L:/127.0.0.1:58747 - R:localhost/127.0.0.1:7138]
13:08:55.503 [main] DEBUG net.serenitybdd.core.photography.Darkroom - Send negative for processing for target\site\serenity\57d715fd0d005978b2ec63dc48e05551eb80bee89f0fb34edbc43896062feff6.png
13:08:55.503 [Darkroom Processing Line] DEBUG net.serenitybdd.core.photography.DarkroomProcessingLine - Processing screenshot image in /var/screenshots/screenshot-3263352795709726384
13:08:55.503 [Darkroom Processing Line] DEBUG net.serenitybdd.core.photography.DarkroomProcessingLine - Saving screenshot to target\site\serenity\57d715fd0d005978b2ec63dc48e05551eb80bee89f0fb34edbc43896062feff6.png
13:08:55.504 [Forwarding getPageSource on session 5ad97dfb5cc8ee7bdc66ecb7503f8fc1 to remote] DEBUG org.asynchttpclient.netty.request.NettyRequestSender - Using pooled Channel '[id: 0x4eddb369, L:/127.0.0.1:58747 - R:localhost/127.0.0.1:7138]' for 'POST' to 'http://localhost:7138/session/5ad97dfb5cc8ee7bdc66ecb7503f8fc1/execute/sync'
13:08:55.504 [Forwarding getPageSource on session 5ad97dfb5cc8ee7bdc66ecb7503f8fc1 to remote] DEBUG org.asynchttpclient.netty.request.NettyRequestSender - Using open Channel [id: 0x4eddb369, L:/127.0.0.1:58747 - R:localhost/127.0.0.1:7138] for POST '/session/5ad97dfb5cc8ee7bdc66ecb7503f8fc1/execute/sync'
13:08:55.508 [AsyncHttpClient-1-2] DEBUG org.asynchttpclient.netty.handler.HttpHandler - 

Request DefaultHttpRequest(decodeResult: success, version: HTTP/1.1)
POST /session/5ad97dfb5cc8ee7bdc66ecb7503f8fc1/execute/sync HTTP/1.1
User-Agent: selenium/4.8.0 (java windows)
Content-Length: 176
Content-Type: application/json; charset=utf-8
host: localhost:7138
accept: */*

Response DefaultHttpResponse(decodeResult: success, version: HTTP/1.1)
HTTP/1.1 200 OK
Content-Length: 35590
Content-Type: application/json; charset=utf-8
cache-control: no-cache

13:08:55.508 [AsyncHttpClient-1-2] DEBUG org.asynchttpclient.netty.channel.ChannelManager - Adding key: http://localhost:7138 for channel [id: 0x4eddb369, L:/127.0.0.1:58747 - R:localhost/127.0.0.1:7138]
13:08:55.512 [Forwarding getCurrentUrl on session 5ad97dfb5cc8ee7bdc66ecb7503f8fc1 to remote] DEBUG org.asynchttpclient.netty.request.NettyRequestSender - Using pooled Channel '[id: 0x4eddb369, L:/127.0.0.1:58747 - R:localhost/127.0.0.1:7138]' for 'GET' to 'http://localhost:7138/session/5ad97dfb5cc8ee7bdc66ecb7503f8fc1/url'
13:08:55.512 [Forwarding getCurrentUrl on session 5ad97dfb5cc8ee7bdc66ecb7503f8fc1 to remote] DEBUG org.asynchttpclient.netty.request.NettyRequestSender - Using open Channel [id: 0x4eddb369, L:/127.0.0.1:58747 - R:localhost/127.0.0.1:7138] for GET '/session/5ad97dfb5cc8ee7bdc66ecb7503f8fc1/url'
13:08:55.514 [AsyncHttpClient-1-2] DEBUG org.asynchttpclient.netty.handler.HttpHandler - 

Request DefaultFullHttpRequest(decodeResult: success, version: HTTP/1.1, content: EmptyByteBufBE)
GET /session/5ad97dfb5cc8ee7bdc66ecb7503f8fc1/url HTTP/1.1
User-Agent: selenium/4.8.0 (java windows)
Cache-Control: no-cache
Content-Type: application/json; charset=utf-8
host: localhost:7138
accept: */*

Response DefaultHttpResponse(decodeResult: success, version: HTTP/1.1)
HTTP/1.1 200 OK
Content-Length: 99
Content-Type: application/json; charset=utf-8
cache-control: no-cache

13:08:55.514 [AsyncHttpClient-1-2] DEBUG org.asynchttpclient.netty.channel.ChannelManager - Adding key: http://localhost:7138 for channel [id: 0x4eddb369, L:/127.0.0.1:58747 - R:localhost/127.0.0.1:7138]
13:08:55.524 [Forwarding getPageSource on session 5ad97dfb5cc8ee7bdc66ecb7503f8fc1 to remote] DEBUG org.asynchttpclient.netty.request.NettyRequestSender - Using pooled Channel '[id: 0x4eddb369, L:/127.0.0.1:58747 - R:localhost/127.0.0.1:7138]' for 'POST' to 'http://localhost:7138/session/5ad97dfb5cc8ee7bdc66ecb7503f8fc1/execute/sync'
13:08:55.524 [Forwarding getPageSource on session 5ad97dfb5cc8ee7bdc66ecb7503f8fc1 to remote] DEBUG org.asynchttpclient.netty.request.NettyRequestSender - Using open Channel [id: 0x4eddb369, L:/127.0.0.1:58747 - R:localhost/127.0.0.1:7138] for POST '/session/5ad97dfb5cc8ee7bdc66ecb7503f8fc1/execute/sync'
13:08:55.528 [AsyncHttpClient-1-2] DEBUG org.asynchttpclient.netty.handler.HttpHandler - 

Request DefaultHttpRequest(decodeResult: success, version: HTTP/1.1)
POST /session/5ad97dfb5cc8ee7bdc66ecb7503f8fc1/execute/sync HTTP/1.1
User-Agent: selenium/4.8.0 (java windows)
Content-Length: 176
Content-Type: application/json; charset=utf-8
host: localhost:7138
accept: */*

Response DefaultHttpResponse(decodeResult: success, version: HTTP/1.1)
HTTP/1.1 200 OK
Content-Length: 35590
Content-Type: application/json; charset=utf-8
cache-control: no-cache

13:08:55.528 [AsyncHttpClient-1-2] DEBUG org.asynchttpclient.netty.channel.ChannelManager - Adding key: http://localhost:7138 for channel [id: 0x4eddb369, L:/127.0.0.1:58747 - R:localhost/127.0.0.1:7138]
13:08:55.533 [Forwarding getCurrentUrl on session 5ad97dfb5cc8ee7bdc66ecb7503f8fc1 to remote] DEBUG org.asynchttpclient.netty.request.NettyRequestSender - Using pooled Channel '[id: 0x4eddb369, L:/127.0.0.1:58747 - R:localhost/127.0.0.1:7138]' for 'GET' to 'http://localhost:7138/session/5ad97dfb5cc8ee7bdc66ecb7503f8fc1/url'
13:08:55.534 [Forwarding getCurrentUrl on session 5ad97dfb5cc8ee7bdc66ecb7503f8fc1 to remote] DEBUG org.asynchttpclient.netty.request.NettyRequestSender - Using open Channel [id: 0x4eddb369, L:/127.0.0.1:58747 - R:localhost/127.0.0.1:7138] for GET '/session/5ad97dfb5cc8ee7bdc66ecb7503f8fc1/url'
13:08:55.536 [AsyncHttpClient-1-2] DEBUG org.asynchttpclient.netty.handler.HttpHandler - 

Request DefaultFullHttpRequest(decodeResult: success, version: HTTP/1.1, content: EmptyByteBufBE)
GET /session/5ad97dfb5cc8ee7bdc66ecb7503f8fc1/url HTTP/1.1
User-Agent: selenium/4.8.0 (java windows)
Cache-Control: no-cache
Content-Type: application/json; charset=utf-8
host: localhost:7138
accept: */*

Response DefaultHttpResponse(decodeResult: success, version: HTTP/1.1)
HTTP/1.1 200 OK
Content-Length: 99
Content-Type: application/json; charset=utf-8
cache-control: no-cache

13:08:55.537 [AsyncHttpClient-1-2] DEBUG org.asynchttpclient.netty.channel.ChannelManager - Adding key: http://localhost:7138 for channel [id: 0x4eddb369, L:/127.0.0.1:58747 - R:localhost/127.0.0.1:7138]
13:08:55.538 [main] DEBUG net.thucydides.core.steps.StepInterceptor - STARTING STEP: OpenCartStepDefinition.add_to_cart - !#title
13:08:55.545 [Forwarding getPageSource on session 5ad97dfb5cc8ee7bdc66ecb7503f8fc1 to remote] DEBUG org.asynchttpclient.netty.request.NettyRequestSender - Using pooled Channel '[id: 0x4eddb369, L:/127.0.0.1:58747 - R:localhost/127.0.0.1:7138]' for 'POST' to 'http://localhost:7138/session/5ad97dfb5cc8ee7bdc66ecb7503f8fc1/execute/sync'
13:08:55.545 [Forwarding getPageSource on session 5ad97dfb5cc8ee7bdc66ecb7503f8fc1 to remote] DEBUG org.asynchttpclient.netty.request.NettyRequestSender - Using open Channel [id: 0x4eddb369, L:/127.0.0.1:58747 - R:localhost/127.0.0.1:7138] for POST '/session/5ad97dfb5cc8ee7bdc66ecb7503f8fc1/execute/sync'
13:08:55.552 [AsyncHttpClient-1-2] DEBUG org.asynchttpclient.netty.handler.HttpHandler - 

Request DefaultHttpRequest(decodeResult: success, version: HTTP/1.1)
POST /session/5ad97dfb5cc8ee7bdc66ecb7503f8fc1/execute/sync HTTP/1.1
User-Agent: selenium/4.8.0 (java windows)
Content-Length: 176
Content-Type: application/json; charset=utf-8
host: localhost:7138
accept: */*

Response DefaultHttpResponse(decodeResult: success, version: HTTP/1.1)
HTTP/1.1 200 OK
Content-Length: 35590
Content-Type: application/json; charset=utf-8
cache-control: no-cache

13:08:55.552 [AsyncHttpClient-1-2] DEBUG org.asynchttpclient.netty.channel.ChannelManager - Adding key: http://localhost:7138 for channel [id: 0x4eddb369, L:/127.0.0.1:58747 - R:localhost/127.0.0.1:7138]
13:08:55.561 [Forwarding getCurrentUrl on session 5ad97dfb5cc8ee7bdc66ecb7503f8fc1 to remote] DEBUG org.asynchttpclient.netty.request.NettyRequestSender - Using pooled Channel '[id: 0x4eddb369, L:/127.0.0.1:58747 - R:localhost/127.0.0.1:7138]' for 'GET' to 'http://localhost:7138/session/5ad97dfb5cc8ee7bdc66ecb7503f8fc1/url'
13:08:55.561 [Forwarding getCurrentUrl on session 5ad97dfb5cc8ee7bdc66ecb7503f8fc1 to remote] DEBUG org.asynchttpclient.netty.request.NettyRequestSender - Using open Channel [id: 0x4eddb369, L:/127.0.0.1:58747 - R:localhost/127.0.0.1:7138] for GET '/session/5ad97dfb5cc8ee7bdc66ecb7503f8fc1/url'
13:08:55.564 [AsyncHttpClient-1-2] DEBUG org.asynchttpclient.netty.handler.HttpHandler - 

Request DefaultFullHttpRequest(decodeResult: success, version: HTTP/1.1, content: EmptyByteBufBE)
GET /session/5ad97dfb5cc8ee7bdc66ecb7503f8fc1/url HTTP/1.1
User-Agent: selenium/4.8.0 (java windows)
Cache-Control: no-cache
Content-Type: application/json; charset=utf-8
host: localhost:7138
accept: */*

Response DefaultHttpResponse(decodeResult: success, version: HTTP/1.1)
HTTP/1.1 200 OK
Content-Length: 99
Content-Type: application/json; charset=utf-8
cache-control: no-cache

13:08:55.564 [AsyncHttpClient-1-2] DEBUG org.asynchttpclient.netty.channel.ChannelManager - Adding key: http://localhost:7138 for channel [id: 0x4eddb369, L:/127.0.0.1:58747 - R:localhost/127.0.0.1:7138]
13:08:55.566 [main] DEBUG net.thucydides.core.steps.StepInterceptor - STARTING STEP: OpenCartStepDefinition.add_to_cart - {0} clicks on #locators
13:08:55.570 [Forwarding findElement on session 5ad97dfb5cc8ee7bdc66ecb7503f8fc1 to remote] DEBUG org.asynchttpclient.netty.request.NettyRequestSender - Using pooled Channel '[id: 0x4eddb369, L:/127.0.0.1:58747 - R:localhost/127.0.0.1:7138]' for 'POST' to 'http://localhost:7138/session/5ad97dfb5cc8ee7bdc66ecb7503f8fc1/element'
13:08:55.570 [Forwarding findElement on session 5ad97dfb5cc8ee7bdc66ecb7503f8fc1 to remote] DEBUG org.asynchttpclient.netty.request.NettyRequestSender - Using open Channel [id: 0x4eddb369, L:/127.0.0.1:58747 - R:localhost/127.0.0.1:7138] for POST '/session/5ad97dfb5cc8ee7bdc66ecb7503f8fc1/element'
13:08:55.579 [AsyncHttpClient-1-2] DEBUG org.asynchttpclient.netty.handler.HttpHandler - 

Request DefaultHttpRequest(decodeResult: success, version: HTTP/1.1)
POST /session/5ad97dfb5cc8ee7bdc66ecb7503f8fc1/element HTTP/1.1
User-Agent: selenium/4.8.0 (java windows)
Content-Length: 139
Content-Type: application/json; charset=utf-8
host: localhost:7138
accept: */*

Response DefaultHttpResponse(decodeResult: success, version: HTTP/1.1)
HTTP/1.1 200 OK
Content-Length: 95
Content-Type: application/json; charset=utf-8
cache-control: no-cache

13:08:55.580 [AsyncHttpClient-1-2] DEBUG org.asynchttpclient.netty.channel.ChannelManager - Adding key: http://localhost:7138 for channel [id: 0x4eddb369, L:/127.0.0.1:58747 - R:localhost/127.0.0.1:7138]
13:08:55.582 [Forwarding isElementDisplayed on session 5ad97dfb5cc8ee7bdc66ecb7503f8fc1 to remote] DEBUG org.asynchttpclient.netty.request.NettyRequestSender - Using pooled Channel '[id: 0x4eddb369, L:/127.0.0.1:58747 - R:localhost/127.0.0.1:7138]' for 'POST' to 'http://localhost:7138/session/5ad97dfb5cc8ee7bdc66ecb7503f8fc1/execute/sync'
13:08:55.582 [Forwarding isElementDisplayed on session 5ad97dfb5cc8ee7bdc66ecb7503f8fc1 to remote] DEBUG org.asynchttpclient.netty.request.NettyRequestSender - Using open Channel [id: 0x4eddb369, L:/127.0.0.1:58747 - R:localhost/127.0.0.1:7138] for POST '/session/5ad97dfb5cc8ee7bdc66ecb7503f8fc1/execute/sync'
13:08:55.592 [AsyncHttpClient-1-2] DEBUG org.asynchttpclient.netty.handler.HttpHandler - 

Request DefaultHttpRequest(decodeResult: success, version: HTTP/1.1)
POST /session/5ad97dfb5cc8ee7bdc66ecb7503f8fc1/execute/sync HTTP/1.1
User-Agent: selenium/4.8.0 (java windows)
Content-Length: 48814
Content-Type: application/json; charset=utf-8
host: localhost:7138
accept: */*

Response DefaultHttpResponse(decodeResult: success, version: HTTP/1.1)
HTTP/1.1 200 OK
Content-Length: 14
Content-Type: application/json; charset=utf-8
cache-control: no-cache

13:08:55.593 [AsyncHttpClient-1-2] DEBUG org.asynchttpclient.netty.channel.ChannelManager - Adding key: http://localhost:7138 for channel [id: 0x4eddb369, L:/127.0.0.1:58747 - R:localhost/127.0.0.1:7138]
13:08:55.599 [Forwarding isElementDisplayed on session 5ad97dfb5cc8ee7bdc66ecb7503f8fc1 to remote] DEBUG org.asynchttpclient.netty.request.NettyRequestSender - Using pooled Channel '[id: 0x4eddb369, L:/127.0.0.1:58747 - R:localhost/127.0.0.1:7138]' for 'POST' to 'http://localhost:7138/session/5ad97dfb5cc8ee7bdc66ecb7503f8fc1/execute/sync'
13:08:55.600 [Forwarding isElementDisplayed on session 5ad97dfb5cc8ee7bdc66ecb7503f8fc1 to remote] DEBUG org.asynchttpclient.netty.request.NettyRequestSender - Using open Channel [id: 0x4eddb369, L:/127.0.0.1:58747 - R:localhost/127.0.0.1:7138] for POST '/session/5ad97dfb5cc8ee7bdc66ecb7503f8fc1/execute/sync'
13:08:55.606 [AsyncHttpClient-1-2] DEBUG org.asynchttpclient.netty.handler.HttpHandler - 

Request DefaultHttpRequest(decodeResult: success, version: HTTP/1.1)
POST /session/5ad97dfb5cc8ee7bdc66ecb7503f8fc1/execute/sync HTTP/1.1
User-Agent: selenium/4.8.0 (java windows)
Content-Length: 48814
Content-Type: application/json; charset=utf-8
host: localhost:7138
accept: */*

Response DefaultHttpResponse(decodeResult: success, version: HTTP/1.1)
HTTP/1.1 200 OK
Content-Length: 14
Content-Type: application/json; charset=utf-8
cache-control: no-cache

13:08:55.606 [AsyncHttpClient-1-2] DEBUG org.asynchttpclient.netty.channel.ChannelManager - Adding key: http://localhost:7138 for channel [id: 0x4eddb369, L:/127.0.0.1:58747 - R:localhost/127.0.0.1:7138]
13:08:55.608 [Forwarding clickElement on session 5ad97dfb5cc8ee7bdc66ecb7503f8fc1 to remote] DEBUG org.asynchttpclient.netty.request.NettyRequestSender - Using pooled Channel '[id: 0x4eddb369, L:/127.0.0.1:58747 - R:localhost/127.0.0.1:7138]' for 'POST' to 'http://localhost:7138/session/5ad97dfb5cc8ee7bdc66ecb7503f8fc1/element/BAFC836EE54433AE346E0E36EF63B24A_element_97/click'
13:08:55.608 [Forwarding clickElement on session 5ad97dfb5cc8ee7bdc66ecb7503f8fc1 to remote] DEBUG org.asynchttpclient.netty.request.NettyRequestSender - Using open Channel [id: 0x4eddb369, L:/127.0.0.1:58747 - R:localhost/127.0.0.1:7138] for POST '/session/5ad97dfb5cc8ee7bdc66ecb7503f8fc1/element/BAFC836EE54433AE346E0E36EF63B24A_element_97/click'
13:08:55.628 [AsyncHttpClient-1-2] DEBUG org.asynchttpclient.netty.handler.HttpHandler - 

Request DefaultHttpRequest(decodeResult: success, version: HTTP/1.1)
POST /session/5ad97dfb5cc8ee7bdc66ecb7503f8fc1/element/BAFC836EE54433AE346E0E36EF63B24A_element_97/click HTTP/1.1
User-Agent: selenium/4.8.0 (java windows)
Content-Length: 57
Content-Type: application/json; charset=utf-8
host: localhost:7138
accept: */*

Response DefaultHttpResponse(decodeResult: success, version: HTTP/1.1)
HTTP/1.1 200 OK
Content-Length: 14
Content-Type: application/json; charset=utf-8
cache-control: no-cache

13:08:55.628 [AsyncHttpClient-1-2] DEBUG org.asynchttpclient.netty.channel.ChannelManager - Adding key: http://localhost:7138 for channel [id: 0x4eddb369, L:/127.0.0.1:58747 - R:localhost/127.0.0.1:7138]
13:08:55.635 [Forwarding getAlertText on session 5ad97dfb5cc8ee7bdc66ecb7503f8fc1 to remote] DEBUG org.asynchttpclient.netty.request.NettyRequestSender - Using pooled Channel '[id: 0x4eddb369, L:/127.0.0.1:58747 - R:localhost/127.0.0.1:7138]' for 'GET' to 'http://localhost:7138/session/5ad97dfb5cc8ee7bdc66ecb7503f8fc1/alert/text'
13:08:55.636 [Forwarding getAlertText on session 5ad97dfb5cc8ee7bdc66ecb7503f8fc1 to remote] DEBUG org.asynchttpclient.netty.request.NettyRequestSender - Using open Channel [id: 0x4eddb369, L:/127.0.0.1:58747 - R:localhost/127.0.0.1:7138] for GET '/session/5ad97dfb5cc8ee7bdc66ecb7503f8fc1/alert/text'
13:08:55.638 [AsyncHttpClient-1-2] DEBUG org.asynchttpclient.netty.handler.HttpHandler - 

Request DefaultFullHttpRequest(decodeResult: success, version: HTTP/1.1, content: EmptyByteBufBE)
GET /session/5ad97dfb5cc8ee7bdc66ecb7503f8fc1/alert/text HTTP/1.1
User-Agent: selenium/4.8.0 (java windows)
Cache-Control: no-cache
Content-Type: application/json; charset=utf-8
host: localhost:7138
accept: */*

Response DefaultHttpResponse(decodeResult: success, version: HTTP/1.1)
HTTP/1.1 404 Not Found
Content-Length: 820
Content-Type: application/json; charset=utf-8
cache-control: no-cache

13:08:55.638 [AsyncHttpClient-1-2] DEBUG org.asynchttpclient.netty.channel.ChannelManager - Adding key: http://localhost:7138 for channel [id: 0x4eddb369, L:/127.0.0.1:58747 - R:localhost/127.0.0.1:7138]
13:08:55.639 [Forwarding getCurrentUrl on session 5ad97dfb5cc8ee7bdc66ecb7503f8fc1 to remote] DEBUG org.asynchttpclient.netty.request.NettyRequestSender - Using pooled Channel '[id: 0x4eddb369, L:/127.0.0.1:58747 - R:localhost/127.0.0.1:7138]' for 'GET' to 'http://localhost:7138/session/5ad97dfb5cc8ee7bdc66ecb7503f8fc1/url'
13:08:55.639 [Forwarding getCurrentUrl on session 5ad97dfb5cc8ee7bdc66ecb7503f8fc1 to remote] DEBUG org.asynchttpclient.netty.request.NettyRequestSender - Using open Channel [id: 0x4eddb369, L:/127.0.0.1:58747 - R:localhost/127.0.0.1:7138] for GET '/session/5ad97dfb5cc8ee7bdc66ecb7503f8fc1/url'
13:08:55.641 [AsyncHttpClient-1-2] DEBUG org.asynchttpclient.netty.handler.HttpHandler - 

Request DefaultFullHttpRequest(decodeResult: success, version: HTTP/1.1, content: EmptyByteBufBE)
GET /session/5ad97dfb5cc8ee7bdc66ecb7503f8fc1/url HTTP/1.1
User-Agent: selenium/4.8.0 (java windows)
Cache-Control: no-cache
Content-Type: application/json; charset=utf-8
host: localhost:7138
accept: */*

Response DefaultHttpResponse(decodeResult: success, version: HTTP/1.1)
HTTP/1.1 200 OK
Content-Length: 99
Content-Type: application/json; charset=utf-8
cache-control: no-cache

13:08:55.641 [AsyncHttpClient-1-2] DEBUG org.asynchttpclient.netty.channel.ChannelManager - Adding key: http://localhost:7138 for channel [id: 0x4eddb369, L:/127.0.0.1:58747 - R:localhost/127.0.0.1:7138]
13:08:55.641 [Forwarding screenshot on session 5ad97dfb5cc8ee7bdc66ecb7503f8fc1 to remote] DEBUG org.asynchttpclient.netty.request.NettyRequestSender - Using pooled Channel '[id: 0x4eddb369, L:/127.0.0.1:58747 - R:localhost/127.0.0.1:7138]' for 'GET' to 'http://localhost:7138/session/5ad97dfb5cc8ee7bdc66ecb7503f8fc1/screenshot'
13:08:55.641 [Forwarding screenshot on session 5ad97dfb5cc8ee7bdc66ecb7503f8fc1 to remote] DEBUG org.asynchttpclient.netty.request.NettyRequestSender - Using open Channel [id: 0x4eddb369, L:/127.0.0.1:58747 - R:localhost/127.0.0.1:7138] for GET '/session/5ad97dfb5cc8ee7bdc66ecb7503f8fc1/screenshot'
13:08:55.726 [AsyncHttpClient-1-2] DEBUG org.asynchttpclient.netty.handler.HttpHandler - 

Request DefaultFullHttpRequest(decodeResult: success, version: HTTP/1.1, content: EmptyByteBufBE)
GET /session/5ad97dfb5cc8ee7bdc66ecb7503f8fc1/screenshot HTTP/1.1
User-Agent: selenium/4.8.0 (java windows)
Cache-Control: no-cache
Content-Type: application/json; charset=utf-8
host: localhost:7138
accept: */*

Response DefaultHttpResponse(decodeResult: success, version: HTTP/1.1)
HTTP/1.1 200 OK
Content-Length: 155024
Content-Type: application/json; charset=utf-8
cache-control: no-cache

13:08:55.727 [AsyncHttpClient-1-2] DEBUG org.asynchttpclient.netty.channel.ChannelManager - Adding key: http://localhost:7138 for channel [id: 0x4eddb369, L:/127.0.0.1:58747 - R:localhost/127.0.0.1:7138]
13:08:55.730 [main] DEBUG net.serenitybdd.core.photography.Darkroom - Send negative for processing for target\site\serenity\5785cac88b953838e8e3da491b34b6896a60cfad194110f1adca4a0bb8ce0e78.png
13:08:55.730 [Darkroom Processing Line] DEBUG net.serenitybdd.core.photography.DarkroomProcessingLine - Processing screenshot image in /var/screenshots/screenshot-2696256241483006849
13:08:55.730 [Darkroom Processing Line] DEBUG net.serenitybdd.core.photography.DarkroomProcessingLine - Saving screenshot to target\site\serenity\5785cac88b953838e8e3da491b34b6896a60cfad194110f1adca4a0bb8ce0e78.png
13:08:55.748 [AsyncHttpClient-1-1] DEBUG org.asynchttpclient.netty.channel.DefaultChannelPool - Entry count for : http://localhost:7138 : 1
13:08:55.748 [AsyncHttpClient-1-1] DEBUG org.asynchttpclient.netty.channel.DefaultChannelPool - Entry count for : http://localhost:58748 : 1
13:08:55.933 [main] DEBUG net.thucydides.core.steps.StepInterceptor - STEP DONE: {0} clicks on #locators
13:08:55.936 [Forwarding getAlertText on session 5ad97dfb5cc8ee7bdc66ecb7503f8fc1 to remote] DEBUG org.asynchttpclient.netty.request.NettyRequestSender - Using pooled Channel '[id: 0x4eddb369, L:/127.0.0.1:58747 - R:localhost/127.0.0.1:7138]' for 'GET' to 'http://localhost:7138/session/5ad97dfb5cc8ee7bdc66ecb7503f8fc1/alert/text'
13:08:55.936 [Forwarding getAlertText on session 5ad97dfb5cc8ee7bdc66ecb7503f8fc1 to remote] DEBUG org.asynchttpclient.netty.request.NettyRequestSender - Using open Channel [id: 0x4eddb369, L:/127.0.0.1:58747 - R:localhost/127.0.0.1:7138] for GET '/session/5ad97dfb5cc8ee7bdc66ecb7503f8fc1/alert/text'
13:08:55.937 [AsyncHttpClient-1-2] DEBUG org.asynchttpclient.netty.handler.HttpHandler - 

Request DefaultFullHttpRequest(decodeResult: success, version: HTTP/1.1, content: EmptyByteBufBE)
GET /session/5ad97dfb5cc8ee7bdc66ecb7503f8fc1/alert/text HTTP/1.1
User-Agent: selenium/4.8.0 (java windows)
Cache-Control: no-cache
Content-Type: application/json; charset=utf-8
host: localhost:7138
accept: */*

Response DefaultHttpResponse(decodeResult: success, version: HTTP/1.1)
HTTP/1.1 404 Not Found
Content-Length: 820
Content-Type: application/json; charset=utf-8
cache-control: no-cache

13:08:55.937 [AsyncHttpClient-1-2] DEBUG org.asynchttpclient.netty.channel.ChannelManager - Adding key: http://localhost:7138 for channel [id: 0x4eddb369, L:/127.0.0.1:58747 - R:localhost/127.0.0.1:7138]
13:08:55.938 [Forwarding getCurrentUrl on session 5ad97dfb5cc8ee7bdc66ecb7503f8fc1 to remote] DEBUG org.asynchttpclient.netty.request.NettyRequestSender - Using pooled Channel '[id: 0x4eddb369, L:/127.0.0.1:58747 - R:localhost/127.0.0.1:7138]' for 'GET' to 'http://localhost:7138/session/5ad97dfb5cc8ee7bdc66ecb7503f8fc1/url'
13:08:55.938 [Forwarding getCurrentUrl on session 5ad97dfb5cc8ee7bdc66ecb7503f8fc1 to remote] DEBUG org.asynchttpclient.netty.request.NettyRequestSender - Using open Channel [id: 0x4eddb369, L:/127.0.0.1:58747 - R:localhost/127.0.0.1:7138] for GET '/session/5ad97dfb5cc8ee7bdc66ecb7503f8fc1/url'
13:08:55.940 [AsyncHttpClient-1-2] DEBUG org.asynchttpclient.netty.handler.HttpHandler - 

Request DefaultFullHttpRequest(decodeResult: success, version: HTTP/1.1, content: EmptyByteBufBE)
GET /session/5ad97dfb5cc8ee7bdc66ecb7503f8fc1/url HTTP/1.1
User-Agent: selenium/4.8.0 (java windows)
Cache-Control: no-cache
Content-Type: application/json; charset=utf-8
host: localhost:7138
accept: */*

Response DefaultHttpResponse(decodeResult: success, version: HTTP/1.1)
HTTP/1.1 200 OK
Content-Length: 99
Content-Type: application/json; charset=utf-8
cache-control: no-cache

13:08:55.941 [AsyncHttpClient-1-2] DEBUG org.asynchttpclient.netty.channel.ChannelManager - Adding key: http://localhost:7138 for channel [id: 0x4eddb369, L:/127.0.0.1:58747 - R:localhost/127.0.0.1:7138]
13:08:55.941 [Forwarding screenshot on session 5ad97dfb5cc8ee7bdc66ecb7503f8fc1 to remote] DEBUG org.asynchttpclient.netty.request.NettyRequestSender - Using pooled Channel '[id: 0x4eddb369, L:/127.0.0.1:58747 - R:localhost/127.0.0.1:7138]' for 'GET' to 'http://localhost:7138/session/5ad97dfb5cc8ee7bdc66ecb7503f8fc1/screenshot'
13:08:55.941 [Forwarding screenshot on session 5ad97dfb5cc8ee7bdc66ecb7503f8fc1 to remote] DEBUG org.asynchttpclient.netty.request.NettyRequestSender - Using open Channel [id: 0x4eddb369, L:/127.0.0.1:58747 - R:localhost/127.0.0.1:7138] for GET '/session/5ad97dfb5cc8ee7bdc66ecb7503f8fc1/screenshot'
13:08:56.044 [AsyncHttpClient-1-2] DEBUG org.asynchttpclient.netty.handler.HttpHandler - 

Request DefaultFullHttpRequest(decodeResult: success, version: HTTP/1.1, content: EmptyByteBufBE)
GET /session/5ad97dfb5cc8ee7bdc66ecb7503f8fc1/screenshot HTTP/1.1
User-Agent: selenium/4.8.0 (java windows)
Cache-Control: no-cache
Content-Type: application/json; charset=utf-8
host: localhost:7138
accept: */*

Response DefaultHttpResponse(decodeResult: success, version: HTTP/1.1)
HTTP/1.1 200 OK
Content-Length: 165088
Content-Type: application/json; charset=utf-8
cache-control: no-cache

13:08:56.044 [AsyncHttpClient-1-2] DEBUG org.asynchttpclient.netty.channel.ChannelManager - Adding key: http://localhost:7138 for channel [id: 0x4eddb369, L:/127.0.0.1:58747 - R:localhost/127.0.0.1:7138]
13:08:56.048 [main] DEBUG net.serenitybdd.core.photography.Darkroom - Send negative for processing for target\site\serenity\b4dafe6709a5e0d5be4e09e654d7cd3d4ec68d31bf3aa92a6d9a6f33141ad27e.png
13:08:56.049 [Darkroom Processing Line] DEBUG net.serenitybdd.core.photography.DarkroomProcessingLine - Processing screenshot image in /var/screenshots/screenshot-8011068731633580092
13:08:56.049 [Darkroom Processing Line] DEBUG net.serenitybdd.core.photography.DarkroomProcessingLine - Saving screenshot to target\site\serenity\b4dafe6709a5e0d5be4e09e654d7cd3d4ec68d31bf3aa92a6d9a6f33141ad27e.png
13:08:56.260 [main] DEBUG net.thucydides.core.steps.StepInterceptor - STEP DONE: !#title
  &amp#27;[32mWhen &amp#27;[0m&amp#27;[32mshe adds the first result&amp#27;[0m                                                                                                                       &amp#27;[90m# io.cucumber.skeleton.stepdefinitions.OpenCartStepDefinition.add_to_cart()&amp#27;[0m
13:08:56.266 [Forwarding getAlertText on session 5ad97dfb5cc8ee7bdc66ecb7503f8fc1 to remote] DEBUG org.asynchttpclient.netty.request.NettyRequestSender - Using pooled Channel '[id: 0x4eddb369, L:/127.0.0.1:58747 - R:localhost/127.0.0.1:7138]' for 'GET' to 'http://localhost:7138/session/5ad97dfb5cc8ee7bdc66ecb7503f8fc1/alert/text'
13:08:56.266 [Forwarding getAlertText on session 5ad97dfb5cc8ee7bdc66ecb7503f8fc1 to remote] DEBUG org.asynchttpclient.netty.request.NettyRequestSender - Using open Channel [id: 0x4eddb369, L:/127.0.0.1:58747 - R:localhost/127.0.0.1:7138] for GET '/session/5ad97dfb5cc8ee7bdc66ecb7503f8fc1/alert/text'
13:08:56.268 [AsyncHttpClient-1-2] DEBUG org.asynchttpclient.netty.handler.HttpHandler - 

Request DefaultFullHttpRequest(decodeResult: success, version: HTTP/1.1, content: EmptyByteBufBE)
GET /session/5ad97dfb5cc8ee7bdc66ecb7503f8fc1/alert/text HTTP/1.1
User-Agent: selenium/4.8.0 (java windows)
Cache-Control: no-cache
Content-Type: application/json; charset=utf-8
host: localhost:7138
accept: */*

Response DefaultHttpResponse(decodeResult: success, version: HTTP/1.1)
HTTP/1.1 404 Not Found
Content-Length: 820
Content-Type: application/json; charset=utf-8
cache-control: no-cache

13:08:56.268 [AsyncHttpClient-1-2] DEBUG org.asynchttpclient.netty.channel.ChannelManager - Adding key: http://localhost:7138 for channel [id: 0x4eddb369, L:/127.0.0.1:58747 - R:localhost/127.0.0.1:7138]
13:08:56.269 [Forwarding getCurrentUrl on session 5ad97dfb5cc8ee7bdc66ecb7503f8fc1 to remote] DEBUG org.asynchttpclient.netty.request.NettyRequestSender - Using pooled Channel '[id: 0x4eddb369, L:/127.0.0.1:58747 - R:localhost/127.0.0.1:7138]' for 'GET' to 'http://localhost:7138/session/5ad97dfb5cc8ee7bdc66ecb7503f8fc1/url'
13:08:56.269 [Forwarding getCurrentUrl on session 5ad97dfb5cc8ee7bdc66ecb7503f8fc1 to remote] DEBUG org.asynchttpclient.netty.request.NettyRequestSender - Using open Channel [id: 0x4eddb369, L:/127.0.0.1:58747 - R:localhost/127.0.0.1:7138] for GET '/session/5ad97dfb5cc8ee7bdc66ecb7503f8fc1/url'
13:08:56.271 [AsyncHttpClient-1-2] DEBUG org.asynchttpclient.netty.handler.HttpHandler - 

Request DefaultFullHttpRequest(decodeResult: success, version: HTTP/1.1, content: EmptyByteBufBE)
GET /session/5ad97dfb5cc8ee7bdc66ecb7503f8fc1/url HTTP/1.1
User-Agent: selenium/4.8.0 (java windows)
Cache-Control: no-cache
Content-Type: application/json; charset=utf-8
host: localhost:7138
accept: */*

Response DefaultHttpResponse(decodeResult: success, version: HTTP/1.1)
HTTP/1.1 200 OK
Content-Length: 99
Content-Type: application/json; charset=utf-8
cache-control: no-cache

13:08:56.272 [AsyncHttpClient-1-2] DEBUG org.asynchttpclient.netty.channel.ChannelManager - Adding key: http://localhost:7138 for channel [id: 0x4eddb369, L:/127.0.0.1:58747 - R:localhost/127.0.0.1:7138]
13:08:56.273 [Forwarding screenshot on session 5ad97dfb5cc8ee7bdc66ecb7503f8fc1 to remote] DEBUG org.asynchttpclient.netty.request.NettyRequestSender - Using pooled Channel '[id: 0x4eddb369, L:/127.0.0.1:58747 - R:localhost/127.0.0.1:7138]' for 'GET' to 'http://localhost:7138/session/5ad97dfb5cc8ee7bdc66ecb7503f8fc1/screenshot'
13:08:56.273 [Forwarding screenshot on session 5ad97dfb5cc8ee7bdc66ecb7503f8fc1 to remote] DEBUG org.asynchttpclient.netty.request.NettyRequestSender - Using open Channel [id: 0x4eddb369, L:/127.0.0.1:58747 - R:localhost/127.0.0.1:7138] for GET '/session/5ad97dfb5cc8ee7bdc66ecb7503f8fc1/screenshot'
13:08:56.378 [AsyncHttpClient-1-2] DEBUG org.asynchttpclient.netty.handler.HttpHandler - 

Request DefaultFullHttpRequest(decodeResult: success, version: HTTP/1.1, content: EmptyByteBufBE)
GET /session/5ad97dfb5cc8ee7bdc66ecb7503f8fc1/screenshot HTTP/1.1
User-Agent: selenium/4.8.0 (java windows)
Cache-Control: no-cache
Content-Type: application/json; charset=utf-8
host: localhost:7138
accept: */*

Response DefaultHttpResponse(decodeResult: success, version: HTTP/1.1)
HTTP/1.1 200 OK
Content-Length: 174488
Content-Type: application/json; charset=utf-8
cache-control: no-cache

13:08:56.378 [AsyncHttpClient-1-2] DEBUG org.asynchttpclient.netty.channel.ChannelManager - Adding key: http://localhost:7138 for channel [id: 0x4eddb369, L:/127.0.0.1:58747 - R:localhost/127.0.0.1:7138]
13:08:56.383 [main] DEBUG net.serenitybdd.core.photography.Darkroom - Send negative for processing for target\site\serenity\2c03ae3625e87409f6ffd19b316f512a291537f04be93d64c77a4a03d1c4dcf5.png
13:08:56.383 [Darkroom Processing Line] DEBUG net.serenitybdd.core.photography.DarkroomProcessingLine - Processing screenshot image in /var/screenshots/screenshot-672396543625794009
13:08:56.383 [Darkroom Processing Line] DEBUG net.serenitybdd.core.photography.DarkroomProcessingLine - Saving screenshot to target\site\serenity\2c03ae3625e87409f6ffd19b316f512a291537f04be93d64c77a4a03d1c4dcf5.png
13:08:56.601 [Forwarding getAlertText on session 5ad97dfb5cc8ee7bdc66ecb7503f8fc1 to remote] DEBUG org.asynchttpclient.netty.request.NettyRequestSender - Using pooled Channel '[id: 0x4eddb369, L:/127.0.0.1:58747 - R:localhost/127.0.0.1:7138]' for 'GET' to 'http://localhost:7138/session/5ad97dfb5cc8ee7bdc66ecb7503f8fc1/alert/text'
13:08:56.601 [Forwarding getAlertText on session 5ad97dfb5cc8ee7bdc66ecb7503f8fc1 to remote] DEBUG org.asynchttpclient.netty.request.NettyRequestSender - Using open Channel [id: 0x4eddb369, L:/127.0.0.1:58747 - R:localhost/127.0.0.1:7138] for GET '/session/5ad97dfb5cc8ee7bdc66ecb7503f8fc1/alert/text'
13:08:56.603 [AsyncHttpClient-1-2] DEBUG org.asynchttpclient.netty.handler.HttpHandler - 

Request DefaultFullHttpRequest(decodeResult: success, version: HTTP/1.1, content: EmptyByteBufBE)
GET /session/5ad97dfb5cc8ee7bdc66ecb7503f8fc1/alert/text HTTP/1.1
User-Agent: selenium/4.8.0 (java windows)
Cache-Control: no-cache
Content-Type: application/json; charset=utf-8
host: localhost:7138
accept: */*

Response DefaultHttpResponse(decodeResult: success, version: HTTP/1.1)
HTTP/1.1 404 Not Found
Content-Length: 820
Content-Type: application/json; charset=utf-8
cache-control: no-cache

13:08:56.603 [AsyncHttpClient-1-2] DEBUG org.asynchttpclient.netty.channel.ChannelManager - Adding key: http://localhost:7138 for channel [id: 0x4eddb369, L:/127.0.0.1:58747 - R:localhost/127.0.0.1:7138]
13:08:56.605 [Forwarding getCurrentUrl on session 5ad97dfb5cc8ee7bdc66ecb7503f8fc1 to remote] DEBUG org.asynchttpclient.netty.request.NettyRequestSender - Using pooled Channel '[id: 0x4eddb369, L:/127.0.0.1:58747 - R:localhost/127.0.0.1:7138]' for 'GET' to 'http://localhost:7138/session/5ad97dfb5cc8ee7bdc66ecb7503f8fc1/url'
13:08:56.605 [Forwarding getCurrentUrl on session 5ad97dfb5cc8ee7bdc66ecb7503f8fc1 to remote] DEBUG org.asynchttpclient.netty.request.NettyRequestSender - Using open Channel [id: 0x4eddb369, L:/127.0.0.1:58747 - R:localhost/127.0.0.1:7138] for GET '/session/5ad97dfb5cc8ee7bdc66ecb7503f8fc1/url'
13:08:56.609 [AsyncHttpClient-1-2] DEBUG org.asynchttpclient.netty.handler.HttpHandler - 

Request DefaultFullHttpRequest(decodeResult: success, version: HTTP/1.1, content: EmptyByteBufBE)
GET /session/5ad97dfb5cc8ee7bdc66ecb7503f8fc1/url HTTP/1.1
User-Agent: selenium/4.8.0 (java windows)
Cache-Control: no-cache
Content-Type: application/json; charset=utf-8
host: localhost:7138
accept: */*

Response DefaultHttpResponse(decodeResult: success, version: HTTP/1.1)
HTTP/1.1 200 OK
Content-Length: 99
Content-Type: application/json; charset=utf-8
cache-control: no-cache

13:08:56.609 [AsyncHttpClient-1-2] DEBUG org.asynchttpclient.netty.channel.ChannelManager - Adding key: http://localhost:7138 for channel [id: 0x4eddb369, L:/127.0.0.1:58747 - R:localhost/127.0.0.1:7138]
13:08:56.610 [Forwarding screenshot on session 5ad97dfb5cc8ee7bdc66ecb7503f8fc1 to remote] DEBUG org.asynchttpclient.netty.request.NettyRequestSender - Using pooled Channel '[id: 0x4eddb369, L:/127.0.0.1:58747 - R:localhost/127.0.0.1:7138]' for 'GET' to 'http://localhost:7138/session/5ad97dfb5cc8ee7bdc66ecb7503f8fc1/screenshot'
13:08:56.610 [Forwarding screenshot on session 5ad97dfb5cc8ee7bdc66ecb7503f8fc1 to remote] DEBUG org.asynchttpclient.netty.request.NettyRequestSender - Using open Channel [id: 0x4eddb369, L:/127.0.0.1:58747 - R:localhost/127.0.0.1:7138] for GET '/session/5ad97dfb5cc8ee7bdc66ecb7503f8fc1/screenshot'
13:08:56.696 [AsyncHttpClient-1-2] DEBUG org.asynchttpclient.netty.handler.HttpHandler - 

Request DefaultFullHttpRequest(decodeResult: success, version: HTTP/1.1, content: EmptyByteBufBE)
GET /session/5ad97dfb5cc8ee7bdc66ecb7503f8fc1/screenshot HTTP/1.1
User-Agent: selenium/4.8.0 (java windows)
Cache-Control: no-cache
Content-Type: application/json; charset=utf-8
host: localhost:7138
accept: */*

Response DefaultHttpResponse(decodeResult: success, version: HTTP/1.1)
HTTP/1.1 200 OK
Content-Length: 172792
Content-Type: application/json; charset=utf-8
cache-control: no-cache

13:08:56.696 [AsyncHttpClient-1-2] DEBUG org.asynchttpclient.netty.channel.ChannelManager - Adding key: http://localhost:7138 for channel [id: 0x4eddb369, L:/127.0.0.1:58747 - R:localhost/127.0.0.1:7138]
13:08:56.701 [main] DEBUG net.serenitybdd.core.photography.Darkroom - Send negative for processing for target\site\serenity\a7f1c125963aba04fe2c812a92eaa7d99f057c63fb7fa8a3159d1c3356529fa7.png
13:08:56.702 [Darkroom Processing Line] DEBUG net.serenitybdd.core.photography.DarkroomProcessingLine - Processing screenshot image in /var/screenshots/screenshot-1069895308635673610
13:08:56.702 [Darkroom Processing Line] DEBUG net.serenitybdd.core.photography.DarkroomProcessingLine - Saving screenshot to target\site\serenity\a7f1c125963aba04fe2c812a92eaa7d99f057c63fb7fa8a3159d1c3356529fa7.png
13:08:56.703 [Forwarding getPageSource on session 5ad97dfb5cc8ee7bdc66ecb7503f8fc1 to remote] DEBUG org.asynchttpclient.netty.request.NettyRequestSender - Using pooled Channel '[id: 0x4eddb369, L:/127.0.0.1:58747 - R:localhost/127.0.0.1:7138]' for 'POST' to 'http://localhost:7138/session/5ad97dfb5cc8ee7bdc66ecb7503f8fc1/execute/sync'
13:08:56.703 [Forwarding getPageSource on session 5ad97dfb5cc8ee7bdc66ecb7503f8fc1 to remote] DEBUG org.asynchttpclient.netty.request.NettyRequestSender - Using open Channel [id: 0x4eddb369, L:/127.0.0.1:58747 - R:localhost/127.0.0.1:7138] for POST '/session/5ad97dfb5cc8ee7bdc66ecb7503f8fc1/execute/sync'
13:08:56.708 [AsyncHttpClient-1-2] DEBUG org.asynchttpclient.netty.handler.HttpHandler - 

Request DefaultHttpRequest(decodeResult: success, version: HTTP/1.1)
POST /session/5ad97dfb5cc8ee7bdc66ecb7503f8fc1/execute/sync HTTP/1.1
User-Agent: selenium/4.8.0 (java windows)
Content-Length: 176
Content-Type: application/json; charset=utf-8
host: localhost:7138
accept: */*

Response DefaultHttpResponse(decodeResult: success, version: HTTP/1.1)
HTTP/1.1 200 OK
Content-Length: 38415
Content-Type: application/json; charset=utf-8
cache-control: no-cache

13:08:56.708 [AsyncHttpClient-1-2] DEBUG org.asynchttpclient.netty.channel.ChannelManager - Adding key: http://localhost:7138 for channel [id: 0x4eddb369, L:/127.0.0.1:58747 - R:localhost/127.0.0.1:7138]
13:08:56.712 [Forwarding getCurrentUrl on session 5ad97dfb5cc8ee7bdc66ecb7503f8fc1 to remote] DEBUG org.asynchttpclient.netty.request.NettyRequestSender - Using pooled Channel '[id: 0x4eddb369, L:/127.0.0.1:58747 - R:localhost/127.0.0.1:7138]' for 'GET' to 'http://localhost:7138/session/5ad97dfb5cc8ee7bdc66ecb7503f8fc1/url'
13:08:56.712 [Forwarding getCurrentUrl on session 5ad97dfb5cc8ee7bdc66ecb7503f8fc1 to remote] DEBUG org.asynchttpclient.netty.request.NettyRequestSender - Using open Channel [id: 0x4eddb369, L:/127.0.0.1:58747 - R:localhost/127.0.0.1:7138] for GET '/session/5ad97dfb5cc8ee7bdc66ecb7503f8fc1/url'
13:08:56.715 [AsyncHttpClient-1-2] DEBUG org.asynchttpclient.netty.handler.HttpHandler - 

Request DefaultFullHttpRequest(decodeResult: success, version: HTTP/1.1, content: EmptyByteBufBE)
GET /session/5ad97dfb5cc8ee7bdc66ecb7503f8fc1/url HTTP/1.1
User-Agent: selenium/4.8.0 (java windows)
Cache-Control: no-cache
Content-Type: application/json; charset=utf-8
host: localhost:7138
accept: */*

Response DefaultHttpResponse(decodeResult: success, version: HTTP/1.1)
HTTP/1.1 200 OK
Content-Length: 99
Content-Type: application/json; charset=utf-8
cache-control: no-cache

13:08:56.715 [AsyncHttpClient-1-2] DEBUG org.asynchttpclient.netty.channel.ChannelManager - Adding key: http://localhost:7138 for channel [id: 0x4eddb369, L:/127.0.0.1:58747 - R:localhost/127.0.0.1:7138]
13:08:56.726 [Forwarding getPageSource on session 5ad97dfb5cc8ee7bdc66ecb7503f8fc1 to remote] DEBUG org.asynchttpclient.netty.request.NettyRequestSender - Using pooled Channel '[id: 0x4eddb369, L:/127.0.0.1:58747 - R:localhost/127.0.0.1:7138]' for 'POST' to 'http://localhost:7138/session/5ad97dfb5cc8ee7bdc66ecb7503f8fc1/execute/sync'
13:08:56.726 [Forwarding getPageSource on session 5ad97dfb5cc8ee7bdc66ecb7503f8fc1 to remote] DEBUG org.asynchttpclient.netty.request.NettyRequestSender - Using open Channel [id: 0x4eddb369, L:/127.0.0.1:58747 - R:localhost/127.0.0.1:7138] for POST '/session/5ad97dfb5cc8ee7bdc66ecb7503f8fc1/execute/sync'
13:08:56.730 [AsyncHttpClient-1-2] DEBUG org.asynchttpclient.netty.handler.HttpHandler - 

Request DefaultHttpRequest(decodeResult: success, version: HTTP/1.1)
POST /session/5ad97dfb5cc8ee7bdc66ecb7503f8fc1/execute/sync HTTP/1.1
User-Agent: selenium/4.8.0 (java windows)
Content-Length: 176
Content-Type: application/json; charset=utf-8
host: localhost:7138
accept: */*

Response DefaultHttpResponse(decodeResult: success, version: HTTP/1.1)
HTTP/1.1 200 OK
Content-Length: 38415
Content-Type: application/json; charset=utf-8
cache-control: no-cache

13:08:56.731 [AsyncHttpClient-1-2] DEBUG org.asynchttpclient.netty.channel.ChannelManager - Adding key: http://localhost:7138 for channel [id: 0x4eddb369, L:/127.0.0.1:58747 - R:localhost/127.0.0.1:7138]
13:08:56.735 [Forwarding getCurrentUrl on session 5ad97dfb5cc8ee7bdc66ecb7503f8fc1 to remote] DEBUG org.asynchttpclient.netty.request.NettyRequestSender - Using pooled Channel '[id: 0x4eddb369, L:/127.0.0.1:58747 - R:localhost/127.0.0.1:7138]' for 'GET' to 'http://localhost:7138/session/5ad97dfb5cc8ee7bdc66ecb7503f8fc1/url'
13:08:56.735 [Forwarding getCurrentUrl on session 5ad97dfb5cc8ee7bdc66ecb7503f8fc1 to remote] DEBUG org.asynchttpclient.netty.request.NettyRequestSender - Using open Channel [id: 0x4eddb369, L:/127.0.0.1:58747 - R:localhost/127.0.0.1:7138] for GET '/session/5ad97dfb5cc8ee7bdc66ecb7503f8fc1/url'
13:08:56.738 [AsyncHttpClient-1-2] DEBUG org.asynchttpclient.netty.handler.HttpHandler - 

Request DefaultFullHttpRequest(decodeResult: success, version: HTTP/1.1, content: EmptyByteBufBE)
GET /session/5ad97dfb5cc8ee7bdc66ecb7503f8fc1/url HTTP/1.1
User-Agent: selenium/4.8.0 (java windows)
Cache-Control: no-cache
Content-Type: application/json; charset=utf-8
host: localhost:7138
accept: */*

Response DefaultHttpResponse(decodeResult: success, version: HTTP/1.1)
HTTP/1.1 200 OK
Content-Length: 99
Content-Type: application/json; charset=utf-8
cache-control: no-cache

13:08:56.738 [AsyncHttpClient-1-2] DEBUG org.asynchttpclient.netty.channel.ChannelManager - Adding key: http://localhost:7138 for channel [id: 0x4eddb369, L:/127.0.0.1:58747 - R:localhost/127.0.0.1:7138]
13:08:56.740 [main] DEBUG net.thucydides.core.steps.StepInterceptor - STARTING STEP: OpenCartStepDefinition.search_for - !#title
13:08:56.744 [Forwarding getPageSource on session 5ad97dfb5cc8ee7bdc66ecb7503f8fc1 to remote] DEBUG org.asynchttpclient.netty.request.NettyRequestSender - Using pooled Channel '[id: 0x4eddb369, L:/127.0.0.1:58747 - R:localhost/127.0.0.1:7138]' for 'POST' to 'http://localhost:7138/session/5ad97dfb5cc8ee7bdc66ecb7503f8fc1/execute/sync'
13:08:56.744 [Forwarding getPageSource on session 5ad97dfb5cc8ee7bdc66ecb7503f8fc1 to remote] DEBUG org.asynchttpclient.netty.request.NettyRequestSender - Using open Channel [id: 0x4eddb369, L:/127.0.0.1:58747 - R:localhost/127.0.0.1:7138] for POST '/session/5ad97dfb5cc8ee7bdc66ecb7503f8fc1/execute/sync'
13:08:56.749 [AsyncHttpClient-1-2] DEBUG org.asynchttpclient.netty.handler.HttpHandler - 

Request DefaultHttpRequest(decodeResult: success, version: HTTP/1.1)
POST /session/5ad97dfb5cc8ee7bdc66ecb7503f8fc1/execute/sync HTTP/1.1
User-Agent: selenium/4.8.0 (java windows)
Content-Length: 176
Content-Type: application/json; charset=utf-8
host: localhost:7138
accept: */*

Response DefaultHttpResponse(decodeResult: success, version: HTTP/1.1)
HTTP/1.1 200 OK
Content-Length: 38415
Content-Type: application/json; charset=utf-8
cache-control: no-cache

13:08:56.749 [AsyncHttpClient-1-2] DEBUG org.asynchttpclient.netty.channel.ChannelManager - Adding key: http://localhost:7138 for channel [id: 0x4eddb369, L:/127.0.0.1:58747 - R:localhost/127.0.0.1:7138]
13:08:56.754 [Forwarding getCurrentUrl on session 5ad97dfb5cc8ee7bdc66ecb7503f8fc1 to remote] DEBUG org.asynchttpclient.netty.request.NettyRequestSender - Using pooled Channel '[id: 0x4eddb369, L:/127.0.0.1:58747 - R:localhost/127.0.0.1:7138]' for 'GET' to 'http://localhost:7138/session/5ad97dfb5cc8ee7bdc66ecb7503f8fc1/url'
13:08:56.754 [Forwarding getCurrentUrl on session 5ad97dfb5cc8ee7bdc66ecb7503f8fc1 to remote] DEBUG org.asynchttpclient.netty.request.NettyRequestSender - Using open Channel [id: 0x4eddb369, L:/127.0.0.1:58747 - R:localhost/127.0.0.1:7138] for GET '/session/5ad97dfb5cc8ee7bdc66ecb7503f8fc1/url'
13:08:56.757 [AsyncHttpClient-1-2] DEBUG org.asynchttpclient.netty.handler.HttpHandler - 

Request DefaultFullHttpRequest(decodeResult: success, version: HTTP/1.1, content: EmptyByteBufBE)
GET /session/5ad97dfb5cc8ee7bdc66ecb7503f8fc1/url HTTP/1.1
User-Agent: selenium/4.8.0 (java windows)
Cache-Control: no-cache
Content-Type: application/json; charset=utf-8
host: localhost:7138
accept: */*

Response DefaultHttpResponse(decodeResult: success, version: HTTP/1.1)
HTTP/1.1 200 OK
Content-Length: 99
Content-Type: application/json; charset=utf-8
cache-control: no-cache

13:08:56.757 [AsyncHttpClient-1-2] DEBUG org.asynchttpclient.netty.channel.ChannelManager - Adding key: http://localhost:7138 for channel [id: 0x4eddb369, L:/127.0.0.1:58747 - R:localhost/127.0.0.1:7138]
13:08:56.759 [main] DEBUG net.thucydides.core.steps.StepInterceptor - STARTING STEP: OpenCartStepDefinition.search_for - {0} clears field #locators
13:08:56.760 [Forwarding findElement on session 5ad97dfb5cc8ee7bdc66ecb7503f8fc1 to remote] DEBUG org.asynchttpclient.netty.request.NettyRequestSender - Using pooled Channel '[id: 0x4eddb369, L:/127.0.0.1:58747 - R:localhost/127.0.0.1:7138]' for 'POST' to 'http://localhost:7138/session/5ad97dfb5cc8ee7bdc66ecb7503f8fc1/element'
13:08:56.760 [Forwarding findElement on session 5ad97dfb5cc8ee7bdc66ecb7503f8fc1 to remote] DEBUG org.asynchttpclient.netty.request.NettyRequestSender - Using open Channel [id: 0x4eddb369, L:/127.0.0.1:58747 - R:localhost/127.0.0.1:7138] for POST '/session/5ad97dfb5cc8ee7bdc66ecb7503f8fc1/element'
13:08:56.766 [AsyncHttpClient-1-2] DEBUG org.asynchttpclient.netty.handler.HttpHandler - 

Request DefaultHttpRequest(decodeResult: success, version: HTTP/1.1)
POST /session/5ad97dfb5cc8ee7bdc66ecb7503f8fc1/element HTTP/1.1
User-Agent: selenium/4.8.0 (java windows)
Content-Length: 109
Content-Type: application/json; charset=utf-8
host: localhost:7138
accept: */*

Response DefaultHttpResponse(decodeResult: success, version: HTTP/1.1)
HTTP/1.1 200 OK
Content-Length: 96
Content-Type: application/json; charset=utf-8
cache-control: no-cache

13:08:56.768 [AsyncHttpClient-1-2] DEBUG org.asynchttpclient.netty.channel.ChannelManager - Adding key: http://localhost:7138 for channel [id: 0x4eddb369, L:/127.0.0.1:58747 - R:localhost/127.0.0.1:7138]
13:08:56.770 [Forwarding isElementDisplayed on session 5ad97dfb5cc8ee7bdc66ecb7503f8fc1 to remote] DEBUG org.asynchttpclient.netty.request.NettyRequestSender - Using pooled Channel '[id: 0x4eddb369, L:/127.0.0.1:58747 - R:localhost/127.0.0.1:7138]' for 'POST' to 'http://localhost:7138/session/5ad97dfb5cc8ee7bdc66ecb7503f8fc1/execute/sync'
13:08:56.770 [Forwarding isElementDisplayed on session 5ad97dfb5cc8ee7bdc66ecb7503f8fc1 to remote] DEBUG org.asynchttpclient.netty.request.NettyRequestSender - Using open Channel [id: 0x4eddb369, L:/127.0.0.1:58747 - R:localhost/127.0.0.1:7138] for POST '/session/5ad97dfb5cc8ee7bdc66ecb7503f8fc1/execute/sync'
13:08:56.776 [AsyncHttpClient-1-2] DEBUG org.asynchttpclient.netty.handler.HttpHandler - 

Request DefaultHttpRequest(decodeResult: success, version: HTTP/1.1)
POST /session/5ad97dfb5cc8ee7bdc66ecb7503f8fc1/execute/sync HTTP/1.1
User-Agent: selenium/4.8.0 (java windows)
Content-Length: 48815
Content-Type: application/json; charset=utf-8
host: localhost:7138
accept: */*

Response DefaultHttpResponse(decodeResult: success, version: HTTP/1.1)
HTTP/1.1 200 OK
Content-Length: 14
Content-Type: application/json; charset=utf-8
cache-control: no-cache

13:08:56.776 [AsyncHttpClient-1-2] DEBUG org.asynchttpclient.netty.channel.ChannelManager - Adding key: http://localhost:7138 for channel [id: 0x4eddb369, L:/127.0.0.1:58747 - R:localhost/127.0.0.1:7138]
13:08:56.779 [Forwarding clearElement on session 5ad97dfb5cc8ee7bdc66ecb7503f8fc1 to remote] DEBUG org.asynchttpclient.netty.request.NettyRequestSender - Using pooled Channel '[id: 0x4eddb369, L:/127.0.0.1:58747 - R:localhost/127.0.0.1:7138]' for 'POST' to 'http://localhost:7138/session/5ad97dfb5cc8ee7bdc66ecb7503f8fc1/element/BAFC836EE54433AE346E0E36EF63B24A_element_124/clear'
13:08:56.779 [Forwarding clearElement on session 5ad97dfb5cc8ee7bdc66ecb7503f8fc1 to remote] DEBUG org.asynchttpclient.netty.request.NettyRequestSender - Using open Channel [id: 0x4eddb369, L:/127.0.0.1:58747 - R:localhost/127.0.0.1:7138] for POST '/session/5ad97dfb5cc8ee7bdc66ecb7503f8fc1/element/BAFC836EE54433AE346E0E36EF63B24A_element_124/clear'
13:08:56.796 [AsyncHttpClient-1-2] DEBUG org.asynchttpclient.netty.handler.HttpHandler - 

Request DefaultHttpRequest(decodeResult: success, version: HTTP/1.1)
POST /session/5ad97dfb5cc8ee7bdc66ecb7503f8fc1/element/BAFC836EE54433AE346E0E36EF63B24A_element_124/clear HTTP/1.1
User-Agent: selenium/4.8.0 (java windows)
Content-Length: 58
Content-Type: application/json; charset=utf-8
host: localhost:7138
accept: */*

Response DefaultHttpResponse(decodeResult: success, version: HTTP/1.1)
HTTP/1.1 200 OK
Content-Length: 14
Content-Type: application/json; charset=utf-8
cache-control: no-cache

13:08:56.796 [AsyncHttpClient-1-2] DEBUG org.asynchttpclient.netty.channel.ChannelManager - Adding key: http://localhost:7138 for channel [id: 0x4eddb369, L:/127.0.0.1:58747 - R:localhost/127.0.0.1:7138]
13:08:56.800 [Forwarding getAlertText on session 5ad97dfb5cc8ee7bdc66ecb7503f8fc1 to remote] DEBUG org.asynchttpclient.netty.request.NettyRequestSender - Using pooled Channel '[id: 0x4eddb369, L:/127.0.0.1:58747 - R:localhost/127.0.0.1:7138]' for 'GET' to 'http://localhost:7138/session/5ad97dfb5cc8ee7bdc66ecb7503f8fc1/alert/text'
13:08:56.800 [Forwarding getAlertText on session 5ad97dfb5cc8ee7bdc66ecb7503f8fc1 to remote] DEBUG org.asynchttpclient.netty.request.NettyRequestSender - Using open Channel [id: 0x4eddb369, L:/127.0.0.1:58747 - R:localhost/127.0.0.1:7138] for GET '/session/5ad97dfb5cc8ee7bdc66ecb7503f8fc1/alert/text'
13:08:56.802 [AsyncHttpClient-1-2] DEBUG org.asynchttpclient.netty.handler.HttpHandler - 

Request DefaultFullHttpRequest(decodeResult: success, version: HTTP/1.1, content: EmptyByteBufBE)
GET /session/5ad97dfb5cc8ee7bdc66ecb7503f8fc1/alert/text HTTP/1.1
User-Agent: selenium/4.8.0 (java windows)
Cache-Control: no-cache
Content-Type: application/json; charset=utf-8
host: localhost:7138
accept: */*

Response DefaultHttpResponse(decodeResult: success, version: HTTP/1.1)
HTTP/1.1 404 Not Found
Content-Length: 820
Content-Type: application/json; charset=utf-8
cache-control: no-cache

13:08:56.802 [AsyncHttpClient-1-2] DEBUG org.asynchttpclient.netty.channel.ChannelManager - Adding key: http://localhost:7138 for channel [id: 0x4eddb369, L:/127.0.0.1:58747 - R:localhost/127.0.0.1:7138]
13:08:56.803 [Forwarding getCurrentUrl on session 5ad97dfb5cc8ee7bdc66ecb7503f8fc1 to remote] DEBUG org.asynchttpclient.netty.request.NettyRequestSender - Using pooled Channel '[id: 0x4eddb369, L:/127.0.0.1:58747 - R:localhost/127.0.0.1:7138]' for 'GET' to 'http://localhost:7138/session/5ad97dfb5cc8ee7bdc66ecb7503f8fc1/url'
13:08:56.803 [Forwarding getCurrentUrl on session 5ad97dfb5cc8ee7bdc66ecb7503f8fc1 to remote] DEBUG org.asynchttpclient.netty.request.NettyRequestSender - Using open Channel [id: 0x4eddb369, L:/127.0.0.1:58747 - R:localhost/127.0.0.1:7138] for GET '/session/5ad97dfb5cc8ee7bdc66ecb7503f8fc1/url'
13:08:56.804 [AsyncHttpClient-1-2] DEBUG org.asynchttpclient.netty.handler.HttpHandler - 

Request DefaultFullHttpRequest(decodeResult: success, version: HTTP/1.1, content: EmptyByteBufBE)
GET /session/5ad97dfb5cc8ee7bdc66ecb7503f8fc1/url HTTP/1.1
User-Agent: selenium/4.8.0 (java windows)
Cache-Control: no-cache
Content-Type: application/json; charset=utf-8
host: localhost:7138
accept: */*

Response DefaultHttpResponse(decodeResult: success, version: HTTP/1.1)
HTTP/1.1 200 OK
Content-Length: 99
Content-Type: application/json; charset=utf-8
cache-control: no-cache

13:08:56.805 [AsyncHttpClient-1-2] DEBUG org.asynchttpclient.netty.channel.ChannelManager - Adding key: http://localhost:7138 for channel [id: 0x4eddb369, L:/127.0.0.1:58747 - R:localhost/127.0.0.1:7138]
13:08:56.805 [Forwarding screenshot on session 5ad97dfb5cc8ee7bdc66ecb7503f8fc1 to remote] DEBUG org.asynchttpclient.netty.request.NettyRequestSender - Using pooled Channel '[id: 0x4eddb369, L:/127.0.0.1:58747 - R:localhost/127.0.0.1:7138]' for 'GET' to 'http://localhost:7138/session/5ad97dfb5cc8ee7bdc66ecb7503f8fc1/screenshot'
13:08:56.805 [Forwarding screenshot on session 5ad97dfb5cc8ee7bdc66ecb7503f8fc1 to remote] DEBUG org.asynchttpclient.netty.request.NettyRequestSender - Using open Channel [id: 0x4eddb369, L:/127.0.0.1:58747 - R:localhost/127.0.0.1:7138] for GET '/session/5ad97dfb5cc8ee7bdc66ecb7503f8fc1/screenshot'
13:08:56.850 [AsyncHttpClient-1-1] DEBUG org.asynchttpclient.netty.channel.DefaultChannelPool - Entry count for : http://localhost:58748 : 1
13:08:56.892 [AsyncHttpClient-1-2] DEBUG org.asynchttpclient.netty.handler.HttpHandler - 

Request DefaultFullHttpRequest(decodeResult: success, version: HTTP/1.1, content: EmptyByteBufBE)
GET /session/5ad97dfb5cc8ee7bdc66ecb7503f8fc1/screenshot HTTP/1.1
User-Agent: selenium/4.8.0 (java windows)
Cache-Control: no-cache
Content-Type: application/json; charset=utf-8
host: localhost:7138
accept: */*

Response DefaultHttpResponse(decodeResult: success, version: HTTP/1.1)
HTTP/1.1 200 OK
Content-Length: 171224
Content-Type: application/json; charset=utf-8
cache-control: no-cache

13:08:56.892 [AsyncHttpClient-1-2] DEBUG org.asynchttpclient.netty.channel.ChannelManager - Adding key: http://localhost:7138 for channel [id: 0x4eddb369, L:/127.0.0.1:58747 - R:localhost/127.0.0.1:7138]
13:08:56.896 [main] DEBUG net.serenitybdd.core.photography.Darkroom - Send negative for processing for target\site\serenity\8f8a65b60e60f47326bb97e904496de1d83f4bc17f56bb7d8372b30156a10b77.png
13:08:56.896 [Darkroom Processing Line] DEBUG net.serenitybdd.core.photography.DarkroomProcessingLine - Processing screenshot image in /var/screenshots/screenshot-5119903038403700768
13:08:56.896 [Darkroom Processing Line] DEBUG net.serenitybdd.core.photography.DarkroomProcessingLine - Saving screenshot to target\site\serenity\8f8a65b60e60f47326bb97e904496de1d83f4bc17f56bb7d8372b30156a10b77.png
13:08:57.101 [main] DEBUG net.thucydides.core.steps.StepInterceptor - STEP DONE: {0} clears field #locators
13:08:57.109 [Forwarding getAlertText on session 5ad97dfb5cc8ee7bdc66ecb7503f8fc1 to remote] DEBUG org.asynchttpclient.netty.request.NettyRequestSender - Using pooled Channel '[id: 0x4eddb369, L:/127.0.0.1:58747 - R:localhost/127.0.0.1:7138]' for 'GET' to 'http://localhost:7138/session/5ad97dfb5cc8ee7bdc66ecb7503f8fc1/alert/text'
13:08:57.109 [Forwarding getAlertText on session 5ad97dfb5cc8ee7bdc66ecb7503f8fc1 to remote] DEBUG org.asynchttpclient.netty.request.NettyRequestSender - Using open Channel [id: 0x4eddb369, L:/127.0.0.1:58747 - R:localhost/127.0.0.1:7138] for GET '/session/5ad97dfb5cc8ee7bdc66ecb7503f8fc1/alert/text'
13:08:57.112 [AsyncHttpClient-1-2] DEBUG org.asynchttpclient.netty.handler.HttpHandler - 

Request DefaultFullHttpRequest(decodeResult: success, version: HTTP/1.1, content: EmptyByteBufBE)
GET /session/5ad97dfb5cc8ee7bdc66ecb7503f8fc1/alert/text HTTP/1.1
User-Agent: selenium/4.8.0 (java windows)
Cache-Control: no-cache
Content-Type: application/json; charset=utf-8
host: localhost:7138
accept: */*

Response DefaultHttpResponse(decodeResult: success, version: HTTP/1.1)
HTTP/1.1 404 Not Found
Content-Length: 820
Content-Type: application/json; charset=utf-8
cache-control: no-cache

13:08:57.112 [AsyncHttpClient-1-2] DEBUG org.asynchttpclient.netty.channel.ChannelManager - Adding key: http://localhost:7138 for channel [id: 0x4eddb369, L:/127.0.0.1:58747 - R:localhost/127.0.0.1:7138]
13:08:57.114 [Forwarding getCurrentUrl on session 5ad97dfb5cc8ee7bdc66ecb7503f8fc1 to remote] DEBUG org.asynchttpclient.netty.request.NettyRequestSender - Using pooled Channel '[id: 0x4eddb369, L:/127.0.0.1:58747 - R:localhost/127.0.0.1:7138]' for 'GET' to 'http://localhost:7138/session/5ad97dfb5cc8ee7bdc66ecb7503f8fc1/url'
13:08:57.114 [Forwarding getCurrentUrl on session 5ad97dfb5cc8ee7bdc66ecb7503f8fc1 to remote] DEBUG org.asynchttpclient.netty.request.NettyRequestSender - Using open Channel [id: 0x4eddb369, L:/127.0.0.1:58747 - R:localhost/127.0.0.1:7138] for GET '/session/5ad97dfb5cc8ee7bdc66ecb7503f8fc1/url'
13:08:57.118 [AsyncHttpClient-1-2] DEBUG org.asynchttpclient.netty.handler.HttpHandler - 

Request DefaultFullHttpRequest(decodeResult: success, version: HTTP/1.1, content: EmptyByteBufBE)
GET /session/5ad97dfb5cc8ee7bdc66ecb7503f8fc1/url HTTP/1.1
User-Agent: selenium/4.8.0 (java windows)
Cache-Control: no-cache
Content-Type: application/json; charset=utf-8
host: localhost:7138
accept: */*

Response DefaultHttpResponse(decodeResult: success, version: HTTP/1.1)
HTTP/1.1 200 OK
Content-Length: 99
Content-Type: application/json; charset=utf-8
cache-control: no-cache

13:08:57.118 [AsyncHttpClient-1-2] DEBUG org.asynchttpclient.netty.channel.ChannelManager - Adding key: http://localhost:7138 for channel [id: 0x4eddb369, L:/127.0.0.1:58747 - R:localhost/127.0.0.1:7138]
13:08:57.118 [Forwarding screenshot on session 5ad97dfb5cc8ee7bdc66ecb7503f8fc1 to remote] DEBUG org.asynchttpclient.netty.request.NettyRequestSender - Using pooled Channel '[id: 0x4eddb369, L:/127.0.0.1:58747 - R:localhost/127.0.0.1:7138]' for 'GET' to 'http://localhost:7138/session/5ad97dfb5cc8ee7bdc66ecb7503f8fc1/screenshot'
13:08:57.118 [Forwarding screenshot on session 5ad97dfb5cc8ee7bdc66ecb7503f8fc1 to remote] DEBUG org.asynchttpclient.netty.request.NettyRequestSender - Using open Channel [id: 0x4eddb369, L:/127.0.0.1:58747 - R:localhost/127.0.0.1:7138] for GET '/session/5ad97dfb5cc8ee7bdc66ecb7503f8fc1/screenshot'
13:08:57.206 [AsyncHttpClient-1-2] DEBUG org.asynchttpclient.netty.handler.HttpHandler - 

Request DefaultFullHttpRequest(decodeResult: success, version: HTTP/1.1, content: EmptyByteBufBE)
GET /session/5ad97dfb5cc8ee7bdc66ecb7503f8fc1/screenshot HTTP/1.1
User-Agent: selenium/4.8.0 (java windows)
Cache-Control: no-cache
Content-Type: application/json; charset=utf-8
host: localhost:7138
accept: */*

Response DefaultHttpResponse(decodeResult: success, version: HTTP/1.1)
HTTP/1.1 200 OK
Content-Length: 171224
Content-Type: application/json; charset=utf-8
cache-control: no-cache

13:08:57.208 [AsyncHttpClient-1-2] DEBUG org.asynchttpclient.netty.channel.ChannelManager - Adding key: http://localhost:7138 for channel [id: 0x4eddb369, L:/127.0.0.1:58747 - R:localhost/127.0.0.1:7138]
13:08:57.213 [main] DEBUG net.serenitybdd.core.photography.Darkroom - Send negative for processing for target\site\serenity\8f8a65b60e60f47326bb97e904496de1d83f4bc17f56bb7d8372b30156a10b77.png
13:08:57.213 [Forwarding getPageSource on session 5ad97dfb5cc8ee7bdc66ecb7503f8fc1 to remote] DEBUG org.asynchttpclient.netty.request.NettyRequestSender - Using pooled Channel '[id: 0x4eddb369, L:/127.0.0.1:58747 - R:localhost/127.0.0.1:7138]' for 'POST' to 'http://localhost:7138/session/5ad97dfb5cc8ee7bdc66ecb7503f8fc1/execute/sync'
13:08:57.213 [Forwarding getPageSource on session 5ad97dfb5cc8ee7bdc66ecb7503f8fc1 to remote] DEBUG org.asynchttpclient.netty.request.NettyRequestSender - Using open Channel [id: 0x4eddb369, L:/127.0.0.1:58747 - R:localhost/127.0.0.1:7138] for POST '/session/5ad97dfb5cc8ee7bdc66ecb7503f8fc1/execute/sync'
13:08:57.219 [AsyncHttpClient-1-2] DEBUG org.asynchttpclient.netty.handler.HttpHandler - 

Request DefaultHttpRequest(decodeResult: success, version: HTTP/1.1)
POST /session/5ad97dfb5cc8ee7bdc66ecb7503f8fc1/execute/sync HTTP/1.1
User-Agent: selenium/4.8.0 (java windows)
Content-Length: 176
Content-Type: application/json; charset=utf-8
host: localhost:7138
accept: */*

Response DefaultHttpResponse(decodeResult: success, version: HTTP/1.1)
HTTP/1.1 200 OK
Content-Length: 38415
Content-Type: application/json; charset=utf-8
cache-control: no-cache

13:08:57.219 [AsyncHttpClient-1-2] DEBUG org.asynchttpclient.netty.channel.ChannelManager - Adding key: http://localhost:7138 for channel [id: 0x4eddb369, L:/127.0.0.1:58747 - R:localhost/127.0.0.1:7138]
13:08:57.224 [Forwarding getCurrentUrl on session 5ad97dfb5cc8ee7bdc66ecb7503f8fc1 to remote] DEBUG org.asynchttpclient.netty.request.NettyRequestSender - Using pooled Channel '[id: 0x4eddb369, L:/127.0.0.1:58747 - R:localhost/127.0.0.1:7138]' for 'GET' to 'http://localhost:7138/session/5ad97dfb5cc8ee7bdc66ecb7503f8fc1/url'
13:08:57.224 [Forwarding getCurrentUrl on session 5ad97dfb5cc8ee7bdc66ecb7503f8fc1 to remote] DEBUG org.asynchttpclient.netty.request.NettyRequestSender - Using open Channel [id: 0x4eddb369, L:/127.0.0.1:58747 - R:localhost/127.0.0.1:7138] for GET '/session/5ad97dfb5cc8ee7bdc66ecb7503f8fc1/url'
13:08:57.228 [AsyncHttpClient-1-2] DEBUG org.asynchttpclient.netty.handler.HttpHandler - 

Request DefaultFullHttpRequest(decodeResult: success, version: HTTP/1.1, content: EmptyByteBufBE)
GET /session/5ad97dfb5cc8ee7bdc66ecb7503f8fc1/url HTTP/1.1
User-Agent: selenium/4.8.0 (java windows)
Cache-Control: no-cache
Content-Type: application/json; charset=utf-8
host: localhost:7138
accept: */*

Response DefaultHttpResponse(decodeResult: success, version: HTTP/1.1)
HTTP/1.1 200 OK
Content-Length: 99
Content-Type: application/json; charset=utf-8
cache-control: no-cache

13:08:57.229 [AsyncHttpClient-1-2] DEBUG org.asynchttpclient.netty.channel.ChannelManager - Adding key: http://localhost:7138 for channel [id: 0x4eddb369, L:/127.0.0.1:58747 - R:localhost/127.0.0.1:7138]
13:08:57.231 [main] DEBUG net.thucydides.core.steps.StepInterceptor - STARTING STEP: OpenCartStepDefinition.search_for - {0} enters #theTextAsAString into #locatorNames
13:08:57.233 [Forwarding findElement on session 5ad97dfb5cc8ee7bdc66ecb7503f8fc1 to remote] DEBUG org.asynchttpclient.netty.request.NettyRequestSender - Using pooled Channel '[id: 0x4eddb369, L:/127.0.0.1:58747 - R:localhost/127.0.0.1:7138]' for 'POST' to 'http://localhost:7138/session/5ad97dfb5cc8ee7bdc66ecb7503f8fc1/element'
13:08:57.233 [Forwarding findElement on session 5ad97dfb5cc8ee7bdc66ecb7503f8fc1 to remote] DEBUG org.asynchttpclient.netty.request.NettyRequestSender - Using open Channel [id: 0x4eddb369, L:/127.0.0.1:58747 - R:localhost/127.0.0.1:7138] for POST '/session/5ad97dfb5cc8ee7bdc66ecb7503f8fc1/element'
13:08:57.239 [AsyncHttpClient-1-2] DEBUG org.asynchttpclient.netty.handler.HttpHandler - 

Request DefaultHttpRequest(decodeResult: success, version: HTTP/1.1)
POST /session/5ad97dfb5cc8ee7bdc66ecb7503f8fc1/element HTTP/1.1
User-Agent: selenium/4.8.0 (java windows)
Content-Length: 109
Content-Type: application/json; charset=utf-8
host: localhost:7138
accept: */*

Response DefaultHttpResponse(decodeResult: success, version: HTTP/1.1)
HTTP/1.1 200 OK
Content-Length: 96
Content-Type: application/json; charset=utf-8
cache-control: no-cache

13:08:57.239 [AsyncHttpClient-1-2] DEBUG org.asynchttpclient.netty.channel.ChannelManager - Adding key: http://localhost:7138 for channel [id: 0x4eddb369, L:/127.0.0.1:58747 - R:localhost/127.0.0.1:7138]
13:08:57.242 [Forwarding clearElement on session 5ad97dfb5cc8ee7bdc66ecb7503f8fc1 to remote] DEBUG org.asynchttpclient.netty.request.NettyRequestSender - Using pooled Channel '[id: 0x4eddb369, L:/127.0.0.1:58747 - R:localhost/127.0.0.1:7138]' for 'POST' to 'http://localhost:7138/session/5ad97dfb5cc8ee7bdc66ecb7503f8fc1/element/BAFC836EE54433AE346E0E36EF63B24A_element_124/clear'
13:08:57.242 [Forwarding clearElement on session 5ad97dfb5cc8ee7bdc66ecb7503f8fc1 to remote] DEBUG org.asynchttpclient.netty.request.NettyRequestSender - Using open Channel [id: 0x4eddb369, L:/127.0.0.1:58747 - R:localhost/127.0.0.1:7138] for POST '/session/5ad97dfb5cc8ee7bdc66ecb7503f8fc1/element/BAFC836EE54433AE346E0E36EF63B24A_element_124/clear'
13:08:57.254 [AsyncHttpClient-1-2] DEBUG org.asynchttpclient.netty.handler.HttpHandler - 

Request DefaultHttpRequest(decodeResult: success, version: HTTP/1.1)
POST /session/5ad97dfb5cc8ee7bdc66ecb7503f8fc1/element/BAFC836EE54433AE346E0E36EF63B24A_element_124/clear HTTP/1.1
User-Agent: selenium/4.8.0 (java windows)
Content-Length: 58
Content-Type: application/json; charset=utf-8
host: localhost:7138
accept: */*

Response DefaultHttpResponse(decodeResult: success, version: HTTP/1.1)
HTTP/1.1 200 OK
Content-Length: 14
Content-Type: application/json; charset=utf-8
cache-control: no-cache

13:08:57.255 [AsyncHttpClient-1-2] DEBUG org.asynchttpclient.netty.channel.ChannelManager - Adding key: http://localhost:7138 for channel [id: 0x4eddb369, L:/127.0.0.1:58747 - R:localhost/127.0.0.1:7138]
13:08:57.256 [Forwarding findElement on session 5ad97dfb5cc8ee7bdc66ecb7503f8fc1 to remote] DEBUG org.asynchttpclient.netty.request.NettyRequestSender - Using pooled Channel '[id: 0x4eddb369, L:/127.0.0.1:58747 - R:localhost/127.0.0.1:7138]' for 'POST' to 'http://localhost:7138/session/5ad97dfb5cc8ee7bdc66ecb7503f8fc1/element'
13:08:57.256 [Forwarding findElement on session 5ad97dfb5cc8ee7bdc66ecb7503f8fc1 to remote] DEBUG org.asynchttpclient.netty.request.NettyRequestSender - Using open Channel [id: 0x4eddb369, L:/127.0.0.1:58747 - R:localhost/127.0.0.1:7138] for POST '/session/5ad97dfb5cc8ee7bdc66ecb7503f8fc1/element'
13:08:57.260 [AsyncHttpClient-1-2] DEBUG org.asynchttpclient.netty.handler.HttpHandler - 

Request DefaultHttpRequest(decodeResult: success, version: HTTP/1.1)
POST /session/5ad97dfb5cc8ee7bdc66ecb7503f8fc1/element HTTP/1.1
User-Agent: selenium/4.8.0 (java windows)
Content-Length: 109
Content-Type: application/json; charset=utf-8
host: localhost:7138
accept: */*

Response DefaultHttpResponse(decodeResult: success, version: HTTP/1.1)
HTTP/1.1 200 OK
Content-Length: 96
Content-Type: application/json; charset=utf-8
cache-control: no-cache

13:08:57.260 [AsyncHttpClient-1-2] DEBUG org.asynchttpclient.netty.channel.ChannelManager - Adding key: http://localhost:7138 for channel [id: 0x4eddb369, L:/127.0.0.1:58747 - R:localhost/127.0.0.1:7138]
13:08:57.262 [Forwarding sendKeysToElement on session 5ad97dfb5cc8ee7bdc66ecb7503f8fc1 to remote] DEBUG org.asynchttpclient.netty.request.NettyRequestSender - Using pooled Channel '[id: 0x4eddb369, L:/127.0.0.1:58747 - R:localhost/127.0.0.1:7138]' for 'POST' to 'http://localhost:7138/session/5ad97dfb5cc8ee7bdc66ecb7503f8fc1/element/BAFC836EE54433AE346E0E36EF63B24A_element_124/value'
13:08:57.262 [Forwarding sendKeysToElement on session 5ad97dfb5cc8ee7bdc66ecb7503f8fc1 to remote] DEBUG org.asynchttpclient.netty.request.NettyRequestSender - Using open Channel [id: 0x4eddb369, L:/127.0.0.1:58747 - R:localhost/127.0.0.1:7138] for POST '/session/5ad97dfb5cc8ee7bdc66ecb7503f8fc1/element/BAFC836EE54433AE346E0E36EF63B24A_element_124/value'
13:08:57.286 [AsyncHttpClient-1-2] DEBUG org.asynchttpclient.netty.handler.HttpHandler - 

Request DefaultHttpRequest(decodeResult: success, version: HTTP/1.1)
POST /session/5ad97dfb5cc8ee7bdc66ecb7503f8fc1/element/BAFC836EE54433AE346E0E36EF63B24A_element_124/value HTTP/1.1
User-Agent: selenium/4.8.0 (java windows)
Content-Length: 159
Content-Type: application/json; charset=utf-8
host: localhost:7138
accept: */*

Response DefaultHttpResponse(decodeResult: success, version: HTTP/1.1)
HTTP/1.1 200 OK
Content-Length: 14
Content-Type: application/json; charset=utf-8
cache-control: no-cache

13:08:57.286 [AsyncHttpClient-1-2] DEBUG org.asynchttpclient.netty.channel.ChannelManager - Adding key: http://localhost:7138 for channel [id: 0x4eddb369, L:/127.0.0.1:58747 - R:localhost/127.0.0.1:7138]
13:08:57.291 [Forwarding getAlertText on session 5ad97dfb5cc8ee7bdc66ecb7503f8fc1 to remote] DEBUG org.asynchttpclient.netty.request.NettyRequestSender - Using pooled Channel '[id: 0x4eddb369, L:/127.0.0.1:58747 - R:localhost/127.0.0.1:7138]' for 'GET' to 'http://localhost:7138/session/5ad97dfb5cc8ee7bdc66ecb7503f8fc1/alert/text'
13:08:57.291 [Forwarding getAlertText on session 5ad97dfb5cc8ee7bdc66ecb7503f8fc1 to remote] DEBUG org.asynchttpclient.netty.request.NettyRequestSender - Using open Channel [id: 0x4eddb369, L:/127.0.0.1:58747 - R:localhost/127.0.0.1:7138] for GET '/session/5ad97dfb5cc8ee7bdc66ecb7503f8fc1/alert/text'
13:08:57.292 [AsyncHttpClient-1-2] DEBUG org.asynchttpclient.netty.handler.HttpHandler - 

Request DefaultFullHttpRequest(decodeResult: success, version: HTTP/1.1, content: EmptyByteBufBE)
GET /session/5ad97dfb5cc8ee7bdc66ecb7503f8fc1/alert/text HTTP/1.1
User-Agent: selenium/4.8.0 (java windows)
Cache-Control: no-cache
Content-Type: application/json; charset=utf-8
host: localhost:7138
accept: */*

Response DefaultHttpResponse(decodeResult: success, version: HTTP/1.1)
HTTP/1.1 404 Not Found
Content-Length: 820
Content-Type: application/json; charset=utf-8
cache-control: no-cache

13:08:57.292 [AsyncHttpClient-1-2] DEBUG org.asynchttpclient.netty.channel.ChannelManager - Adding key: http://localhost:7138 for channel [id: 0x4eddb369, L:/127.0.0.1:58747 - R:localhost/127.0.0.1:7138]
13:08:57.293 [Forwarding getCurrentUrl on session 5ad97dfb5cc8ee7bdc66ecb7503f8fc1 to remote] DEBUG org.asynchttpclient.netty.request.NettyRequestSender - Using pooled Channel '[id: 0x4eddb369, L:/127.0.0.1:58747 - R:localhost/127.0.0.1:7138]' for 'GET' to 'http://localhost:7138/session/5ad97dfb5cc8ee7bdc66ecb7503f8fc1/url'
13:08:57.293 [Forwarding getCurrentUrl on session 5ad97dfb5cc8ee7bdc66ecb7503f8fc1 to remote] DEBUG org.asynchttpclient.netty.request.NettyRequestSender - Using open Channel [id: 0x4eddb369, L:/127.0.0.1:58747 - R:localhost/127.0.0.1:7138] for GET '/session/5ad97dfb5cc8ee7bdc66ecb7503f8fc1/url'
13:08:57.295 [AsyncHttpClient-1-2] DEBUG org.asynchttpclient.netty.handler.HttpHandler - 

Request DefaultFullHttpRequest(decodeResult: success, version: HTTP/1.1, content: EmptyByteBufBE)
GET /session/5ad97dfb5cc8ee7bdc66ecb7503f8fc1/url HTTP/1.1
User-Agent: selenium/4.8.0 (java windows)
Cache-Control: no-cache
Content-Type: application/json; charset=utf-8
host: localhost:7138
accept: */*

Response DefaultHttpResponse(decodeResult: success, version: HTTP/1.1)
HTTP/1.1 200 OK
Content-Length: 99
Content-Type: application/json; charset=utf-8
cache-control: no-cache

13:08:57.296 [AsyncHttpClient-1-2] DEBUG org.asynchttpclient.netty.channel.ChannelManager - Adding key: http://localhost:7138 for channel [id: 0x4eddb369, L:/127.0.0.1:58747 - R:localhost/127.0.0.1:7138]
13:08:57.296 [Forwarding screenshot on session 5ad97dfb5cc8ee7bdc66ecb7503f8fc1 to remote] DEBUG org.asynchttpclient.netty.request.NettyRequestSender - Using pooled Channel '[id: 0x4eddb369, L:/127.0.0.1:58747 - R:localhost/127.0.0.1:7138]' for 'GET' to 'http://localhost:7138/session/5ad97dfb5cc8ee7bdc66ecb7503f8fc1/screenshot'
13:08:57.296 [Forwarding screenshot on session 5ad97dfb5cc8ee7bdc66ecb7503f8fc1 to remote] DEBUG org.asynchttpclient.netty.request.NettyRequestSender - Using open Channel [id: 0x4eddb369, L:/127.0.0.1:58747 - R:localhost/127.0.0.1:7138] for GET '/session/5ad97dfb5cc8ee7bdc66ecb7503f8fc1/screenshot'
13:08:57.413 [AsyncHttpClient-1-2] DEBUG org.asynchttpclient.netty.handler.HttpHandler - 

Request DefaultFullHttpRequest(decodeResult: success, version: HTTP/1.1, content: EmptyByteBufBE)
GET /session/5ad97dfb5cc8ee7bdc66ecb7503f8fc1/screenshot HTTP/1.1
User-Agent: selenium/4.8.0 (java windows)
Cache-Control: no-cache
Content-Type: application/json; charset=utf-8
host: localhost:7138
accept: */*

Response DefaultHttpResponse(decodeResult: success, version: HTTP/1.1)
HTTP/1.1 200 OK
Content-Length: 171788
Content-Type: application/json; charset=utf-8
cache-control: no-cache

13:08:57.413 [AsyncHttpClient-1-2] DEBUG org.asynchttpclient.netty.channel.ChannelManager - Adding key: http://localhost:7138 for channel [id: 0x4eddb369, L:/127.0.0.1:58747 - R:localhost/127.0.0.1:7138]
13:08:57.418 [main] DEBUG net.serenitybdd.core.photography.Darkroom - Send negative for processing for target\site\serenity\a420495a0936f2b078f532b40190179bf2e068a3085146b82d5ec8541cb572d8.png
13:08:57.418 [Darkroom Processing Line] DEBUG net.serenitybdd.core.photography.DarkroomProcessingLine - Processing screenshot image in /var/screenshots/screenshot-3518520445384347887
13:08:57.418 [Darkroom Processing Line] DEBUG net.serenitybdd.core.photography.DarkroomProcessingLine - Saving screenshot to target\site\serenity\a420495a0936f2b078f532b40190179bf2e068a3085146b82d5ec8541cb572d8.png
13:08:57.629 [main] DEBUG net.thucydides.core.steps.StepInterceptor - STEP DONE: {0} enters #theTextAsAString into #locatorNames
13:08:57.637 [Forwarding getAlertText on session 5ad97dfb5cc8ee7bdc66ecb7503f8fc1 to remote] DEBUG org.asynchttpclient.netty.request.NettyRequestSender - Using pooled Channel '[id: 0x4eddb369, L:/127.0.0.1:58747 - R:localhost/127.0.0.1:7138]' for 'GET' to 'http://localhost:7138/session/5ad97dfb5cc8ee7bdc66ecb7503f8fc1/alert/text'
13:08:57.637 [Forwarding getAlertText on session 5ad97dfb5cc8ee7bdc66ecb7503f8fc1 to remote] DEBUG org.asynchttpclient.netty.request.NettyRequestSender - Using open Channel [id: 0x4eddb369, L:/127.0.0.1:58747 - R:localhost/127.0.0.1:7138] for GET '/session/5ad97dfb5cc8ee7bdc66ecb7503f8fc1/alert/text'
13:08:57.639 [AsyncHttpClient-1-2] DEBUG org.asynchttpclient.netty.handler.HttpHandler - 

Request DefaultFullHttpRequest(decodeResult: success, version: HTTP/1.1, content: EmptyByteBufBE)
GET /session/5ad97dfb5cc8ee7bdc66ecb7503f8fc1/alert/text HTTP/1.1
User-Agent: selenium/4.8.0 (java windows)
Cache-Control: no-cache
Content-Type: application/json; charset=utf-8
host: localhost:7138
accept: */*

Response DefaultHttpResponse(decodeResult: success, version: HTTP/1.1)
HTTP/1.1 404 Not Found
Content-Length: 820
Content-Type: application/json; charset=utf-8
cache-control: no-cache

13:08:57.639 [AsyncHttpClient-1-2] DEBUG org.asynchttpclient.netty.channel.ChannelManager - Adding key: http://localhost:7138 for channel [id: 0x4eddb369, L:/127.0.0.1:58747 - R:localhost/127.0.0.1:7138]
13:08:57.640 [Forwarding getCurrentUrl on session 5ad97dfb5cc8ee7bdc66ecb7503f8fc1 to remote] DEBUG org.asynchttpclient.netty.request.NettyRequestSender - Using pooled Channel '[id: 0x4eddb369, L:/127.0.0.1:58747 - R:localhost/127.0.0.1:7138]' for 'GET' to 'http://localhost:7138/session/5ad97dfb5cc8ee7bdc66ecb7503f8fc1/url'
13:08:57.640 [Forwarding getCurrentUrl on session 5ad97dfb5cc8ee7bdc66ecb7503f8fc1 to remote] DEBUG org.asynchttpclient.netty.request.NettyRequestSender - Using open Channel [id: 0x4eddb369, L:/127.0.0.1:58747 - R:localhost/127.0.0.1:7138] for GET '/session/5ad97dfb5cc8ee7bdc66ecb7503f8fc1/url'
13:08:57.643 [AsyncHttpClient-1-2] DEBUG org.asynchttpclient.netty.handler.HttpHandler - 

Request DefaultFullHttpRequest(decodeResult: success, version: HTTP/1.1, content: EmptyByteBufBE)
GET /session/5ad97dfb5cc8ee7bdc66ecb7503f8fc1/url HTTP/1.1
User-Agent: selenium/4.8.0 (java windows)
Cache-Control: no-cache
Content-Type: application/json; charset=utf-8
host: localhost:7138
accept: */*

Response DefaultHttpResponse(decodeResult: success, version: HTTP/1.1)
HTTP/1.1 200 OK
Content-Length: 99
Content-Type: application/json; charset=utf-8
cache-control: no-cache

13:08:57.643 [AsyncHttpClient-1-2] DEBUG org.asynchttpclient.netty.channel.ChannelManager - Adding key: http://localhost:7138 for channel [id: 0x4eddb369, L:/127.0.0.1:58747 - R:localhost/127.0.0.1:7138]
13:08:57.644 [Forwarding screenshot on session 5ad97dfb5cc8ee7bdc66ecb7503f8fc1 to remote] DEBUG org.asynchttpclient.netty.request.NettyRequestSender - Using pooled Channel '[id: 0x4eddb369, L:/127.0.0.1:58747 - R:localhost/127.0.0.1:7138]' for 'GET' to 'http://localhost:7138/session/5ad97dfb5cc8ee7bdc66ecb7503f8fc1/screenshot'
13:08:57.644 [Forwarding screenshot on session 5ad97dfb5cc8ee7bdc66ecb7503f8fc1 to remote] DEBUG org.asynchttpclient.netty.request.NettyRequestSender - Using open Channel [id: 0x4eddb369, L:/127.0.0.1:58747 - R:localhost/127.0.0.1:7138] for GET '/session/5ad97dfb5cc8ee7bdc66ecb7503f8fc1/screenshot'
13:08:57.725 [AsyncHttpClient-1-2] DEBUG org.asynchttpclient.netty.handler.HttpHandler - 

Request DefaultFullHttpRequest(decodeResult: success, version: HTTP/1.1, content: EmptyByteBufBE)
GET /session/5ad97dfb5cc8ee7bdc66ecb7503f8fc1/screenshot HTTP/1.1
User-Agent: selenium/4.8.0 (java windows)
Cache-Control: no-cache
Content-Type: application/json; charset=utf-8
host: localhost:7138
accept: */*

Response DefaultHttpResponse(decodeResult: success, version: HTTP/1.1)
HTTP/1.1 200 OK
Content-Length: 173792
Content-Type: application/json; charset=utf-8
cache-control: no-cache

13:08:57.725 [AsyncHttpClient-1-2] DEBUG org.asynchttpclient.netty.channel.ChannelManager - Adding key: http://localhost:7138 for channel [id: 0x4eddb369, L:/127.0.0.1:58747 - R:localhost/127.0.0.1:7138]
13:08:57.735 [main] DEBUG net.serenitybdd.core.photography.Darkroom - Send negative for processing for target\site\serenity\ec49195b2677cca0ee4e684470932e315169988a33f9ed3272df559f1c19c971.png
13:08:57.735 [Darkroom Processing Line] DEBUG net.serenitybdd.core.photography.DarkroomProcessingLine - Processing screenshot image in /var/screenshots/screenshot-8427796731836396493
13:08:57.736 [Darkroom Processing Line] DEBUG net.serenitybdd.core.photography.DarkroomProcessingLine - Saving screenshot to target\site\serenity\ec49195b2677cca0ee4e684470932e315169988a33f9ed3272df559f1c19c971.png
13:08:57.738 [Forwarding getPageSource on session 5ad97dfb5cc8ee7bdc66ecb7503f8fc1 to remote] DEBUG org.asynchttpclient.netty.request.NettyRequestSender - Using pooled Channel '[id: 0x4eddb369, L:/127.0.0.1:58747 - R:localhost/127.0.0.1:7138]' for 'POST' to 'http://localhost:7138/session/5ad97dfb5cc8ee7bdc66ecb7503f8fc1/execute/sync'
13:08:57.738 [Forwarding getPageSource on session 5ad97dfb5cc8ee7bdc66ecb7503f8fc1 to remote] DEBUG org.asynchttpclient.netty.request.NettyRequestSender - Using open Channel [id: 0x4eddb369, L:/127.0.0.1:58747 - R:localhost/127.0.0.1:7138] for POST '/session/5ad97dfb5cc8ee7bdc66ecb7503f8fc1/execute/sync'
13:08:57.743 [AsyncHttpClient-1-2] DEBUG org.asynchttpclient.netty.handler.HttpHandler - 

Request DefaultHttpRequest(decodeResult: success, version: HTTP/1.1)
POST /session/5ad97dfb5cc8ee7bdc66ecb7503f8fc1/execute/sync HTTP/1.1
User-Agent: selenium/4.8.0 (java windows)
Content-Length: 176
Content-Type: application/json; charset=utf-8
host: localhost:7138
accept: */*

Response DefaultHttpResponse(decodeResult: success, version: HTTP/1.1)
HTTP/1.1 200 OK
Content-Length: 38415
Content-Type: application/json; charset=utf-8
cache-control: no-cache

13:08:57.744 [AsyncHttpClient-1-2] DEBUG org.asynchttpclient.netty.channel.ChannelManager - Adding key: http://localhost:7138 for channel [id: 0x4eddb369, L:/127.0.0.1:58747 - R:localhost/127.0.0.1:7138]
13:08:57.747 [Forwarding getCurrentUrl on session 5ad97dfb5cc8ee7bdc66ecb7503f8fc1 to remote] DEBUG org.asynchttpclient.netty.request.NettyRequestSender - Using pooled Channel '[id: 0x4eddb369, L:/127.0.0.1:58747 - R:localhost/127.0.0.1:7138]' for 'GET' to 'http://localhost:7138/session/5ad97dfb5cc8ee7bdc66ecb7503f8fc1/url'
13:08:57.747 [Forwarding getCurrentUrl on session 5ad97dfb5cc8ee7bdc66ecb7503f8fc1 to remote] DEBUG org.asynchttpclient.netty.request.NettyRequestSender - Using open Channel [id: 0x4eddb369, L:/127.0.0.1:58747 - R:localhost/127.0.0.1:7138] for GET '/session/5ad97dfb5cc8ee7bdc66ecb7503f8fc1/url'
13:08:57.749 [AsyncHttpClient-1-2] DEBUG org.asynchttpclient.netty.handler.HttpHandler - 

Request DefaultFullHttpRequest(decodeResult: success, version: HTTP/1.1, content: EmptyByteBufBE)
GET /session/5ad97dfb5cc8ee7bdc66ecb7503f8fc1/url HTTP/1.1
User-Agent: selenium/4.8.0 (java windows)
Cache-Control: no-cache
Content-Type: application/json; charset=utf-8
host: localhost:7138
accept: */*

Response DefaultHttpResponse(decodeResult: success, version: HTTP/1.1)
HTTP/1.1 200 OK
Content-Length: 99
Content-Type: application/json; charset=utf-8
cache-control: no-cache

13:08:57.749 [AsyncHttpClient-1-2] DEBUG org.asynchttpclient.netty.channel.ChannelManager - Adding key: http://localhost:7138 for channel [id: 0x4eddb369, L:/127.0.0.1:58747 - R:localhost/127.0.0.1:7138]
13:08:57.750 [main] DEBUG net.thucydides.core.steps.StepInterceptor - STARTING STEP: OpenCartStepDefinition.search_for - {0} clicks on #locators
13:08:57.752 [Forwarding findElement on session 5ad97dfb5cc8ee7bdc66ecb7503f8fc1 to remote] DEBUG org.asynchttpclient.netty.request.NettyRequestSender - Using pooled Channel '[id: 0x4eddb369, L:/127.0.0.1:58747 - R:localhost/127.0.0.1:7138]' for 'POST' to 'http://localhost:7138/session/5ad97dfb5cc8ee7bdc66ecb7503f8fc1/element'
13:08:57.752 [Forwarding findElement on session 5ad97dfb5cc8ee7bdc66ecb7503f8fc1 to remote] DEBUG org.asynchttpclient.netty.request.NettyRequestSender - Using open Channel [id: 0x4eddb369, L:/127.0.0.1:58747 - R:localhost/127.0.0.1:7138] for POST '/session/5ad97dfb5cc8ee7bdc66ecb7503f8fc1/element'
13:08:57.756 [AsyncHttpClient-1-2] DEBUG org.asynchttpclient.netty.handler.HttpHandler - 

Request DefaultHttpRequest(decodeResult: success, version: HTTP/1.1)
POST /session/5ad97dfb5cc8ee7bdc66ecb7503f8fc1/element HTTP/1.1
User-Agent: selenium/4.8.0 (java windows)
Content-Length: 93
Content-Type: application/json; charset=utf-8
host: localhost:7138
accept: */*

Response DefaultHttpResponse(decodeResult: success, version: HTTP/1.1)
HTTP/1.1 200 OK
Content-Length: 96
Content-Type: application/json; charset=utf-8
cache-control: no-cache

13:08:57.756 [AsyncHttpClient-1-2] DEBUG org.asynchttpclient.netty.channel.ChannelManager - Adding key: http://localhost:7138 for channel [id: 0x4eddb369, L:/127.0.0.1:58747 - R:localhost/127.0.0.1:7138]
13:08:57.758 [Forwarding isElementDisplayed on session 5ad97dfb5cc8ee7bdc66ecb7503f8fc1 to remote] DEBUG org.asynchttpclient.netty.request.NettyRequestSender - Using pooled Channel '[id: 0x4eddb369, L:/127.0.0.1:58747 - R:localhost/127.0.0.1:7138]' for 'POST' to 'http://localhost:7138/session/5ad97dfb5cc8ee7bdc66ecb7503f8fc1/execute/sync'
13:08:57.758 [Forwarding isElementDisplayed on session 5ad97dfb5cc8ee7bdc66ecb7503f8fc1 to remote] DEBUG org.asynchttpclient.netty.request.NettyRequestSender - Using open Channel [id: 0x4eddb369, L:/127.0.0.1:58747 - R:localhost/127.0.0.1:7138] for POST '/session/5ad97dfb5cc8ee7bdc66ecb7503f8fc1/execute/sync'
13:08:57.763 [AsyncHttpClient-1-2] DEBUG org.asynchttpclient.netty.handler.HttpHandler - 

Request DefaultHttpRequest(decodeResult: success, version: HTTP/1.1)
POST /session/5ad97dfb5cc8ee7bdc66ecb7503f8fc1/execute/sync HTTP/1.1
User-Agent: selenium/4.8.0 (java windows)
Content-Length: 48815
Content-Type: application/json; charset=utf-8
host: localhost:7138
accept: */*

Response DefaultHttpResponse(decodeResult: success, version: HTTP/1.1)
HTTP/1.1 200 OK
Content-Length: 14
Content-Type: application/json; charset=utf-8
cache-control: no-cache

13:08:57.763 [AsyncHttpClient-1-2] DEBUG org.asynchttpclient.netty.channel.ChannelManager - Adding key: http://localhost:7138 for channel [id: 0x4eddb369, L:/127.0.0.1:58747 - R:localhost/127.0.0.1:7138]
13:08:57.766 [Forwarding isElementDisplayed on session 5ad97dfb5cc8ee7bdc66ecb7503f8fc1 to remote] DEBUG org.asynchttpclient.netty.request.NettyRequestSender - Using pooled Channel '[id: 0x4eddb369, L:/127.0.0.1:58747 - R:localhost/127.0.0.1:7138]' for 'POST' to 'http://localhost:7138/session/5ad97dfb5cc8ee7bdc66ecb7503f8fc1/execute/sync'
13:08:57.766 [Forwarding isElementDisplayed on session 5ad97dfb5cc8ee7bdc66ecb7503f8fc1 to remote] DEBUG org.asynchttpclient.netty.request.NettyRequestSender - Using open Channel [id: 0x4eddb369, L:/127.0.0.1:58747 - R:localhost/127.0.0.1:7138] for POST '/session/5ad97dfb5cc8ee7bdc66ecb7503f8fc1/execute/sync'
13:08:57.771 [AsyncHttpClient-1-2] DEBUG org.asynchttpclient.netty.handler.HttpHandler - 

Request DefaultHttpRequest(decodeResult: success, version: HTTP/1.1)
POST /session/5ad97dfb5cc8ee7bdc66ecb7503f8fc1/execute/sync HTTP/1.1
User-Agent: selenium/4.8.0 (java windows)
Content-Length: 48815
Content-Type: application/json; charset=utf-8
host: localhost:7138
accept: */*

Response DefaultHttpResponse(decodeResult: success, version: HTTP/1.1)
HTTP/1.1 200 OK
Content-Length: 14
Content-Type: application/json; charset=utf-8
cache-control: no-cache

13:08:57.771 [AsyncHttpClient-1-2] DEBUG org.asynchttpclient.netty.channel.ChannelManager - Adding key: http://localhost:7138 for channel [id: 0x4eddb369, L:/127.0.0.1:58747 - R:localhost/127.0.0.1:7138]
13:08:57.772 [Forwarding clickElement on session 5ad97dfb5cc8ee7bdc66ecb7503f8fc1 to remote] DEBUG org.asynchttpclient.netty.request.NettyRequestSender - Using pooled Channel '[id: 0x4eddb369, L:/127.0.0.1:58747 - R:localhost/127.0.0.1:7138]' for 'POST' to 'http://localhost:7138/session/5ad97dfb5cc8ee7bdc66ecb7503f8fc1/element/BAFC836EE54433AE346E0E36EF63B24A_element_126/click'
13:08:57.772 [Forwarding clickElement on session 5ad97dfb5cc8ee7bdc66ecb7503f8fc1 to remote] DEBUG org.asynchttpclient.netty.request.NettyRequestSender - Using open Channel [id: 0x4eddb369, L:/127.0.0.1:58747 - R:localhost/127.0.0.1:7138] for POST '/session/5ad97dfb5cc8ee7bdc66ecb7503f8fc1/element/BAFC836EE54433AE346E0E36EF63B24A_element_126/click'
13:08:57.955 [AsyncHttpClient-1-1] DEBUG org.asynchttpclient.netty.channel.DefaultChannelPool - Entry count for : http://localhost:58748 : 1
13:08:58.529 [AsyncHttpClient-1-2] DEBUG org.asynchttpclient.netty.handler.HttpHandler - 

Request DefaultHttpRequest(decodeResult: success, version: HTTP/1.1)
POST /session/5ad97dfb5cc8ee7bdc66ecb7503f8fc1/element/BAFC836EE54433AE346E0E36EF63B24A_element_126/click HTTP/1.1
User-Agent: selenium/4.8.0 (java windows)
Content-Length: 58
Content-Type: application/json; charset=utf-8
host: localhost:7138
accept: */*

Response DefaultHttpResponse(decodeResult: success, version: HTTP/1.1)
HTTP/1.1 200 OK
Content-Length: 14
Content-Type: application/json; charset=utf-8
cache-control: no-cache

13:08:58.529 [AsyncHttpClient-1-2] DEBUG org.asynchttpclient.netty.channel.ChannelManager - Adding key: http://localhost:7138 for channel [id: 0x4eddb369, L:/127.0.0.1:58747 - R:localhost/127.0.0.1:7138]
13:08:58.534 [Forwarding getAlertText on session 5ad97dfb5cc8ee7bdc66ecb7503f8fc1 to remote] DEBUG org.asynchttpclient.netty.request.NettyRequestSender - Using pooled Channel '[id: 0x4eddb369, L:/127.0.0.1:58747 - R:localhost/127.0.0.1:7138]' for 'GET' to 'http://localhost:7138/session/5ad97dfb5cc8ee7bdc66ecb7503f8fc1/alert/text'
13:08:58.534 [Forwarding getAlertText on session 5ad97dfb5cc8ee7bdc66ecb7503f8fc1 to remote] DEBUG org.asynchttpclient.netty.request.NettyRequestSender - Using open Channel [id: 0x4eddb369, L:/127.0.0.1:58747 - R:localhost/127.0.0.1:7138] for GET '/session/5ad97dfb5cc8ee7bdc66ecb7503f8fc1/alert/text'
13:08:58.536 [AsyncHttpClient-1-2] DEBUG org.asynchttpclient.netty.handler.HttpHandler - 

Request DefaultFullHttpRequest(decodeResult: success, version: HTTP/1.1, content: EmptyByteBufBE)
GET /session/5ad97dfb5cc8ee7bdc66ecb7503f8fc1/alert/text HTTP/1.1
User-Agent: selenium/4.8.0 (java windows)
Cache-Control: no-cache
Content-Type: application/json; charset=utf-8
host: localhost:7138
accept: */*

Response DefaultHttpResponse(decodeResult: success, version: HTTP/1.1)
HTTP/1.1 404 Not Found
Content-Length: 820
Content-Type: application/json; charset=utf-8
cache-control: no-cache

13:08:58.536 [AsyncHttpClient-1-2] DEBUG org.asynchttpclient.netty.channel.ChannelManager - Adding key: http://localhost:7138 for channel [id: 0x4eddb369, L:/127.0.0.1:58747 - R:localhost/127.0.0.1:7138]
13:08:58.537 [Forwarding getCurrentUrl on session 5ad97dfb5cc8ee7bdc66ecb7503f8fc1 to remote] DEBUG org.asynchttpclient.netty.request.NettyRequestSender - Using pooled Channel '[id: 0x4eddb369, L:/127.0.0.1:58747 - R:localhost/127.0.0.1:7138]' for 'GET' to 'http://localhost:7138/session/5ad97dfb5cc8ee7bdc66ecb7503f8fc1/url'
13:08:58.537 [Forwarding getCurrentUrl on session 5ad97dfb5cc8ee7bdc66ecb7503f8fc1 to remote] DEBUG org.asynchttpclient.netty.request.NettyRequestSender - Using open Channel [id: 0x4eddb369, L:/127.0.0.1:58747 - R:localhost/127.0.0.1:7138] for GET '/session/5ad97dfb5cc8ee7bdc66ecb7503f8fc1/url'
13:08:58.539 [AsyncHttpClient-1-2] DEBUG org.asynchttpclient.netty.handler.HttpHandler - 

Request DefaultFullHttpRequest(decodeResult: success, version: HTTP/1.1, content: EmptyByteBufBE)
GET /session/5ad97dfb5cc8ee7bdc66ecb7503f8fc1/url HTTP/1.1
User-Agent: selenium/4.8.0 (java windows)
Cache-Control: no-cache
Content-Type: application/json; charset=utf-8
host: localhost:7138
accept: */*

Response DefaultHttpResponse(decodeResult: success, version: HTTP/1.1)
HTTP/1.1 200 OK
Content-Length: 86
Content-Type: application/json; charset=utf-8
cache-control: no-cache

13:08:58.540 [AsyncHttpClient-1-2] DEBUG org.asynchttpclient.netty.channel.ChannelManager - Adding key: http://localhost:7138 for channel [id: 0x4eddb369, L:/127.0.0.1:58747 - R:localhost/127.0.0.1:7138]
13:08:58.540 [Forwarding screenshot on session 5ad97dfb5cc8ee7bdc66ecb7503f8fc1 to remote] DEBUG org.asynchttpclient.netty.request.NettyRequestSender - Using pooled Channel '[id: 0x4eddb369, L:/127.0.0.1:58747 - R:localhost/127.0.0.1:7138]' for 'GET' to 'http://localhost:7138/session/5ad97dfb5cc8ee7bdc66ecb7503f8fc1/screenshot'
13:08:58.540 [Forwarding screenshot on session 5ad97dfb5cc8ee7bdc66ecb7503f8fc1 to remote] DEBUG org.asynchttpclient.netty.request.NettyRequestSender - Using open Channel [id: 0x4eddb369, L:/127.0.0.1:58747 - R:localhost/127.0.0.1:7138] for GET '/session/5ad97dfb5cc8ee7bdc66ecb7503f8fc1/screenshot'
13:08:58.648 [AsyncHttpClient-1-2] DEBUG org.asynchttpclient.netty.handler.HttpHandler - 

Request DefaultFullHttpRequest(decodeResult: success, version: HTTP/1.1, content: EmptyByteBufBE)
GET /session/5ad97dfb5cc8ee7bdc66ecb7503f8fc1/screenshot HTTP/1.1
User-Agent: selenium/4.8.0 (java windows)
Cache-Control: no-cache
Content-Type: application/json; charset=utf-8
host: localhost:7138
accept: */*

Response DefaultHttpResponse(decodeResult: success, version: HTTP/1.1)
HTTP/1.1 200 OK
Content-Length: 252940
Content-Type: application/json; charset=utf-8
cache-control: no-cache

13:08:58.648 [AsyncHttpClient-1-2] DEBUG org.asynchttpclient.netty.channel.ChannelManager - Adding key: http://localhost:7138 for channel [id: 0x4eddb369, L:/127.0.0.1:58747 - R:localhost/127.0.0.1:7138]
13:08:58.654 [main] DEBUG net.serenitybdd.core.photography.Darkroom - Send negative for processing for target\site\serenity\e6f1e2fba05aa20ce0144403ab1794ebe9c96f1367b6539a9fedf5de0d1bd296.png
13:08:58.654 [Darkroom Processing Line] DEBUG net.serenitybdd.core.photography.DarkroomProcessingLine - Processing screenshot image in /var/screenshots/screenshot-5778834062829814314
13:08:58.654 [Darkroom Processing Line] DEBUG net.serenitybdd.core.photography.DarkroomProcessingLine - Saving screenshot to target\site\serenity\e6f1e2fba05aa20ce0144403ab1794ebe9c96f1367b6539a9fedf5de0d1bd296.png
13:08:58.863 [main] DEBUG net.thucydides.core.steps.StepInterceptor - STEP DONE: {0} clicks on #locators
13:08:58.868 [Forwarding getAlertText on session 5ad97dfb5cc8ee7bdc66ecb7503f8fc1 to remote] DEBUG org.asynchttpclient.netty.request.NettyRequestSender - Using pooled Channel '[id: 0x4eddb369, L:/127.0.0.1:58747 - R:localhost/127.0.0.1:7138]' for 'GET' to 'http://localhost:7138/session/5ad97dfb5cc8ee7bdc66ecb7503f8fc1/alert/text'
13:08:58.868 [Forwarding getAlertText on session 5ad97dfb5cc8ee7bdc66ecb7503f8fc1 to remote] DEBUG org.asynchttpclient.netty.request.NettyRequestSender - Using open Channel [id: 0x4eddb369, L:/127.0.0.1:58747 - R:localhost/127.0.0.1:7138] for GET '/session/5ad97dfb5cc8ee7bdc66ecb7503f8fc1/alert/text'
13:08:58.870 [AsyncHttpClient-1-2] DEBUG org.asynchttpclient.netty.handler.HttpHandler - 

Request DefaultFullHttpRequest(decodeResult: success, version: HTTP/1.1, content: EmptyByteBufBE)
GET /session/5ad97dfb5cc8ee7bdc66ecb7503f8fc1/alert/text HTTP/1.1
User-Agent: selenium/4.8.0 (java windows)
Cache-Control: no-cache
Content-Type: application/json; charset=utf-8
host: localhost:7138
accept: */*

Response DefaultHttpResponse(decodeResult: success, version: HTTP/1.1)
HTTP/1.1 404 Not Found
Content-Length: 820
Content-Type: application/json; charset=utf-8
cache-control: no-cache

13:08:58.870 [AsyncHttpClient-1-2] DEBUG org.asynchttpclient.netty.channel.ChannelManager - Adding key: http://localhost:7138 for channel [id: 0x4eddb369, L:/127.0.0.1:58747 - R:localhost/127.0.0.1:7138]
13:08:58.872 [Forwarding getCurrentUrl on session 5ad97dfb5cc8ee7bdc66ecb7503f8fc1 to remote] DEBUG org.asynchttpclient.netty.request.NettyRequestSender - Using pooled Channel '[id: 0x4eddb369, L:/127.0.0.1:58747 - R:localhost/127.0.0.1:7138]' for 'GET' to 'http://localhost:7138/session/5ad97dfb5cc8ee7bdc66ecb7503f8fc1/url'
13:08:58.872 [Forwarding getCurrentUrl on session 5ad97dfb5cc8ee7bdc66ecb7503f8fc1 to remote] DEBUG org.asynchttpclient.netty.request.NettyRequestSender - Using open Channel [id: 0x4eddb369, L:/127.0.0.1:58747 - R:localhost/127.0.0.1:7138] for GET '/session/5ad97dfb5cc8ee7bdc66ecb7503f8fc1/url'
13:08:58.875 [AsyncHttpClient-1-2] DEBUG org.asynchttpclient.netty.handler.HttpHandler - 

Request DefaultFullHttpRequest(decodeResult: success, version: HTTP/1.1, content: EmptyByteBufBE)
GET /session/5ad97dfb5cc8ee7bdc66ecb7503f8fc1/url HTTP/1.1
User-Agent: selenium/4.8.0 (java windows)
Cache-Control: no-cache
Content-Type: application/json; charset=utf-8
host: localhost:7138
accept: */*

Response DefaultHttpResponse(decodeResult: success, version: HTTP/1.1)
HTTP/1.1 200 OK
Content-Length: 86
Content-Type: application/json; charset=utf-8
cache-control: no-cache

13:08:58.875 [AsyncHttpClient-1-2] DEBUG org.asynchttpclient.netty.channel.ChannelManager - Adding key: http://localhost:7138 for channel [id: 0x4eddb369, L:/127.0.0.1:58747 - R:localhost/127.0.0.1:7138]
13:08:58.876 [Forwarding screenshot on session 5ad97dfb5cc8ee7bdc66ecb7503f8fc1 to remote] DEBUG org.asynchttpclient.netty.request.NettyRequestSender - Using pooled Channel '[id: 0x4eddb369, L:/127.0.0.1:58747 - R:localhost/127.0.0.1:7138]' for 'GET' to 'http://localhost:7138/session/5ad97dfb5cc8ee7bdc66ecb7503f8fc1/screenshot'
13:08:58.876 [Forwarding screenshot on session 5ad97dfb5cc8ee7bdc66ecb7503f8fc1 to remote] DEBUG org.asynchttpclient.netty.request.NettyRequestSender - Using open Channel [id: 0x4eddb369, L:/127.0.0.1:58747 - R:localhost/127.0.0.1:7138] for GET '/session/5ad97dfb5cc8ee7bdc66ecb7503f8fc1/screenshot'
13:08:58.977 [AsyncHttpClient-1-2] DEBUG org.asynchttpclient.netty.handler.HttpHandler - 

Request DefaultFullHttpRequest(decodeResult: success, version: HTTP/1.1, content: EmptyByteBufBE)
GET /session/5ad97dfb5cc8ee7bdc66ecb7503f8fc1/screenshot HTTP/1.1
User-Agent: selenium/4.8.0 (java windows)
Cache-Control: no-cache
Content-Type: application/json; charset=utf-8
host: localhost:7138
accept: */*

Response DefaultHttpResponse(decodeResult: success, version: HTTP/1.1)
HTTP/1.1 200 OK
Content-Length: 252940
Content-Type: application/json; charset=utf-8
cache-control: no-cache

13:08:58.978 [AsyncHttpClient-1-2] DEBUG org.asynchttpclient.netty.channel.ChannelManager - Adding key: http://localhost:7138 for channel [id: 0x4eddb369, L:/127.0.0.1:58747 - R:localhost/127.0.0.1:7138]
13:08:58.984 [main] DEBUG net.serenitybdd.core.photography.Darkroom - Send negative for processing for target\site\serenity\e6f1e2fba05aa20ce0144403ab1794ebe9c96f1367b6539a9fedf5de0d1bd296.png
13:08:59.050 [AsyncHttpClient-1-1] DEBUG org.asynchttpclient.netty.channel.DefaultChannelPool - Entry count for : http://localhost:7138 : 1
13:08:59.050 [AsyncHttpClient-1-1] DEBUG org.asynchttpclient.netty.channel.DefaultChannelPool - Entry count for : http://localhost:58748 : 1
13:08:59.188 [main] DEBUG net.thucydides.core.steps.StepInterceptor - STEP DONE: !#title
  &amp#27;[32mWhen &amp#27;[0m&amp#27;[32mshe searches for &amp#27;[0m&amp#27;[32m&amp#27;[1m"MacBook"&amp#27;[0m                                                                                                                      &amp#27;[90m# io.cucumber.skeleton.stepdefinitions.OpenCartStepDefinition.search_for(java.lang.String)&amp#27;[0m
13:08:59.193 [Forwarding getAlertText on session 5ad97dfb5cc8ee7bdc66ecb7503f8fc1 to remote] DEBUG org.asynchttpclient.netty.request.NettyRequestSender - Using pooled Channel '[id: 0x4eddb369, L:/127.0.0.1:58747 - R:localhost/127.0.0.1:7138]' for 'GET' to 'http://localhost:7138/session/5ad97dfb5cc8ee7bdc66ecb7503f8fc1/alert/text'
13:08:59.193 [Forwarding getAlertText on session 5ad97dfb5cc8ee7bdc66ecb7503f8fc1 to remote] DEBUG org.asynchttpclient.netty.request.NettyRequestSender - Using open Channel [id: 0x4eddb369, L:/127.0.0.1:58747 - R:localhost/127.0.0.1:7138] for GET '/session/5ad97dfb5cc8ee7bdc66ecb7503f8fc1/alert/text'
13:08:59.195 [AsyncHttpClient-1-2] DEBUG org.asynchttpclient.netty.handler.HttpHandler - 

Request DefaultFullHttpRequest(decodeResult: success, version: HTTP/1.1, content: EmptyByteBufBE)
GET /session/5ad97dfb5cc8ee7bdc66ecb7503f8fc1/alert/text HTTP/1.1
User-Agent: selenium/4.8.0 (java windows)
Cache-Control: no-cache
Content-Type: application/json; charset=utf-8
host: localhost:7138
accept: */*

Response DefaultHttpResponse(decodeResult: success, version: HTTP/1.1)
HTTP/1.1 404 Not Found
Content-Length: 820
Content-Type: application/json; charset=utf-8
cache-control: no-cache

13:08:59.195 [AsyncHttpClient-1-2] DEBUG org.asynchttpclient.netty.channel.ChannelManager - Adding key: http://localhost:7138 for channel [id: 0x4eddb369, L:/127.0.0.1:58747 - R:localhost/127.0.0.1:7138]
13:08:59.197 [Forwarding getCurrentUrl on session 5ad97dfb5cc8ee7bdc66ecb7503f8fc1 to remote] DEBUG org.asynchttpclient.netty.request.NettyRequestSender - Using pooled Channel '[id: 0x4eddb369, L:/127.0.0.1:58747 - R:localhost/127.0.0.1:7138]' for 'GET' to 'http://localhost:7138/session/5ad97dfb5cc8ee7bdc66ecb7503f8fc1/url'
13:08:59.197 [Forwarding getCurrentUrl on session 5ad97dfb5cc8ee7bdc66ecb7503f8fc1 to remote] DEBUG org.asynchttpclient.netty.request.NettyRequestSender - Using open Channel [id: 0x4eddb369, L:/127.0.0.1:58747 - R:localhost/127.0.0.1:7138] for GET '/session/5ad97dfb5cc8ee7bdc66ecb7503f8fc1/url'
13:08:59.199 [AsyncHttpClient-1-2] DEBUG org.asynchttpclient.netty.handler.HttpHandler - 

Request DefaultFullHttpRequest(decodeResult: success, version: HTTP/1.1, content: EmptyByteBufBE)
GET /session/5ad97dfb5cc8ee7bdc66ecb7503f8fc1/url HTTP/1.1
User-Agent: selenium/4.8.0 (java windows)
Cache-Control: no-cache
Content-Type: application/json; charset=utf-8
host: localhost:7138
accept: */*

Response DefaultHttpResponse(decodeResult: success, version: HTTP/1.1)
HTTP/1.1 200 OK
Content-Length: 86
Content-Type: application/json; charset=utf-8
cache-control: no-cache

13:08:59.199 [AsyncHttpClient-1-2] DEBUG org.asynchttpclient.netty.channel.ChannelManager - Adding key: http://localhost:7138 for channel [id: 0x4eddb369, L:/127.0.0.1:58747 - R:localhost/127.0.0.1:7138]
13:08:59.200 [Forwarding screenshot on session 5ad97dfb5cc8ee7bdc66ecb7503f8fc1 to remote] DEBUG org.asynchttpclient.netty.request.NettyRequestSender - Using pooled Channel '[id: 0x4eddb369, L:/127.0.0.1:58747 - R:localhost/127.0.0.1:7138]' for 'GET' to 'http://localhost:7138/session/5ad97dfb5cc8ee7bdc66ecb7503f8fc1/screenshot'
13:08:59.200 [Forwarding screenshot on session 5ad97dfb5cc8ee7bdc66ecb7503f8fc1 to remote] DEBUG org.asynchttpclient.netty.request.NettyRequestSender - Using open Channel [id: 0x4eddb369, L:/127.0.0.1:58747 - R:localhost/127.0.0.1:7138] for GET '/session/5ad97dfb5cc8ee7bdc66ecb7503f8fc1/screenshot'
13:08:59.303 [AsyncHttpClient-1-2] DEBUG org.asynchttpclient.netty.handler.HttpHandler - 

Request DefaultFullHttpRequest(decodeResult: success, version: HTTP/1.1, content: EmptyByteBufBE)
GET /session/5ad97dfb5cc8ee7bdc66ecb7503f8fc1/screenshot HTTP/1.1
User-Agent: selenium/4.8.0 (java windows)
Cache-Control: no-cache
Content-Type: application/json; charset=utf-8
host: localhost:7138
accept: */*

Response DefaultHttpResponse(decodeResult: success, version: HTTP/1.1)
HTTP/1.1 200 OK
Content-Length: 252940
Content-Type: application/json; charset=utf-8
cache-control: no-cache

13:08:59.304 [AsyncHttpClient-1-2] DEBUG org.asynchttpclient.netty.channel.ChannelManager - Adding key: http://localhost:7138 for channel [id: 0x4eddb369, L:/127.0.0.1:58747 - R:localhost/127.0.0.1:7138]
13:08:59.310 [main] DEBUG net.serenitybdd.core.photography.Darkroom - Send negative for processing for target\site\serenity\e6f1e2fba05aa20ce0144403ab1794ebe9c96f1367b6539a9fedf5de0d1bd296.png
13:08:59.527 [Forwarding getAlertText on session 5ad97dfb5cc8ee7bdc66ecb7503f8fc1 to remote] DEBUG org.asynchttpclient.netty.request.NettyRequestSender - Using pooled Channel '[id: 0x4eddb369, L:/127.0.0.1:58747 - R:localhost/127.0.0.1:7138]' for 'GET' to 'http://localhost:7138/session/5ad97dfb5cc8ee7bdc66ecb7503f8fc1/alert/text'
13:08:59.527 [Forwarding getAlertText on session 5ad97dfb5cc8ee7bdc66ecb7503f8fc1 to remote] DEBUG org.asynchttpclient.netty.request.NettyRequestSender - Using open Channel [id: 0x4eddb369, L:/127.0.0.1:58747 - R:localhost/127.0.0.1:7138] for GET '/session/5ad97dfb5cc8ee7bdc66ecb7503f8fc1/alert/text'
13:08:59.532 [AsyncHttpClient-1-2] DEBUG org.asynchttpclient.netty.handler.HttpHandler - 

Request DefaultFullHttpRequest(decodeResult: success, version: HTTP/1.1, content: EmptyByteBufBE)
GET /session/5ad97dfb5cc8ee7bdc66ecb7503f8fc1/alert/text HTTP/1.1
User-Agent: selenium/4.8.0 (java windows)
Cache-Control: no-cache
Content-Type: application/json; charset=utf-8
host: localhost:7138
accept: */*

Response DefaultHttpResponse(decodeResult: success, version: HTTP/1.1)
HTTP/1.1 404 Not Found
Content-Length: 820
Content-Type: application/json; charset=utf-8
cache-control: no-cache

13:08:59.532 [AsyncHttpClient-1-2] DEBUG org.asynchttpclient.netty.channel.ChannelManager - Adding key: http://localhost:7138 for channel [id: 0x4eddb369, L:/127.0.0.1:58747 - R:localhost/127.0.0.1:7138]
13:08:59.533 [Forwarding getCurrentUrl on session 5ad97dfb5cc8ee7bdc66ecb7503f8fc1 to remote] DEBUG org.asynchttpclient.netty.request.NettyRequestSender - Using pooled Channel '[id: 0x4eddb369, L:/127.0.0.1:58747 - R:localhost/127.0.0.1:7138]' for 'GET' to 'http://localhost:7138/session/5ad97dfb5cc8ee7bdc66ecb7503f8fc1/url'
13:08:59.533 [Forwarding getCurrentUrl on session 5ad97dfb5cc8ee7bdc66ecb7503f8fc1 to remote] DEBUG org.asynchttpclient.netty.request.NettyRequestSender - Using open Channel [id: 0x4eddb369, L:/127.0.0.1:58747 - R:localhost/127.0.0.1:7138] for GET '/session/5ad97dfb5cc8ee7bdc66ecb7503f8fc1/url'
13:08:59.536 [AsyncHttpClient-1-2] DEBUG org.asynchttpclient.netty.handler.HttpHandler - 

Request DefaultFullHttpRequest(decodeResult: success, version: HTTP/1.1, content: EmptyByteBufBE)
GET /session/5ad97dfb5cc8ee7bdc66ecb7503f8fc1/url HTTP/1.1
User-Agent: selenium/4.8.0 (java windows)
Cache-Control: no-cache
Content-Type: application/json; charset=utf-8
host: localhost:7138
accept: */*

Response DefaultHttpResponse(decodeResult: success, version: HTTP/1.1)
HTTP/1.1 200 OK
Content-Length: 86
Content-Type: application/json; charset=utf-8
cache-control: no-cache

13:08:59.536 [AsyncHttpClient-1-2] DEBUG org.asynchttpclient.netty.channel.ChannelManager - Adding key: http://localhost:7138 for channel [id: 0x4eddb369, L:/127.0.0.1:58747 - R:localhost/127.0.0.1:7138]
13:08:59.537 [Forwarding screenshot on session 5ad97dfb5cc8ee7bdc66ecb7503f8fc1 to remote] DEBUG org.asynchttpclient.netty.request.NettyRequestSender - Using pooled Channel '[id: 0x4eddb369, L:/127.0.0.1:58747 - R:localhost/127.0.0.1:7138]' for 'GET' to 'http://localhost:7138/session/5ad97dfb5cc8ee7bdc66ecb7503f8fc1/screenshot'
13:08:59.537 [Forwarding screenshot on session 5ad97dfb5cc8ee7bdc66ecb7503f8fc1 to remote] DEBUG org.asynchttpclient.netty.request.NettyRequestSender - Using open Channel [id: 0x4eddb369, L:/127.0.0.1:58747 - R:localhost/127.0.0.1:7138] for GET '/session/5ad97dfb5cc8ee7bdc66ecb7503f8fc1/screenshot'
13:08:59.641 [AsyncHttpClient-1-2] DEBUG org.asynchttpclient.netty.handler.HttpHandler - 

Request DefaultFullHttpRequest(decodeResult: success, version: HTTP/1.1, content: EmptyByteBufBE)
GET /session/5ad97dfb5cc8ee7bdc66ecb7503f8fc1/screenshot HTTP/1.1
User-Agent: selenium/4.8.0 (java windows)
Cache-Control: no-cache
Content-Type: application/json; charset=utf-8
host: localhost:7138
accept: */*

Response DefaultHttpResponse(decodeResult: success, version: HTTP/1.1)
HTTP/1.1 200 OK
Content-Length: 252940
Content-Type: application/json; charset=utf-8
cache-control: no-cache

13:08:59.643 [AsyncHttpClient-1-2] DEBUG org.asynchttpclient.netty.channel.ChannelManager - Adding key: http://localhost:7138 for channel [id: 0x4eddb369, L:/127.0.0.1:58747 - R:localhost/127.0.0.1:7138]
13:08:59.655 [main] DEBUG net.serenitybdd.core.photography.Darkroom - Send negative for processing for target\site\serenity\e6f1e2fba05aa20ce0144403ab1794ebe9c96f1367b6539a9fedf5de0d1bd296.png
13:08:59.656 [Forwarding getPageSource on session 5ad97dfb5cc8ee7bdc66ecb7503f8fc1 to remote] DEBUG org.asynchttpclient.netty.request.NettyRequestSender - Using pooled Channel '[id: 0x4eddb369, L:/127.0.0.1:58747 - R:localhost/127.0.0.1:7138]' for 'POST' to 'http://localhost:7138/session/5ad97dfb5cc8ee7bdc66ecb7503f8fc1/execute/sync'
13:08:59.656 [Forwarding getPageSource on session 5ad97dfb5cc8ee7bdc66ecb7503f8fc1 to remote] DEBUG org.asynchttpclient.netty.request.NettyRequestSender - Using open Channel [id: 0x4eddb369, L:/127.0.0.1:58747 - R:localhost/127.0.0.1:7138] for POST '/session/5ad97dfb5cc8ee7bdc66ecb7503f8fc1/execute/sync'
13:08:59.666 [AsyncHttpClient-1-2] DEBUG org.asynchttpclient.netty.handler.HttpHandler - 

Request DefaultHttpRequest(decodeResult: success, version: HTTP/1.1)
POST /session/5ad97dfb5cc8ee7bdc66ecb7503f8fc1/execute/sync HTTP/1.1
User-Agent: selenium/4.8.0 (java windows)
Content-Length: 176
Content-Type: application/json; charset=utf-8
host: localhost:7138
accept: */*

Response DefaultHttpResponse(decodeResult: success, version: HTTP/1.1)
HTTP/1.1 200 OK
Content-Length: 41637
Content-Type: application/json; charset=utf-8
cache-control: no-cache

13:08:59.666 [AsyncHttpClient-1-2] DEBUG org.asynchttpclient.netty.channel.ChannelManager - Adding key: http://localhost:7138 for channel [id: 0x4eddb369, L:/127.0.0.1:58747 - R:localhost/127.0.0.1:7138]
13:08:59.675 [Forwarding getCurrentUrl on session 5ad97dfb5cc8ee7bdc66ecb7503f8fc1 to remote] DEBUG org.asynchttpclient.netty.request.NettyRequestSender - Using pooled Channel '[id: 0x4eddb369, L:/127.0.0.1:58747 - R:localhost/127.0.0.1:7138]' for 'GET' to 'http://localhost:7138/session/5ad97dfb5cc8ee7bdc66ecb7503f8fc1/url'
13:08:59.675 [Forwarding getCurrentUrl on session 5ad97dfb5cc8ee7bdc66ecb7503f8fc1 to remote] DEBUG org.asynchttpclient.netty.request.NettyRequestSender - Using open Channel [id: 0x4eddb369, L:/127.0.0.1:58747 - R:localhost/127.0.0.1:7138] for GET '/session/5ad97dfb5cc8ee7bdc66ecb7503f8fc1/url'
13:08:59.678 [AsyncHttpClient-1-2] DEBUG org.asynchttpclient.netty.handler.HttpHandler - 

Request DefaultFullHttpRequest(decodeResult: success, version: HTTP/1.1, content: EmptyByteBufBE)
GET /session/5ad97dfb5cc8ee7bdc66ecb7503f8fc1/url HTTP/1.1
User-Agent: selenium/4.8.0 (java windows)
Cache-Control: no-cache
Content-Type: application/json; charset=utf-8
host: localhost:7138
accept: */*

Response DefaultHttpResponse(decodeResult: success, version: HTTP/1.1)
HTTP/1.1 200 OK
Content-Length: 86
Content-Type: application/json; charset=utf-8
cache-control: no-cache

13:08:59.678 [AsyncHttpClient-1-2] DEBUG org.asynchttpclient.netty.channel.ChannelManager - Adding key: http://localhost:7138 for channel [id: 0x4eddb369, L:/127.0.0.1:58747 - R:localhost/127.0.0.1:7138]
13:08:59.687 [Forwarding getPageSource on session 5ad97dfb5cc8ee7bdc66ecb7503f8fc1 to remote] DEBUG org.asynchttpclient.netty.request.NettyRequestSender - Using pooled Channel '[id: 0x4eddb369, L:/127.0.0.1:58747 - R:localhost/127.0.0.1:7138]' for 'POST' to 'http://localhost:7138/session/5ad97dfb5cc8ee7bdc66ecb7503f8fc1/execute/sync'
13:08:59.687 [Forwarding getPageSource on session 5ad97dfb5cc8ee7bdc66ecb7503f8fc1 to remote] DEBUG org.asynchttpclient.netty.request.NettyRequestSender - Using open Channel [id: 0x4eddb369, L:/127.0.0.1:58747 - R:localhost/127.0.0.1:7138] for POST '/session/5ad97dfb5cc8ee7bdc66ecb7503f8fc1/execute/sync'
13:08:59.692 [AsyncHttpClient-1-2] DEBUG org.asynchttpclient.netty.handler.HttpHandler - 

Request DefaultHttpRequest(decodeResult: success, version: HTTP/1.1)
POST /session/5ad97dfb5cc8ee7bdc66ecb7503f8fc1/execute/sync HTTP/1.1
User-Agent: selenium/4.8.0 (java windows)
Content-Length: 176
Content-Type: application/json; charset=utf-8
host: localhost:7138
accept: */*

Response DefaultHttpResponse(decodeResult: success, version: HTTP/1.1)
HTTP/1.1 200 OK
Content-Length: 41637
Content-Type: application/json; charset=utf-8
cache-control: no-cache

13:08:59.693 [AsyncHttpClient-1-2] DEBUG org.asynchttpclient.netty.channel.ChannelManager - Adding key: http://localhost:7138 for channel [id: 0x4eddb369, L:/127.0.0.1:58747 - R:localhost/127.0.0.1:7138]
13:08:59.696 [Forwarding getCurrentUrl on session 5ad97dfb5cc8ee7bdc66ecb7503f8fc1 to remote] DEBUG org.asynchttpclient.netty.request.NettyRequestSender - Using pooled Channel '[id: 0x4eddb369, L:/127.0.0.1:58747 - R:localhost/127.0.0.1:7138]' for 'GET' to 'http://localhost:7138/session/5ad97dfb5cc8ee7bdc66ecb7503f8fc1/url'
13:08:59.696 [Forwarding getCurrentUrl on session 5ad97dfb5cc8ee7bdc66ecb7503f8fc1 to remote] DEBUG org.asynchttpclient.netty.request.NettyRequestSender - Using open Channel [id: 0x4eddb369, L:/127.0.0.1:58747 - R:localhost/127.0.0.1:7138] for GET '/session/5ad97dfb5cc8ee7bdc66ecb7503f8fc1/url'
13:08:59.699 [AsyncHttpClient-1-2] DEBUG org.asynchttpclient.netty.handler.HttpHandler - 

Request DefaultFullHttpRequest(decodeResult: success, version: HTTP/1.1, content: EmptyByteBufBE)
GET /session/5ad97dfb5cc8ee7bdc66ecb7503f8fc1/url HTTP/1.1
User-Agent: selenium/4.8.0 (java windows)
Cache-Control: no-cache
Content-Type: application/json; charset=utf-8
host: localhost:7138
accept: */*

Response DefaultHttpResponse(decodeResult: success, version: HTTP/1.1)
HTTP/1.1 200 OK
Content-Length: 86
Content-Type: application/json; charset=utf-8
cache-control: no-cache

13:08:59.699 [AsyncHttpClient-1-2] DEBUG org.asynchttpclient.netty.channel.ChannelManager - Adding key: http://localhost:7138 for channel [id: 0x4eddb369, L:/127.0.0.1:58747 - R:localhost/127.0.0.1:7138]
13:08:59.700 [main] DEBUG net.thucydides.core.steps.StepInterceptor - STARTING STEP: OpenCartStepDefinition.add_to_cart - !#title
13:08:59.704 [Forwarding getPageSource on session 5ad97dfb5cc8ee7bdc66ecb7503f8fc1 to remote] DEBUG org.asynchttpclient.netty.request.NettyRequestSender - Using pooled Channel '[id: 0x4eddb369, L:/127.0.0.1:58747 - R:localhost/127.0.0.1:7138]' for 'POST' to 'http://localhost:7138/session/5ad97dfb5cc8ee7bdc66ecb7503f8fc1/execute/sync'
13:08:59.704 [Forwarding getPageSource on session 5ad97dfb5cc8ee7bdc66ecb7503f8fc1 to remote] DEBUG org.asynchttpclient.netty.request.NettyRequestSender - Using open Channel [id: 0x4eddb369, L:/127.0.0.1:58747 - R:localhost/127.0.0.1:7138] for POST '/session/5ad97dfb5cc8ee7bdc66ecb7503f8fc1/execute/sync'
13:08:59.707 [AsyncHttpClient-1-2] DEBUG org.asynchttpclient.netty.handler.HttpHandler - 

Request DefaultHttpRequest(decodeResult: success, version: HTTP/1.1)
POST /session/5ad97dfb5cc8ee7bdc66ecb7503f8fc1/execute/sync HTTP/1.1
User-Agent: selenium/4.8.0 (java windows)
Content-Length: 176
Content-Type: application/json; charset=utf-8
host: localhost:7138
accept: */*

Response DefaultHttpResponse(decodeResult: success, version: HTTP/1.1)
HTTP/1.1 200 OK
Content-Length: 41637
Content-Type: application/json; charset=utf-8
cache-control: no-cache

13:08:59.708 [AsyncHttpClient-1-2] DEBUG org.asynchttpclient.netty.channel.ChannelManager - Adding key: http://localhost:7138 for channel [id: 0x4eddb369, L:/127.0.0.1:58747 - R:localhost/127.0.0.1:7138]
13:08:59.711 [Forwarding getCurrentUrl on session 5ad97dfb5cc8ee7bdc66ecb7503f8fc1 to remote] DEBUG org.asynchttpclient.netty.request.NettyRequestSender - Using pooled Channel '[id: 0x4eddb369, L:/127.0.0.1:58747 - R:localhost/127.0.0.1:7138]' for 'GET' to 'http://localhost:7138/session/5ad97dfb5cc8ee7bdc66ecb7503f8fc1/url'
13:08:59.711 [Forwarding getCurrentUrl on session 5ad97dfb5cc8ee7bdc66ecb7503f8fc1 to remote] DEBUG org.asynchttpclient.netty.request.NettyRequestSender - Using open Channel [id: 0x4eddb369, L:/127.0.0.1:58747 - R:localhost/127.0.0.1:7138] for GET '/session/5ad97dfb5cc8ee7bdc66ecb7503f8fc1/url'
13:08:59.713 [AsyncHttpClient-1-2] DEBUG org.asynchttpclient.netty.handler.HttpHandler - 

Request DefaultFullHttpRequest(decodeResult: success, version: HTTP/1.1, content: EmptyByteBufBE)
GET /session/5ad97dfb5cc8ee7bdc66ecb7503f8fc1/url HTTP/1.1
User-Agent: selenium/4.8.0 (java windows)
Cache-Control: no-cache
Content-Type: application/json; charset=utf-8
host: localhost:7138
accept: */*

Response DefaultHttpResponse(decodeResult: success, version: HTTP/1.1)
HTTP/1.1 200 OK
Content-Length: 86
Content-Type: application/json; charset=utf-8
cache-control: no-cache

13:08:59.713 [AsyncHttpClient-1-2] DEBUG org.asynchttpclient.netty.channel.ChannelManager - Adding key: http://localhost:7138 for channel [id: 0x4eddb369, L:/127.0.0.1:58747 - R:localhost/127.0.0.1:7138]
13:08:59.715 [main] DEBUG net.thucydides.core.steps.StepInterceptor - STARTING STEP: OpenCartStepDefinition.add_to_cart - {0} clicks on #locators
13:08:59.718 [Forwarding findElement on session 5ad97dfb5cc8ee7bdc66ecb7503f8fc1 to remote] DEBUG org.asynchttpclient.netty.request.NettyRequestSender - Using pooled Channel '[id: 0x4eddb369, L:/127.0.0.1:58747 - R:localhost/127.0.0.1:7138]' for 'POST' to 'http://localhost:7138/session/5ad97dfb5cc8ee7bdc66ecb7503f8fc1/element'
13:08:59.718 [Forwarding findElement on session 5ad97dfb5cc8ee7bdc66ecb7503f8fc1 to remote] DEBUG org.asynchttpclient.netty.request.NettyRequestSender - Using open Channel [id: 0x4eddb369, L:/127.0.0.1:58747 - R:localhost/127.0.0.1:7138] for POST '/session/5ad97dfb5cc8ee7bdc66ecb7503f8fc1/element'
13:08:59.723 [AsyncHttpClient-1-2] DEBUG org.asynchttpclient.netty.handler.HttpHandler - 

Request DefaultHttpRequest(decodeResult: success, version: HTTP/1.1)
POST /session/5ad97dfb5cc8ee7bdc66ecb7503f8fc1/element HTTP/1.1
User-Agent: selenium/4.8.0 (java windows)
Content-Length: 139
Content-Type: application/json; charset=utf-8
host: localhost:7138
accept: */*

Response DefaultHttpResponse(decodeResult: success, version: HTTP/1.1)
HTTP/1.1 200 OK
Content-Length: 96
Content-Type: application/json; charset=utf-8
cache-control: no-cache

13:08:59.723 [AsyncHttpClient-1-2] DEBUG org.asynchttpclient.netty.channel.ChannelManager - Adding key: http://localhost:7138 for channel [id: 0x4eddb369, L:/127.0.0.1:58747 - R:localhost/127.0.0.1:7138]
13:08:59.726 [Forwarding isElementDisplayed on session 5ad97dfb5cc8ee7bdc66ecb7503f8fc1 to remote] DEBUG org.asynchttpclient.netty.request.NettyRequestSender - Using pooled Channel '[id: 0x4eddb369, L:/127.0.0.1:58747 - R:localhost/127.0.0.1:7138]' for 'POST' to 'http://localhost:7138/session/5ad97dfb5cc8ee7bdc66ecb7503f8fc1/execute/sync'
13:08:59.726 [Forwarding isElementDisplayed on session 5ad97dfb5cc8ee7bdc66ecb7503f8fc1 to remote] DEBUG org.asynchttpclient.netty.request.NettyRequestSender - Using open Channel [id: 0x4eddb369, L:/127.0.0.1:58747 - R:localhost/127.0.0.1:7138] for POST '/session/5ad97dfb5cc8ee7bdc66ecb7503f8fc1/execute/sync'
13:08:59.732 [AsyncHttpClient-1-2] DEBUG org.asynchttpclient.netty.handler.HttpHandler - 

Request DefaultHttpRequest(decodeResult: success, version: HTTP/1.1)
POST /session/5ad97dfb5cc8ee7bdc66ecb7503f8fc1/execute/sync HTTP/1.1
User-Agent: selenium/4.8.0 (java windows)
Content-Length: 48815
Content-Type: application/json; charset=utf-8
host: localhost:7138
accept: */*

Response DefaultHttpResponse(decodeResult: success, version: HTTP/1.1)
HTTP/1.1 200 OK
Content-Length: 14
Content-Type: application/json; charset=utf-8
cache-control: no-cache

13:08:59.732 [AsyncHttpClient-1-2] DEBUG org.asynchttpclient.netty.channel.ChannelManager - Adding key: http://localhost:7138 for channel [id: 0x4eddb369, L:/127.0.0.1:58747 - R:localhost/127.0.0.1:7138]
13:08:59.735 [Forwarding isElementDisplayed on session 5ad97dfb5cc8ee7bdc66ecb7503f8fc1 to remote] DEBUG org.asynchttpclient.netty.request.NettyRequestSender - Using pooled Channel '[id: 0x4eddb369, L:/127.0.0.1:58747 - R:localhost/127.0.0.1:7138]' for 'POST' to 'http://localhost:7138/session/5ad97dfb5cc8ee7bdc66ecb7503f8fc1/execute/sync'
13:08:59.735 [Forwarding isElementDisplayed on session 5ad97dfb5cc8ee7bdc66ecb7503f8fc1 to remote] DEBUG org.asynchttpclient.netty.request.NettyRequestSender - Using open Channel [id: 0x4eddb369, L:/127.0.0.1:58747 - R:localhost/127.0.0.1:7138] for POST '/session/5ad97dfb5cc8ee7bdc66ecb7503f8fc1/execute/sync'
13:08:59.741 [AsyncHttpClient-1-2] DEBUG org.asynchttpclient.netty.handler.HttpHandler - 

Request DefaultHttpRequest(decodeResult: success, version: HTTP/1.1)
POST /session/5ad97dfb5cc8ee7bdc66ecb7503f8fc1/execute/sync HTTP/1.1
User-Agent: selenium/4.8.0 (java windows)
Content-Length: 48815
Content-Type: application/json; charset=utf-8
host: localhost:7138
accept: */*

Response DefaultHttpResponse(decodeResult: success, version: HTTP/1.1)
HTTP/1.1 200 OK
Content-Length: 14
Content-Type: application/json; charset=utf-8
cache-control: no-cache

13:08:59.742 [AsyncHttpClient-1-2] DEBUG org.asynchttpclient.netty.channel.ChannelManager - Adding key: http://localhost:7138 for channel [id: 0x4eddb369, L:/127.0.0.1:58747 - R:localhost/127.0.0.1:7138]
13:08:59.743 [Forwarding clickElement on session 5ad97dfb5cc8ee7bdc66ecb7503f8fc1 to remote] DEBUG org.asynchttpclient.netty.request.NettyRequestSender - Using pooled Channel '[id: 0x4eddb369, L:/127.0.0.1:58747 - R:localhost/127.0.0.1:7138]' for 'POST' to 'http://localhost:7138/session/5ad97dfb5cc8ee7bdc66ecb7503f8fc1/element/9A50DD783AC337E6E58D32079D9A426D_element_147/click'
13:08:59.743 [Forwarding clickElement on session 5ad97dfb5cc8ee7bdc66ecb7503f8fc1 to remote] DEBUG org.asynchttpclient.netty.request.NettyRequestSender - Using open Channel [id: 0x4eddb369, L:/127.0.0.1:58747 - R:localhost/127.0.0.1:7138] for POST '/session/5ad97dfb5cc8ee7bdc66ecb7503f8fc1/element/9A50DD783AC337E6E58D32079D9A426D_element_147/click'
13:08:59.764 [AsyncHttpClient-1-2] DEBUG org.asynchttpclient.netty.handler.HttpHandler - 

Request DefaultHttpRequest(decodeResult: success, version: HTTP/1.1)
POST /session/5ad97dfb5cc8ee7bdc66ecb7503f8fc1/element/9A50DD783AC337E6E58D32079D9A426D_element_147/click HTTP/1.1
User-Agent: selenium/4.8.0 (java windows)
Content-Length: 58
Content-Type: application/json; charset=utf-8
host: localhost:7138
accept: */*

Response DefaultHttpResponse(decodeResult: success, version: HTTP/1.1)
HTTP/1.1 200 OK
Content-Length: 14
Content-Type: application/json; charset=utf-8
cache-control: no-cache

13:08:59.765 [AsyncHttpClient-1-2] DEBUG org.asynchttpclient.netty.channel.ChannelManager - Adding key: http://localhost:7138 for channel [id: 0x4eddb369, L:/127.0.0.1:58747 - R:localhost/127.0.0.1:7138]
13:08:59.769 [Forwarding getAlertText on session 5ad97dfb5cc8ee7bdc66ecb7503f8fc1 to remote] DEBUG org.asynchttpclient.netty.request.NettyRequestSender - Using pooled Channel '[id: 0x4eddb369, L:/127.0.0.1:58747 - R:localhost/127.0.0.1:7138]' for 'GET' to 'http://localhost:7138/session/5ad97dfb5cc8ee7bdc66ecb7503f8fc1/alert/text'
13:08:59.771 [Forwarding getAlertText on session 5ad97dfb5cc8ee7bdc66ecb7503f8fc1 to remote] DEBUG org.asynchttpclient.netty.request.NettyRequestSender - Using open Channel [id: 0x4eddb369, L:/127.0.0.1:58747 - R:localhost/127.0.0.1:7138] for GET '/session/5ad97dfb5cc8ee7bdc66ecb7503f8fc1/alert/text'
13:08:59.772 [AsyncHttpClient-1-2] DEBUG org.asynchttpclient.netty.handler.HttpHandler - 

Request DefaultFullHttpRequest(decodeResult: success, version: HTTP/1.1, content: EmptyByteBufBE)
GET /session/5ad97dfb5cc8ee7bdc66ecb7503f8fc1/alert/text HTTP/1.1
User-Agent: selenium/4.8.0 (java windows)
Cache-Control: no-cache
Content-Type: application/json; charset=utf-8
host: localhost:7138
accept: */*

Response DefaultHttpResponse(decodeResult: success, version: HTTP/1.1)
HTTP/1.1 404 Not Found
Content-Length: 820
Content-Type: application/json; charset=utf-8
cache-control: no-cache

13:08:59.772 [AsyncHttpClient-1-2] DEBUG org.asynchttpclient.netty.channel.ChannelManager - Adding key: http://localhost:7138 for channel [id: 0x4eddb369, L:/127.0.0.1:58747 - R:localhost/127.0.0.1:7138]
13:08:59.772 [Forwarding getCurrentUrl on session 5ad97dfb5cc8ee7bdc66ecb7503f8fc1 to remote] DEBUG org.asynchttpclient.netty.request.NettyRequestSender - Using pooled Channel '[id: 0x4eddb369, L:/127.0.0.1:58747 - R:localhost/127.0.0.1:7138]' for 'GET' to 'http://localhost:7138/session/5ad97dfb5cc8ee7bdc66ecb7503f8fc1/url'
13:08:59.772 [Forwarding getCurrentUrl on session 5ad97dfb5cc8ee7bdc66ecb7503f8fc1 to remote] DEBUG org.asynchttpclient.netty.request.NettyRequestSender - Using open Channel [id: 0x4eddb369, L:/127.0.0.1:58747 - R:localhost/127.0.0.1:7138] for GET '/session/5ad97dfb5cc8ee7bdc66ecb7503f8fc1/url'
13:08:59.774 [AsyncHttpClient-1-2] DEBUG org.asynchttpclient.netty.handler.HttpHandler - 

Request DefaultFullHttpRequest(decodeResult: success, version: HTTP/1.1, content: EmptyByteBufBE)
GET /session/5ad97dfb5cc8ee7bdc66ecb7503f8fc1/url HTTP/1.1
User-Agent: selenium/4.8.0 (java windows)
Cache-Control: no-cache
Content-Type: application/json; charset=utf-8
host: localhost:7138
accept: */*

Response DefaultHttpResponse(decodeResult: success, version: HTTP/1.1)
HTTP/1.1 200 OK
Content-Length: 86
Content-Type: application/json; charset=utf-8
cache-control: no-cache

13:08:59.774 [AsyncHttpClient-1-2] DEBUG org.asynchttpclient.netty.channel.ChannelManager - Adding key: http://localhost:7138 for channel [id: 0x4eddb369, L:/127.0.0.1:58747 - R:localhost/127.0.0.1:7138]
13:08:59.774 [Forwarding screenshot on session 5ad97dfb5cc8ee7bdc66ecb7503f8fc1 to remote] DEBUG org.asynchttpclient.netty.request.NettyRequestSender - Using pooled Channel '[id: 0x4eddb369, L:/127.0.0.1:58747 - R:localhost/127.0.0.1:7138]' for 'GET' to 'http://localhost:7138/session/5ad97dfb5cc8ee7bdc66ecb7503f8fc1/screenshot'
13:08:59.774 [Forwarding screenshot on session 5ad97dfb5cc8ee7bdc66ecb7503f8fc1 to remote] DEBUG org.asynchttpclient.netty.request.NettyRequestSender - Using open Channel [id: 0x4eddb369, L:/127.0.0.1:58747 - R:localhost/127.0.0.1:7138] for GET '/session/5ad97dfb5cc8ee7bdc66ecb7503f8fc1/screenshot'
13:08:59.877 [AsyncHttpClient-1-2] DEBUG org.asynchttpclient.netty.handler.HttpHandler - 

Request DefaultFullHttpRequest(decodeResult: success, version: HTTP/1.1, content: EmptyByteBufBE)
GET /session/5ad97dfb5cc8ee7bdc66ecb7503f8fc1/screenshot HTTP/1.1
User-Agent: selenium/4.8.0 (java windows)
Cache-Control: no-cache
Content-Type: application/json; charset=utf-8
host: localhost:7138
accept: */*

Response DefaultHttpResponse(decodeResult: success, version: HTTP/1.1)
HTTP/1.1 200 OK
Content-Length: 242044
Content-Type: application/json; charset=utf-8
cache-control: no-cache

13:08:59.878 [AsyncHttpClient-1-2] DEBUG org.asynchttpclient.netty.channel.ChannelManager - Adding key: http://localhost:7138 for channel [id: 0x4eddb369, L:/127.0.0.1:58747 - R:localhost/127.0.0.1:7138]
13:08:59.882 [main] DEBUG net.serenitybdd.core.photography.Darkroom - Send negative for processing for target\site\serenity\170a3ec4c1eec0acfc2fdd624c03e0033529fcd9cb135fcdb15f1a9be41fea1e.png
13:08:59.883 [Darkroom Processing Line] DEBUG net.serenitybdd.core.photography.DarkroomProcessingLine - Processing screenshot image in /var/screenshots/screenshot-8324406928086501246
13:08:59.883 [Darkroom Processing Line] DEBUG net.serenitybdd.core.photography.DarkroomProcessingLine - Saving screenshot to target\site\serenity\170a3ec4c1eec0acfc2fdd624c03e0033529fcd9cb135fcdb15f1a9be41fea1e.png
13:09:00.096 [main] DEBUG net.thucydides.core.steps.StepInterceptor - STEP DONE: {0} clicks on #locators
13:09:00.100 [Forwarding getAlertText on session 5ad97dfb5cc8ee7bdc66ecb7503f8fc1 to remote] DEBUG org.asynchttpclient.netty.request.NettyRequestSender - Using pooled Channel '[id: 0x4eddb369, L:/127.0.0.1:58747 - R:localhost/127.0.0.1:7138]' for 'GET' to 'http://localhost:7138/session/5ad97dfb5cc8ee7bdc66ecb7503f8fc1/alert/text'
13:09:00.100 [Forwarding getAlertText on session 5ad97dfb5cc8ee7bdc66ecb7503f8fc1 to remote] DEBUG org.asynchttpclient.netty.request.NettyRequestSender - Using open Channel [id: 0x4eddb369, L:/127.0.0.1:58747 - R:localhost/127.0.0.1:7138] for GET '/session/5ad97dfb5cc8ee7bdc66ecb7503f8fc1/alert/text'
13:09:00.101 [AsyncHttpClient-1-2] DEBUG org.asynchttpclient.netty.handler.HttpHandler - 

Request DefaultFullHttpRequest(decodeResult: success, version: HTTP/1.1, content: EmptyByteBufBE)
GET /session/5ad97dfb5cc8ee7bdc66ecb7503f8fc1/alert/text HTTP/1.1
User-Agent: selenium/4.8.0 (java windows)
Cache-Control: no-cache
Content-Type: application/json; charset=utf-8
host: localhost:7138
accept: */*

Response DefaultHttpResponse(decodeResult: success, version: HTTP/1.1)
HTTP/1.1 404 Not Found
Content-Length: 820
Content-Type: application/json; charset=utf-8
cache-control: no-cache

13:09:00.101 [AsyncHttpClient-1-2] DEBUG org.asynchttpclient.netty.channel.ChannelManager - Adding key: http://localhost:7138 for channel [id: 0x4eddb369, L:/127.0.0.1:58747 - R:localhost/127.0.0.1:7138]
13:09:00.102 [Forwarding getCurrentUrl on session 5ad97dfb5cc8ee7bdc66ecb7503f8fc1 to remote] DEBUG org.asynchttpclient.netty.request.NettyRequestSender - Using pooled Channel '[id: 0x4eddb369, L:/127.0.0.1:58747 - R:localhost/127.0.0.1:7138]' for 'GET' to 'http://localhost:7138/session/5ad97dfb5cc8ee7bdc66ecb7503f8fc1/url'
13:09:00.102 [Forwarding getCurrentUrl on session 5ad97dfb5cc8ee7bdc66ecb7503f8fc1 to remote] DEBUG org.asynchttpclient.netty.request.NettyRequestSender - Using open Channel [id: 0x4eddb369, L:/127.0.0.1:58747 - R:localhost/127.0.0.1:7138] for GET '/session/5ad97dfb5cc8ee7bdc66ecb7503f8fc1/url'
13:09:00.104 [AsyncHttpClient-1-2] DEBUG org.asynchttpclient.netty.handler.HttpHandler - 

Request DefaultFullHttpRequest(decodeResult: success, version: HTTP/1.1, content: EmptyByteBufBE)
GET /session/5ad97dfb5cc8ee7bdc66ecb7503f8fc1/url HTTP/1.1
User-Agent: selenium/4.8.0 (java windows)
Cache-Control: no-cache
Content-Type: application/json; charset=utf-8
host: localhost:7138
accept: */*

Response DefaultHttpResponse(decodeResult: success, version: HTTP/1.1)
HTTP/1.1 200 OK
Content-Length: 86
Content-Type: application/json; charset=utf-8
cache-control: no-cache

13:09:00.104 [AsyncHttpClient-1-2] DEBUG org.asynchttpclient.netty.channel.ChannelManager - Adding key: http://localhost:7138 for channel [id: 0x4eddb369, L:/127.0.0.1:58747 - R:localhost/127.0.0.1:7138]
13:09:00.104 [Forwarding screenshot on session 5ad97dfb5cc8ee7bdc66ecb7503f8fc1 to remote] DEBUG org.asynchttpclient.netty.request.NettyRequestSender - Using pooled Channel '[id: 0x4eddb369, L:/127.0.0.1:58747 - R:localhost/127.0.0.1:7138]' for 'GET' to 'http://localhost:7138/session/5ad97dfb5cc8ee7bdc66ecb7503f8fc1/screenshot'
13:09:00.104 [Forwarding screenshot on session 5ad97dfb5cc8ee7bdc66ecb7503f8fc1 to remote] DEBUG org.asynchttpclient.netty.request.NettyRequestSender - Using open Channel [id: 0x4eddb369, L:/127.0.0.1:58747 - R:localhost/127.0.0.1:7138] for GET '/session/5ad97dfb5cc8ee7bdc66ecb7503f8fc1/screenshot'
13:09:00.157 [AsyncHttpClient-1-1] DEBUG org.asynchttpclient.netty.channel.DefaultChannelPool - Entry count for : http://localhost:58748 : 1
13:09:00.207 [AsyncHttpClient-1-2] DEBUG org.asynchttpclient.netty.handler.HttpHandler - 

Request DefaultFullHttpRequest(decodeResult: success, version: HTTP/1.1, content: EmptyByteBufBE)
GET /session/5ad97dfb5cc8ee7bdc66ecb7503f8fc1/screenshot HTTP/1.1
User-Agent: selenium/4.8.0 (java windows)
Cache-Control: no-cache
Content-Type: application/json; charset=utf-8
host: localhost:7138
accept: */*

Response DefaultHttpResponse(decodeResult: success, version: HTTP/1.1)
HTTP/1.1 200 OK
Content-Length: 248548
Content-Type: application/json; charset=utf-8
cache-control: no-cache

13:09:00.207 [AsyncHttpClient-1-2] DEBUG org.asynchttpclient.netty.channel.ChannelManager - Adding key: http://localhost:7138 for channel [id: 0x4eddb369, L:/127.0.0.1:58747 - R:localhost/127.0.0.1:7138]
13:09:00.212 [main] DEBUG net.serenitybdd.core.photography.Darkroom - Send negative for processing for target\site\serenity\47c77d03048250017bf4a6cf6f54de06ed39e814a048020005466a4af28ef703.png
13:09:00.214 [Darkroom Processing Line] DEBUG net.serenitybdd.core.photography.DarkroomProcessingLine - Processing screenshot image in /var/screenshots/screenshot-629463905063728459
13:09:00.214 [Darkroom Processing Line] DEBUG net.serenitybdd.core.photography.DarkroomProcessingLine - Saving screenshot to target\site\serenity\47c77d03048250017bf4a6cf6f54de06ed39e814a048020005466a4af28ef703.png
13:09:00.424 [main] DEBUG net.thucydides.core.steps.StepInterceptor - STEP DONE: !#title
  &amp#27;[32mWhen &amp#27;[0m&amp#27;[32mshe adds the first result&amp#27;[0m                                                                                                                       &amp#27;[90m# io.cucumber.skeleton.stepdefinitions.OpenCartStepDefinition.add_to_cart()&amp#27;[0m
13:09:00.428 [Forwarding getAlertText on session 5ad97dfb5cc8ee7bdc66ecb7503f8fc1 to remote] DEBUG org.asynchttpclient.netty.request.NettyRequestSender - Using pooled Channel '[id: 0x4eddb369, L:/127.0.0.1:58747 - R:localhost/127.0.0.1:7138]' for 'GET' to 'http://localhost:7138/session/5ad97dfb5cc8ee7bdc66ecb7503f8fc1/alert/text'
13:09:00.428 [Forwarding getAlertText on session 5ad97dfb5cc8ee7bdc66ecb7503f8fc1 to remote] DEBUG org.asynchttpclient.netty.request.NettyRequestSender - Using open Channel [id: 0x4eddb369, L:/127.0.0.1:58747 - R:localhost/127.0.0.1:7138] for GET '/session/5ad97dfb5cc8ee7bdc66ecb7503f8fc1/alert/text'
13:09:00.429 [AsyncHttpClient-1-2] DEBUG org.asynchttpclient.netty.handler.HttpHandler - 

Request DefaultFullHttpRequest(decodeResult: success, version: HTTP/1.1, content: EmptyByteBufBE)
GET /session/5ad97dfb5cc8ee7bdc66ecb7503f8fc1/alert/text HTTP/1.1
User-Agent: selenium/4.8.0 (java windows)
Cache-Control: no-cache
Content-Type: application/json; charset=utf-8
host: localhost:7138
accept: */*

Response DefaultHttpResponse(decodeResult: success, version: HTTP/1.1)
HTTP/1.1 404 Not Found
Content-Length: 820
Content-Type: application/json; charset=utf-8
cache-control: no-cache

13:09:00.429 [AsyncHttpClient-1-2] DEBUG org.asynchttpclient.netty.channel.ChannelManager - Adding key: http://localhost:7138 for channel [id: 0x4eddb369, L:/127.0.0.1:58747 - R:localhost/127.0.0.1:7138]
13:09:00.430 [Forwarding getCurrentUrl on session 5ad97dfb5cc8ee7bdc66ecb7503f8fc1 to remote] DEBUG org.asynchttpclient.netty.request.NettyRequestSender - Using pooled Channel '[id: 0x4eddb369, L:/127.0.0.1:58747 - R:localhost/127.0.0.1:7138]' for 'GET' to 'http://localhost:7138/session/5ad97dfb5cc8ee7bdc66ecb7503f8fc1/url'
13:09:00.430 [Forwarding getCurrentUrl on session 5ad97dfb5cc8ee7bdc66ecb7503f8fc1 to remote] DEBUG org.asynchttpclient.netty.request.NettyRequestSender - Using open Channel [id: 0x4eddb369, L:/127.0.0.1:58747 - R:localhost/127.0.0.1:7138] for GET '/session/5ad97dfb5cc8ee7bdc66ecb7503f8fc1/url'
13:09:00.434 [AsyncHttpClient-1-2] DEBUG org.asynchttpclient.netty.handler.HttpHandler - 

Request DefaultFullHttpRequest(decodeResult: success, version: HTTP/1.1, content: EmptyByteBufBE)
GET /session/5ad97dfb5cc8ee7bdc66ecb7503f8fc1/url HTTP/1.1
User-Agent: selenium/4.8.0 (java windows)
Cache-Control: no-cache
Content-Type: application/json; charset=utf-8
host: localhost:7138
accept: */*

Response DefaultHttpResponse(decodeResult: success, version: HTTP/1.1)
HTTP/1.1 200 OK
Content-Length: 86
Content-Type: application/json; charset=utf-8
cache-control: no-cache

13:09:00.434 [AsyncHttpClient-1-2] DEBUG org.asynchttpclient.netty.channel.ChannelManager - Adding key: http://localhost:7138 for channel [id: 0x4eddb369, L:/127.0.0.1:58747 - R:localhost/127.0.0.1:7138]
13:09:00.435 [Forwarding screenshot on session 5ad97dfb5cc8ee7bdc66ecb7503f8fc1 to remote] DEBUG org.asynchttpclient.netty.request.NettyRequestSender - Using pooled Channel '[id: 0x4eddb369, L:/127.0.0.1:58747 - R:localhost/127.0.0.1:7138]' for 'GET' to 'http://localhost:7138/session/5ad97dfb5cc8ee7bdc66ecb7503f8fc1/screenshot'
13:09:00.435 [Forwarding screenshot on session 5ad97dfb5cc8ee7bdc66ecb7503f8fc1 to remote] DEBUG org.asynchttpclient.netty.request.NettyRequestSender - Using open Channel [id: 0x4eddb369, L:/127.0.0.1:58747 - R:localhost/127.0.0.1:7138] for GET '/session/5ad97dfb5cc8ee7bdc66ecb7503f8fc1/screenshot'
13:09:00.541 [AsyncHttpClient-1-2] DEBUG org.asynchttpclient.netty.handler.HttpHandler - 

Request DefaultFullHttpRequest(decodeResult: success, version: HTTP/1.1, content: EmptyByteBufBE)
GET /session/5ad97dfb5cc8ee7bdc66ecb7503f8fc1/screenshot HTTP/1.1
User-Agent: selenium/4.8.0 (java windows)
Cache-Control: no-cache
Content-Type: application/json; charset=utf-8
host: localhost:7138
accept: */*

Response DefaultHttpResponse(decodeResult: success, version: HTTP/1.1)
HTTP/1.1 200 OK
Content-Length: 252316
Content-Type: application/json; charset=utf-8
cache-control: no-cache

13:09:00.541 [AsyncHttpClient-1-2] DEBUG org.asynchttpclient.netty.channel.ChannelManager - Adding key: http://localhost:7138 for channel [id: 0x4eddb369, L:/127.0.0.1:58747 - R:localhost/127.0.0.1:7138]
13:09:00.547 [main] DEBUG net.serenitybdd.core.photography.Darkroom - Send negative for processing for target\site\serenity\10a1d9240dc3a47408df9db08f941c49c6e0592065658796a260897c8d3f890a.png
13:09:00.547 [Darkroom Processing Line] DEBUG net.serenitybdd.core.photography.DarkroomProcessingLine - Processing screenshot image in /var/screenshots/screenshot-134758588966622885
13:09:00.547 [Darkroom Processing Line] DEBUG net.serenitybdd.core.photography.DarkroomProcessingLine - Saving screenshot to target\site\serenity\10a1d9240dc3a47408df9db08f941c49c6e0592065658796a260897c8d3f890a.png
13:09:00.755 [Forwarding getAlertText on session 5ad97dfb5cc8ee7bdc66ecb7503f8fc1 to remote] DEBUG org.asynchttpclient.netty.request.NettyRequestSender - Using pooled Channel '[id: 0x4eddb369, L:/127.0.0.1:58747 - R:localhost/127.0.0.1:7138]' for 'GET' to 'http://localhost:7138/session/5ad97dfb5cc8ee7bdc66ecb7503f8fc1/alert/text'
13:09:00.755 [Forwarding getAlertText on session 5ad97dfb5cc8ee7bdc66ecb7503f8fc1 to remote] DEBUG org.asynchttpclient.netty.request.NettyRequestSender - Using open Channel [id: 0x4eddb369, L:/127.0.0.1:58747 - R:localhost/127.0.0.1:7138] for GET '/session/5ad97dfb5cc8ee7bdc66ecb7503f8fc1/alert/text'
13:09:00.758 [AsyncHttpClient-1-2] DEBUG org.asynchttpclient.netty.handler.HttpHandler - 

Request DefaultFullHttpRequest(decodeResult: success, version: HTTP/1.1, content: EmptyByteBufBE)
GET /session/5ad97dfb5cc8ee7bdc66ecb7503f8fc1/alert/text HTTP/1.1
User-Agent: selenium/4.8.0 (java windows)
Cache-Control: no-cache
Content-Type: application/json; charset=utf-8
host: localhost:7138
accept: */*

Response DefaultHttpResponse(decodeResult: success, version: HTTP/1.1)
HTTP/1.1 404 Not Found
Content-Length: 820
Content-Type: application/json; charset=utf-8
cache-control: no-cache

13:09:00.758 [AsyncHttpClient-1-2] DEBUG org.asynchttpclient.netty.channel.ChannelManager - Adding key: http://localhost:7138 for channel [id: 0x4eddb369, L:/127.0.0.1:58747 - R:localhost/127.0.0.1:7138]
13:09:00.758 [Forwarding getCurrentUrl on session 5ad97dfb5cc8ee7bdc66ecb7503f8fc1 to remote] DEBUG org.asynchttpclient.netty.request.NettyRequestSender - Using pooled Channel '[id: 0x4eddb369, L:/127.0.0.1:58747 - R:localhost/127.0.0.1:7138]' for 'GET' to 'http://localhost:7138/session/5ad97dfb5cc8ee7bdc66ecb7503f8fc1/url'
13:09:00.758 [Forwarding getCurrentUrl on session 5ad97dfb5cc8ee7bdc66ecb7503f8fc1 to remote] DEBUG org.asynchttpclient.netty.request.NettyRequestSender - Using open Channel [id: 0x4eddb369, L:/127.0.0.1:58747 - R:localhost/127.0.0.1:7138] for GET '/session/5ad97dfb5cc8ee7bdc66ecb7503f8fc1/url'
13:09:00.761 [AsyncHttpClient-1-2] DEBUG org.asynchttpclient.netty.handler.HttpHandler - 

Request DefaultFullHttpRequest(decodeResult: success, version: HTTP/1.1, content: EmptyByteBufBE)
GET /session/5ad97dfb5cc8ee7bdc66ecb7503f8fc1/url HTTP/1.1
User-Agent: selenium/4.8.0 (java windows)
Cache-Control: no-cache
Content-Type: application/json; charset=utf-8
host: localhost:7138
accept: */*

Response DefaultHttpResponse(decodeResult: success, version: HTTP/1.1)
HTTP/1.1 200 OK
Content-Length: 86
Content-Type: application/json; charset=utf-8
cache-control: no-cache

13:09:00.761 [AsyncHttpClient-1-2] DEBUG org.asynchttpclient.netty.channel.ChannelManager - Adding key: http://localhost:7138 for channel [id: 0x4eddb369, L:/127.0.0.1:58747 - R:localhost/127.0.0.1:7138]
13:09:00.762 [Forwarding screenshot on session 5ad97dfb5cc8ee7bdc66ecb7503f8fc1 to remote] DEBUG org.asynchttpclient.netty.request.NettyRequestSender - Using pooled Channel '[id: 0x4eddb369, L:/127.0.0.1:58747 - R:localhost/127.0.0.1:7138]' for 'GET' to 'http://localhost:7138/session/5ad97dfb5cc8ee7bdc66ecb7503f8fc1/screenshot'
13:09:00.762 [Forwarding screenshot on session 5ad97dfb5cc8ee7bdc66ecb7503f8fc1 to remote] DEBUG org.asynchttpclient.netty.request.NettyRequestSender - Using open Channel [id: 0x4eddb369, L:/127.0.0.1:58747 - R:localhost/127.0.0.1:7138] for GET '/session/5ad97dfb5cc8ee7bdc66ecb7503f8fc1/screenshot'
13:09:00.862 [AsyncHttpClient-1-2] DEBUG org.asynchttpclient.netty.handler.HttpHandler - 

Request DefaultFullHttpRequest(decodeResult: success, version: HTTP/1.1, content: EmptyByteBufBE)
GET /session/5ad97dfb5cc8ee7bdc66ecb7503f8fc1/screenshot HTTP/1.1
User-Agent: selenium/4.8.0 (java windows)
Cache-Control: no-cache
Content-Type: application/json; charset=utf-8
host: localhost:7138
accept: */*

Response DefaultHttpResponse(decodeResult: success, version: HTTP/1.1)
HTTP/1.1 200 OK
Content-Length: 251460
Content-Type: application/json; charset=utf-8
cache-control: no-cache

13:09:00.862 [AsyncHttpClient-1-2] DEBUG org.asynchttpclient.netty.channel.ChannelManager - Adding key: http://localhost:7138 for channel [id: 0x4eddb369, L:/127.0.0.1:58747 - R:localhost/127.0.0.1:7138]
13:09:00.868 [main] DEBUG net.serenitybdd.core.photography.Darkroom - Send negative for processing for target\site\serenity\093fa0fcd4cf952eb652c4ed32b0fc327595b98dd4ad8ca5d0f2bf56b1524e55.png
13:09:00.868 [Darkroom Processing Line] DEBUG net.serenitybdd.core.photography.DarkroomProcessingLine - Processing screenshot image in /var/screenshots/screenshot-2200921003097266678
13:09:00.868 [Darkroom Processing Line] DEBUG net.serenitybdd.core.photography.DarkroomProcessingLine - Saving screenshot to target\site\serenity\093fa0fcd4cf952eb652c4ed32b0fc327595b98dd4ad8ca5d0f2bf56b1524e55.png
13:09:00.869 [Forwarding getPageSource on session 5ad97dfb5cc8ee7bdc66ecb7503f8fc1 to remote] DEBUG org.asynchttpclient.netty.request.NettyRequestSender - Using pooled Channel '[id: 0x4eddb369, L:/127.0.0.1:58747 - R:localhost/127.0.0.1:7138]' for 'POST' to 'http://localhost:7138/session/5ad97dfb5cc8ee7bdc66ecb7503f8fc1/execute/sync'
13:09:00.869 [Forwarding getPageSource on session 5ad97dfb5cc8ee7bdc66ecb7503f8fc1 to remote] DEBUG org.asynchttpclient.netty.request.NettyRequestSender - Using open Channel [id: 0x4eddb369, L:/127.0.0.1:58747 - R:localhost/127.0.0.1:7138] for POST '/session/5ad97dfb5cc8ee7bdc66ecb7503f8fc1/execute/sync'
13:09:00.876 [AsyncHttpClient-1-2] DEBUG org.asynchttpclient.netty.handler.HttpHandler - 

Request DefaultHttpRequest(decodeResult: success, version: HTTP/1.1)
POST /session/5ad97dfb5cc8ee7bdc66ecb7503f8fc1/execute/sync HTTP/1.1
User-Agent: selenium/4.8.0 (java windows)
Content-Length: 176
Content-Type: application/json; charset=utf-8
host: localhost:7138
accept: */*

Response DefaultHttpResponse(decodeResult: success, version: HTTP/1.1)
HTTP/1.1 200 OK
Content-Length: 42940
Content-Type: application/json; charset=utf-8
cache-control: no-cache

13:09:00.876 [AsyncHttpClient-1-2] DEBUG org.asynchttpclient.netty.channel.ChannelManager - Adding key: http://localhost:7138 for channel [id: 0x4eddb369, L:/127.0.0.1:58747 - R:localhost/127.0.0.1:7138]
13:09:00.880 [Forwarding getCurrentUrl on session 5ad97dfb5cc8ee7bdc66ecb7503f8fc1 to remote] DEBUG org.asynchttpclient.netty.request.NettyRequestSender - Using pooled Channel '[id: 0x4eddb369, L:/127.0.0.1:58747 - R:localhost/127.0.0.1:7138]' for 'GET' to 'http://localhost:7138/session/5ad97dfb5cc8ee7bdc66ecb7503f8fc1/url'
13:09:00.880 [Forwarding getCurrentUrl on session 5ad97dfb5cc8ee7bdc66ecb7503f8fc1 to remote] DEBUG org.asynchttpclient.netty.request.NettyRequestSender - Using open Channel [id: 0x4eddb369, L:/127.0.0.1:58747 - R:localhost/127.0.0.1:7138] for GET '/session/5ad97dfb5cc8ee7bdc66ecb7503f8fc1/url'
13:09:00.883 [AsyncHttpClient-1-2] DEBUG org.asynchttpclient.netty.handler.HttpHandler - 

Request DefaultFullHttpRequest(decodeResult: success, version: HTTP/1.1, content: EmptyByteBufBE)
GET /session/5ad97dfb5cc8ee7bdc66ecb7503f8fc1/url HTTP/1.1
User-Agent: selenium/4.8.0 (java windows)
Cache-Control: no-cache
Content-Type: application/json; charset=utf-8
host: localhost:7138
accept: */*

Response DefaultHttpResponse(decodeResult: success, version: HTTP/1.1)
HTTP/1.1 200 OK
Content-Length: 86
Content-Type: application/json; charset=utf-8
cache-control: no-cache

13:09:00.883 [AsyncHttpClient-1-2] DEBUG org.asynchttpclient.netty.channel.ChannelManager - Adding key: http://localhost:7138 for channel [id: 0x4eddb369, L:/127.0.0.1:58747 - R:localhost/127.0.0.1:7138]
13:09:00.893 [Forwarding getPageSource on session 5ad97dfb5cc8ee7bdc66ecb7503f8fc1 to remote] DEBUG org.asynchttpclient.netty.request.NettyRequestSender - Using pooled Channel '[id: 0x4eddb369, L:/127.0.0.1:58747 - R:localhost/127.0.0.1:7138]' for 'POST' to 'http://localhost:7138/session/5ad97dfb5cc8ee7bdc66ecb7503f8fc1/execute/sync'
13:09:00.893 [Forwarding getPageSource on session 5ad97dfb5cc8ee7bdc66ecb7503f8fc1 to remote] DEBUG org.asynchttpclient.netty.request.NettyRequestSender - Using open Channel [id: 0x4eddb369, L:/127.0.0.1:58747 - R:localhost/127.0.0.1:7138] for POST '/session/5ad97dfb5cc8ee7bdc66ecb7503f8fc1/execute/sync'
13:09:00.899 [AsyncHttpClient-1-2] DEBUG org.asynchttpclient.netty.handler.HttpHandler - 

Request DefaultHttpRequest(decodeResult: success, version: HTTP/1.1)
POST /session/5ad97dfb5cc8ee7bdc66ecb7503f8fc1/execute/sync HTTP/1.1
User-Agent: selenium/4.8.0 (java windows)
Content-Length: 176
Content-Type: application/json; charset=utf-8
host: localhost:7138
accept: */*

Response DefaultHttpResponse(decodeResult: success, version: HTTP/1.1)
HTTP/1.1 200 OK
Content-Length: 42940
Content-Type: application/json; charset=utf-8
cache-control: no-cache

13:09:00.899 [AsyncHttpClient-1-2] DEBUG org.asynchttpclient.netty.channel.ChannelManager - Adding key: http://localhost:7138 for channel [id: 0x4eddb369, L:/127.0.0.1:58747 - R:localhost/127.0.0.1:7138]
13:09:00.904 [Forwarding getCurrentUrl on session 5ad97dfb5cc8ee7bdc66ecb7503f8fc1 to remote] DEBUG org.asynchttpclient.netty.request.NettyRequestSender - Using pooled Channel '[id: 0x4eddb369, L:/127.0.0.1:58747 - R:localhost/127.0.0.1:7138]' for 'GET' to 'http://localhost:7138/session/5ad97dfb5cc8ee7bdc66ecb7503f8fc1/url'
13:09:00.904 [Forwarding getCurrentUrl on session 5ad97dfb5cc8ee7bdc66ecb7503f8fc1 to remote] DEBUG org.asynchttpclient.netty.request.NettyRequestSender - Using open Channel [id: 0x4eddb369, L:/127.0.0.1:58747 - R:localhost/127.0.0.1:7138] for GET '/session/5ad97dfb5cc8ee7bdc66ecb7503f8fc1/url'
13:09:00.907 [AsyncHttpClient-1-2] DEBUG org.asynchttpclient.netty.handler.HttpHandler - 

Request DefaultFullHttpRequest(decodeResult: success, version: HTTP/1.1, content: EmptyByteBufBE)
GET /session/5ad97dfb5cc8ee7bdc66ecb7503f8fc1/url HTTP/1.1
User-Agent: selenium/4.8.0 (java windows)
Cache-Control: no-cache
Content-Type: application/json; charset=utf-8
host: localhost:7138
accept: */*

Response DefaultHttpResponse(decodeResult: success, version: HTTP/1.1)
HTTP/1.1 200 OK
Content-Length: 86
Content-Type: application/json; charset=utf-8
cache-control: no-cache

13:09:00.907 [AsyncHttpClient-1-2] DEBUG org.asynchttpclient.netty.channel.ChannelManager - Adding key: http://localhost:7138 for channel [id: 0x4eddb369, L:/127.0.0.1:58747 - R:localhost/127.0.0.1:7138]
13:09:00.908 [main] DEBUG net.thucydides.core.steps.StepInterceptor - STARTING STEP: OpenCartStepDefinition.go_to_cart - !#title
13:09:00.912 [Forwarding getPageSource on session 5ad97dfb5cc8ee7bdc66ecb7503f8fc1 to remote] DEBUG org.asynchttpclient.netty.request.NettyRequestSender - Using pooled Channel '[id: 0x4eddb369, L:/127.0.0.1:58747 - R:localhost/127.0.0.1:7138]' for 'POST' to 'http://localhost:7138/session/5ad97dfb5cc8ee7bdc66ecb7503f8fc1/execute/sync'
13:09:00.912 [Forwarding getPageSource on session 5ad97dfb5cc8ee7bdc66ecb7503f8fc1 to remote] DEBUG org.asynchttpclient.netty.request.NettyRequestSender - Using open Channel [id: 0x4eddb369, L:/127.0.0.1:58747 - R:localhost/127.0.0.1:7138] for POST '/session/5ad97dfb5cc8ee7bdc66ecb7503f8fc1/execute/sync'
13:09:00.917 [AsyncHttpClient-1-2] DEBUG org.asynchttpclient.netty.handler.HttpHandler - 

Request DefaultHttpRequest(decodeResult: success, version: HTTP/1.1)
POST /session/5ad97dfb5cc8ee7bdc66ecb7503f8fc1/execute/sync HTTP/1.1
User-Agent: selenium/4.8.0 (java windows)
Content-Length: 176
Content-Type: application/json; charset=utf-8
host: localhost:7138
accept: */*

Response DefaultHttpResponse(decodeResult: success, version: HTTP/1.1)
HTTP/1.1 200 OK
Content-Length: 42940
Content-Type: application/json; charset=utf-8
cache-control: no-cache

13:09:00.917 [AsyncHttpClient-1-2] DEBUG org.asynchttpclient.netty.channel.ChannelManager - Adding key: http://localhost:7138 for channel [id: 0x4eddb369, L:/127.0.0.1:58747 - R:localhost/127.0.0.1:7138]
13:09:00.921 [Forwarding getCurrentUrl on session 5ad97dfb5cc8ee7bdc66ecb7503f8fc1 to remote] DEBUG org.asynchttpclient.netty.request.NettyRequestSender - Using pooled Channel '[id: 0x4eddb369, L:/127.0.0.1:58747 - R:localhost/127.0.0.1:7138]' for 'GET' to 'http://localhost:7138/session/5ad97dfb5cc8ee7bdc66ecb7503f8fc1/url'
13:09:00.922 [Forwarding getCurrentUrl on session 5ad97dfb5cc8ee7bdc66ecb7503f8fc1 to remote] DEBUG org.asynchttpclient.netty.request.NettyRequestSender - Using open Channel [id: 0x4eddb369, L:/127.0.0.1:58747 - R:localhost/127.0.0.1:7138] for GET '/session/5ad97dfb5cc8ee7bdc66ecb7503f8fc1/url'
13:09:00.924 [AsyncHttpClient-1-2] DEBUG org.asynchttpclient.netty.handler.HttpHandler - 

Request DefaultFullHttpRequest(decodeResult: success, version: HTTP/1.1, content: EmptyByteBufBE)
GET /session/5ad97dfb5cc8ee7bdc66ecb7503f8fc1/url HTTP/1.1
User-Agent: selenium/4.8.0 (java windows)
Cache-Control: no-cache
Content-Type: application/json; charset=utf-8
host: localhost:7138
accept: */*

Response DefaultHttpResponse(decodeResult: success, version: HTTP/1.1)
HTTP/1.1 200 OK
Content-Length: 86
Content-Type: application/json; charset=utf-8
cache-control: no-cache

13:09:00.924 [AsyncHttpClient-1-2] DEBUG org.asynchttpclient.netty.channel.ChannelManager - Adding key: http://localhost:7138 for channel [id: 0x4eddb369, L:/127.0.0.1:58747 - R:localhost/127.0.0.1:7138]
13:09:00.926 [main] DEBUG net.thucydides.core.steps.StepInterceptor - STARTING STEP: OpenCartStepDefinition.go_to_cart - {0} clicks on #locators
13:09:00.929 [Forwarding findElement on session 5ad97dfb5cc8ee7bdc66ecb7503f8fc1 to remote] DEBUG org.asynchttpclient.netty.request.NettyRequestSender - Using pooled Channel '[id: 0x4eddb369, L:/127.0.0.1:58747 - R:localhost/127.0.0.1:7138]' for 'POST' to 'http://localhost:7138/session/5ad97dfb5cc8ee7bdc66ecb7503f8fc1/element'
13:09:00.929 [Forwarding findElement on session 5ad97dfb5cc8ee7bdc66ecb7503f8fc1 to remote] DEBUG org.asynchttpclient.netty.request.NettyRequestSender - Using open Channel [id: 0x4eddb369, L:/127.0.0.1:58747 - R:localhost/127.0.0.1:7138] for POST '/session/5ad97dfb5cc8ee7bdc66ecb7503f8fc1/element'
13:09:00.936 [AsyncHttpClient-1-2] DEBUG org.asynchttpclient.netty.handler.HttpHandler - 

Request DefaultHttpRequest(decodeResult: success, version: HTTP/1.1)
POST /session/5ad97dfb5cc8ee7bdc66ecb7503f8fc1/element HTTP/1.1
User-Agent: selenium/4.8.0 (java windows)
Content-Length: 74
Content-Type: application/json; charset=utf-8
host: localhost:7138
accept: */*

Response DefaultHttpResponse(decodeResult: success, version: HTTP/1.1)
HTTP/1.1 200 OK
Content-Length: 96
Content-Type: application/json; charset=utf-8
cache-control: no-cache

13:09:00.936 [AsyncHttpClient-1-2] DEBUG org.asynchttpclient.netty.channel.ChannelManager - Adding key: http://localhost:7138 for channel [id: 0x4eddb369, L:/127.0.0.1:58747 - R:localhost/127.0.0.1:7138]
13:09:00.938 [Forwarding isElementDisplayed on session 5ad97dfb5cc8ee7bdc66ecb7503f8fc1 to remote] DEBUG org.asynchttpclient.netty.request.NettyRequestSender - Using pooled Channel '[id: 0x4eddb369, L:/127.0.0.1:58747 - R:localhost/127.0.0.1:7138]' for 'POST' to 'http://localhost:7138/session/5ad97dfb5cc8ee7bdc66ecb7503f8fc1/execute/sync'
13:09:00.938 [Forwarding isElementDisplayed on session 5ad97dfb5cc8ee7bdc66ecb7503f8fc1 to remote] DEBUG org.asynchttpclient.netty.request.NettyRequestSender - Using open Channel [id: 0x4eddb369, L:/127.0.0.1:58747 - R:localhost/127.0.0.1:7138] for POST '/session/5ad97dfb5cc8ee7bdc66ecb7503f8fc1/execute/sync'
13:09:00.944 [AsyncHttpClient-1-2] DEBUG org.asynchttpclient.netty.handler.HttpHandler - 

Request DefaultHttpRequest(decodeResult: success, version: HTTP/1.1)
POST /session/5ad97dfb5cc8ee7bdc66ecb7503f8fc1/execute/sync HTTP/1.1
User-Agent: selenium/4.8.0 (java windows)
Content-Length: 48815
Content-Type: application/json; charset=utf-8
host: localhost:7138
accept: */*

Response DefaultHttpResponse(decodeResult: success, version: HTTP/1.1)
HTTP/1.1 200 OK
Content-Length: 14
Content-Type: application/json; charset=utf-8
cache-control: no-cache

13:09:00.944 [AsyncHttpClient-1-2] DEBUG org.asynchttpclient.netty.channel.ChannelManager - Adding key: http://localhost:7138 for channel [id: 0x4eddb369, L:/127.0.0.1:58747 - R:localhost/127.0.0.1:7138]
13:09:00.958 [Forwarding isElementDisplayed on session 5ad97dfb5cc8ee7bdc66ecb7503f8fc1 to remote] DEBUG org.asynchttpclient.netty.request.NettyRequestSender - Using pooled Channel '[id: 0x4eddb369, L:/127.0.0.1:58747 - R:localhost/127.0.0.1:7138]' for 'POST' to 'http://localhost:7138/session/5ad97dfb5cc8ee7bdc66ecb7503f8fc1/execute/sync'
13:09:00.958 [Forwarding isElementDisplayed on session 5ad97dfb5cc8ee7bdc66ecb7503f8fc1 to remote] DEBUG org.asynchttpclient.netty.request.NettyRequestSender - Using open Channel [id: 0x4eddb369, L:/127.0.0.1:58747 - R:localhost/127.0.0.1:7138] for POST '/session/5ad97dfb5cc8ee7bdc66ecb7503f8fc1/execute/sync'
13:09:00.964 [AsyncHttpClient-1-2] DEBUG org.asynchttpclient.netty.handler.HttpHandler - 

Request DefaultHttpRequest(decodeResult: success, version: HTTP/1.1)
POST /session/5ad97dfb5cc8ee7bdc66ecb7503f8fc1/execute/sync HTTP/1.1
User-Agent: selenium/4.8.0 (java windows)
Content-Length: 48815
Content-Type: application/json; charset=utf-8
host: localhost:7138
accept: */*

Response DefaultHttpResponse(decodeResult: success, version: HTTP/1.1)
HTTP/1.1 200 OK
Content-Length: 14
Content-Type: application/json; charset=utf-8
cache-control: no-cache

13:09:00.964 [AsyncHttpClient-1-2] DEBUG org.asynchttpclient.netty.channel.ChannelManager - Adding key: http://localhost:7138 for channel [id: 0x4eddb369, L:/127.0.0.1:58747 - R:localhost/127.0.0.1:7138]
13:09:00.965 [Forwarding clickElement on session 5ad97dfb5cc8ee7bdc66ecb7503f8fc1 to remote] DEBUG org.asynchttpclient.netty.request.NettyRequestSender - Using pooled Channel '[id: 0x4eddb369, L:/127.0.0.1:58747 - R:localhost/127.0.0.1:7138]' for 'POST' to 'http://localhost:7138/session/5ad97dfb5cc8ee7bdc66ecb7503f8fc1/element/9A50DD783AC337E6E58D32079D9A426D_element_175/click'
13:09:00.965 [Forwarding clickElement on session 5ad97dfb5cc8ee7bdc66ecb7503f8fc1 to remote] DEBUG org.asynchttpclient.netty.request.NettyRequestSender - Using open Channel [id: 0x4eddb369, L:/127.0.0.1:58747 - R:localhost/127.0.0.1:7138] for POST '/session/5ad97dfb5cc8ee7bdc66ecb7503f8fc1/element/9A50DD783AC337E6E58D32079D9A426D_element_175/click'
13:09:01.250 [AsyncHttpClient-1-1] DEBUG org.asynchttpclient.netty.channel.DefaultChannelPool - Entry count for : http://localhost:58748 : 1
13:09:01.266 [AsyncHttpClient-1-2] DEBUG org.asynchttpclient.netty.handler.HttpHandler - 

Request DefaultHttpRequest(decodeResult: success, version: HTTP/1.1)
POST /session/5ad97dfb5cc8ee7bdc66ecb7503f8fc1/element/9A50DD783AC337E6E58D32079D9A426D_element_175/click HTTP/1.1
User-Agent: selenium/4.8.0 (java windows)
Content-Length: 58
Content-Type: application/json; charset=utf-8
host: localhost:7138
accept: */*

Response DefaultHttpResponse(decodeResult: success, version: HTTP/1.1)
HTTP/1.1 200 OK
Content-Length: 14
Content-Type: application/json; charset=utf-8
cache-control: no-cache

13:09:01.266 [AsyncHttpClient-1-2] DEBUG org.asynchttpclient.netty.channel.ChannelManager - Adding key: http://localhost:7138 for channel [id: 0x4eddb369, L:/127.0.0.1:58747 - R:localhost/127.0.0.1:7138]
13:09:01.270 [Forwarding getAlertText on session 5ad97dfb5cc8ee7bdc66ecb7503f8fc1 to remote] DEBUG org.asynchttpclient.netty.request.NettyRequestSender - Using pooled Channel '[id: 0x4eddb369, L:/127.0.0.1:58747 - R:localhost/127.0.0.1:7138]' for 'GET' to 'http://localhost:7138/session/5ad97dfb5cc8ee7bdc66ecb7503f8fc1/alert/text'
13:09:01.270 [Forwarding getAlertText on session 5ad97dfb5cc8ee7bdc66ecb7503f8fc1 to remote] DEBUG org.asynchttpclient.netty.request.NettyRequestSender - Using open Channel [id: 0x4eddb369, L:/127.0.0.1:58747 - R:localhost/127.0.0.1:7138] for GET '/session/5ad97dfb5cc8ee7bdc66ecb7503f8fc1/alert/text'
13:09:01.271 [AsyncHttpClient-1-2] DEBUG org.asynchttpclient.netty.handler.HttpHandler - 

Request DefaultFullHttpRequest(decodeResult: success, version: HTTP/1.1, content: EmptyByteBufBE)
GET /session/5ad97dfb5cc8ee7bdc66ecb7503f8fc1/alert/text HTTP/1.1
User-Agent: selenium/4.8.0 (java windows)
Cache-Control: no-cache
Content-Type: application/json; charset=utf-8
host: localhost:7138
accept: */*

Response DefaultHttpResponse(decodeResult: success, version: HTTP/1.1)
HTTP/1.1 404 Not Found
Content-Length: 820
Content-Type: application/json; charset=utf-8
cache-control: no-cache

13:09:01.271 [AsyncHttpClient-1-2] DEBUG org.asynchttpclient.netty.channel.ChannelManager - Adding key: http://localhost:7138 for channel [id: 0x4eddb369, L:/127.0.0.1:58747 - R:localhost/127.0.0.1:7138]
13:09:01.272 [Forwarding getCurrentUrl on session 5ad97dfb5cc8ee7bdc66ecb7503f8fc1 to remote] DEBUG org.asynchttpclient.netty.request.NettyRequestSender - Using pooled Channel '[id: 0x4eddb369, L:/127.0.0.1:58747 - R:localhost/127.0.0.1:7138]' for 'GET' to 'http://localhost:7138/session/5ad97dfb5cc8ee7bdc66ecb7503f8fc1/url'
13:09:01.272 [Forwarding getCurrentUrl on session 5ad97dfb5cc8ee7bdc66ecb7503f8fc1 to remote] DEBUG org.asynchttpclient.netty.request.NettyRequestSender - Using open Channel [id: 0x4eddb369, L:/127.0.0.1:58747 - R:localhost/127.0.0.1:7138] for GET '/session/5ad97dfb5cc8ee7bdc66ecb7503f8fc1/url'
13:09:01.274 [AsyncHttpClient-1-2] DEBUG org.asynchttpclient.netty.handler.HttpHandler - 

Request DefaultFullHttpRequest(decodeResult: success, version: HTTP/1.1, content: EmptyByteBufBE)
GET /session/5ad97dfb5cc8ee7bdc66ecb7503f8fc1/url HTTP/1.1
User-Agent: selenium/4.8.0 (java windows)
Cache-Control: no-cache
Content-Type: application/json; charset=utf-8
host: localhost:7138
accept: */*

Response DefaultHttpResponse(decodeResult: success, version: HTTP/1.1)
HTTP/1.1 200 OK
Content-Length: 70
Content-Type: application/json; charset=utf-8
cache-control: no-cache

13:09:01.274 [AsyncHttpClient-1-2] DEBUG org.asynchttpclient.netty.channel.ChannelManager - Adding key: http://localhost:7138 for channel [id: 0x4eddb369, L:/127.0.0.1:58747 - R:localhost/127.0.0.1:7138]
13:09:01.274 [Forwarding screenshot on session 5ad97dfb5cc8ee7bdc66ecb7503f8fc1 to remote] DEBUG org.asynchttpclient.netty.request.NettyRequestSender - Using pooled Channel '[id: 0x4eddb369, L:/127.0.0.1:58747 - R:localhost/127.0.0.1:7138]' for 'GET' to 'http://localhost:7138/session/5ad97dfb5cc8ee7bdc66ecb7503f8fc1/screenshot'
13:09:01.274 [Forwarding screenshot on session 5ad97dfb5cc8ee7bdc66ecb7503f8fc1 to remote] DEBUG org.asynchttpclient.netty.request.NettyRequestSender - Using open Channel [id: 0x4eddb369, L:/127.0.0.1:58747 - R:localhost/127.0.0.1:7138] for GET '/session/5ad97dfb5cc8ee7bdc66ecb7503f8fc1/screenshot'
13:09:01.415 [AsyncHttpClient-1-2] DEBUG org.asynchttpclient.netty.handler.HttpHandler - 

Request DefaultFullHttpRequest(decodeResult: success, version: HTTP/1.1, content: EmptyByteBufBE)
GET /session/5ad97dfb5cc8ee7bdc66ecb7503f8fc1/screenshot HTTP/1.1
User-Agent: selenium/4.8.0 (java windows)
Cache-Control: no-cache
Content-Type: application/json; charset=utf-8
host: localhost:7138
accept: */*

Response DefaultHttpResponse(decodeResult: success, version: HTTP/1.1)
HTTP/1.1 200 OK
Content-Length: 137860
Content-Type: application/json; charset=utf-8
cache-control: no-cache

13:09:01.415 [AsyncHttpClient-1-2] DEBUG org.asynchttpclient.netty.channel.ChannelManager - Adding key: http://localhost:7138 for channel [id: 0x4eddb369, L:/127.0.0.1:58747 - R:localhost/127.0.0.1:7138]
13:09:01.419 [main] DEBUG net.serenitybdd.core.photography.Darkroom - Send negative for processing for target\site\serenity\d113f5e84f47f64b0ee72d350d5c36fdec999262f1157f51adc5f42f54a358e4.png
13:09:01.419 [Darkroom Processing Line] DEBUG net.serenitybdd.core.photography.DarkroomProcessingLine - Processing screenshot image in /var/screenshots/screenshot-7416300543887300255
13:09:01.419 [Darkroom Processing Line] DEBUG net.serenitybdd.core.photography.DarkroomProcessingLine - Saving screenshot to target\site\serenity\d113f5e84f47f64b0ee72d350d5c36fdec999262f1157f51adc5f42f54a358e4.png
13:09:01.626 [main] DEBUG net.thucydides.core.steps.StepInterceptor - STEP DONE: {0} clicks on #locators
13:09:01.629 [Forwarding getAlertText on session 5ad97dfb5cc8ee7bdc66ecb7503f8fc1 to remote] DEBUG org.asynchttpclient.netty.request.NettyRequestSender - Using pooled Channel '[id: 0x4eddb369, L:/127.0.0.1:58747 - R:localhost/127.0.0.1:7138]' for 'GET' to 'http://localhost:7138/session/5ad97dfb5cc8ee7bdc66ecb7503f8fc1/alert/text'
13:09:01.630 [Forwarding getAlertText on session 5ad97dfb5cc8ee7bdc66ecb7503f8fc1 to remote] DEBUG org.asynchttpclient.netty.request.NettyRequestSender - Using open Channel [id: 0x4eddb369, L:/127.0.0.1:58747 - R:localhost/127.0.0.1:7138] for GET '/session/5ad97dfb5cc8ee7bdc66ecb7503f8fc1/alert/text'
13:09:01.631 [AsyncHttpClient-1-2] DEBUG org.asynchttpclient.netty.handler.HttpHandler - 

Request DefaultFullHttpRequest(decodeResult: success, version: HTTP/1.1, content: EmptyByteBufBE)
GET /session/5ad97dfb5cc8ee7bdc66ecb7503f8fc1/alert/text HTTP/1.1
User-Agent: selenium/4.8.0 (java windows)
Cache-Control: no-cache
Content-Type: application/json; charset=utf-8
host: localhost:7138
accept: */*

Response DefaultHttpResponse(decodeResult: success, version: HTTP/1.1)
HTTP/1.1 404 Not Found
Content-Length: 820
Content-Type: application/json; charset=utf-8
cache-control: no-cache

13:09:01.631 [AsyncHttpClient-1-2] DEBUG org.asynchttpclient.netty.channel.ChannelManager - Adding key: http://localhost:7138 for channel [id: 0x4eddb369, L:/127.0.0.1:58747 - R:localhost/127.0.0.1:7138]
13:09:01.632 [Forwarding getCurrentUrl on session 5ad97dfb5cc8ee7bdc66ecb7503f8fc1 to remote] DEBUG org.asynchttpclient.netty.request.NettyRequestSender - Using pooled Channel '[id: 0x4eddb369, L:/127.0.0.1:58747 - R:localhost/127.0.0.1:7138]' for 'GET' to 'http://localhost:7138/session/5ad97dfb5cc8ee7bdc66ecb7503f8fc1/url'
13:09:01.632 [Forwarding getCurrentUrl on session 5ad97dfb5cc8ee7bdc66ecb7503f8fc1 to remote] DEBUG org.asynchttpclient.netty.request.NettyRequestSender - Using open Channel [id: 0x4eddb369, L:/127.0.0.1:58747 - R:localhost/127.0.0.1:7138] for GET '/session/5ad97dfb5cc8ee7bdc66ecb7503f8fc1/url'
13:09:01.634 [AsyncHttpClient-1-2] DEBUG org.asynchttpclient.netty.handler.HttpHandler - 

Request DefaultFullHttpRequest(decodeResult: success, version: HTTP/1.1, content: EmptyByteBufBE)
GET /session/5ad97dfb5cc8ee7bdc66ecb7503f8fc1/url HTTP/1.1
User-Agent: selenium/4.8.0 (java windows)
Cache-Control: no-cache
Content-Type: application/json; charset=utf-8
host: localhost:7138
accept: */*

Response DefaultHttpResponse(decodeResult: success, version: HTTP/1.1)
HTTP/1.1 200 OK
Content-Length: 70
Content-Type: application/json; charset=utf-8
cache-control: no-cache

13:09:01.634 [AsyncHttpClient-1-2] DEBUG org.asynchttpclient.netty.channel.ChannelManager - Adding key: http://localhost:7138 for channel [id: 0x4eddb369, L:/127.0.0.1:58747 - R:localhost/127.0.0.1:7138]
13:09:01.634 [Forwarding screenshot on session 5ad97dfb5cc8ee7bdc66ecb7503f8fc1 to remote] DEBUG org.asynchttpclient.netty.request.NettyRequestSender - Using pooled Channel '[id: 0x4eddb369, L:/127.0.0.1:58747 - R:localhost/127.0.0.1:7138]' for 'GET' to 'http://localhost:7138/session/5ad97dfb5cc8ee7bdc66ecb7503f8fc1/screenshot'
13:09:01.634 [Forwarding screenshot on session 5ad97dfb5cc8ee7bdc66ecb7503f8fc1 to remote] DEBUG org.asynchttpclient.netty.request.NettyRequestSender - Using open Channel [id: 0x4eddb369, L:/127.0.0.1:58747 - R:localhost/127.0.0.1:7138] for GET '/session/5ad97dfb5cc8ee7bdc66ecb7503f8fc1/screenshot'
13:09:01.728 [AsyncHttpClient-1-2] DEBUG org.asynchttpclient.netty.handler.HttpHandler - 

Request DefaultFullHttpRequest(decodeResult: success, version: HTTP/1.1, content: EmptyByteBufBE)
GET /session/5ad97dfb5cc8ee7bdc66ecb7503f8fc1/screenshot HTTP/1.1
User-Agent: selenium/4.8.0 (java windows)
Cache-Control: no-cache
Content-Type: application/json; charset=utf-8
host: localhost:7138
accept: */*

Response DefaultHttpResponse(decodeResult: success, version: HTTP/1.1)
HTTP/1.1 200 OK
Content-Length: 137860
Content-Type: application/json; charset=utf-8
cache-control: no-cache

13:09:01.730 [AsyncHttpClient-1-2] DEBUG org.asynchttpclient.netty.channel.ChannelManager - Adding key: http://localhost:7138 for channel [id: 0x4eddb369, L:/127.0.0.1:58747 - R:localhost/127.0.0.1:7138]
13:09:01.735 [main] DEBUG net.serenitybdd.core.photography.Darkroom - Send negative for processing for target\site\serenity\d113f5e84f47f64b0ee72d350d5c36fdec999262f1157f51adc5f42f54a358e4.png
13:09:01.937 [main] DEBUG net.thucydides.core.steps.StepInterceptor - STEP DONE: !#title
  &amp#27;[32mWhen &amp#27;[0m&amp#27;[32mshe clicks the cart button&amp#27;[0m                                                                                                                      &amp#27;[90m# io.cucumber.skeleton.stepdefinitions.OpenCartStepDefinition.go_to_cart()&amp#27;[0m
13:09:01.948 [Forwarding getAlertText on session 5ad97dfb5cc8ee7bdc66ecb7503f8fc1 to remote] DEBUG org.asynchttpclient.netty.request.NettyRequestSender - Using pooled Channel '[id: 0x4eddb369, L:/127.0.0.1:58747 - R:localhost/127.0.0.1:7138]' for 'GET' to 'http://localhost:7138/session/5ad97dfb5cc8ee7bdc66ecb7503f8fc1/alert/text'
13:09:01.948 [Forwarding getAlertText on session 5ad97dfb5cc8ee7bdc66ecb7503f8fc1 to remote] DEBUG org.asynchttpclient.netty.request.NettyRequestSender - Using open Channel [id: 0x4eddb369, L:/127.0.0.1:58747 - R:localhost/127.0.0.1:7138] for GET '/session/5ad97dfb5cc8ee7bdc66ecb7503f8fc1/alert/text'
13:09:01.950 [AsyncHttpClient-1-2] DEBUG org.asynchttpclient.netty.handler.HttpHandler - 

Request DefaultFullHttpRequest(decodeResult: success, version: HTTP/1.1, content: EmptyByteBufBE)
GET /session/5ad97dfb5cc8ee7bdc66ecb7503f8fc1/alert/text HTTP/1.1
User-Agent: selenium/4.8.0 (java windows)
Cache-Control: no-cache
Content-Type: application/json; charset=utf-8
host: localhost:7138
accept: */*

Response DefaultHttpResponse(decodeResult: success, version: HTTP/1.1)
HTTP/1.1 404 Not Found
Content-Length: 820
Content-Type: application/json; charset=utf-8
cache-control: no-cache

13:09:01.951 [AsyncHttpClient-1-2] DEBUG org.asynchttpclient.netty.channel.ChannelManager - Adding key: http://localhost:7138 for channel [id: 0x4eddb369, L:/127.0.0.1:58747 - R:localhost/127.0.0.1:7138]
13:09:01.951 [Forwarding getCurrentUrl on session 5ad97dfb5cc8ee7bdc66ecb7503f8fc1 to remote] DEBUG org.asynchttpclient.netty.request.NettyRequestSender - Using pooled Channel '[id: 0x4eddb369, L:/127.0.0.1:58747 - R:localhost/127.0.0.1:7138]' for 'GET' to 'http://localhost:7138/session/5ad97dfb5cc8ee7bdc66ecb7503f8fc1/url'
13:09:01.951 [Forwarding getCurrentUrl on session 5ad97dfb5cc8ee7bdc66ecb7503f8fc1 to remote] DEBUG org.asynchttpclient.netty.request.NettyRequestSender - Using open Channel [id: 0x4eddb369, L:/127.0.0.1:58747 - R:localhost/127.0.0.1:7138] for GET '/session/5ad97dfb5cc8ee7bdc66ecb7503f8fc1/url'
13:09:01.955 [AsyncHttpClient-1-2] DEBUG org.asynchttpclient.netty.handler.HttpHandler - 

Request DefaultFullHttpRequest(decodeResult: success, version: HTTP/1.1, content: EmptyByteBufBE)
GET /session/5ad97dfb5cc8ee7bdc66ecb7503f8fc1/url HTTP/1.1
User-Agent: selenium/4.8.0 (java windows)
Cache-Control: no-cache
Content-Type: application/json; charset=utf-8
host: localhost:7138
accept: */*

Response DefaultHttpResponse(decodeResult: success, version: HTTP/1.1)
HTTP/1.1 200 OK
Content-Length: 70
Content-Type: application/json; charset=utf-8
cache-control: no-cache

13:09:01.955 [AsyncHttpClient-1-2] DEBUG org.asynchttpclient.netty.channel.ChannelManager - Adding key: http://localhost:7138 for channel [id: 0x4eddb369, L:/127.0.0.1:58747 - R:localhost/127.0.0.1:7138]
13:09:01.955 [Forwarding screenshot on session 5ad97dfb5cc8ee7bdc66ecb7503f8fc1 to remote] DEBUG org.asynchttpclient.netty.request.NettyRequestSender - Using pooled Channel '[id: 0x4eddb369, L:/127.0.0.1:58747 - R:localhost/127.0.0.1:7138]' for 'GET' to 'http://localhost:7138/session/5ad97dfb5cc8ee7bdc66ecb7503f8fc1/screenshot'
13:09:01.955 [Forwarding screenshot on session 5ad97dfb5cc8ee7bdc66ecb7503f8fc1 to remote] DEBUG org.asynchttpclient.netty.request.NettyRequestSender - Using open Channel [id: 0x4eddb369, L:/127.0.0.1:58747 - R:localhost/127.0.0.1:7138] for GET '/session/5ad97dfb5cc8ee7bdc66ecb7503f8fc1/screenshot'
13:09:02.036 [AsyncHttpClient-1-2] DEBUG org.asynchttpclient.netty.handler.HttpHandler - 

Request DefaultFullHttpRequest(decodeResult: success, version: HTTP/1.1, content: EmptyByteBufBE)
GET /session/5ad97dfb5cc8ee7bdc66ecb7503f8fc1/screenshot HTTP/1.1
User-Agent: selenium/4.8.0 (java windows)
Cache-Control: no-cache
Content-Type: application/json; charset=utf-8
host: localhost:7138
accept: */*

Response DefaultHttpResponse(decodeResult: success, version: HTTP/1.1)
HTTP/1.1 200 OK
Content-Length: 137860
Content-Type: application/json; charset=utf-8
cache-control: no-cache

13:09:02.036 [AsyncHttpClient-1-2] DEBUG org.asynchttpclient.netty.channel.ChannelManager - Adding key: http://localhost:7138 for channel [id: 0x4eddb369, L:/127.0.0.1:58747 - R:localhost/127.0.0.1:7138]
13:09:02.044 [main] DEBUG net.serenitybdd.core.photography.Darkroom - Send negative for processing for target\site\serenity\d113f5e84f47f64b0ee72d350d5c36fdec999262f1157f51adc5f42f54a358e4.png
13:09:02.250 [Forwarding getAlertText on session 5ad97dfb5cc8ee7bdc66ecb7503f8fc1 to remote] DEBUG org.asynchttpclient.netty.request.NettyRequestSender - Using pooled Channel '[id: 0x4eddb369, L:/127.0.0.1:58747 - R:localhost/127.0.0.1:7138]' for 'GET' to 'http://localhost:7138/session/5ad97dfb5cc8ee7bdc66ecb7503f8fc1/alert/text'
13:09:02.251 [Forwarding getAlertText on session 5ad97dfb5cc8ee7bdc66ecb7503f8fc1 to remote] DEBUG org.asynchttpclient.netty.request.NettyRequestSender - Using open Channel [id: 0x4eddb369, L:/127.0.0.1:58747 - R:localhost/127.0.0.1:7138] for GET '/session/5ad97dfb5cc8ee7bdc66ecb7503f8fc1/alert/text'
13:09:02.252 [AsyncHttpClient-1-2] DEBUG org.asynchttpclient.netty.handler.HttpHandler - 

Request DefaultFullHttpRequest(decodeResult: success, version: HTTP/1.1, content: EmptyByteBufBE)
GET /session/5ad97dfb5cc8ee7bdc66ecb7503f8fc1/alert/text HTTP/1.1
User-Agent: selenium/4.8.0 (java windows)
Cache-Control: no-cache
Content-Type: application/json; charset=utf-8
host: localhost:7138
accept: */*

Response DefaultHttpResponse(decodeResult: success, version: HTTP/1.1)
HTTP/1.1 404 Not Found
Content-Length: 820
Content-Type: application/json; charset=utf-8
cache-control: no-cache

13:09:02.252 [AsyncHttpClient-1-2] DEBUG org.asynchttpclient.netty.channel.ChannelManager - Adding key: http://localhost:7138 for channel [id: 0x4eddb369, L:/127.0.0.1:58747 - R:localhost/127.0.0.1:7138]
13:09:02.252 [Forwarding getCurrentUrl on session 5ad97dfb5cc8ee7bdc66ecb7503f8fc1 to remote] DEBUG org.asynchttpclient.netty.request.NettyRequestSender - Using pooled Channel '[id: 0x4eddb369, L:/127.0.0.1:58747 - R:localhost/127.0.0.1:7138]' for 'GET' to 'http://localhost:7138/session/5ad97dfb5cc8ee7bdc66ecb7503f8fc1/url'
13:09:02.252 [Forwarding getCurrentUrl on session 5ad97dfb5cc8ee7bdc66ecb7503f8fc1 to remote] DEBUG org.asynchttpclient.netty.request.NettyRequestSender - Using open Channel [id: 0x4eddb369, L:/127.0.0.1:58747 - R:localhost/127.0.0.1:7138] for GET '/session/5ad97dfb5cc8ee7bdc66ecb7503f8fc1/url'
13:09:02.254 [AsyncHttpClient-1-2] DEBUG org.asynchttpclient.netty.handler.HttpHandler - 

Request DefaultFullHttpRequest(decodeResult: success, version: HTTP/1.1, content: EmptyByteBufBE)
GET /session/5ad97dfb5cc8ee7bdc66ecb7503f8fc1/url HTTP/1.1
User-Agent: selenium/4.8.0 (java windows)
Cache-Control: no-cache
Content-Type: application/json; charset=utf-8
host: localhost:7138
accept: */*

Response DefaultHttpResponse(decodeResult: success, version: HTTP/1.1)
HTTP/1.1 200 OK
Content-Length: 70
Content-Type: application/json; charset=utf-8
cache-control: no-cache

13:09:02.254 [AsyncHttpClient-1-2] DEBUG org.asynchttpclient.netty.channel.ChannelManager - Adding key: http://localhost:7138 for channel [id: 0x4eddb369, L:/127.0.0.1:58747 - R:localhost/127.0.0.1:7138]
13:09:02.255 [Forwarding screenshot on session 5ad97dfb5cc8ee7bdc66ecb7503f8fc1 to remote] DEBUG org.asynchttpclient.netty.request.NettyRequestSender - Using pooled Channel '[id: 0x4eddb369, L:/127.0.0.1:58747 - R:localhost/127.0.0.1:7138]' for 'GET' to 'http://localhost:7138/session/5ad97dfb5cc8ee7bdc66ecb7503f8fc1/screenshot'
13:09:02.255 [Forwarding screenshot on session 5ad97dfb5cc8ee7bdc66ecb7503f8fc1 to remote] DEBUG org.asynchttpclient.netty.request.NettyRequestSender - Using open Channel [id: 0x4eddb369, L:/127.0.0.1:58747 - R:localhost/127.0.0.1:7138] for GET '/session/5ad97dfb5cc8ee7bdc66ecb7503f8fc1/screenshot'
13:09:02.337 [AsyncHttpClient-1-2] DEBUG org.asynchttpclient.netty.handler.HttpHandler - 

Request DefaultFullHttpRequest(decodeResult: success, version: HTTP/1.1, content: EmptyByteBufBE)
GET /session/5ad97dfb5cc8ee7bdc66ecb7503f8fc1/screenshot HTTP/1.1
User-Agent: selenium/4.8.0 (java windows)
Cache-Control: no-cache
Content-Type: application/json; charset=utf-8
host: localhost:7138
accept: */*

Response DefaultHttpResponse(decodeResult: success, version: HTTP/1.1)
HTTP/1.1 200 OK
Content-Length: 137860
Content-Type: application/json; charset=utf-8
cache-control: no-cache

13:09:02.337 [AsyncHttpClient-1-2] DEBUG org.asynchttpclient.netty.channel.ChannelManager - Adding key: http://localhost:7138 for channel [id: 0x4eddb369, L:/127.0.0.1:58747 - R:localhost/127.0.0.1:7138]
13:09:02.343 [main] DEBUG net.serenitybdd.core.photography.Darkroom - Send negative for processing for target\site\serenity\d113f5e84f47f64b0ee72d350d5c36fdec999262f1157f51adc5f42f54a358e4.png
13:09:02.345 [Forwarding getPageSource on session 5ad97dfb5cc8ee7bdc66ecb7503f8fc1 to remote] DEBUG org.asynchttpclient.netty.request.NettyRequestSender - Using pooled Channel '[id: 0x4eddb369, L:/127.0.0.1:58747 - R:localhost/127.0.0.1:7138]' for 'POST' to 'http://localhost:7138/session/5ad97dfb5cc8ee7bdc66ecb7503f8fc1/execute/sync'
13:09:02.345 [Forwarding getPageSource on session 5ad97dfb5cc8ee7bdc66ecb7503f8fc1 to remote] DEBUG org.asynchttpclient.netty.request.NettyRequestSender - Using open Channel [id: 0x4eddb369, L:/127.0.0.1:58747 - R:localhost/127.0.0.1:7138] for POST '/session/5ad97dfb5cc8ee7bdc66ecb7503f8fc1/execute/sync'
13:09:02.357 [AsyncHttpClient-1-1] DEBUG org.asynchttpclient.netty.channel.DefaultChannelPool - Entry count for : http://localhost:58748 : 1
13:09:02.359 [AsyncHttpClient-1-2] DEBUG org.asynchttpclient.netty.handler.HttpHandler - 

Request DefaultHttpRequest(decodeResult: success, version: HTTP/1.1)
POST /session/5ad97dfb5cc8ee7bdc66ecb7503f8fc1/execute/sync HTTP/1.1
User-Agent: selenium/4.8.0 (java windows)
Content-Length: 176
Content-Type: application/json; charset=utf-8
host: localhost:7138
accept: */*

Response DefaultHttpResponse(decodeResult: success, version: HTTP/1.1)
HTTP/1.1 200 OK
Content-Length: 74911
Content-Type: application/json; charset=utf-8
cache-control: no-cache

13:09:02.359 [AsyncHttpClient-1-2] DEBUG org.asynchttpclient.netty.channel.ChannelManager - Adding key: http://localhost:7138 for channel [id: 0x4eddb369, L:/127.0.0.1:58747 - R:localhost/127.0.0.1:7138]
13:09:02.369 [Forwarding getCurrentUrl on session 5ad97dfb5cc8ee7bdc66ecb7503f8fc1 to remote] DEBUG org.asynchttpclient.netty.request.NettyRequestSender - Using pooled Channel '[id: 0x4eddb369, L:/127.0.0.1:58747 - R:localhost/127.0.0.1:7138]' for 'GET' to 'http://localhost:7138/session/5ad97dfb5cc8ee7bdc66ecb7503f8fc1/url'
13:09:02.370 [Forwarding getCurrentUrl on session 5ad97dfb5cc8ee7bdc66ecb7503f8fc1 to remote] DEBUG org.asynchttpclient.netty.request.NettyRequestSender - Using open Channel [id: 0x4eddb369, L:/127.0.0.1:58747 - R:localhost/127.0.0.1:7138] for GET '/session/5ad97dfb5cc8ee7bdc66ecb7503f8fc1/url'
13:09:02.374 [AsyncHttpClient-1-2] DEBUG org.asynchttpclient.netty.handler.HttpHandler - 

Request DefaultFullHttpRequest(decodeResult: success, version: HTTP/1.1, content: EmptyByteBufBE)
GET /session/5ad97dfb5cc8ee7bdc66ecb7503f8fc1/url HTTP/1.1
User-Agent: selenium/4.8.0 (java windows)
Cache-Control: no-cache
Content-Type: application/json; charset=utf-8
host: localhost:7138
accept: */*

Response DefaultHttpResponse(decodeResult: success, version: HTTP/1.1)
HTTP/1.1 200 OK
Content-Length: 70
Content-Type: application/json; charset=utf-8
cache-control: no-cache

13:09:02.374 [AsyncHttpClient-1-2] DEBUG org.asynchttpclient.netty.channel.ChannelManager - Adding key: http://localhost:7138 for channel [id: 0x4eddb369, L:/127.0.0.1:58747 - R:localhost/127.0.0.1:7138]
13:09:03.446 [AsyncHttpClient-1-1] DEBUG org.asynchttpclient.netty.channel.DefaultChannelPool - Entry count for : http://localhost:7138 : 1
13:09:03.446 [AsyncHttpClient-1-1] DEBUG org.asynchttpclient.netty.channel.DefaultChannelPool - Entry count for : http://localhost:58748 : 1
13:09:04.447 [Forwarding getAlertText on session 5ad97dfb5cc8ee7bdc66ecb7503f8fc1 to remote] DEBUG org.asynchttpclient.netty.request.NettyRequestSender - Using pooled Channel '[id: 0x4eddb369, L:/127.0.0.1:58747 - R:localhost/127.0.0.1:7138]' for 'GET' to 'http://localhost:7138/session/5ad97dfb5cc8ee7bdc66ecb7503f8fc1/alert/text'
13:09:04.447 [Forwarding getAlertText on session 5ad97dfb5cc8ee7bdc66ecb7503f8fc1 to remote] DEBUG org.asynchttpclient.netty.request.NettyRequestSender - Using open Channel [id: 0x4eddb369, L:/127.0.0.1:58747 - R:localhost/127.0.0.1:7138] for GET '/session/5ad97dfb5cc8ee7bdc66ecb7503f8fc1/alert/text'
13:09:04.448 [AsyncHttpClient-1-2] DEBUG org.asynchttpclient.netty.handler.HttpHandler - 

Request DefaultFullHttpRequest(decodeResult: success, version: HTTP/1.1, content: EmptyByteBufBE)
GET /session/5ad97dfb5cc8ee7bdc66ecb7503f8fc1/alert/text HTTP/1.1
User-Agent: selenium/4.8.0 (java windows)
Cache-Control: no-cache
Content-Type: application/json; charset=utf-8
host: localhost:7138
accept: */*

Response DefaultHttpResponse(decodeResult: success, version: HTTP/1.1)
HTTP/1.1 404 Not Found
Content-Length: 820
Content-Type: application/json; charset=utf-8
cache-control: no-cache

13:09:04.448 [AsyncHttpClient-1-2] DEBUG org.asynchttpclient.netty.channel.ChannelManager - Adding key: http://localhost:7138 for channel [id: 0x4eddb369, L:/127.0.0.1:58747 - R:localhost/127.0.0.1:7138]
13:09:04.449 [Forwarding getCurrentUrl on session 5ad97dfb5cc8ee7bdc66ecb7503f8fc1 to remote] DEBUG org.asynchttpclient.netty.request.NettyRequestSender - Using pooled Channel '[id: 0x4eddb369, L:/127.0.0.1:58747 - R:localhost/127.0.0.1:7138]' for 'GET' to 'http://localhost:7138/session/5ad97dfb5cc8ee7bdc66ecb7503f8fc1/url'
13:09:04.449 [Forwarding getCurrentUrl on session 5ad97dfb5cc8ee7bdc66ecb7503f8fc1 to remote] DEBUG org.asynchttpclient.netty.request.NettyRequestSender - Using open Channel [id: 0x4eddb369, L:/127.0.0.1:58747 - R:localhost/127.0.0.1:7138] for GET '/session/5ad97dfb5cc8ee7bdc66ecb7503f8fc1/url'
13:09:04.451 [AsyncHttpClient-1-2] DEBUG org.asynchttpclient.netty.handler.HttpHandler - 

Request DefaultFullHttpRequest(decodeResult: success, version: HTTP/1.1, content: EmptyByteBufBE)
GET /session/5ad97dfb5cc8ee7bdc66ecb7503f8fc1/url HTTP/1.1
User-Agent: selenium/4.8.0 (java windows)
Cache-Control: no-cache
Content-Type: application/json; charset=utf-8
host: localhost:7138
accept: */*

Response DefaultHttpResponse(decodeResult: success, version: HTTP/1.1)
HTTP/1.1 200 OK
Content-Length: 70
Content-Type: application/json; charset=utf-8
cache-control: no-cache

13:09:04.451 [AsyncHttpClient-1-2] DEBUG org.asynchttpclient.netty.channel.ChannelManager - Adding key: http://localhost:7138 for channel [id: 0x4eddb369, L:/127.0.0.1:58747 - R:localhost/127.0.0.1:7138]
13:09:04.452 [Forwarding screenshot on session 5ad97dfb5cc8ee7bdc66ecb7503f8fc1 to remote] DEBUG org.asynchttpclient.netty.request.NettyRequestSender - Using pooled Channel '[id: 0x4eddb369, L:/127.0.0.1:58747 - R:localhost/127.0.0.1:7138]' for 'GET' to 'http://localhost:7138/session/5ad97dfb5cc8ee7bdc66ecb7503f8fc1/screenshot'
13:09:04.452 [Forwarding screenshot on session 5ad97dfb5cc8ee7bdc66ecb7503f8fc1 to remote] DEBUG org.asynchttpclient.netty.request.NettyRequestSender - Using open Channel [id: 0x4eddb369, L:/127.0.0.1:58747 - R:localhost/127.0.0.1:7138] for GET '/session/5ad97dfb5cc8ee7bdc66ecb7503f8fc1/screenshot'
13:09:04.538 [AsyncHttpClient-1-2] DEBUG org.asynchttpclient.netty.handler.HttpHandler - 

Request DefaultFullHttpRequest(decodeResult: success, version: HTTP/1.1, content: EmptyByteBufBE)
GET /session/5ad97dfb5cc8ee7bdc66ecb7503f8fc1/screenshot HTTP/1.1
User-Agent: selenium/4.8.0 (java windows)
Cache-Control: no-cache
Content-Type: application/json; charset=utf-8
host: localhost:7138
accept: */*

Response DefaultHttpResponse(decodeResult: success, version: HTTP/1.1)
HTTP/1.1 200 OK
Content-Length: 137860
Content-Type: application/json; charset=utf-8
cache-control: no-cache

13:09:04.538 [AsyncHttpClient-1-2] DEBUG org.asynchttpclient.netty.channel.ChannelManager - Adding key: http://localhost:7138 for channel [id: 0x4eddb369, L:/127.0.0.1:58747 - R:localhost/127.0.0.1:7138]
13:09:04.541 [main] DEBUG net.serenitybdd.core.photography.Darkroom - Send negative for processing for target\site\serenity\d113f5e84f47f64b0ee72d350d5c36fdec999262f1157f51adc5f42f54a358e4.png
13:09:04.542 [Forwarding getPageSource on session 5ad97dfb5cc8ee7bdc66ecb7503f8fc1 to remote] DEBUG org.asynchttpclient.netty.request.NettyRequestSender - Using pooled Channel '[id: 0x4eddb369, L:/127.0.0.1:58747 - R:localhost/127.0.0.1:7138]' for 'POST' to 'http://localhost:7138/session/5ad97dfb5cc8ee7bdc66ecb7503f8fc1/execute/sync'
13:09:04.542 [Forwarding getPageSource on session 5ad97dfb5cc8ee7bdc66ecb7503f8fc1 to remote] DEBUG org.asynchttpclient.netty.request.NettyRequestSender - Using open Channel [id: 0x4eddb369, L:/127.0.0.1:58747 - R:localhost/127.0.0.1:7138] for POST '/session/5ad97dfb5cc8ee7bdc66ecb7503f8fc1/execute/sync'
13:09:04.549 [AsyncHttpClient-1-1] DEBUG org.asynchttpclient.netty.channel.DefaultChannelPool - Entry count for : http://localhost:58748 : 1
13:09:04.549 [AsyncHttpClient-1-2] DEBUG org.asynchttpclient.netty.handler.HttpHandler - 

Request DefaultHttpRequest(decodeResult: success, version: HTTP/1.1)
POST /session/5ad97dfb5cc8ee7bdc66ecb7503f8fc1/execute/sync HTTP/1.1
User-Agent: selenium/4.8.0 (java windows)
Content-Length: 176
Content-Type: application/json; charset=utf-8
host: localhost:7138
accept: */*

Response DefaultHttpResponse(decodeResult: success, version: HTTP/1.1)
HTTP/1.1 200 OK
Content-Length: 74911
Content-Type: application/json; charset=utf-8
cache-control: no-cache

13:09:04.549 [AsyncHttpClient-1-2] DEBUG org.asynchttpclient.netty.channel.ChannelManager - Adding key: http://localhost:7138 for channel [id: 0x4eddb369, L:/127.0.0.1:58747 - R:localhost/127.0.0.1:7138]
13:09:04.554 [Forwarding getCurrentUrl on session 5ad97dfb5cc8ee7bdc66ecb7503f8fc1 to remote] DEBUG org.asynchttpclient.netty.request.NettyRequestSender - Using pooled Channel '[id: 0x4eddb369, L:/127.0.0.1:58747 - R:localhost/127.0.0.1:7138]' for 'GET' to 'http://localhost:7138/session/5ad97dfb5cc8ee7bdc66ecb7503f8fc1/url'
13:09:04.554 [Forwarding getCurrentUrl on session 5ad97dfb5cc8ee7bdc66ecb7503f8fc1 to remote] DEBUG org.asynchttpclient.netty.request.NettyRequestSender - Using open Channel [id: 0x4eddb369, L:/127.0.0.1:58747 - R:localhost/127.0.0.1:7138] for GET '/session/5ad97dfb5cc8ee7bdc66ecb7503f8fc1/url'
13:09:04.556 [AsyncHttpClient-1-2] DEBUG org.asynchttpclient.netty.handler.HttpHandler - 

Request DefaultFullHttpRequest(decodeResult: success, version: HTTP/1.1, content: EmptyByteBufBE)
GET /session/5ad97dfb5cc8ee7bdc66ecb7503f8fc1/url HTTP/1.1
User-Agent: selenium/4.8.0 (java windows)
Cache-Control: no-cache
Content-Type: application/json; charset=utf-8
host: localhost:7138
accept: */*

Response DefaultHttpResponse(decodeResult: success, version: HTTP/1.1)
HTTP/1.1 200 OK
Content-Length: 70
Content-Type: application/json; charset=utf-8
cache-control: no-cache

13:09:04.556 [AsyncHttpClient-1-2] DEBUG org.asynchttpclient.netty.channel.ChannelManager - Adding key: http://localhost:7138 for channel [id: 0x4eddb369, L:/127.0.0.1:58747 - R:localhost/127.0.0.1:7138]
13:09:04.557 [main] DEBUG net.thucydides.core.steps.StepInterceptor - STARTING STEP: OpenCartStepDefinition.items_added - {0} should see #description
13:09:04.560 [main] DEBUG net.serenitybdd.screenplay.targets.IFrameSwitcher - default content already selected for total carrito
13:09:04.561 [Forwarding findElement on session 5ad97dfb5cc8ee7bdc66ecb7503f8fc1 to remote] DEBUG org.asynchttpclient.netty.request.NettyRequestSender - Using pooled Channel '[id: 0x4eddb369, L:/127.0.0.1:58747 - R:localhost/127.0.0.1:7138]' for 'POST' to 'http://localhost:7138/session/5ad97dfb5cc8ee7bdc66ecb7503f8fc1/element'
13:09:04.561 [Forwarding findElement on session 5ad97dfb5cc8ee7bdc66ecb7503f8fc1 to remote] DEBUG org.asynchttpclient.netty.request.NettyRequestSender - Using open Channel [id: 0x4eddb369, L:/127.0.0.1:58747 - R:localhost/127.0.0.1:7138] for POST '/session/5ad97dfb5cc8ee7bdc66ecb7503f8fc1/element'
13:09:04.568 [AsyncHttpClient-1-2] DEBUG org.asynchttpclient.netty.handler.HttpHandler - 

Request DefaultHttpRequest(decodeResult: success, version: HTTP/1.1)
POST /session/5ad97dfb5cc8ee7bdc66ecb7503f8fc1/element HTTP/1.1
User-Agent: selenium/4.8.0 (java windows)
Content-Length: 57
Content-Type: application/json; charset=utf-8
host: localhost:7138
accept: */*

Response DefaultHttpResponse(decodeResult: success, version: HTTP/1.1)
HTTP/1.1 200 OK
Content-Length: 96
Content-Type: application/json; charset=utf-8
cache-control: no-cache

13:09:04.568 [AsyncHttpClient-1-2] DEBUG org.asynchttpclient.netty.channel.ChannelManager - Adding key: http://localhost:7138 for channel [id: 0x4eddb369, L:/127.0.0.1:58747 - R:localhost/127.0.0.1:7138]
13:09:04.569 [Forwarding getElementText on session 5ad97dfb5cc8ee7bdc66ecb7503f8fc1 to remote] DEBUG org.asynchttpclient.netty.request.NettyRequestSender - Using pooled Channel '[id: 0x4eddb369, L:/127.0.0.1:58747 - R:localhost/127.0.0.1:7138]' for 'GET' to 'http://localhost:7138/session/5ad97dfb5cc8ee7bdc66ecb7503f8fc1/element/2CAA019951303705DA200141336257EA_element_183/text'
13:09:04.569 [Forwarding getElementText on session 5ad97dfb5cc8ee7bdc66ecb7503f8fc1 to remote] DEBUG org.asynchttpclient.netty.request.NettyRequestSender - Using open Channel [id: 0x4eddb369, L:/127.0.0.1:58747 - R:localhost/127.0.0.1:7138] for GET '/session/5ad97dfb5cc8ee7bdc66ecb7503f8fc1/element/2CAA019951303705DA200141336257EA_element_183/text'
13:09:04.581 [AsyncHttpClient-1-2] DEBUG org.asynchttpclient.netty.handler.HttpHandler - 

Request DefaultFullHttpRequest(decodeResult: success, version: HTTP/1.1, content: EmptyByteBufBE)
GET /session/5ad97dfb5cc8ee7bdc66ecb7503f8fc1/element/2CAA019951303705DA200141336257EA_element_183/text HTTP/1.1
User-Agent: selenium/4.8.0 (java windows)
Cache-Control: no-cache
Content-Type: application/json; charset=utf-8
host: localhost:7138
accept: */*

Response DefaultHttpResponse(decodeResult: success, version: HTTP/1.1)
HTTP/1.1 200 OK
Content-Length: 31
Content-Type: application/json; charset=utf-8
cache-control: no-cache

13:09:04.581 [AsyncHttpClient-1-2] DEBUG org.asynchttpclient.netty.channel.ChannelManager - Adding key: http://localhost:7138 for channel [id: 0x4eddb369, L:/127.0.0.1:58747 - R:localhost/127.0.0.1:7138]
13:09:04.592 [Forwarding getAlertText on session 5ad97dfb5cc8ee7bdc66ecb7503f8fc1 to remote] DEBUG org.asynchttpclient.netty.request.NettyRequestSender - Using pooled Channel '[id: 0x4eddb369, L:/127.0.0.1:58747 - R:localhost/127.0.0.1:7138]' for 'GET' to 'http://localhost:7138/session/5ad97dfb5cc8ee7bdc66ecb7503f8fc1/alert/text'
13:09:04.592 [Forwarding getAlertText on session 5ad97dfb5cc8ee7bdc66ecb7503f8fc1 to remote] DEBUG org.asynchttpclient.netty.request.NettyRequestSender - Using open Channel [id: 0x4eddb369, L:/127.0.0.1:58747 - R:localhost/127.0.0.1:7138] for GET '/session/5ad97dfb5cc8ee7bdc66ecb7503f8fc1/alert/text'
13:09:04.593 [AsyncHttpClient-1-2] DEBUG org.asynchttpclient.netty.handler.HttpHandler - 

Request DefaultFullHttpRequest(decodeResult: success, version: HTTP/1.1, content: EmptyByteBufBE)
GET /session/5ad97dfb5cc8ee7bdc66ecb7503f8fc1/alert/text HTTP/1.1
User-Agent: selenium/4.8.0 (java windows)
Cache-Control: no-cache
Content-Type: application/json; charset=utf-8
host: localhost:7138
accept: */*

Response DefaultHttpResponse(decodeResult: success, version: HTTP/1.1)
HTTP/1.1 404 Not Found
Content-Length: 820
Content-Type: application/json; charset=utf-8
cache-control: no-cache

13:09:04.593 [AsyncHttpClient-1-2] DEBUG org.asynchttpclient.netty.channel.ChannelManager - Adding key: http://localhost:7138 for channel [id: 0x4eddb369, L:/127.0.0.1:58747 - R:localhost/127.0.0.1:7138]
13:09:04.594 [Forwarding getCurrentUrl on session 5ad97dfb5cc8ee7bdc66ecb7503f8fc1 to remote] DEBUG org.asynchttpclient.netty.request.NettyRequestSender - Using pooled Channel '[id: 0x4eddb369, L:/127.0.0.1:58747 - R:localhost/127.0.0.1:7138]' for 'GET' to 'http://localhost:7138/session/5ad97dfb5cc8ee7bdc66ecb7503f8fc1/url'
13:09:04.594 [Forwarding getCurrentUrl on session 5ad97dfb5cc8ee7bdc66ecb7503f8fc1 to remote] DEBUG org.asynchttpclient.netty.request.NettyRequestSender - Using open Channel [id: 0x4eddb369, L:/127.0.0.1:58747 - R:localhost/127.0.0.1:7138] for GET '/session/5ad97dfb5cc8ee7bdc66ecb7503f8fc1/url'
13:09:04.596 [AsyncHttpClient-1-2] DEBUG org.asynchttpclient.netty.handler.HttpHandler - 

Request DefaultFullHttpRequest(decodeResult: success, version: HTTP/1.1, content: EmptyByteBufBE)
GET /session/5ad97dfb5cc8ee7bdc66ecb7503f8fc1/url HTTP/1.1
User-Agent: selenium/4.8.0 (java windows)
Cache-Control: no-cache
Content-Type: application/json; charset=utf-8
host: localhost:7138
accept: */*

Response DefaultHttpResponse(decodeResult: success, version: HTTP/1.1)
HTTP/1.1 200 OK
Content-Length: 70
Content-Type: application/json; charset=utf-8
cache-control: no-cache

13:09:04.596 [AsyncHttpClient-1-2] DEBUG org.asynchttpclient.netty.channel.ChannelManager - Adding key: http://localhost:7138 for channel [id: 0x4eddb369, L:/127.0.0.1:58747 - R:localhost/127.0.0.1:7138]
13:09:04.596 [Forwarding screenshot on session 5ad97dfb5cc8ee7bdc66ecb7503f8fc1 to remote] DEBUG org.asynchttpclient.netty.request.NettyRequestSender - Using pooled Channel '[id: 0x4eddb369, L:/127.0.0.1:58747 - R:localhost/127.0.0.1:7138]' for 'GET' to 'http://localhost:7138/session/5ad97dfb5cc8ee7bdc66ecb7503f8fc1/screenshot'
13:09:04.596 [Forwarding screenshot on session 5ad97dfb5cc8ee7bdc66ecb7503f8fc1 to remote] DEBUG org.asynchttpclient.netty.request.NettyRequestSender - Using open Channel [id: 0x4eddb369, L:/127.0.0.1:58747 - R:localhost/127.0.0.1:7138] for GET '/session/5ad97dfb5cc8ee7bdc66ecb7503f8fc1/screenshot'
13:09:04.679 [AsyncHttpClient-1-2] DEBUG org.asynchttpclient.netty.handler.HttpHandler - 

Request DefaultFullHttpRequest(decodeResult: success, version: HTTP/1.1, content: EmptyByteBufBE)
GET /session/5ad97dfb5cc8ee7bdc66ecb7503f8fc1/screenshot HTTP/1.1
User-Agent: selenium/4.8.0 (java windows)
Cache-Control: no-cache
Content-Type: application/json; charset=utf-8
host: localhost:7138
accept: */*

Response DefaultHttpResponse(decodeResult: success, version: HTTP/1.1)
HTTP/1.1 200 OK
Content-Length: 137860
Content-Type: application/json; charset=utf-8
cache-control: no-cache

13:09:04.680 [AsyncHttpClient-1-2] DEBUG org.asynchttpclient.netty.channel.ChannelManager - Adding key: http://localhost:7138 for channel [id: 0x4eddb369, L:/127.0.0.1:58747 - R:localhost/127.0.0.1:7138]
13:09:04.683 [main] DEBUG net.serenitybdd.core.photography.Darkroom - Send negative for processing for target\site\serenity\d113f5e84f47f64b0ee72d350d5c36fdec999262f1157f51adc5f42f54a358e4.png
13:09:04.891 [main] DEBUG net.thucydides.core.steps.StepInterceptor - STEP DONE: {0} should see #description
  &amp#27;[32mWhen &amp#27;[0m&amp#27;[32mshe verify the products are added&amp#27;[0m                                                                                                               &amp#27;[90m# io.cucumber.skeleton.stepdefinitions.OpenCartStepDefinition.items_added()&amp#27;[0m
13:09:04.894 [Forwarding getAlertText on session 5ad97dfb5cc8ee7bdc66ecb7503f8fc1 to remote] DEBUG org.asynchttpclient.netty.request.NettyRequestSender - Using pooled Channel '[id: 0x4eddb369, L:/127.0.0.1:58747 - R:localhost/127.0.0.1:7138]' for 'GET' to 'http://localhost:7138/session/5ad97dfb5cc8ee7bdc66ecb7503f8fc1/alert/text'
13:09:04.894 [Forwarding getAlertText on session 5ad97dfb5cc8ee7bdc66ecb7503f8fc1 to remote] DEBUG org.asynchttpclient.netty.request.NettyRequestSender - Using open Channel [id: 0x4eddb369, L:/127.0.0.1:58747 - R:localhost/127.0.0.1:7138] for GET '/session/5ad97dfb5cc8ee7bdc66ecb7503f8fc1/alert/text'
13:09:04.896 [AsyncHttpClient-1-2] DEBUG org.asynchttpclient.netty.handler.HttpHandler - 

Request DefaultFullHttpRequest(decodeResult: success, version: HTTP/1.1, content: EmptyByteBufBE)
GET /session/5ad97dfb5cc8ee7bdc66ecb7503f8fc1/alert/text HTTP/1.1
User-Agent: selenium/4.8.0 (java windows)
Cache-Control: no-cache
Content-Type: application/json; charset=utf-8
host: localhost:7138
accept: */*

Response DefaultHttpResponse(decodeResult: success, version: HTTP/1.1)
HTTP/1.1 404 Not Found
Content-Length: 820
Content-Type: application/json; charset=utf-8
cache-control: no-cache

13:09:04.896 [AsyncHttpClient-1-2] DEBUG org.asynchttpclient.netty.channel.ChannelManager - Adding key: http://localhost:7138 for channel [id: 0x4eddb369, L:/127.0.0.1:58747 - R:localhost/127.0.0.1:7138]
13:09:04.896 [Forwarding getCurrentUrl on session 5ad97dfb5cc8ee7bdc66ecb7503f8fc1 to remote] DEBUG org.asynchttpclient.netty.request.NettyRequestSender - Using pooled Channel '[id: 0x4eddb369, L:/127.0.0.1:58747 - R:localhost/127.0.0.1:7138]' for 'GET' to 'http://localhost:7138/session/5ad97dfb5cc8ee7bdc66ecb7503f8fc1/url'
13:09:04.896 [Forwarding getCurrentUrl on session 5ad97dfb5cc8ee7bdc66ecb7503f8fc1 to remote] DEBUG org.asynchttpclient.netty.request.NettyRequestSender - Using open Channel [id: 0x4eddb369, L:/127.0.0.1:58747 - R:localhost/127.0.0.1:7138] for GET '/session/5ad97dfb5cc8ee7bdc66ecb7503f8fc1/url'
13:09:04.899 [AsyncHttpClient-1-2] DEBUG org.asynchttpclient.netty.handler.HttpHandler - 

Request DefaultFullHttpRequest(decodeResult: success, version: HTTP/1.1, content: EmptyByteBufBE)
GET /session/5ad97dfb5cc8ee7bdc66ecb7503f8fc1/url HTTP/1.1
User-Agent: selenium/4.8.0 (java windows)
Cache-Control: no-cache
Content-Type: application/json; charset=utf-8
host: localhost:7138
accept: */*

Response DefaultHttpResponse(decodeResult: success, version: HTTP/1.1)
HTTP/1.1 200 OK
Content-Length: 70
Content-Type: application/json; charset=utf-8
cache-control: no-cache

13:09:04.899 [AsyncHttpClient-1-2] DEBUG org.asynchttpclient.netty.channel.ChannelManager - Adding key: http://localhost:7138 for channel [id: 0x4eddb369, L:/127.0.0.1:58747 - R:localhost/127.0.0.1:7138]
13:09:04.899 [Forwarding screenshot on session 5ad97dfb5cc8ee7bdc66ecb7503f8fc1 to remote] DEBUG org.asynchttpclient.netty.request.NettyRequestSender - Using pooled Channel '[id: 0x4eddb369, L:/127.0.0.1:58747 - R:localhost/127.0.0.1:7138]' for 'GET' to 'http://localhost:7138/session/5ad97dfb5cc8ee7bdc66ecb7503f8fc1/screenshot'
13:09:04.899 [Forwarding screenshot on session 5ad97dfb5cc8ee7bdc66ecb7503f8fc1 to remote] DEBUG org.asynchttpclient.netty.request.NettyRequestSender - Using open Channel [id: 0x4eddb369, L:/127.0.0.1:58747 - R:localhost/127.0.0.1:7138] for GET '/session/5ad97dfb5cc8ee7bdc66ecb7503f8fc1/screenshot'
13:09:04.986 [AsyncHttpClient-1-2] DEBUG org.asynchttpclient.netty.handler.HttpHandler - 

Request DefaultFullHttpRequest(decodeResult: success, version: HTTP/1.1, content: EmptyByteBufBE)
GET /session/5ad97dfb5cc8ee7bdc66ecb7503f8fc1/screenshot HTTP/1.1
User-Agent: selenium/4.8.0 (java windows)
Cache-Control: no-cache
Content-Type: application/json; charset=utf-8
host: localhost:7138
accept: */*

Response DefaultHttpResponse(decodeResult: success, version: HTTP/1.1)
HTTP/1.1 200 OK
Content-Length: 137860
Content-Type: application/json; charset=utf-8
cache-control: no-cache

13:09:04.988 [AsyncHttpClient-1-2] DEBUG org.asynchttpclient.netty.channel.ChannelManager - Adding key: http://localhost:7138 for channel [id: 0x4eddb369, L:/127.0.0.1:58747 - R:localhost/127.0.0.1:7138]
13:09:04.991 [main] DEBUG net.serenitybdd.core.photography.Darkroom - Send negative for processing for target\site\serenity\d113f5e84f47f64b0ee72d350d5c36fdec999262f1157f51adc5f42f54a358e4.png
13:09:05.205 [Forwarding getAlertText on session 5ad97dfb5cc8ee7bdc66ecb7503f8fc1 to remote] DEBUG org.asynchttpclient.netty.request.NettyRequestSender - Using pooled Channel '[id: 0x4eddb369, L:/127.0.0.1:58747 - R:localhost/127.0.0.1:7138]' for 'GET' to 'http://localhost:7138/session/5ad97dfb5cc8ee7bdc66ecb7503f8fc1/alert/text'
13:09:05.205 [Forwarding getAlertText on session 5ad97dfb5cc8ee7bdc66ecb7503f8fc1 to remote] DEBUG org.asynchttpclient.netty.request.NettyRequestSender - Using open Channel [id: 0x4eddb369, L:/127.0.0.1:58747 - R:localhost/127.0.0.1:7138] for GET '/session/5ad97dfb5cc8ee7bdc66ecb7503f8fc1/alert/text'
13:09:05.206 [AsyncHttpClient-1-2] DEBUG org.asynchttpclient.netty.handler.HttpHandler - 

Request DefaultFullHttpRequest(decodeResult: success, version: HTTP/1.1, content: EmptyByteBufBE)
GET /session/5ad97dfb5cc8ee7bdc66ecb7503f8fc1/alert/text HTTP/1.1
User-Agent: selenium/4.8.0 (java windows)
Cache-Control: no-cache
Content-Type: application/json; charset=utf-8
host: localhost:7138
accept: */*

Response DefaultHttpResponse(decodeResult: success, version: HTTP/1.1)
HTTP/1.1 404 Not Found
Content-Length: 820
Content-Type: application/json; charset=utf-8
cache-control: no-cache

13:09:05.206 [AsyncHttpClient-1-2] DEBUG org.asynchttpclient.netty.channel.ChannelManager - Adding key: http://localhost:7138 for channel [id: 0x4eddb369, L:/127.0.0.1:58747 - R:localhost/127.0.0.1:7138]
13:09:05.206 [Forwarding getCurrentUrl on session 5ad97dfb5cc8ee7bdc66ecb7503f8fc1 to remote] DEBUG org.asynchttpclient.netty.request.NettyRequestSender - Using pooled Channel '[id: 0x4eddb369, L:/127.0.0.1:58747 - R:localhost/127.0.0.1:7138]' for 'GET' to 'http://localhost:7138/session/5ad97dfb5cc8ee7bdc66ecb7503f8fc1/url'
13:09:05.206 [Forwarding getCurrentUrl on session 5ad97dfb5cc8ee7bdc66ecb7503f8fc1 to remote] DEBUG org.asynchttpclient.netty.request.NettyRequestSender - Using open Channel [id: 0x4eddb369, L:/127.0.0.1:58747 - R:localhost/127.0.0.1:7138] for GET '/session/5ad97dfb5cc8ee7bdc66ecb7503f8fc1/url'
13:09:05.209 [AsyncHttpClient-1-2] DEBUG org.asynchttpclient.netty.handler.HttpHandler - 

Request DefaultFullHttpRequest(decodeResult: success, version: HTTP/1.1, content: EmptyByteBufBE)
GET /session/5ad97dfb5cc8ee7bdc66ecb7503f8fc1/url HTTP/1.1
User-Agent: selenium/4.8.0 (java windows)
Cache-Control: no-cache
Content-Type: application/json; charset=utf-8
host: localhost:7138
accept: */*

Response DefaultHttpResponse(decodeResult: success, version: HTTP/1.1)
HTTP/1.1 200 OK
Content-Length: 70
Content-Type: application/json; charset=utf-8
cache-control: no-cache

13:09:05.209 [AsyncHttpClient-1-2] DEBUG org.asynchttpclient.netty.channel.ChannelManager - Adding key: http://localhost:7138 for channel [id: 0x4eddb369, L:/127.0.0.1:58747 - R:localhost/127.0.0.1:7138]
13:09:05.209 [Forwarding screenshot on session 5ad97dfb5cc8ee7bdc66ecb7503f8fc1 to remote] DEBUG org.asynchttpclient.netty.request.NettyRequestSender - Using pooled Channel '[id: 0x4eddb369, L:/127.0.0.1:58747 - R:localhost/127.0.0.1:7138]' for 'GET' to 'http://localhost:7138/session/5ad97dfb5cc8ee7bdc66ecb7503f8fc1/screenshot'
13:09:05.209 [Forwarding screenshot on session 5ad97dfb5cc8ee7bdc66ecb7503f8fc1 to remote] DEBUG org.asynchttpclient.netty.request.NettyRequestSender - Using open Channel [id: 0x4eddb369, L:/127.0.0.1:58747 - R:localhost/127.0.0.1:7138] for GET '/session/5ad97dfb5cc8ee7bdc66ecb7503f8fc1/screenshot'
13:09:05.293 [AsyncHttpClient-1-2] DEBUG org.asynchttpclient.netty.handler.HttpHandler - 

Request DefaultFullHttpRequest(decodeResult: success, version: HTTP/1.1, content: EmptyByteBufBE)
GET /session/5ad97dfb5cc8ee7bdc66ecb7503f8fc1/screenshot HTTP/1.1
User-Agent: selenium/4.8.0 (java windows)
Cache-Control: no-cache
Content-Type: application/json; charset=utf-8
host: localhost:7138
accept: */*

Response DefaultHttpResponse(decodeResult: success, version: HTTP/1.1)
HTTP/1.1 200 OK
Content-Length: 137860
Content-Type: application/json; charset=utf-8
cache-control: no-cache

13:09:05.294 [AsyncHttpClient-1-2] DEBUG org.asynchttpclient.netty.channel.ChannelManager - Adding key: http://localhost:7138 for channel [id: 0x4eddb369, L:/127.0.0.1:58747 - R:localhost/127.0.0.1:7138]
13:09:05.298 [main] DEBUG net.serenitybdd.core.photography.Darkroom - Send negative for processing for target\site\serenity\d113f5e84f47f64b0ee72d350d5c36fdec999262f1157f51adc5f42f54a358e4.png
13:09:05.299 [Forwarding getPageSource on session 5ad97dfb5cc8ee7bdc66ecb7503f8fc1 to remote] DEBUG org.asynchttpclient.netty.request.NettyRequestSender - Using pooled Channel '[id: 0x4eddb369, L:/127.0.0.1:58747 - R:localhost/127.0.0.1:7138]' for 'POST' to 'http://localhost:7138/session/5ad97dfb5cc8ee7bdc66ecb7503f8fc1/execute/sync'
13:09:05.299 [Forwarding getPageSource on session 5ad97dfb5cc8ee7bdc66ecb7503f8fc1 to remote] DEBUG org.asynchttpclient.netty.request.NettyRequestSender - Using open Channel [id: 0x4eddb369, L:/127.0.0.1:58747 - R:localhost/127.0.0.1:7138] for POST '/session/5ad97dfb5cc8ee7bdc66ecb7503f8fc1/execute/sync'
13:09:05.305 [AsyncHttpClient-1-2] DEBUG org.asynchttpclient.netty.handler.HttpHandler - 

Request DefaultHttpRequest(decodeResult: success, version: HTTP/1.1)
POST /session/5ad97dfb5cc8ee7bdc66ecb7503f8fc1/execute/sync HTTP/1.1
User-Agent: selenium/4.8.0 (java windows)
Content-Length: 176
Content-Type: application/json; charset=utf-8
host: localhost:7138
accept: */*

Response DefaultHttpResponse(decodeResult: success, version: HTTP/1.1)
HTTP/1.1 200 OK
Content-Length: 74911
Content-Type: application/json; charset=utf-8
cache-control: no-cache

13:09:05.305 [AsyncHttpClient-1-2] DEBUG org.asynchttpclient.netty.channel.ChannelManager - Adding key: http://localhost:7138 for channel [id: 0x4eddb369, L:/127.0.0.1:58747 - R:localhost/127.0.0.1:7138]
13:09:05.309 [Forwarding getCurrentUrl on session 5ad97dfb5cc8ee7bdc66ecb7503f8fc1 to remote] DEBUG org.asynchttpclient.netty.request.NettyRequestSender - Using pooled Channel '[id: 0x4eddb369, L:/127.0.0.1:58747 - R:localhost/127.0.0.1:7138]' for 'GET' to 'http://localhost:7138/session/5ad97dfb5cc8ee7bdc66ecb7503f8fc1/url'
13:09:05.309 [Forwarding getCurrentUrl on session 5ad97dfb5cc8ee7bdc66ecb7503f8fc1 to remote] DEBUG org.asynchttpclient.netty.request.NettyRequestSender - Using open Channel [id: 0x4eddb369, L:/127.0.0.1:58747 - R:localhost/127.0.0.1:7138] for GET '/session/5ad97dfb5cc8ee7bdc66ecb7503f8fc1/url'
13:09:05.311 [AsyncHttpClient-1-2] DEBUG org.asynchttpclient.netty.handler.HttpHandler - 

Request DefaultFullHttpRequest(decodeResult: success, version: HTTP/1.1, content: EmptyByteBufBE)
GET /session/5ad97dfb5cc8ee7bdc66ecb7503f8fc1/url HTTP/1.1
User-Agent: selenium/4.8.0 (java windows)
Cache-Control: no-cache
Content-Type: application/json; charset=utf-8
host: localhost:7138
accept: */*

Response DefaultHttpResponse(decodeResult: success, version: HTTP/1.1)
HTTP/1.1 200 OK
Content-Length: 70
Content-Type: application/json; charset=utf-8
cache-control: no-cache

13:09:05.311 [AsyncHttpClient-1-2] DEBUG org.asynchttpclient.netty.channel.ChannelManager - Adding key: http://localhost:7138 for channel [id: 0x4eddb369, L:/127.0.0.1:58747 - R:localhost/127.0.0.1:7138]
13:09:05.319 [Forwarding getPageSource on session 5ad97dfb5cc8ee7bdc66ecb7503f8fc1 to remote] DEBUG org.asynchttpclient.netty.request.NettyRequestSender - Using pooled Channel '[id: 0x4eddb369, L:/127.0.0.1:58747 - R:localhost/127.0.0.1:7138]' for 'POST' to 'http://localhost:7138/session/5ad97dfb5cc8ee7bdc66ecb7503f8fc1/execute/sync'
13:09:05.319 [Forwarding getPageSource on session 5ad97dfb5cc8ee7bdc66ecb7503f8fc1 to remote] DEBUG org.asynchttpclient.netty.request.NettyRequestSender - Using open Channel [id: 0x4eddb369, L:/127.0.0.1:58747 - R:localhost/127.0.0.1:7138] for POST '/session/5ad97dfb5cc8ee7bdc66ecb7503f8fc1/execute/sync'
13:09:05.324 [AsyncHttpClient-1-2] DEBUG org.asynchttpclient.netty.handler.HttpHandler - 

Request DefaultHttpRequest(decodeResult: success, version: HTTP/1.1)
POST /session/5ad97dfb5cc8ee7bdc66ecb7503f8fc1/execute/sync HTTP/1.1
User-Agent: selenium/4.8.0 (java windows)
Content-Length: 176
Content-Type: application/json; charset=utf-8
host: localhost:7138
accept: */*

Response DefaultHttpResponse(decodeResult: success, version: HTTP/1.1)
HTTP/1.1 200 OK
Content-Length: 74911
Content-Type: application/json; charset=utf-8
cache-control: no-cache

13:09:05.325 [AsyncHttpClient-1-2] DEBUG org.asynchttpclient.netty.channel.ChannelManager - Adding key: http://localhost:7138 for channel [id: 0x4eddb369, L:/127.0.0.1:58747 - R:localhost/127.0.0.1:7138]
13:09:05.329 [Forwarding getCurrentUrl on session 5ad97dfb5cc8ee7bdc66ecb7503f8fc1 to remote] DEBUG org.asynchttpclient.netty.request.NettyRequestSender - Using pooled Channel '[id: 0x4eddb369, L:/127.0.0.1:58747 - R:localhost/127.0.0.1:7138]' for 'GET' to 'http://localhost:7138/session/5ad97dfb5cc8ee7bdc66ecb7503f8fc1/url'
13:09:05.329 [Forwarding getCurrentUrl on session 5ad97dfb5cc8ee7bdc66ecb7503f8fc1 to remote] DEBUG org.asynchttpclient.netty.request.NettyRequestSender - Using open Channel [id: 0x4eddb369, L:/127.0.0.1:58747 - R:localhost/127.0.0.1:7138] for GET '/session/5ad97dfb5cc8ee7bdc66ecb7503f8fc1/url'
13:09:05.332 [AsyncHttpClient-1-2] DEBUG org.asynchttpclient.netty.handler.HttpHandler - 

Request DefaultFullHttpRequest(decodeResult: success, version: HTTP/1.1, content: EmptyByteBufBE)
GET /session/5ad97dfb5cc8ee7bdc66ecb7503f8fc1/url HTTP/1.1
User-Agent: selenium/4.8.0 (java windows)
Cache-Control: no-cache
Content-Type: application/json; charset=utf-8
host: localhost:7138
accept: */*

Response DefaultHttpResponse(decodeResult: success, version: HTTP/1.1)
HTTP/1.1 200 OK
Content-Length: 70
Content-Type: application/json; charset=utf-8
cache-control: no-cache

13:09:05.332 [AsyncHttpClient-1-2] DEBUG org.asynchttpclient.netty.channel.ChannelManager - Adding key: http://localhost:7138 for channel [id: 0x4eddb369, L:/127.0.0.1:58747 - R:localhost/127.0.0.1:7138]
13:09:05.333 [main] DEBUG net.thucydides.core.steps.StepInterceptor - STARTING STEP: OpenCartStepDefinition.go_to_guest_checkout - !#title
13:09:05.336 [Forwarding getPageSource on session 5ad97dfb5cc8ee7bdc66ecb7503f8fc1 to remote] DEBUG org.asynchttpclient.netty.request.NettyRequestSender - Using pooled Channel '[id: 0x4eddb369, L:/127.0.0.1:58747 - R:localhost/127.0.0.1:7138]' for 'POST' to 'http://localhost:7138/session/5ad97dfb5cc8ee7bdc66ecb7503f8fc1/execute/sync'
13:09:05.336 [Forwarding getPageSource on session 5ad97dfb5cc8ee7bdc66ecb7503f8fc1 to remote] DEBUG org.asynchttpclient.netty.request.NettyRequestSender - Using open Channel [id: 0x4eddb369, L:/127.0.0.1:58747 - R:localhost/127.0.0.1:7138] for POST '/session/5ad97dfb5cc8ee7bdc66ecb7503f8fc1/execute/sync'
13:09:05.343 [AsyncHttpClient-1-2] DEBUG org.asynchttpclient.netty.handler.HttpHandler - 

Request DefaultHttpRequest(decodeResult: success, version: HTTP/1.1)
POST /session/5ad97dfb5cc8ee7bdc66ecb7503f8fc1/execute/sync HTTP/1.1
User-Agent: selenium/4.8.0 (java windows)
Content-Length: 176
Content-Type: application/json; charset=utf-8
host: localhost:7138
accept: */*

Response DefaultHttpResponse(decodeResult: success, version: HTTP/1.1)
HTTP/1.1 200 OK
Content-Length: 74911
Content-Type: application/json; charset=utf-8
cache-control: no-cache

13:09:05.343 [AsyncHttpClient-1-2] DEBUG org.asynchttpclient.netty.channel.ChannelManager - Adding key: http://localhost:7138 for channel [id: 0x4eddb369, L:/127.0.0.1:58747 - R:localhost/127.0.0.1:7138]
13:09:05.347 [Forwarding getCurrentUrl on session 5ad97dfb5cc8ee7bdc66ecb7503f8fc1 to remote] DEBUG org.asynchttpclient.netty.request.NettyRequestSender - Using pooled Channel '[id: 0x4eddb369, L:/127.0.0.1:58747 - R:localhost/127.0.0.1:7138]' for 'GET' to 'http://localhost:7138/session/5ad97dfb5cc8ee7bdc66ecb7503f8fc1/url'
13:09:05.347 [Forwarding getCurrentUrl on session 5ad97dfb5cc8ee7bdc66ecb7503f8fc1 to remote] DEBUG org.asynchttpclient.netty.request.NettyRequestSender - Using open Channel [id: 0x4eddb369, L:/127.0.0.1:58747 - R:localhost/127.0.0.1:7138] for GET '/session/5ad97dfb5cc8ee7bdc66ecb7503f8fc1/url'
13:09:05.349 [AsyncHttpClient-1-2] DEBUG org.asynchttpclient.netty.handler.HttpHandler - 

Request DefaultFullHttpRequest(decodeResult: success, version: HTTP/1.1, content: EmptyByteBufBE)
GET /session/5ad97dfb5cc8ee7bdc66ecb7503f8fc1/url HTTP/1.1
User-Agent: selenium/4.8.0 (java windows)
Cache-Control: no-cache
Content-Type: application/json; charset=utf-8
host: localhost:7138
accept: */*

Response DefaultHttpResponse(decodeResult: success, version: HTTP/1.1)
HTTP/1.1 200 OK
Content-Length: 70
Content-Type: application/json; charset=utf-8
cache-control: no-cache

13:09:05.350 [AsyncHttpClient-1-2] DEBUG org.asynchttpclient.netty.channel.ChannelManager - Adding key: http://localhost:7138 for channel [id: 0x4eddb369, L:/127.0.0.1:58747 - R:localhost/127.0.0.1:7138]
13:09:05.351 [main] DEBUG net.thucydides.core.steps.StepInterceptor - STARTING STEP: OpenCartStepDefinition.go_to_guest_checkout - {0} clicks on #locators
13:09:05.352 [Forwarding findElement on session 5ad97dfb5cc8ee7bdc66ecb7503f8fc1 to remote] DEBUG org.asynchttpclient.netty.request.NettyRequestSender - Using pooled Channel '[id: 0x4eddb369, L:/127.0.0.1:58747 - R:localhost/127.0.0.1:7138]' for 'POST' to 'http://localhost:7138/session/5ad97dfb5cc8ee7bdc66ecb7503f8fc1/element'
13:09:05.352 [Forwarding findElement on session 5ad97dfb5cc8ee7bdc66ecb7503f8fc1 to remote] DEBUG org.asynchttpclient.netty.request.NettyRequestSender - Using open Channel [id: 0x4eddb369, L:/127.0.0.1:58747 - R:localhost/127.0.0.1:7138] for POST '/session/5ad97dfb5cc8ee7bdc66ecb7503f8fc1/element'
13:09:05.359 [AsyncHttpClient-1-2] DEBUG org.asynchttpclient.netty.handler.HttpHandler - 

Request DefaultHttpRequest(decodeResult: success, version: HTTP/1.1)
POST /session/5ad97dfb5cc8ee7bdc66ecb7503f8fc1/element HTTP/1.1
User-Agent: selenium/4.8.0 (java windows)
Content-Length: 105
Content-Type: application/json; charset=utf-8
host: localhost:7138
accept: */*

Response DefaultHttpResponse(decodeResult: success, version: HTTP/1.1)
HTTP/1.1 200 OK
Content-Length: 96
Content-Type: application/json; charset=utf-8
cache-control: no-cache

13:09:05.359 [AsyncHttpClient-1-2] DEBUG org.asynchttpclient.netty.channel.ChannelManager - Adding key: http://localhost:7138 for channel [id: 0x4eddb369, L:/127.0.0.1:58747 - R:localhost/127.0.0.1:7138]
13:09:05.361 [Forwarding isElementDisplayed on session 5ad97dfb5cc8ee7bdc66ecb7503f8fc1 to remote] DEBUG org.asynchttpclient.netty.request.NettyRequestSender - Using pooled Channel '[id: 0x4eddb369, L:/127.0.0.1:58747 - R:localhost/127.0.0.1:7138]' for 'POST' to 'http://localhost:7138/session/5ad97dfb5cc8ee7bdc66ecb7503f8fc1/execute/sync'
13:09:05.361 [Forwarding isElementDisplayed on session 5ad97dfb5cc8ee7bdc66ecb7503f8fc1 to remote] DEBUG org.asynchttpclient.netty.request.NettyRequestSender - Using open Channel [id: 0x4eddb369, L:/127.0.0.1:58747 - R:localhost/127.0.0.1:7138] for POST '/session/5ad97dfb5cc8ee7bdc66ecb7503f8fc1/execute/sync'
13:09:05.366 [AsyncHttpClient-1-2] DEBUG org.asynchttpclient.netty.handler.HttpHandler - 

Request DefaultHttpRequest(decodeResult: success, version: HTTP/1.1)
POST /session/5ad97dfb5cc8ee7bdc66ecb7503f8fc1/execute/sync HTTP/1.1
User-Agent: selenium/4.8.0 (java windows)
Content-Length: 48815
Content-Type: application/json; charset=utf-8
host: localhost:7138
accept: */*

Response DefaultHttpResponse(decodeResult: success, version: HTTP/1.1)
HTTP/1.1 200 OK
Content-Length: 14
Content-Type: application/json; charset=utf-8
cache-control: no-cache

13:09:05.366 [AsyncHttpClient-1-2] DEBUG org.asynchttpclient.netty.channel.ChannelManager - Adding key: http://localhost:7138 for channel [id: 0x4eddb369, L:/127.0.0.1:58747 - R:localhost/127.0.0.1:7138]
13:09:05.369 [Forwarding isElementDisplayed on session 5ad97dfb5cc8ee7bdc66ecb7503f8fc1 to remote] DEBUG org.asynchttpclient.netty.request.NettyRequestSender - Using pooled Channel '[id: 0x4eddb369, L:/127.0.0.1:58747 - R:localhost/127.0.0.1:7138]' for 'POST' to 'http://localhost:7138/session/5ad97dfb5cc8ee7bdc66ecb7503f8fc1/execute/sync'
13:09:05.369 [Forwarding isElementDisplayed on session 5ad97dfb5cc8ee7bdc66ecb7503f8fc1 to remote] DEBUG org.asynchttpclient.netty.request.NettyRequestSender - Using open Channel [id: 0x4eddb369, L:/127.0.0.1:58747 - R:localhost/127.0.0.1:7138] for POST '/session/5ad97dfb5cc8ee7bdc66ecb7503f8fc1/execute/sync'
13:09:05.373 [AsyncHttpClient-1-2] DEBUG org.asynchttpclient.netty.handler.HttpHandler - 

Request DefaultHttpRequest(decodeResult: success, version: HTTP/1.1)
POST /session/5ad97dfb5cc8ee7bdc66ecb7503f8fc1/execute/sync HTTP/1.1
User-Agent: selenium/4.8.0 (java windows)
Content-Length: 48815
Content-Type: application/json; charset=utf-8
host: localhost:7138
accept: */*

Response DefaultHttpResponse(decodeResult: success, version: HTTP/1.1)
HTTP/1.1 200 OK
Content-Length: 14
Content-Type: application/json; charset=utf-8
cache-control: no-cache

13:09:05.373 [AsyncHttpClient-1-2] DEBUG org.asynchttpclient.netty.channel.ChannelManager - Adding key: http://localhost:7138 for channel [id: 0x4eddb369, L:/127.0.0.1:58747 - R:localhost/127.0.0.1:7138]
13:09:05.374 [Forwarding clickElement on session 5ad97dfb5cc8ee7bdc66ecb7503f8fc1 to remote] DEBUG org.asynchttpclient.netty.request.NettyRequestSender - Using pooled Channel '[id: 0x4eddb369, L:/127.0.0.1:58747 - R:localhost/127.0.0.1:7138]' for 'POST' to 'http://localhost:7138/session/5ad97dfb5cc8ee7bdc66ecb7503f8fc1/element/2CAA019951303705DA200141336257EA_element_184/click'
13:09:05.374 [Forwarding clickElement on session 5ad97dfb5cc8ee7bdc66ecb7503f8fc1 to remote] DEBUG org.asynchttpclient.netty.request.NettyRequestSender - Using open Channel [id: 0x4eddb369, L:/127.0.0.1:58747 - R:localhost/127.0.0.1:7138] for POST '/session/5ad97dfb5cc8ee7bdc66ecb7503f8fc1/element/2CAA019951303705DA200141336257EA_element_184/click'
13:09:05.645 [AsyncHttpClient-1-1] DEBUG org.asynchttpclient.netty.channel.DefaultChannelPool - Entry count for : http://localhost:58748 : 1
13:09:06.744 [AsyncHttpClient-1-1] DEBUG org.asynchttpclient.netty.channel.DefaultChannelPool - Entry count for : http://localhost:58748 : 1
13:09:07.851 [AsyncHttpClient-1-1] DEBUG org.asynchttpclient.netty.channel.DefaultChannelPool - Entry count for : http://localhost:58748 : 1
13:09:08.353 [AsyncHttpClient-1-2] DEBUG org.asynchttpclient.netty.handler.HttpHandler - 

Request DefaultHttpRequest(decodeResult: success, version: HTTP/1.1)
POST /session/5ad97dfb5cc8ee7bdc66ecb7503f8fc1/element/2CAA019951303705DA200141336257EA_element_184/click HTTP/1.1
User-Agent: selenium/4.8.0 (java windows)
Content-Length: 58
Content-Type: application/json; charset=utf-8
host: localhost:7138
accept: */*

Response DefaultHttpResponse(decodeResult: success, version: HTTP/1.1)
HTTP/1.1 200 OK
Content-Length: 14
Content-Type: application/json; charset=utf-8
cache-control: no-cache

13:09:08.353 [AsyncHttpClient-1-2] DEBUG org.asynchttpclient.netty.channel.ChannelManager - Adding key: http://localhost:7138 for channel [id: 0x4eddb369, L:/127.0.0.1:58747 - R:localhost/127.0.0.1:7138]
13:09:08.358 [Forwarding getAlertText on session 5ad97dfb5cc8ee7bdc66ecb7503f8fc1 to remote] DEBUG org.asynchttpclient.netty.request.NettyRequestSender - Using pooled Channel '[id: 0x4eddb369, L:/127.0.0.1:58747 - R:localhost/127.0.0.1:7138]' for 'GET' to 'http://localhost:7138/session/5ad97dfb5cc8ee7bdc66ecb7503f8fc1/alert/text'
13:09:08.358 [Forwarding getAlertText on session 5ad97dfb5cc8ee7bdc66ecb7503f8fc1 to remote] DEBUG org.asynchttpclient.netty.request.NettyRequestSender - Using open Channel [id: 0x4eddb369, L:/127.0.0.1:58747 - R:localhost/127.0.0.1:7138] for GET '/session/5ad97dfb5cc8ee7bdc66ecb7503f8fc1/alert/text'
13:09:08.359 [AsyncHttpClient-1-2] DEBUG org.asynchttpclient.netty.handler.HttpHandler - 

Request DefaultFullHttpRequest(decodeResult: success, version: HTTP/1.1, content: EmptyByteBufBE)
GET /session/5ad97dfb5cc8ee7bdc66ecb7503f8fc1/alert/text HTTP/1.1
User-Agent: selenium/4.8.0 (java windows)
Cache-Control: no-cache
Content-Type: application/json; charset=utf-8
host: localhost:7138
accept: */*

Response DefaultHttpResponse(decodeResult: success, version: HTTP/1.1)
HTTP/1.1 404 Not Found
Content-Length: 820
Content-Type: application/json; charset=utf-8
cache-control: no-cache

13:09:08.359 [AsyncHttpClient-1-2] DEBUG org.asynchttpclient.netty.channel.ChannelManager - Adding key: http://localhost:7138 for channel [id: 0x4eddb369, L:/127.0.0.1:58747 - R:localhost/127.0.0.1:7138]
13:09:08.360 [Forwarding getCurrentUrl on session 5ad97dfb5cc8ee7bdc66ecb7503f8fc1 to remote] DEBUG org.asynchttpclient.netty.request.NettyRequestSender - Using pooled Channel '[id: 0x4eddb369, L:/127.0.0.1:58747 - R:localhost/127.0.0.1:7138]' for 'GET' to 'http://localhost:7138/session/5ad97dfb5cc8ee7bdc66ecb7503f8fc1/url'
13:09:08.360 [Forwarding getCurrentUrl on session 5ad97dfb5cc8ee7bdc66ecb7503f8fc1 to remote] DEBUG org.asynchttpclient.netty.request.NettyRequestSender - Using open Channel [id: 0x4eddb369, L:/127.0.0.1:58747 - R:localhost/127.0.0.1:7138] for GET '/session/5ad97dfb5cc8ee7bdc66ecb7503f8fc1/url'
13:09:08.365 [AsyncHttpClient-1-2] DEBUG org.asynchttpclient.netty.handler.HttpHandler - 

Request DefaultFullHttpRequest(decodeResult: success, version: HTTP/1.1, content: EmptyByteBufBE)
GET /session/5ad97dfb5cc8ee7bdc66ecb7503f8fc1/url HTTP/1.1
User-Agent: selenium/4.8.0 (java windows)
Cache-Control: no-cache
Content-Type: application/json; charset=utf-8
host: localhost:7138
accept: */*

Response DefaultHttpResponse(decodeResult: success, version: HTTP/1.1)
HTTP/1.1 200 OK
Content-Length: 75
Content-Type: application/json; charset=utf-8
cache-control: no-cache

13:09:08.365 [AsyncHttpClient-1-2] DEBUG org.asynchttpclient.netty.channel.ChannelManager - Adding key: http://localhost:7138 for channel [id: 0x4eddb369, L:/127.0.0.1:58747 - R:localhost/127.0.0.1:7138]
13:09:08.366 [Forwarding screenshot on session 5ad97dfb5cc8ee7bdc66ecb7503f8fc1 to remote] DEBUG org.asynchttpclient.netty.request.NettyRequestSender - Using pooled Channel '[id: 0x4eddb369, L:/127.0.0.1:58747 - R:localhost/127.0.0.1:7138]' for 'GET' to 'http://localhost:7138/session/5ad97dfb5cc8ee7bdc66ecb7503f8fc1/screenshot'
13:09:08.366 [Forwarding screenshot on session 5ad97dfb5cc8ee7bdc66ecb7503f8fc1 to remote] DEBUG org.asynchttpclient.netty.request.NettyRequestSender - Using open Channel [id: 0x4eddb369, L:/127.0.0.1:58747 - R:localhost/127.0.0.1:7138] for GET '/session/5ad97dfb5cc8ee7bdc66ecb7503f8fc1/screenshot'
13:09:08.484 [AsyncHttpClient-1-2] DEBUG org.asynchttpclient.netty.handler.HttpHandler - 

Request DefaultFullHttpRequest(decodeResult: success, version: HTTP/1.1, content: EmptyByteBufBE)
GET /session/5ad97dfb5cc8ee7bdc66ecb7503f8fc1/screenshot HTTP/1.1
User-Agent: selenium/4.8.0 (java windows)
Cache-Control: no-cache
Content-Type: application/json; charset=utf-8
host: localhost:7138
accept: */*

Response DefaultHttpResponse(decodeResult: success, version: HTTP/1.1)
HTTP/1.1 200 OK
Content-Length: 126288
Content-Type: application/json; charset=utf-8
cache-control: no-cache

13:09:08.484 [AsyncHttpClient-1-2] DEBUG org.asynchttpclient.netty.channel.ChannelManager - Adding key: http://localhost:7138 for channel [id: 0x4eddb369, L:/127.0.0.1:58747 - R:localhost/127.0.0.1:7138]
13:09:08.487 [main] DEBUG net.serenitybdd.core.photography.Darkroom - Send negative for processing for target\site\serenity\a222d8a2f9f4737389b58ab5ebf8ccf53793224f347aaa8c62e0b28aeded4549.png
13:09:08.487 [Darkroom Processing Line] DEBUG net.serenitybdd.core.photography.DarkroomProcessingLine - Processing screenshot image in /var/screenshots/screenshot-6891556430633822059
13:09:08.487 [Darkroom Processing Line] DEBUG net.serenitybdd.core.photography.DarkroomProcessingLine - Saving screenshot to target\site\serenity\a222d8a2f9f4737389b58ab5ebf8ccf53793224f347aaa8c62e0b28aeded4549.png
13:09:08.693 [main] DEBUG net.thucydides.core.steps.StepInterceptor - STEP DONE: {0} clicks on #locators
13:09:08.697 [Forwarding getAlertText on session 5ad97dfb5cc8ee7bdc66ecb7503f8fc1 to remote] DEBUG org.asynchttpclient.netty.request.NettyRequestSender - Using pooled Channel '[id: 0x4eddb369, L:/127.0.0.1:58747 - R:localhost/127.0.0.1:7138]' for 'GET' to 'http://localhost:7138/session/5ad97dfb5cc8ee7bdc66ecb7503f8fc1/alert/text'
13:09:08.697 [Forwarding getAlertText on session 5ad97dfb5cc8ee7bdc66ecb7503f8fc1 to remote] DEBUG org.asynchttpclient.netty.request.NettyRequestSender - Using open Channel [id: 0x4eddb369, L:/127.0.0.1:58747 - R:localhost/127.0.0.1:7138] for GET '/session/5ad97dfb5cc8ee7bdc66ecb7503f8fc1/alert/text'
13:09:08.698 [AsyncHttpClient-1-2] DEBUG org.asynchttpclient.netty.handler.HttpHandler - 

Request DefaultFullHttpRequest(decodeResult: success, version: HTTP/1.1, content: EmptyByteBufBE)
GET /session/5ad97dfb5cc8ee7bdc66ecb7503f8fc1/alert/text HTTP/1.1
User-Agent: selenium/4.8.0 (java windows)
Cache-Control: no-cache
Content-Type: application/json; charset=utf-8
host: localhost:7138
accept: */*

Response DefaultHttpResponse(decodeResult: success, version: HTTP/1.1)
HTTP/1.1 404 Not Found
Content-Length: 820
Content-Type: application/json; charset=utf-8
cache-control: no-cache

13:09:08.698 [AsyncHttpClient-1-2] DEBUG org.asynchttpclient.netty.channel.ChannelManager - Adding key: http://localhost:7138 for channel [id: 0x4eddb369, L:/127.0.0.1:58747 - R:localhost/127.0.0.1:7138]
13:09:08.699 [Forwarding getCurrentUrl on session 5ad97dfb5cc8ee7bdc66ecb7503f8fc1 to remote] DEBUG org.asynchttpclient.netty.request.NettyRequestSender - Using pooled Channel '[id: 0x4eddb369, L:/127.0.0.1:58747 - R:localhost/127.0.0.1:7138]' for 'GET' to 'http://localhost:7138/session/5ad97dfb5cc8ee7bdc66ecb7503f8fc1/url'
13:09:08.699 [Forwarding getCurrentUrl on session 5ad97dfb5cc8ee7bdc66ecb7503f8fc1 to remote] DEBUG org.asynchttpclient.netty.request.NettyRequestSender - Using open Channel [id: 0x4eddb369, L:/127.0.0.1:58747 - R:localhost/127.0.0.1:7138] for GET '/session/5ad97dfb5cc8ee7bdc66ecb7503f8fc1/url'
13:09:08.701 [AsyncHttpClient-1-2] DEBUG org.asynchttpclient.netty.handler.HttpHandler - 

Request DefaultFullHttpRequest(decodeResult: success, version: HTTP/1.1, content: EmptyByteBufBE)
GET /session/5ad97dfb5cc8ee7bdc66ecb7503f8fc1/url HTTP/1.1
User-Agent: selenium/4.8.0 (java windows)
Cache-Control: no-cache
Content-Type: application/json; charset=utf-8
host: localhost:7138
accept: */*

Response DefaultHttpResponse(decodeResult: success, version: HTTP/1.1)
HTTP/1.1 200 OK
Content-Length: 75
Content-Type: application/json; charset=utf-8
cache-control: no-cache

13:09:08.701 [AsyncHttpClient-1-2] DEBUG org.asynchttpclient.netty.channel.ChannelManager - Adding key: http://localhost:7138 for channel [id: 0x4eddb369, L:/127.0.0.1:58747 - R:localhost/127.0.0.1:7138]
13:09:08.702 [Forwarding screenshot on session 5ad97dfb5cc8ee7bdc66ecb7503f8fc1 to remote] DEBUG org.asynchttpclient.netty.request.NettyRequestSender - Using pooled Channel '[id: 0x4eddb369, L:/127.0.0.1:58747 - R:localhost/127.0.0.1:7138]' for 'GET' to 'http://localhost:7138/session/5ad97dfb5cc8ee7bdc66ecb7503f8fc1/screenshot'
13:09:08.702 [Forwarding screenshot on session 5ad97dfb5cc8ee7bdc66ecb7503f8fc1 to remote] DEBUG org.asynchttpclient.netty.request.NettyRequestSender - Using open Channel [id: 0x4eddb369, L:/127.0.0.1:58747 - R:localhost/127.0.0.1:7138] for GET '/session/5ad97dfb5cc8ee7bdc66ecb7503f8fc1/screenshot'
13:09:08.781 [AsyncHttpClient-1-2] DEBUG org.asynchttpclient.netty.handler.HttpHandler - 

Request DefaultFullHttpRequest(decodeResult: success, version: HTTP/1.1, content: EmptyByteBufBE)
GET /session/5ad97dfb5cc8ee7bdc66ecb7503f8fc1/screenshot HTTP/1.1
User-Agent: selenium/4.8.0 (java windows)
Cache-Control: no-cache
Content-Type: application/json; charset=utf-8
host: localhost:7138
accept: */*

Response DefaultHttpResponse(decodeResult: success, version: HTTP/1.1)
HTTP/1.1 200 OK
Content-Length: 127784
Content-Type: application/json; charset=utf-8
cache-control: no-cache

13:09:08.781 [AsyncHttpClient-1-2] DEBUG org.asynchttpclient.netty.channel.ChannelManager - Adding key: http://localhost:7138 for channel [id: 0x4eddb369, L:/127.0.0.1:58747 - R:localhost/127.0.0.1:7138]
13:09:08.784 [main] DEBUG net.serenitybdd.core.photography.Darkroom - Send negative for processing for target\site\serenity\263b0bd316581113b422c16cd2ea10910f4de15297b2539016adf1f0c92b813e.png
13:09:08.785 [Darkroom Processing Line] DEBUG net.serenitybdd.core.photography.DarkroomProcessingLine - Processing screenshot image in /var/screenshots/screenshot-3558221789377597340
13:09:08.785 [Darkroom Processing Line] DEBUG net.serenitybdd.core.photography.DarkroomProcessingLine - Saving screenshot to target\site\serenity\263b0bd316581113b422c16cd2ea10910f4de15297b2539016adf1f0c92b813e.png
13:09:08.786 [Forwarding getPageSource on session 5ad97dfb5cc8ee7bdc66ecb7503f8fc1 to remote] DEBUG org.asynchttpclient.netty.request.NettyRequestSender - Using pooled Channel '[id: 0x4eddb369, L:/127.0.0.1:58747 - R:localhost/127.0.0.1:7138]' for 'POST' to 'http://localhost:7138/session/5ad97dfb5cc8ee7bdc66ecb7503f8fc1/execute/sync'
13:09:08.786 [Forwarding getPageSource on session 5ad97dfb5cc8ee7bdc66ecb7503f8fc1 to remote] DEBUG org.asynchttpclient.netty.request.NettyRequestSender - Using open Channel [id: 0x4eddb369, L:/127.0.0.1:58747 - R:localhost/127.0.0.1:7138] for POST '/session/5ad97dfb5cc8ee7bdc66ecb7503f8fc1/execute/sync'
13:09:08.792 [AsyncHttpClient-1-2] DEBUG org.asynchttpclient.netty.handler.HttpHandler - 

Request DefaultHttpRequest(decodeResult: success, version: HTTP/1.1)
POST /session/5ad97dfb5cc8ee7bdc66ecb7503f8fc1/execute/sync HTTP/1.1
User-Agent: selenium/4.8.0 (java windows)
Content-Length: 176
Content-Type: application/json; charset=utf-8
host: localhost:7138
accept: */*

Response DefaultHttpResponse(decodeResult: success, version: HTTP/1.1)
HTTP/1.1 200 OK
Content-Length: 53355
Content-Type: application/json; charset=utf-8
cache-control: no-cache

13:09:08.792 [AsyncHttpClient-1-2] DEBUG org.asynchttpclient.netty.channel.ChannelManager - Adding key: http://localhost:7138 for channel [id: 0x4eddb369, L:/127.0.0.1:58747 - R:localhost/127.0.0.1:7138]
13:09:08.795 [Forwarding getCurrentUrl on session 5ad97dfb5cc8ee7bdc66ecb7503f8fc1 to remote] DEBUG org.asynchttpclient.netty.request.NettyRequestSender - Using pooled Channel '[id: 0x4eddb369, L:/127.0.0.1:58747 - R:localhost/127.0.0.1:7138]' for 'GET' to 'http://localhost:7138/session/5ad97dfb5cc8ee7bdc66ecb7503f8fc1/url'
13:09:08.795 [Forwarding getCurrentUrl on session 5ad97dfb5cc8ee7bdc66ecb7503f8fc1 to remote] DEBUG org.asynchttpclient.netty.request.NettyRequestSender - Using open Channel [id: 0x4eddb369, L:/127.0.0.1:58747 - R:localhost/127.0.0.1:7138] for GET '/session/5ad97dfb5cc8ee7bdc66ecb7503f8fc1/url'
13:09:08.799 [AsyncHttpClient-1-2] DEBUG org.asynchttpclient.netty.handler.HttpHandler - 

Request DefaultFullHttpRequest(decodeResult: success, version: HTTP/1.1, content: EmptyByteBufBE)
GET /session/5ad97dfb5cc8ee7bdc66ecb7503f8fc1/url HTTP/1.1
User-Agent: selenium/4.8.0 (java windows)
Cache-Control: no-cache
Content-Type: application/json; charset=utf-8
host: localhost:7138
accept: */*

Response DefaultHttpResponse(decodeResult: success, version: HTTP/1.1)
HTTP/1.1 200 OK
Content-Length: 75
Content-Type: application/json; charset=utf-8
cache-control: no-cache

13:09:08.799 [AsyncHttpClient-1-2] DEBUG org.asynchttpclient.netty.channel.ChannelManager - Adding key: http://localhost:7138 for channel [id: 0x4eddb369, L:/127.0.0.1:58747 - R:localhost/127.0.0.1:7138]
13:09:08.800 [main] DEBUG net.thucydides.core.steps.StepInterceptor - STARTING STEP: OpenCartStepDefinition.go_to_guest_checkout - {0} clicks on #locators
13:09:08.801 [Forwarding findElement on session 5ad97dfb5cc8ee7bdc66ecb7503f8fc1 to remote] DEBUG org.asynchttpclient.netty.request.NettyRequestSender - Using pooled Channel '[id: 0x4eddb369, L:/127.0.0.1:58747 - R:localhost/127.0.0.1:7138]' for 'POST' to 'http://localhost:7138/session/5ad97dfb5cc8ee7bdc66ecb7503f8fc1/element'
13:09:08.801 [Forwarding findElement on session 5ad97dfb5cc8ee7bdc66ecb7503f8fc1 to remote] DEBUG org.asynchttpclient.netty.request.NettyRequestSender - Using open Channel [id: 0x4eddb369, L:/127.0.0.1:58747 - R:localhost/127.0.0.1:7138] for POST '/session/5ad97dfb5cc8ee7bdc66ecb7503f8fc1/element'
13:09:08.808 [AsyncHttpClient-1-2] DEBUG org.asynchttpclient.netty.handler.HttpHandler - 

Request DefaultHttpRequest(decodeResult: success, version: HTTP/1.1)
POST /session/5ad97dfb5cc8ee7bdc66ecb7503f8fc1/element HTTP/1.1
User-Agent: selenium/4.8.0 (java windows)
Content-Length: 88
Content-Type: application/json; charset=utf-8
host: localhost:7138
accept: */*

Response DefaultHttpResponse(decodeResult: success, version: HTTP/1.1)
HTTP/1.1 200 OK
Content-Length: 95
Content-Type: application/json; charset=utf-8
cache-control: no-cache

13:09:08.808 [AsyncHttpClient-1-2] DEBUG org.asynchttpclient.netty.channel.ChannelManager - Adding key: http://localhost:7138 for channel [id: 0x4eddb369, L:/127.0.0.1:58747 - R:localhost/127.0.0.1:7138]
13:09:08.810 [Forwarding isElementDisplayed on session 5ad97dfb5cc8ee7bdc66ecb7503f8fc1 to remote] DEBUG org.asynchttpclient.netty.request.NettyRequestSender - Using pooled Channel '[id: 0x4eddb369, L:/127.0.0.1:58747 - R:localhost/127.0.0.1:7138]' for 'POST' to 'http://localhost:7138/session/5ad97dfb5cc8ee7bdc66ecb7503f8fc1/execute/sync'
13:09:08.810 [Forwarding isElementDisplayed on session 5ad97dfb5cc8ee7bdc66ecb7503f8fc1 to remote] DEBUG org.asynchttpclient.netty.request.NettyRequestSender - Using open Channel [id: 0x4eddb369, L:/127.0.0.1:58747 - R:localhost/127.0.0.1:7138] for POST '/session/5ad97dfb5cc8ee7bdc66ecb7503f8fc1/execute/sync'
13:09:08.820 [AsyncHttpClient-1-2] DEBUG org.asynchttpclient.netty.handler.HttpHandler - 

Request DefaultHttpRequest(decodeResult: success, version: HTTP/1.1)
POST /session/5ad97dfb5cc8ee7bdc66ecb7503f8fc1/execute/sync HTTP/1.1
User-Agent: selenium/4.8.0 (java windows)
Content-Length: 48814
Content-Type: application/json; charset=utf-8
host: localhost:7138
accept: */*

Response DefaultHttpResponse(decodeResult: success, version: HTTP/1.1)
HTTP/1.1 200 OK
Content-Length: 14
Content-Type: application/json; charset=utf-8
cache-control: no-cache

13:09:08.821 [AsyncHttpClient-1-2] DEBUG org.asynchttpclient.netty.channel.ChannelManager - Adding key: http://localhost:7138 for channel [id: 0x4eddb369, L:/127.0.0.1:58747 - R:localhost/127.0.0.1:7138]
13:09:08.823 [Forwarding isElementDisplayed on session 5ad97dfb5cc8ee7bdc66ecb7503f8fc1 to remote] DEBUG org.asynchttpclient.netty.request.NettyRequestSender - Using pooled Channel '[id: 0x4eddb369, L:/127.0.0.1:58747 - R:localhost/127.0.0.1:7138]' for 'POST' to 'http://localhost:7138/session/5ad97dfb5cc8ee7bdc66ecb7503f8fc1/execute/sync'
13:09:08.823 [Forwarding isElementDisplayed on session 5ad97dfb5cc8ee7bdc66ecb7503f8fc1 to remote] DEBUG org.asynchttpclient.netty.request.NettyRequestSender - Using open Channel [id: 0x4eddb369, L:/127.0.0.1:58747 - R:localhost/127.0.0.1:7138] for POST '/session/5ad97dfb5cc8ee7bdc66ecb7503f8fc1/execute/sync'
13:09:08.830 [AsyncHttpClient-1-2] DEBUG org.asynchttpclient.netty.handler.HttpHandler - 

Request DefaultHttpRequest(decodeResult: success, version: HTTP/1.1)
POST /session/5ad97dfb5cc8ee7bdc66ecb7503f8fc1/execute/sync HTTP/1.1
User-Agent: selenium/4.8.0 (java windows)
Content-Length: 48814
Content-Type: application/json; charset=utf-8
host: localhost:7138
accept: */*

Response DefaultHttpResponse(decodeResult: success, version: HTTP/1.1)
HTTP/1.1 200 OK
Content-Length: 14
Content-Type: application/json; charset=utf-8
cache-control: no-cache

13:09:08.830 [AsyncHttpClient-1-2] DEBUG org.asynchttpclient.netty.channel.ChannelManager - Adding key: http://localhost:7138 for channel [id: 0x4eddb369, L:/127.0.0.1:58747 - R:localhost/127.0.0.1:7138]
13:09:08.831 [Forwarding clickElement on session 5ad97dfb5cc8ee7bdc66ecb7503f8fc1 to remote] DEBUG org.asynchttpclient.netty.request.NettyRequestSender - Using pooled Channel '[id: 0x4eddb369, L:/127.0.0.1:58747 - R:localhost/127.0.0.1:7138]' for 'POST' to 'http://localhost:7138/session/5ad97dfb5cc8ee7bdc66ecb7503f8fc1/element/755A7524A69BA6EEB3A8EFDB3A26A04F_element_68/click'
13:09:08.831 [Forwarding clickElement on session 5ad97dfb5cc8ee7bdc66ecb7503f8fc1 to remote] DEBUG org.asynchttpclient.netty.request.NettyRequestSender - Using open Channel [id: 0x4eddb369, L:/127.0.0.1:58747 - R:localhost/127.0.0.1:7138] for POST '/session/5ad97dfb5cc8ee7bdc66ecb7503f8fc1/element/755A7524A69BA6EEB3A8EFDB3A26A04F_element_68/click'
13:09:08.857 [AsyncHttpClient-1-2] DEBUG org.asynchttpclient.netty.handler.HttpHandler - 

Request DefaultHttpRequest(decodeResult: success, version: HTTP/1.1)
POST /session/5ad97dfb5cc8ee7bdc66ecb7503f8fc1/element/755A7524A69BA6EEB3A8EFDB3A26A04F_element_68/click HTTP/1.1
User-Agent: selenium/4.8.0 (java windows)
Content-Length: 57
Content-Type: application/json; charset=utf-8
host: localhost:7138
accept: */*

Response DefaultHttpResponse(decodeResult: success, version: HTTP/1.1)
HTTP/1.1 200 OK
Content-Length: 14
Content-Type: application/json; charset=utf-8
cache-control: no-cache

13:09:08.857 [AsyncHttpClient-1-2] DEBUG org.asynchttpclient.netty.channel.ChannelManager - Adding key: http://localhost:7138 for channel [id: 0x4eddb369, L:/127.0.0.1:58747 - R:localhost/127.0.0.1:7138]
13:09:08.861 [Forwarding getAlertText on session 5ad97dfb5cc8ee7bdc66ecb7503f8fc1 to remote] DEBUG org.asynchttpclient.netty.request.NettyRequestSender - Using pooled Channel '[id: 0x4eddb369, L:/127.0.0.1:58747 - R:localhost/127.0.0.1:7138]' for 'GET' to 'http://localhost:7138/session/5ad97dfb5cc8ee7bdc66ecb7503f8fc1/alert/text'
13:09:08.861 [Forwarding getAlertText on session 5ad97dfb5cc8ee7bdc66ecb7503f8fc1 to remote] DEBUG org.asynchttpclient.netty.request.NettyRequestSender - Using open Channel [id: 0x4eddb369, L:/127.0.0.1:58747 - R:localhost/127.0.0.1:7138] for GET '/session/5ad97dfb5cc8ee7bdc66ecb7503f8fc1/alert/text'
13:09:08.862 [AsyncHttpClient-1-2] DEBUG org.asynchttpclient.netty.handler.HttpHandler - 

Request DefaultFullHttpRequest(decodeResult: success, version: HTTP/1.1, content: EmptyByteBufBE)
GET /session/5ad97dfb5cc8ee7bdc66ecb7503f8fc1/alert/text HTTP/1.1
User-Agent: selenium/4.8.0 (java windows)
Cache-Control: no-cache
Content-Type: application/json; charset=utf-8
host: localhost:7138
accept: */*

Response DefaultHttpResponse(decodeResult: success, version: HTTP/1.1)
HTTP/1.1 404 Not Found
Content-Length: 820
Content-Type: application/json; charset=utf-8
cache-control: no-cache

13:09:08.862 [AsyncHttpClient-1-2] DEBUG org.asynchttpclient.netty.channel.ChannelManager - Adding key: http://localhost:7138 for channel [id: 0x4eddb369, L:/127.0.0.1:58747 - R:localhost/127.0.0.1:7138]
13:09:08.863 [Forwarding getCurrentUrl on session 5ad97dfb5cc8ee7bdc66ecb7503f8fc1 to remote] DEBUG org.asynchttpclient.netty.request.NettyRequestSender - Using pooled Channel '[id: 0x4eddb369, L:/127.0.0.1:58747 - R:localhost/127.0.0.1:7138]' for 'GET' to 'http://localhost:7138/session/5ad97dfb5cc8ee7bdc66ecb7503f8fc1/url'
13:09:08.863 [Forwarding getCurrentUrl on session 5ad97dfb5cc8ee7bdc66ecb7503f8fc1 to remote] DEBUG org.asynchttpclient.netty.request.NettyRequestSender - Using open Channel [id: 0x4eddb369, L:/127.0.0.1:58747 - R:localhost/127.0.0.1:7138] for GET '/session/5ad97dfb5cc8ee7bdc66ecb7503f8fc1/url'
13:09:08.865 [AsyncHttpClient-1-2] DEBUG org.asynchttpclient.netty.handler.HttpHandler - 

Request DefaultFullHttpRequest(decodeResult: success, version: HTTP/1.1, content: EmptyByteBufBE)
GET /session/5ad97dfb5cc8ee7bdc66ecb7503f8fc1/url HTTP/1.1
User-Agent: selenium/4.8.0 (java windows)
Cache-Control: no-cache
Content-Type: application/json; charset=utf-8
host: localhost:7138
accept: */*

Response DefaultHttpResponse(decodeResult: success, version: HTTP/1.1)
HTTP/1.1 200 OK
Content-Length: 75
Content-Type: application/json; charset=utf-8
cache-control: no-cache

13:09:08.865 [AsyncHttpClient-1-2] DEBUG org.asynchttpclient.netty.channel.ChannelManager - Adding key: http://localhost:7138 for channel [id: 0x4eddb369, L:/127.0.0.1:58747 - R:localhost/127.0.0.1:7138]
13:09:08.865 [Forwarding screenshot on session 5ad97dfb5cc8ee7bdc66ecb7503f8fc1 to remote] DEBUG org.asynchttpclient.netty.request.NettyRequestSender - Using pooled Channel '[id: 0x4eddb369, L:/127.0.0.1:58747 - R:localhost/127.0.0.1:7138]' for 'GET' to 'http://localhost:7138/session/5ad97dfb5cc8ee7bdc66ecb7503f8fc1/screenshot'
13:09:08.865 [Forwarding screenshot on session 5ad97dfb5cc8ee7bdc66ecb7503f8fc1 to remote] DEBUG org.asynchttpclient.netty.request.NettyRequestSender - Using open Channel [id: 0x4eddb369, L:/127.0.0.1:58747 - R:localhost/127.0.0.1:7138] for GET '/session/5ad97dfb5cc8ee7bdc66ecb7503f8fc1/screenshot'
13:09:08.944 [AsyncHttpClient-1-1] DEBUG org.asynchttpclient.netty.channel.DefaultChannelPool - Entry count for : http://localhost:58748 : 1
13:09:08.950 [AsyncHttpClient-1-2] DEBUG org.asynchttpclient.netty.handler.HttpHandler - 

Request DefaultFullHttpRequest(decodeResult: success, version: HTTP/1.1, content: EmptyByteBufBE)
GET /session/5ad97dfb5cc8ee7bdc66ecb7503f8fc1/screenshot HTTP/1.1
User-Agent: selenium/4.8.0 (java windows)
Cache-Control: no-cache
Content-Type: application/json; charset=utf-8
host: localhost:7138
accept: */*

Response DefaultHttpResponse(decodeResult: success, version: HTTP/1.1)
HTTP/1.1 200 OK
Content-Length: 126076
Content-Type: application/json; charset=utf-8
cache-control: no-cache

13:09:08.950 [AsyncHttpClient-1-2] DEBUG org.asynchttpclient.netty.channel.ChannelManager - Adding key: http://localhost:7138 for channel [id: 0x4eddb369, L:/127.0.0.1:58747 - R:localhost/127.0.0.1:7138]
13:09:08.954 [main] DEBUG net.serenitybdd.core.photography.Darkroom - Send negative for processing for target\site\serenity\35302b6f165f8ea966bd32f442b3c81c7b756417233240d17739a0a6f1c55822.png
13:09:08.954 [Darkroom Processing Line] DEBUG net.serenitybdd.core.photography.DarkroomProcessingLine - Processing screenshot image in /var/screenshots/screenshot-8514197768837911420
13:09:08.954 [Darkroom Processing Line] DEBUG net.serenitybdd.core.photography.DarkroomProcessingLine - Saving screenshot to target\site\serenity\35302b6f165f8ea966bd32f442b3c81c7b756417233240d17739a0a6f1c55822.png
13:09:09.161 [main] DEBUG net.thucydides.core.steps.StepInterceptor - STEP DONE: {0} clicks on #locators
13:09:09.165 [Forwarding getAlertText on session 5ad97dfb5cc8ee7bdc66ecb7503f8fc1 to remote] DEBUG org.asynchttpclient.netty.request.NettyRequestSender - Using pooled Channel '[id: 0x4eddb369, L:/127.0.0.1:58747 - R:localhost/127.0.0.1:7138]' for 'GET' to 'http://localhost:7138/session/5ad97dfb5cc8ee7bdc66ecb7503f8fc1/alert/text'
13:09:09.165 [Forwarding getAlertText on session 5ad97dfb5cc8ee7bdc66ecb7503f8fc1 to remote] DEBUG org.asynchttpclient.netty.request.NettyRequestSender - Using open Channel [id: 0x4eddb369, L:/127.0.0.1:58747 - R:localhost/127.0.0.1:7138] for GET '/session/5ad97dfb5cc8ee7bdc66ecb7503f8fc1/alert/text'
13:09:09.167 [AsyncHttpClient-1-2] DEBUG org.asynchttpclient.netty.handler.HttpHandler - 

Request DefaultFullHttpRequest(decodeResult: success, version: HTTP/1.1, content: EmptyByteBufBE)
GET /session/5ad97dfb5cc8ee7bdc66ecb7503f8fc1/alert/text HTTP/1.1
User-Agent: selenium/4.8.0 (java windows)
Cache-Control: no-cache
Content-Type: application/json; charset=utf-8
host: localhost:7138
accept: */*

Response DefaultHttpResponse(decodeResult: success, version: HTTP/1.1)
HTTP/1.1 404 Not Found
Content-Length: 820
Content-Type: application/json; charset=utf-8
cache-control: no-cache

13:09:09.167 [AsyncHttpClient-1-2] DEBUG org.asynchttpclient.netty.channel.ChannelManager - Adding key: http://localhost:7138 for channel [id: 0x4eddb369, L:/127.0.0.1:58747 - R:localhost/127.0.0.1:7138]
13:09:09.168 [Forwarding getCurrentUrl on session 5ad97dfb5cc8ee7bdc66ecb7503f8fc1 to remote] DEBUG org.asynchttpclient.netty.request.NettyRequestSender - Using pooled Channel '[id: 0x4eddb369, L:/127.0.0.1:58747 - R:localhost/127.0.0.1:7138]' for 'GET' to 'http://localhost:7138/session/5ad97dfb5cc8ee7bdc66ecb7503f8fc1/url'
13:09:09.168 [Forwarding getCurrentUrl on session 5ad97dfb5cc8ee7bdc66ecb7503f8fc1 to remote] DEBUG org.asynchttpclient.netty.request.NettyRequestSender - Using open Channel [id: 0x4eddb369, L:/127.0.0.1:58747 - R:localhost/127.0.0.1:7138] for GET '/session/5ad97dfb5cc8ee7bdc66ecb7503f8fc1/url'
13:09:09.171 [AsyncHttpClient-1-2] DEBUG org.asynchttpclient.netty.handler.HttpHandler - 

Request DefaultFullHttpRequest(decodeResult: success, version: HTTP/1.1, content: EmptyByteBufBE)
GET /session/5ad97dfb5cc8ee7bdc66ecb7503f8fc1/url HTTP/1.1
User-Agent: selenium/4.8.0 (java windows)
Cache-Control: no-cache
Content-Type: application/json; charset=utf-8
host: localhost:7138
accept: */*

Response DefaultHttpResponse(decodeResult: success, version: HTTP/1.1)
HTTP/1.1 200 OK
Content-Length: 75
Content-Type: application/json; charset=utf-8
cache-control: no-cache

13:09:09.171 [AsyncHttpClient-1-2] DEBUG org.asynchttpclient.netty.channel.ChannelManager - Adding key: http://localhost:7138 for channel [id: 0x4eddb369, L:/127.0.0.1:58747 - R:localhost/127.0.0.1:7138]
13:09:09.171 [Forwarding screenshot on session 5ad97dfb5cc8ee7bdc66ecb7503f8fc1 to remote] DEBUG org.asynchttpclient.netty.request.NettyRequestSender - Using pooled Channel '[id: 0x4eddb369, L:/127.0.0.1:58747 - R:localhost/127.0.0.1:7138]' for 'GET' to 'http://localhost:7138/session/5ad97dfb5cc8ee7bdc66ecb7503f8fc1/screenshot'
13:09:09.171 [Forwarding screenshot on session 5ad97dfb5cc8ee7bdc66ecb7503f8fc1 to remote] DEBUG org.asynchttpclient.netty.request.NettyRequestSender - Using open Channel [id: 0x4eddb369, L:/127.0.0.1:58747 - R:localhost/127.0.0.1:7138] for GET '/session/5ad97dfb5cc8ee7bdc66ecb7503f8fc1/screenshot'
13:09:09.256 [AsyncHttpClient-1-2] DEBUG org.asynchttpclient.netty.handler.HttpHandler - 

Request DefaultFullHttpRequest(decodeResult: success, version: HTTP/1.1, content: EmptyByteBufBE)
GET /session/5ad97dfb5cc8ee7bdc66ecb7503f8fc1/screenshot HTTP/1.1
User-Agent: selenium/4.8.0 (java windows)
Cache-Control: no-cache
Content-Type: application/json; charset=utf-8
host: localhost:7138
accept: */*

Response DefaultHttpResponse(decodeResult: success, version: HTTP/1.1)
HTTP/1.1 200 OK
Content-Length: 126076
Content-Type: application/json; charset=utf-8
cache-control: no-cache

13:09:09.256 [AsyncHttpClient-1-2] DEBUG org.asynchttpclient.netty.channel.ChannelManager - Adding key: http://localhost:7138 for channel [id: 0x4eddb369, L:/127.0.0.1:58747 - R:localhost/127.0.0.1:7138]
13:09:09.260 [main] DEBUG net.serenitybdd.core.photography.Darkroom - Send negative for processing for target\site\serenity\35302b6f165f8ea966bd32f442b3c81c7b756417233240d17739a0a6f1c55822.png
13:09:09.261 [Forwarding getPageSource on session 5ad97dfb5cc8ee7bdc66ecb7503f8fc1 to remote] DEBUG org.asynchttpclient.netty.request.NettyRequestSender - Using pooled Channel '[id: 0x4eddb369, L:/127.0.0.1:58747 - R:localhost/127.0.0.1:7138]' for 'POST' to 'http://localhost:7138/session/5ad97dfb5cc8ee7bdc66ecb7503f8fc1/execute/sync'
13:09:09.261 [Forwarding getPageSource on session 5ad97dfb5cc8ee7bdc66ecb7503f8fc1 to remote] DEBUG org.asynchttpclient.netty.request.NettyRequestSender - Using open Channel [id: 0x4eddb369, L:/127.0.0.1:58747 - R:localhost/127.0.0.1:7138] for POST '/session/5ad97dfb5cc8ee7bdc66ecb7503f8fc1/execute/sync'
13:09:09.268 [AsyncHttpClient-1-2] DEBUG org.asynchttpclient.netty.handler.HttpHandler - 

Request DefaultHttpRequest(decodeResult: success, version: HTTP/1.1)
POST /session/5ad97dfb5cc8ee7bdc66ecb7503f8fc1/execute/sync HTTP/1.1
User-Agent: selenium/4.8.0 (java windows)
Content-Length: 176
Content-Type: application/json; charset=utf-8
host: localhost:7138
accept: */*

Response DefaultHttpResponse(decodeResult: success, version: HTTP/1.1)
HTTP/1.1 200 OK
Content-Length: 53341
Content-Type: application/json; charset=utf-8
cache-control: no-cache

13:09:09.268 [AsyncHttpClient-1-2] DEBUG org.asynchttpclient.netty.channel.ChannelManager - Adding key: http://localhost:7138 for channel [id: 0x4eddb369, L:/127.0.0.1:58747 - R:localhost/127.0.0.1:7138]
13:09:09.271 [Forwarding getCurrentUrl on session 5ad97dfb5cc8ee7bdc66ecb7503f8fc1 to remote] DEBUG org.asynchttpclient.netty.request.NettyRequestSender - Using pooled Channel '[id: 0x4eddb369, L:/127.0.0.1:58747 - R:localhost/127.0.0.1:7138]' for 'GET' to 'http://localhost:7138/session/5ad97dfb5cc8ee7bdc66ecb7503f8fc1/url'
13:09:09.271 [Forwarding getCurrentUrl on session 5ad97dfb5cc8ee7bdc66ecb7503f8fc1 to remote] DEBUG org.asynchttpclient.netty.request.NettyRequestSender - Using open Channel [id: 0x4eddb369, L:/127.0.0.1:58747 - R:localhost/127.0.0.1:7138] for GET '/session/5ad97dfb5cc8ee7bdc66ecb7503f8fc1/url'
13:09:09.273 [AsyncHttpClient-1-2] DEBUG org.asynchttpclient.netty.handler.HttpHandler - 

Request DefaultFullHttpRequest(decodeResult: success, version: HTTP/1.1, content: EmptyByteBufBE)
GET /session/5ad97dfb5cc8ee7bdc66ecb7503f8fc1/url HTTP/1.1
User-Agent: selenium/4.8.0 (java windows)
Cache-Control: no-cache
Content-Type: application/json; charset=utf-8
host: localhost:7138
accept: */*

Response DefaultHttpResponse(decodeResult: success, version: HTTP/1.1)
HTTP/1.1 200 OK
Content-Length: 75
Content-Type: application/json; charset=utf-8
cache-control: no-cache

13:09:09.273 [AsyncHttpClient-1-2] DEBUG org.asynchttpclient.netty.channel.ChannelManager - Adding key: http://localhost:7138 for channel [id: 0x4eddb369, L:/127.0.0.1:58747 - R:localhost/127.0.0.1:7138]
13:09:09.274 [main] DEBUG net.thucydides.core.steps.StepInterceptor - STARTING STEP: OpenCartStepDefinition.go_to_guest_checkout - {0} clicks on #locators
13:09:09.275 [Forwarding findElement on session 5ad97dfb5cc8ee7bdc66ecb7503f8fc1 to remote] DEBUG org.asynchttpclient.netty.request.NettyRequestSender - Using pooled Channel '[id: 0x4eddb369, L:/127.0.0.1:58747 - R:localhost/127.0.0.1:7138]' for 'POST' to 'http://localhost:7138/session/5ad97dfb5cc8ee7bdc66ecb7503f8fc1/element'
13:09:09.275 [Forwarding findElement on session 5ad97dfb5cc8ee7bdc66ecb7503f8fc1 to remote] DEBUG org.asynchttpclient.netty.request.NettyRequestSender - Using open Channel [id: 0x4eddb369, L:/127.0.0.1:58747 - R:localhost/127.0.0.1:7138] for POST '/session/5ad97dfb5cc8ee7bdc66ecb7503f8fc1/element'
13:09:09.282 [AsyncHttpClient-1-2] DEBUG org.asynchttpclient.netty.handler.HttpHandler - 

Request DefaultHttpRequest(decodeResult: success, version: HTTP/1.1)
POST /session/5ad97dfb5cc8ee7bdc66ecb7503f8fc1/element HTTP/1.1
User-Agent: selenium/4.8.0 (java windows)
Content-Length: 76
Content-Type: application/json; charset=utf-8
host: localhost:7138
accept: */*

Response DefaultHttpResponse(decodeResult: success, version: HTTP/1.1)
HTTP/1.1 200 OK
Content-Length: 95
Content-Type: application/json; charset=utf-8
cache-control: no-cache

13:09:09.282 [AsyncHttpClient-1-2] DEBUG org.asynchttpclient.netty.channel.ChannelManager - Adding key: http://localhost:7138 for channel [id: 0x4eddb369, L:/127.0.0.1:58747 - R:localhost/127.0.0.1:7138]
13:09:09.284 [Forwarding isElementDisplayed on session 5ad97dfb5cc8ee7bdc66ecb7503f8fc1 to remote] DEBUG org.asynchttpclient.netty.request.NettyRequestSender - Using pooled Channel '[id: 0x4eddb369, L:/127.0.0.1:58747 - R:localhost/127.0.0.1:7138]' for 'POST' to 'http://localhost:7138/session/5ad97dfb5cc8ee7bdc66ecb7503f8fc1/execute/sync'
13:09:09.284 [Forwarding isElementDisplayed on session 5ad97dfb5cc8ee7bdc66ecb7503f8fc1 to remote] DEBUG org.asynchttpclient.netty.request.NettyRequestSender - Using open Channel [id: 0x4eddb369, L:/127.0.0.1:58747 - R:localhost/127.0.0.1:7138] for POST '/session/5ad97dfb5cc8ee7bdc66ecb7503f8fc1/execute/sync'
13:09:09.289 [AsyncHttpClient-1-2] DEBUG org.asynchttpclient.netty.handler.HttpHandler - 

Request DefaultHttpRequest(decodeResult: success, version: HTTP/1.1)
POST /session/5ad97dfb5cc8ee7bdc66ecb7503f8fc1/execute/sync HTTP/1.1
User-Agent: selenium/4.8.0 (java windows)
Content-Length: 48814
Content-Type: application/json; charset=utf-8
host: localhost:7138
accept: */*

Response DefaultHttpResponse(decodeResult: success, version: HTTP/1.1)
HTTP/1.1 200 OK
Content-Length: 14
Content-Type: application/json; charset=utf-8
cache-control: no-cache

13:09:09.289 [AsyncHttpClient-1-2] DEBUG org.asynchttpclient.netty.channel.ChannelManager - Adding key: http://localhost:7138 for channel [id: 0x4eddb369, L:/127.0.0.1:58747 - R:localhost/127.0.0.1:7138]
13:09:09.291 [Forwarding isElementDisplayed on session 5ad97dfb5cc8ee7bdc66ecb7503f8fc1 to remote] DEBUG org.asynchttpclient.netty.request.NettyRequestSender - Using pooled Channel '[id: 0x4eddb369, L:/127.0.0.1:58747 - R:localhost/127.0.0.1:7138]' for 'POST' to 'http://localhost:7138/session/5ad97dfb5cc8ee7bdc66ecb7503f8fc1/execute/sync'
13:09:09.291 [Forwarding isElementDisplayed on session 5ad97dfb5cc8ee7bdc66ecb7503f8fc1 to remote] DEBUG org.asynchttpclient.netty.request.NettyRequestSender - Using open Channel [id: 0x4eddb369, L:/127.0.0.1:58747 - R:localhost/127.0.0.1:7138] for POST '/session/5ad97dfb5cc8ee7bdc66ecb7503f8fc1/execute/sync'
13:09:09.296 [AsyncHttpClient-1-2] DEBUG org.asynchttpclient.netty.handler.HttpHandler - 

Request DefaultHttpRequest(decodeResult: success, version: HTTP/1.1)
POST /session/5ad97dfb5cc8ee7bdc66ecb7503f8fc1/execute/sync HTTP/1.1
User-Agent: selenium/4.8.0 (java windows)
Content-Length: 48814
Content-Type: application/json; charset=utf-8
host: localhost:7138
accept: */*

Response DefaultHttpResponse(decodeResult: success, version: HTTP/1.1)
HTTP/1.1 200 OK
Content-Length: 14
Content-Type: application/json; charset=utf-8
cache-control: no-cache

13:09:09.296 [AsyncHttpClient-1-2] DEBUG org.asynchttpclient.netty.channel.ChannelManager - Adding key: http://localhost:7138 for channel [id: 0x4eddb369, L:/127.0.0.1:58747 - R:localhost/127.0.0.1:7138]
13:09:09.297 [Forwarding clickElement on session 5ad97dfb5cc8ee7bdc66ecb7503f8fc1 to remote] DEBUG org.asynchttpclient.netty.request.NettyRequestSender - Using pooled Channel '[id: 0x4eddb369, L:/127.0.0.1:58747 - R:localhost/127.0.0.1:7138]' for 'POST' to 'http://localhost:7138/session/5ad97dfb5cc8ee7bdc66ecb7503f8fc1/element/755A7524A69BA6EEB3A8EFDB3A26A04F_element_69/click'
13:09:09.297 [Forwarding clickElement on session 5ad97dfb5cc8ee7bdc66ecb7503f8fc1 to remote] DEBUG org.asynchttpclient.netty.request.NettyRequestSender - Using open Channel [id: 0x4eddb369, L:/127.0.0.1:58747 - R:localhost/127.0.0.1:7138] for POST '/session/5ad97dfb5cc8ee7bdc66ecb7503f8fc1/element/755A7524A69BA6EEB3A8EFDB3A26A04F_element_69/click'
13:09:09.318 [AsyncHttpClient-1-2] DEBUG org.asynchttpclient.netty.handler.HttpHandler - 

Request DefaultHttpRequest(decodeResult: success, version: HTTP/1.1)
POST /session/5ad97dfb5cc8ee7bdc66ecb7503f8fc1/element/755A7524A69BA6EEB3A8EFDB3A26A04F_element_69/click HTTP/1.1
User-Agent: selenium/4.8.0 (java windows)
Content-Length: 57
Content-Type: application/json; charset=utf-8
host: localhost:7138
accept: */*

Response DefaultHttpResponse(decodeResult: success, version: HTTP/1.1)
HTTP/1.1 200 OK
Content-Length: 14
Content-Type: application/json; charset=utf-8
cache-control: no-cache

13:09:09.318 [AsyncHttpClient-1-2] DEBUG org.asynchttpclient.netty.channel.ChannelManager - Adding key: http://localhost:7138 for channel [id: 0x4eddb369, L:/127.0.0.1:58747 - R:localhost/127.0.0.1:7138]
13:09:09.323 [Forwarding getAlertText on session 5ad97dfb5cc8ee7bdc66ecb7503f8fc1 to remote] DEBUG org.asynchttpclient.netty.request.NettyRequestSender - Using pooled Channel '[id: 0x4eddb369, L:/127.0.0.1:58747 - R:localhost/127.0.0.1:7138]' for 'GET' to 'http://localhost:7138/session/5ad97dfb5cc8ee7bdc66ecb7503f8fc1/alert/text'
13:09:09.323 [Forwarding getAlertText on session 5ad97dfb5cc8ee7bdc66ecb7503f8fc1 to remote] DEBUG org.asynchttpclient.netty.request.NettyRequestSender - Using open Channel [id: 0x4eddb369, L:/127.0.0.1:58747 - R:localhost/127.0.0.1:7138] for GET '/session/5ad97dfb5cc8ee7bdc66ecb7503f8fc1/alert/text'
13:09:09.324 [AsyncHttpClient-1-2] DEBUG org.asynchttpclient.netty.handler.HttpHandler - 

Request DefaultFullHttpRequest(decodeResult: success, version: HTTP/1.1, content: EmptyByteBufBE)
GET /session/5ad97dfb5cc8ee7bdc66ecb7503f8fc1/alert/text HTTP/1.1
User-Agent: selenium/4.8.0 (java windows)
Cache-Control: no-cache
Content-Type: application/json; charset=utf-8
host: localhost:7138
accept: */*

Response DefaultHttpResponse(decodeResult: success, version: HTTP/1.1)
HTTP/1.1 404 Not Found
Content-Length: 820
Content-Type: application/json; charset=utf-8
cache-control: no-cache

13:09:09.324 [AsyncHttpClient-1-2] DEBUG org.asynchttpclient.netty.channel.ChannelManager - Adding key: http://localhost:7138 for channel [id: 0x4eddb369, L:/127.0.0.1:58747 - R:localhost/127.0.0.1:7138]
13:09:09.325 [Forwarding getCurrentUrl on session 5ad97dfb5cc8ee7bdc66ecb7503f8fc1 to remote] DEBUG org.asynchttpclient.netty.request.NettyRequestSender - Using pooled Channel '[id: 0x4eddb369, L:/127.0.0.1:58747 - R:localhost/127.0.0.1:7138]' for 'GET' to 'http://localhost:7138/session/5ad97dfb5cc8ee7bdc66ecb7503f8fc1/url'
13:09:09.325 [Forwarding getCurrentUrl on session 5ad97dfb5cc8ee7bdc66ecb7503f8fc1 to remote] DEBUG org.asynchttpclient.netty.request.NettyRequestSender - Using open Channel [id: 0x4eddb369, L:/127.0.0.1:58747 - R:localhost/127.0.0.1:7138] for GET '/session/5ad97dfb5cc8ee7bdc66ecb7503f8fc1/url'
13:09:09.327 [AsyncHttpClient-1-2] DEBUG org.asynchttpclient.netty.handler.HttpHandler - 

Request DefaultFullHttpRequest(decodeResult: success, version: HTTP/1.1, content: EmptyByteBufBE)
GET /session/5ad97dfb5cc8ee7bdc66ecb7503f8fc1/url HTTP/1.1
User-Agent: selenium/4.8.0 (java windows)
Cache-Control: no-cache
Content-Type: application/json; charset=utf-8
host: localhost:7138
accept: */*

Response DefaultHttpResponse(decodeResult: success, version: HTTP/1.1)
HTTP/1.1 200 OK
Content-Length: 75
Content-Type: application/json; charset=utf-8
cache-control: no-cache

13:09:09.327 [AsyncHttpClient-1-2] DEBUG org.asynchttpclient.netty.channel.ChannelManager - Adding key: http://localhost:7138 for channel [id: 0x4eddb369, L:/127.0.0.1:58747 - R:localhost/127.0.0.1:7138]
13:09:09.327 [Forwarding screenshot on session 5ad97dfb5cc8ee7bdc66ecb7503f8fc1 to remote] DEBUG org.asynchttpclient.netty.request.NettyRequestSender - Using pooled Channel '[id: 0x4eddb369, L:/127.0.0.1:58747 - R:localhost/127.0.0.1:7138]' for 'GET' to 'http://localhost:7138/session/5ad97dfb5cc8ee7bdc66ecb7503f8fc1/screenshot'
13:09:09.327 [Forwarding screenshot on session 5ad97dfb5cc8ee7bdc66ecb7503f8fc1 to remote] DEBUG org.asynchttpclient.netty.request.NettyRequestSender - Using open Channel [id: 0x4eddb369, L:/127.0.0.1:58747 - R:localhost/127.0.0.1:7138] for GET '/session/5ad97dfb5cc8ee7bdc66ecb7503f8fc1/screenshot'
13:09:09.410 [AsyncHttpClient-1-2] DEBUG org.asynchttpclient.netty.handler.HttpHandler - 

Request DefaultFullHttpRequest(decodeResult: success, version: HTTP/1.1, content: EmptyByteBufBE)
GET /session/5ad97dfb5cc8ee7bdc66ecb7503f8fc1/screenshot HTTP/1.1
User-Agent: selenium/4.8.0 (java windows)
Cache-Control: no-cache
Content-Type: application/json; charset=utf-8
host: localhost:7138
accept: */*

Response DefaultHttpResponse(decodeResult: success, version: HTTP/1.1)
HTTP/1.1 200 OK
Content-Length: 125616
Content-Type: application/json; charset=utf-8
cache-control: no-cache

13:09:09.411 [AsyncHttpClient-1-2] DEBUG org.asynchttpclient.netty.channel.ChannelManager - Adding key: http://localhost:7138 for channel [id: 0x4eddb369, L:/127.0.0.1:58747 - R:localhost/127.0.0.1:7138]
13:09:09.414 [main] DEBUG net.serenitybdd.core.photography.Darkroom - Send negative for processing for target\site\serenity\227422425fa427ad36ac2fa8ea225529b3fb4fb6c0d7ae3b4af4adee73feab53.png
13:09:09.414 [Darkroom Processing Line] DEBUG net.serenitybdd.core.photography.DarkroomProcessingLine - Processing screenshot image in /var/screenshots/screenshot-4976422628445238461
13:09:09.414 [Darkroom Processing Line] DEBUG net.serenitybdd.core.photography.DarkroomProcessingLine - Saving screenshot to target\site\serenity\227422425fa427ad36ac2fa8ea225529b3fb4fb6c0d7ae3b4af4adee73feab53.png
13:09:09.629 [main] DEBUG net.thucydides.core.steps.StepInterceptor - STEP DONE: {0} clicks on #locators
13:09:09.632 [Forwarding getAlertText on session 5ad97dfb5cc8ee7bdc66ecb7503f8fc1 to remote] DEBUG org.asynchttpclient.netty.request.NettyRequestSender - Using pooled Channel '[id: 0x4eddb369, L:/127.0.0.1:58747 - R:localhost/127.0.0.1:7138]' for 'GET' to 'http://localhost:7138/session/5ad97dfb5cc8ee7bdc66ecb7503f8fc1/alert/text'
13:09:09.632 [Forwarding getAlertText on session 5ad97dfb5cc8ee7bdc66ecb7503f8fc1 to remote] DEBUG org.asynchttpclient.netty.request.NettyRequestSender - Using open Channel [id: 0x4eddb369, L:/127.0.0.1:58747 - R:localhost/127.0.0.1:7138] for GET '/session/5ad97dfb5cc8ee7bdc66ecb7503f8fc1/alert/text'
13:09:09.634 [AsyncHttpClient-1-2] DEBUG org.asynchttpclient.netty.handler.HttpHandler - 

Request DefaultFullHttpRequest(decodeResult: success, version: HTTP/1.1, content: EmptyByteBufBE)
GET /session/5ad97dfb5cc8ee7bdc66ecb7503f8fc1/alert/text HTTP/1.1
User-Agent: selenium/4.8.0 (java windows)
Cache-Control: no-cache
Content-Type: application/json; charset=utf-8
host: localhost:7138
accept: */*

Response DefaultHttpResponse(decodeResult: success, version: HTTP/1.1)
HTTP/1.1 404 Not Found
Content-Length: 820
Content-Type: application/json; charset=utf-8
cache-control: no-cache

13:09:09.634 [AsyncHttpClient-1-2] DEBUG org.asynchttpclient.netty.channel.ChannelManager - Adding key: http://localhost:7138 for channel [id: 0x4eddb369, L:/127.0.0.1:58747 - R:localhost/127.0.0.1:7138]
13:09:09.635 [Forwarding getCurrentUrl on session 5ad97dfb5cc8ee7bdc66ecb7503f8fc1 to remote] DEBUG org.asynchttpclient.netty.request.NettyRequestSender - Using pooled Channel '[id: 0x4eddb369, L:/127.0.0.1:58747 - R:localhost/127.0.0.1:7138]' for 'GET' to 'http://localhost:7138/session/5ad97dfb5cc8ee7bdc66ecb7503f8fc1/url'
13:09:09.635 [Forwarding getCurrentUrl on session 5ad97dfb5cc8ee7bdc66ecb7503f8fc1 to remote] DEBUG org.asynchttpclient.netty.request.NettyRequestSender - Using open Channel [id: 0x4eddb369, L:/127.0.0.1:58747 - R:localhost/127.0.0.1:7138] for GET '/session/5ad97dfb5cc8ee7bdc66ecb7503f8fc1/url'
13:09:09.637 [AsyncHttpClient-1-2] DEBUG org.asynchttpclient.netty.handler.HttpHandler - 

Request DefaultFullHttpRequest(decodeResult: success, version: HTTP/1.1, content: EmptyByteBufBE)
GET /session/5ad97dfb5cc8ee7bdc66ecb7503f8fc1/url HTTP/1.1
User-Agent: selenium/4.8.0 (java windows)
Cache-Control: no-cache
Content-Type: application/json; charset=utf-8
host: localhost:7138
accept: */*

Response DefaultHttpResponse(decodeResult: success, version: HTTP/1.1)
HTTP/1.1 200 OK
Content-Length: 75
Content-Type: application/json; charset=utf-8
cache-control: no-cache

13:09:09.638 [AsyncHttpClient-1-2] DEBUG org.asynchttpclient.netty.channel.ChannelManager - Adding key: http://localhost:7138 for channel [id: 0x4eddb369, L:/127.0.0.1:58747 - R:localhost/127.0.0.1:7138]
13:09:09.638 [Forwarding screenshot on session 5ad97dfb5cc8ee7bdc66ecb7503f8fc1 to remote] DEBUG org.asynchttpclient.netty.request.NettyRequestSender - Using pooled Channel '[id: 0x4eddb369, L:/127.0.0.1:58747 - R:localhost/127.0.0.1:7138]' for 'GET' to 'http://localhost:7138/session/5ad97dfb5cc8ee7bdc66ecb7503f8fc1/screenshot'
13:09:09.638 [Forwarding screenshot on session 5ad97dfb5cc8ee7bdc66ecb7503f8fc1 to remote] DEBUG org.asynchttpclient.netty.request.NettyRequestSender - Using open Channel [id: 0x4eddb369, L:/127.0.0.1:58747 - R:localhost/127.0.0.1:7138] for GET '/session/5ad97dfb5cc8ee7bdc66ecb7503f8fc1/screenshot'
13:09:09.745 [AsyncHttpClient-1-2] DEBUG org.asynchttpclient.netty.handler.HttpHandler - 

Request DefaultFullHttpRequest(decodeResult: success, version: HTTP/1.1, content: EmptyByteBufBE)
GET /session/5ad97dfb5cc8ee7bdc66ecb7503f8fc1/screenshot HTTP/1.1
User-Agent: selenium/4.8.0 (java windows)
Cache-Control: no-cache
Content-Type: application/json; charset=utf-8
host: localhost:7138
accept: */*

Response DefaultHttpResponse(decodeResult: success, version: HTTP/1.1)
HTTP/1.1 200 OK
Content-Length: 109240
Content-Type: application/json; charset=utf-8
cache-control: no-cache

13:09:09.745 [AsyncHttpClient-1-2] DEBUG org.asynchttpclient.netty.channel.ChannelManager - Adding key: http://localhost:7138 for channel [id: 0x4eddb369, L:/127.0.0.1:58747 - R:localhost/127.0.0.1:7138]
13:09:09.748 [main] DEBUG net.serenitybdd.core.photography.Darkroom - Send negative for processing for target\site\serenity\75dc813466895ea088fc3b6f09afe48a844bc81bfad0319381a3f8f982788470.png
13:09:09.749 [Darkroom Processing Line] DEBUG net.serenitybdd.core.photography.DarkroomProcessingLine - Processing screenshot image in /var/screenshots/screenshot-3994953348978432974
13:09:09.749 [Darkroom Processing Line] DEBUG net.serenitybdd.core.photography.DarkroomProcessingLine - Saving screenshot to target\site\serenity\75dc813466895ea088fc3b6f09afe48a844bc81bfad0319381a3f8f982788470.png
13:09:09.959 [main] DEBUG net.thucydides.core.steps.StepInterceptor - STEP DONE: !#title
  &amp#27;[32mWhen &amp#27;[0m&amp#27;[32mshe go to guest checkout&amp#27;[0m                                                                                                                        &amp#27;[90m# io.cucumber.skeleton.stepdefinitions.OpenCartStepDefinition.go_to_guest_checkout()&amp#27;[0m
13:09:09.962 [Forwarding getAlertText on session 5ad97dfb5cc8ee7bdc66ecb7503f8fc1 to remote] DEBUG org.asynchttpclient.netty.request.NettyRequestSender - Using pooled Channel '[id: 0x4eddb369, L:/127.0.0.1:58747 - R:localhost/127.0.0.1:7138]' for 'GET' to 'http://localhost:7138/session/5ad97dfb5cc8ee7bdc66ecb7503f8fc1/alert/text'
13:09:09.962 [Forwarding getAlertText on session 5ad97dfb5cc8ee7bdc66ecb7503f8fc1 to remote] DEBUG org.asynchttpclient.netty.request.NettyRequestSender - Using open Channel [id: 0x4eddb369, L:/127.0.0.1:58747 - R:localhost/127.0.0.1:7138] for GET '/session/5ad97dfb5cc8ee7bdc66ecb7503f8fc1/alert/text'
13:09:09.964 [AsyncHttpClient-1-2] DEBUG org.asynchttpclient.netty.handler.HttpHandler - 

Request DefaultFullHttpRequest(decodeResult: success, version: HTTP/1.1, content: EmptyByteBufBE)
GET /session/5ad97dfb5cc8ee7bdc66ecb7503f8fc1/alert/text HTTP/1.1
User-Agent: selenium/4.8.0 (java windows)
Cache-Control: no-cache
Content-Type: application/json; charset=utf-8
host: localhost:7138
accept: */*

Response DefaultHttpResponse(decodeResult: success, version: HTTP/1.1)
HTTP/1.1 404 Not Found
Content-Length: 820
Content-Type: application/json; charset=utf-8
cache-control: no-cache

13:09:09.964 [AsyncHttpClient-1-2] DEBUG org.asynchttpclient.netty.channel.ChannelManager - Adding key: http://localhost:7138 for channel [id: 0x4eddb369, L:/127.0.0.1:58747 - R:localhost/127.0.0.1:7138]
13:09:09.964 [Forwarding getCurrentUrl on session 5ad97dfb5cc8ee7bdc66ecb7503f8fc1 to remote] DEBUG org.asynchttpclient.netty.request.NettyRequestSender - Using pooled Channel '[id: 0x4eddb369, L:/127.0.0.1:58747 - R:localhost/127.0.0.1:7138]' for 'GET' to 'http://localhost:7138/session/5ad97dfb5cc8ee7bdc66ecb7503f8fc1/url'
13:09:09.964 [Forwarding getCurrentUrl on session 5ad97dfb5cc8ee7bdc66ecb7503f8fc1 to remote] DEBUG org.asynchttpclient.netty.request.NettyRequestSender - Using open Channel [id: 0x4eddb369, L:/127.0.0.1:58747 - R:localhost/127.0.0.1:7138] for GET '/session/5ad97dfb5cc8ee7bdc66ecb7503f8fc1/url'
13:09:09.967 [AsyncHttpClient-1-2] DEBUG org.asynchttpclient.netty.handler.HttpHandler - 

Request DefaultFullHttpRequest(decodeResult: success, version: HTTP/1.1, content: EmptyByteBufBE)
GET /session/5ad97dfb5cc8ee7bdc66ecb7503f8fc1/url HTTP/1.1
User-Agent: selenium/4.8.0 (java windows)
Cache-Control: no-cache
Content-Type: application/json; charset=utf-8
host: localhost:7138
accept: */*

Response DefaultHttpResponse(decodeResult: success, version: HTTP/1.1)
HTTP/1.1 200 OK
Content-Length: 75
Content-Type: application/json; charset=utf-8
cache-control: no-cache

13:09:09.967 [AsyncHttpClient-1-2] DEBUG org.asynchttpclient.netty.channel.ChannelManager - Adding key: http://localhost:7138 for channel [id: 0x4eddb369, L:/127.0.0.1:58747 - R:localhost/127.0.0.1:7138]
13:09:09.967 [Forwarding screenshot on session 5ad97dfb5cc8ee7bdc66ecb7503f8fc1 to remote] DEBUG org.asynchttpclient.netty.request.NettyRequestSender - Using pooled Channel '[id: 0x4eddb369, L:/127.0.0.1:58747 - R:localhost/127.0.0.1:7138]' for 'GET' to 'http://localhost:7138/session/5ad97dfb5cc8ee7bdc66ecb7503f8fc1/screenshot'
13:09:09.967 [Forwarding screenshot on session 5ad97dfb5cc8ee7bdc66ecb7503f8fc1 to remote] DEBUG org.asynchttpclient.netty.request.NettyRequestSender - Using open Channel [id: 0x4eddb369, L:/127.0.0.1:58747 - R:localhost/127.0.0.1:7138] for GET '/session/5ad97dfb5cc8ee7bdc66ecb7503f8fc1/screenshot'
13:09:10.049 [AsyncHttpClient-1-2] DEBUG org.asynchttpclient.netty.handler.HttpHandler - 

Request DefaultFullHttpRequest(decodeResult: success, version: HTTP/1.1, content: EmptyByteBufBE)
GET /session/5ad97dfb5cc8ee7bdc66ecb7503f8fc1/screenshot HTTP/1.1
User-Agent: selenium/4.8.0 (java windows)
Cache-Control: no-cache
Content-Type: application/json; charset=utf-8
host: localhost:7138
accept: */*

Response DefaultHttpResponse(decodeResult: success, version: HTTP/1.1)
HTTP/1.1 200 OK
Content-Length: 101600
Content-Type: application/json; charset=utf-8
cache-control: no-cache

13:09:10.049 [AsyncHttpClient-1-2] DEBUG org.asynchttpclient.netty.channel.ChannelManager - Adding key: http://localhost:7138 for channel [id: 0x4eddb369, L:/127.0.0.1:58747 - R:localhost/127.0.0.1:7138]
13:09:10.052 [main] DEBUG net.serenitybdd.core.photography.Darkroom - Send negative for processing for target\site\serenity\70367cb39f40b6036405c41edfe3d9938e6d5376be845ef737a5b8398dd9b872.png
13:09:10.052 [Darkroom Processing Line] DEBUG net.serenitybdd.core.photography.DarkroomProcessingLine - Processing screenshot image in /var/screenshots/screenshot-3677899102730435484
13:09:10.052 [Darkroom Processing Line] DEBUG net.serenitybdd.core.photography.DarkroomProcessingLine - Saving screenshot to target\site\serenity\70367cb39f40b6036405c41edfe3d9938e6d5376be845ef737a5b8398dd9b872.png
13:09:10.053 [AsyncHttpClient-1-1] DEBUG org.asynchttpclient.netty.channel.DefaultChannelPool - Entry count for : http://localhost:7138 : 1
13:09:10.053 [AsyncHttpClient-1-1] DEBUG org.asynchttpclient.netty.channel.DefaultChannelPool - Entry count for : http://localhost:58748 : 1
13:09:10.259 [Forwarding getAlertText on session 5ad97dfb5cc8ee7bdc66ecb7503f8fc1 to remote] DEBUG org.asynchttpclient.netty.request.NettyRequestSender - Using pooled Channel '[id: 0x4eddb369, L:/127.0.0.1:58747 - R:localhost/127.0.0.1:7138]' for 'GET' to 'http://localhost:7138/session/5ad97dfb5cc8ee7bdc66ecb7503f8fc1/alert/text'
13:09:10.259 [Forwarding getAlertText on session 5ad97dfb5cc8ee7bdc66ecb7503f8fc1 to remote] DEBUG org.asynchttpclient.netty.request.NettyRequestSender - Using open Channel [id: 0x4eddb369, L:/127.0.0.1:58747 - R:localhost/127.0.0.1:7138] for GET '/session/5ad97dfb5cc8ee7bdc66ecb7503f8fc1/alert/text'
13:09:10.260 [AsyncHttpClient-1-2] DEBUG org.asynchttpclient.netty.handler.HttpHandler - 

Request DefaultFullHttpRequest(decodeResult: success, version: HTTP/1.1, content: EmptyByteBufBE)
GET /session/5ad97dfb5cc8ee7bdc66ecb7503f8fc1/alert/text HTTP/1.1
User-Agent: selenium/4.8.0 (java windows)
Cache-Control: no-cache
Content-Type: application/json; charset=utf-8
host: localhost:7138
accept: */*

Response DefaultHttpResponse(decodeResult: success, version: HTTP/1.1)
HTTP/1.1 404 Not Found
Content-Length: 820
Content-Type: application/json; charset=utf-8
cache-control: no-cache

13:09:10.260 [AsyncHttpClient-1-2] DEBUG org.asynchttpclient.netty.channel.ChannelManager - Adding key: http://localhost:7138 for channel [id: 0x4eddb369, L:/127.0.0.1:58747 - R:localhost/127.0.0.1:7138]
13:09:10.261 [Forwarding getCurrentUrl on session 5ad97dfb5cc8ee7bdc66ecb7503f8fc1 to remote] DEBUG org.asynchttpclient.netty.request.NettyRequestSender - Using pooled Channel '[id: 0x4eddb369, L:/127.0.0.1:58747 - R:localhost/127.0.0.1:7138]' for 'GET' to 'http://localhost:7138/session/5ad97dfb5cc8ee7bdc66ecb7503f8fc1/url'
13:09:10.261 [Forwarding getCurrentUrl on session 5ad97dfb5cc8ee7bdc66ecb7503f8fc1 to remote] DEBUG org.asynchttpclient.netty.request.NettyRequestSender - Using open Channel [id: 0x4eddb369, L:/127.0.0.1:58747 - R:localhost/127.0.0.1:7138] for GET '/session/5ad97dfb5cc8ee7bdc66ecb7503f8fc1/url'
13:09:10.263 [AsyncHttpClient-1-2] DEBUG org.asynchttpclient.netty.handler.HttpHandler - 

Request DefaultFullHttpRequest(decodeResult: success, version: HTTP/1.1, content: EmptyByteBufBE)
GET /session/5ad97dfb5cc8ee7bdc66ecb7503f8fc1/url HTTP/1.1
User-Agent: selenium/4.8.0 (java windows)
Cache-Control: no-cache
Content-Type: application/json; charset=utf-8
host: localhost:7138
accept: */*

Response DefaultHttpResponse(decodeResult: success, version: HTTP/1.1)
HTTP/1.1 200 OK
Content-Length: 75
Content-Type: application/json; charset=utf-8
cache-control: no-cache

13:09:10.263 [AsyncHttpClient-1-2] DEBUG org.asynchttpclient.netty.channel.ChannelManager - Adding key: http://localhost:7138 for channel [id: 0x4eddb369, L:/127.0.0.1:58747 - R:localhost/127.0.0.1:7138]
13:09:10.263 [Forwarding screenshot on session 5ad97dfb5cc8ee7bdc66ecb7503f8fc1 to remote] DEBUG org.asynchttpclient.netty.request.NettyRequestSender - Using pooled Channel '[id: 0x4eddb369, L:/127.0.0.1:58747 - R:localhost/127.0.0.1:7138]' for 'GET' to 'http://localhost:7138/session/5ad97dfb5cc8ee7bdc66ecb7503f8fc1/screenshot'
13:09:10.263 [Forwarding screenshot on session 5ad97dfb5cc8ee7bdc66ecb7503f8fc1 to remote] DEBUG org.asynchttpclient.netty.request.NettyRequestSender - Using open Channel [id: 0x4eddb369, L:/127.0.0.1:58747 - R:localhost/127.0.0.1:7138] for GET '/session/5ad97dfb5cc8ee7bdc66ecb7503f8fc1/screenshot'
13:09:10.347 [AsyncHttpClient-1-2] DEBUG org.asynchttpclient.netty.handler.HttpHandler - 

Request DefaultFullHttpRequest(decodeResult: success, version: HTTP/1.1, content: EmptyByteBufBE)
GET /session/5ad97dfb5cc8ee7bdc66ecb7503f8fc1/screenshot HTTP/1.1
User-Agent: selenium/4.8.0 (java windows)
Cache-Control: no-cache
Content-Type: application/json; charset=utf-8
host: localhost:7138
accept: */*

Response DefaultHttpResponse(decodeResult: success, version: HTTP/1.1)
HTTP/1.1 200 OK
Content-Length: 101600
Content-Type: application/json; charset=utf-8
cache-control: no-cache

13:09:10.347 [AsyncHttpClient-1-2] DEBUG org.asynchttpclient.netty.channel.ChannelManager - Adding key: http://localhost:7138 for channel [id: 0x4eddb369, L:/127.0.0.1:58747 - R:localhost/127.0.0.1:7138]
13:09:10.349 [main] DEBUG net.serenitybdd.core.photography.Darkroom - Send negative for processing for target\site\serenity\70367cb39f40b6036405c41edfe3d9938e6d5376be845ef737a5b8398dd9b872.png
13:09:10.350 [Forwarding getPageSource on session 5ad97dfb5cc8ee7bdc66ecb7503f8fc1 to remote] DEBUG org.asynchttpclient.netty.request.NettyRequestSender - Using pooled Channel '[id: 0x4eddb369, L:/127.0.0.1:58747 - R:localhost/127.0.0.1:7138]' for 'POST' to 'http://localhost:7138/session/5ad97dfb5cc8ee7bdc66ecb7503f8fc1/execute/sync'
13:09:10.350 [Forwarding getPageSource on session 5ad97dfb5cc8ee7bdc66ecb7503f8fc1 to remote] DEBUG org.asynchttpclient.netty.request.NettyRequestSender - Using open Channel [id: 0x4eddb369, L:/127.0.0.1:58747 - R:localhost/127.0.0.1:7138] for POST '/session/5ad97dfb5cc8ee7bdc66ecb7503f8fc1/execute/sync'
13:09:10.358 [AsyncHttpClient-1-2] DEBUG org.asynchttpclient.netty.handler.HttpHandler - 

Request DefaultHttpRequest(decodeResult: success, version: HTTP/1.1)
POST /session/5ad97dfb5cc8ee7bdc66ecb7503f8fc1/execute/sync HTTP/1.1
User-Agent: selenium/4.8.0 (java windows)
Content-Length: 176
Content-Type: application/json; charset=utf-8
host: localhost:7138
accept: */*

Response DefaultHttpResponse(decodeResult: success, version: HTTP/1.1)
HTTP/1.1 200 OK
Content-Length: 104876
Content-Type: application/json; charset=utf-8
cache-control: no-cache

13:09:10.358 [AsyncHttpClient-1-2] DEBUG org.asynchttpclient.netty.channel.ChannelManager - Adding key: http://localhost:7138 for channel [id: 0x4eddb369, L:/127.0.0.1:58747 - R:localhost/127.0.0.1:7138]
13:09:10.362 [Forwarding getCurrentUrl on session 5ad97dfb5cc8ee7bdc66ecb7503f8fc1 to remote] DEBUG org.asynchttpclient.netty.request.NettyRequestSender - Using pooled Channel '[id: 0x4eddb369, L:/127.0.0.1:58747 - R:localhost/127.0.0.1:7138]' for 'GET' to 'http://localhost:7138/session/5ad97dfb5cc8ee7bdc66ecb7503f8fc1/url'
13:09:10.362 [Forwarding getCurrentUrl on session 5ad97dfb5cc8ee7bdc66ecb7503f8fc1 to remote] DEBUG org.asynchttpclient.netty.request.NettyRequestSender - Using open Channel [id: 0x4eddb369, L:/127.0.0.1:58747 - R:localhost/127.0.0.1:7138] for GET '/session/5ad97dfb5cc8ee7bdc66ecb7503f8fc1/url'
13:09:10.364 [AsyncHttpClient-1-2] DEBUG org.asynchttpclient.netty.handler.HttpHandler - 

Request DefaultFullHttpRequest(decodeResult: success, version: HTTP/1.1, content: EmptyByteBufBE)
GET /session/5ad97dfb5cc8ee7bdc66ecb7503f8fc1/url HTTP/1.1
User-Agent: selenium/4.8.0 (java windows)
Cache-Control: no-cache
Content-Type: application/json; charset=utf-8
host: localhost:7138
accept: */*

Response DefaultHttpResponse(decodeResult: success, version: HTTP/1.1)
HTTP/1.1 200 OK
Content-Length: 75
Content-Type: application/json; charset=utf-8
cache-control: no-cache

13:09:10.364 [AsyncHttpClient-1-2] DEBUG org.asynchttpclient.netty.channel.ChannelManager - Adding key: http://localhost:7138 for channel [id: 0x4eddb369, L:/127.0.0.1:58747 - R:localhost/127.0.0.1:7138]
13:09:10.386 [Forwarding getPageSource on session 5ad97dfb5cc8ee7bdc66ecb7503f8fc1 to remote] DEBUG org.asynchttpclient.netty.request.NettyRequestSender - Using pooled Channel '[id: 0x4eddb369, L:/127.0.0.1:58747 - R:localhost/127.0.0.1:7138]' for 'POST' to 'http://localhost:7138/session/5ad97dfb5cc8ee7bdc66ecb7503f8fc1/execute/sync'
13:09:10.386 [Forwarding getPageSource on session 5ad97dfb5cc8ee7bdc66ecb7503f8fc1 to remote] DEBUG org.asynchttpclient.netty.request.NettyRequestSender - Using open Channel [id: 0x4eddb369, L:/127.0.0.1:58747 - R:localhost/127.0.0.1:7138] for POST '/session/5ad97dfb5cc8ee7bdc66ecb7503f8fc1/execute/sync'
13:09:10.395 [AsyncHttpClient-1-2] DEBUG org.asynchttpclient.netty.handler.HttpHandler - 

Request DefaultHttpRequest(decodeResult: success, version: HTTP/1.1)
POST /session/5ad97dfb5cc8ee7bdc66ecb7503f8fc1/execute/sync HTTP/1.1
User-Agent: selenium/4.8.0 (java windows)
Content-Length: 176
Content-Type: application/json; charset=utf-8
host: localhost:7138
accept: */*

Response DefaultHttpResponse(decodeResult: success, version: HTTP/1.1)
HTTP/1.1 200 OK
Content-Length: 104876
Content-Type: application/json; charset=utf-8
cache-control: no-cache

13:09:10.395 [AsyncHttpClient-1-2] DEBUG org.asynchttpclient.netty.channel.ChannelManager - Adding key: http://localhost:7138 for channel [id: 0x4eddb369, L:/127.0.0.1:58747 - R:localhost/127.0.0.1:7138]
13:09:10.400 [Forwarding getCurrentUrl on session 5ad97dfb5cc8ee7bdc66ecb7503f8fc1 to remote] DEBUG org.asynchttpclient.netty.request.NettyRequestSender - Using pooled Channel '[id: 0x4eddb369, L:/127.0.0.1:58747 - R:localhost/127.0.0.1:7138]' for 'GET' to 'http://localhost:7138/session/5ad97dfb5cc8ee7bdc66ecb7503f8fc1/url'
13:09:10.400 [Forwarding getCurrentUrl on session 5ad97dfb5cc8ee7bdc66ecb7503f8fc1 to remote] DEBUG org.asynchttpclient.netty.request.NettyRequestSender - Using open Channel [id: 0x4eddb369, L:/127.0.0.1:58747 - R:localhost/127.0.0.1:7138] for GET '/session/5ad97dfb5cc8ee7bdc66ecb7503f8fc1/url'
13:09:10.402 [AsyncHttpClient-1-2] DEBUG org.asynchttpclient.netty.handler.HttpHandler - 

Request DefaultFullHttpRequest(decodeResult: success, version: HTTP/1.1, content: EmptyByteBufBE)
GET /session/5ad97dfb5cc8ee7bdc66ecb7503f8fc1/url HTTP/1.1
User-Agent: selenium/4.8.0 (java windows)
Cache-Control: no-cache
Content-Type: application/json; charset=utf-8
host: localhost:7138
accept: */*

Response DefaultHttpResponse(decodeResult: success, version: HTTP/1.1)
HTTP/1.1 200 OK
Content-Length: 75
Content-Type: application/json; charset=utf-8
cache-control: no-cache

13:09:10.402 [AsyncHttpClient-1-2] DEBUG org.asynchttpclient.netty.channel.ChannelManager - Adding key: http://localhost:7138 for channel [id: 0x4eddb369, L:/127.0.0.1:58747 - R:localhost/127.0.0.1:7138]
13:09:10.403 [main] DEBUG net.thucydides.core.steps.StepInterceptor - STARTING STEP: OpenCartStepDefinition.fillCheckoutForm - !#title
13:09:10.406 [Forwarding getAlertText on session 5ad97dfb5cc8ee7bdc66ecb7503f8fc1 to remote] DEBUG org.asynchttpclient.netty.request.NettyRequestSender - Using pooled Channel '[id: 0x4eddb369, L:/127.0.0.1:58747 - R:localhost/127.0.0.1:7138]' for 'GET' to 'http://localhost:7138/session/5ad97dfb5cc8ee7bdc66ecb7503f8fc1/alert/text'
13:09:10.408 [Forwarding getAlertText on session 5ad97dfb5cc8ee7bdc66ecb7503f8fc1 to remote] DEBUG org.asynchttpclient.netty.request.NettyRequestSender - Using open Channel [id: 0x4eddb369, L:/127.0.0.1:58747 - R:localhost/127.0.0.1:7138] for GET '/session/5ad97dfb5cc8ee7bdc66ecb7503f8fc1/alert/text'
13:09:10.409 [AsyncHttpClient-1-2] DEBUG org.asynchttpclient.netty.handler.HttpHandler - 

Request DefaultFullHttpRequest(decodeResult: success, version: HTTP/1.1, content: EmptyByteBufBE)
GET /session/5ad97dfb5cc8ee7bdc66ecb7503f8fc1/alert/text HTTP/1.1
User-Agent: selenium/4.8.0 (java windows)
Cache-Control: no-cache
Content-Type: application/json; charset=utf-8
host: localhost:7138
accept: */*

Response DefaultHttpResponse(decodeResult: success, version: HTTP/1.1)
HTTP/1.1 404 Not Found
Content-Length: 820
Content-Type: application/json; charset=utf-8
cache-control: no-cache

13:09:10.409 [AsyncHttpClient-1-2] DEBUG org.asynchttpclient.netty.channel.ChannelManager - Adding key: http://localhost:7138 for channel [id: 0x4eddb369, L:/127.0.0.1:58747 - R:localhost/127.0.0.1:7138]
13:09:10.409 [Forwarding getCurrentUrl on session 5ad97dfb5cc8ee7bdc66ecb7503f8fc1 to remote] DEBUG org.asynchttpclient.netty.request.NettyRequestSender - Using pooled Channel '[id: 0x4eddb369, L:/127.0.0.1:58747 - R:localhost/127.0.0.1:7138]' for 'GET' to 'http://localhost:7138/session/5ad97dfb5cc8ee7bdc66ecb7503f8fc1/url'
13:09:10.409 [Forwarding getCurrentUrl on session 5ad97dfb5cc8ee7bdc66ecb7503f8fc1 to remote] DEBUG org.asynchttpclient.netty.request.NettyRequestSender - Using open Channel [id: 0x4eddb369, L:/127.0.0.1:58747 - R:localhost/127.0.0.1:7138] for GET '/session/5ad97dfb5cc8ee7bdc66ecb7503f8fc1/url'
13:09:10.411 [AsyncHttpClient-1-2] DEBUG org.asynchttpclient.netty.handler.HttpHandler - 

Request DefaultFullHttpRequest(decodeResult: success, version: HTTP/1.1, content: EmptyByteBufBE)
GET /session/5ad97dfb5cc8ee7bdc66ecb7503f8fc1/url HTTP/1.1
User-Agent: selenium/4.8.0 (java windows)
Cache-Control: no-cache
Content-Type: application/json; charset=utf-8
host: localhost:7138
accept: */*

Response DefaultHttpResponse(decodeResult: success, version: HTTP/1.1)
HTTP/1.1 200 OK
Content-Length: 75
Content-Type: application/json; charset=utf-8
cache-control: no-cache

13:09:10.411 [AsyncHttpClient-1-2] DEBUG org.asynchttpclient.netty.channel.ChannelManager - Adding key: http://localhost:7138 for channel [id: 0x4eddb369, L:/127.0.0.1:58747 - R:localhost/127.0.0.1:7138]
13:09:10.411 [Forwarding screenshot on session 5ad97dfb5cc8ee7bdc66ecb7503f8fc1 to remote] DEBUG org.asynchttpclient.netty.request.NettyRequestSender - Using pooled Channel '[id: 0x4eddb369, L:/127.0.0.1:58747 - R:localhost/127.0.0.1:7138]' for 'GET' to 'http://localhost:7138/session/5ad97dfb5cc8ee7bdc66ecb7503f8fc1/screenshot'
13:09:10.411 [Forwarding screenshot on session 5ad97dfb5cc8ee7bdc66ecb7503f8fc1 to remote] DEBUG org.asynchttpclient.netty.request.NettyRequestSender - Using open Channel [id: 0x4eddb369, L:/127.0.0.1:58747 - R:localhost/127.0.0.1:7138] for GET '/session/5ad97dfb5cc8ee7bdc66ecb7503f8fc1/screenshot'
13:09:10.495 [AsyncHttpClient-1-2] DEBUG org.asynchttpclient.netty.handler.HttpHandler - 

Request DefaultFullHttpRequest(decodeResult: success, version: HTTP/1.1, content: EmptyByteBufBE)
GET /session/5ad97dfb5cc8ee7bdc66ecb7503f8fc1/screenshot HTTP/1.1
User-Agent: selenium/4.8.0 (java windows)
Cache-Control: no-cache
Content-Type: application/json; charset=utf-8
host: localhost:7138
accept: */*

Response DefaultHttpResponse(decodeResult: success, version: HTTP/1.1)
HTTP/1.1 200 OK
Content-Length: 101600
Content-Type: application/json; charset=utf-8
cache-control: no-cache

13:09:10.495 [AsyncHttpClient-1-2] DEBUG org.asynchttpclient.netty.channel.ChannelManager - Adding key: http://localhost:7138 for channel [id: 0x4eddb369, L:/127.0.0.1:58747 - R:localhost/127.0.0.1:7138]
13:09:10.497 [main] DEBUG net.serenitybdd.core.photography.Darkroom - Send negative for processing for target\site\serenity\70367cb39f40b6036405c41edfe3d9938e6d5376be845ef737a5b8398dd9b872.png
13:09:10.498 [Forwarding getPageSource on session 5ad97dfb5cc8ee7bdc66ecb7503f8fc1 to remote] DEBUG org.asynchttpclient.netty.request.NettyRequestSender - Using pooled Channel '[id: 0x4eddb369, L:/127.0.0.1:58747 - R:localhost/127.0.0.1:7138]' for 'POST' to 'http://localhost:7138/session/5ad97dfb5cc8ee7bdc66ecb7503f8fc1/execute/sync'
13:09:10.498 [Forwarding getPageSource on session 5ad97dfb5cc8ee7bdc66ecb7503f8fc1 to remote] DEBUG org.asynchttpclient.netty.request.NettyRequestSender - Using open Channel [id: 0x4eddb369, L:/127.0.0.1:58747 - R:localhost/127.0.0.1:7138] for POST '/session/5ad97dfb5cc8ee7bdc66ecb7503f8fc1/execute/sync'
13:09:10.506 [AsyncHttpClient-1-2] DEBUG org.asynchttpclient.netty.handler.HttpHandler - 

Request DefaultHttpRequest(decodeResult: success, version: HTTP/1.1)
POST /session/5ad97dfb5cc8ee7bdc66ecb7503f8fc1/execute/sync HTTP/1.1
User-Agent: selenium/4.8.0 (java windows)
Content-Length: 176
Content-Type: application/json; charset=utf-8
host: localhost:7138
accept: */*

Response DefaultHttpResponse(decodeResult: success, version: HTTP/1.1)
HTTP/1.1 200 OK
Content-Length: 104876
Content-Type: application/json; charset=utf-8
cache-control: no-cache

13:09:10.506 [AsyncHttpClient-1-2] DEBUG org.asynchttpclient.netty.channel.ChannelManager - Adding key: http://localhost:7138 for channel [id: 0x4eddb369, L:/127.0.0.1:58747 - R:localhost/127.0.0.1:7138]
13:09:10.511 [Forwarding getCurrentUrl on session 5ad97dfb5cc8ee7bdc66ecb7503f8fc1 to remote] DEBUG org.asynchttpclient.netty.request.NettyRequestSender - Using pooled Channel '[id: 0x4eddb369, L:/127.0.0.1:58747 - R:localhost/127.0.0.1:7138]' for 'GET' to 'http://localhost:7138/session/5ad97dfb5cc8ee7bdc66ecb7503f8fc1/url'
13:09:10.511 [Forwarding getCurrentUrl on session 5ad97dfb5cc8ee7bdc66ecb7503f8fc1 to remote] DEBUG org.asynchttpclient.netty.request.NettyRequestSender - Using open Channel [id: 0x4eddb369, L:/127.0.0.1:58747 - R:localhost/127.0.0.1:7138] for GET '/session/5ad97dfb5cc8ee7bdc66ecb7503f8fc1/url'
13:09:10.514 [AsyncHttpClient-1-2] DEBUG org.asynchttpclient.netty.handler.HttpHandler - 

Request DefaultFullHttpRequest(decodeResult: success, version: HTTP/1.1, content: EmptyByteBufBE)
GET /session/5ad97dfb5cc8ee7bdc66ecb7503f8fc1/url HTTP/1.1
User-Agent: selenium/4.8.0 (java windows)
Cache-Control: no-cache
Content-Type: application/json; charset=utf-8
host: localhost:7138
accept: */*

Response DefaultHttpResponse(decodeResult: success, version: HTTP/1.1)
HTTP/1.1 200 OK
Content-Length: 75
Content-Type: application/json; charset=utf-8
cache-control: no-cache

13:09:10.514 [AsyncHttpClient-1-2] DEBUG org.asynchttpclient.netty.channel.ChannelManager - Adding key: http://localhost:7138 for channel [id: 0x4eddb369, L:/127.0.0.1:58747 - R:localhost/127.0.0.1:7138]
13:09:10.515 [main] DEBUG net.thucydides.core.steps.StepInterceptor - STARTING STEP: OpenCartStepDefinition.fillCheckoutForm - {0} enters #theTextAsAString into #locatorNames
13:09:10.517 [Forwarding findElement on session 5ad97dfb5cc8ee7bdc66ecb7503f8fc1 to remote] DEBUG org.asynchttpclient.netty.request.NettyRequestSender - Using pooled Channel '[id: 0x4eddb369, L:/127.0.0.1:58747 - R:localhost/127.0.0.1:7138]' for 'POST' to 'http://localhost:7138/session/5ad97dfb5cc8ee7bdc66ecb7503f8fc1/element'
13:09:10.517 [Forwarding findElement on session 5ad97dfb5cc8ee7bdc66ecb7503f8fc1 to remote] DEBUG org.asynchttpclient.netty.request.NettyRequestSender - Using open Channel [id: 0x4eddb369, L:/127.0.0.1:58747 - R:localhost/127.0.0.1:7138] for POST '/session/5ad97dfb5cc8ee7bdc66ecb7503f8fc1/element'
13:09:10.523 [AsyncHttpClient-1-2] DEBUG org.asynchttpclient.netty.handler.HttpHandler - 

Request DefaultHttpRequest(decodeResult: success, version: HTTP/1.1)
POST /session/5ad97dfb5cc8ee7bdc66ecb7503f8fc1/element HTTP/1.1
User-Agent: selenium/4.8.0 (java windows)
Content-Length: 85
Content-Type: application/json; charset=utf-8
host: localhost:7138
accept: */*

Response DefaultHttpResponse(decodeResult: success, version: HTTP/1.1)
HTTP/1.1 200 OK
Content-Length: 95
Content-Type: application/json; charset=utf-8
cache-control: no-cache

13:09:10.523 [AsyncHttpClient-1-2] DEBUG org.asynchttpclient.netty.channel.ChannelManager - Adding key: http://localhost:7138 for channel [id: 0x4eddb369, L:/127.0.0.1:58747 - R:localhost/127.0.0.1:7138]
13:09:10.524 [Forwarding clearElement on session 5ad97dfb5cc8ee7bdc66ecb7503f8fc1 to remote] DEBUG org.asynchttpclient.netty.request.NettyRequestSender - Using pooled Channel '[id: 0x4eddb369, L:/127.0.0.1:58747 - R:localhost/127.0.0.1:7138]' for 'POST' to 'http://localhost:7138/session/5ad97dfb5cc8ee7bdc66ecb7503f8fc1/element/755A7524A69BA6EEB3A8EFDB3A26A04F_element_75/clear'
13:09:10.524 [Forwarding clearElement on session 5ad97dfb5cc8ee7bdc66ecb7503f8fc1 to remote] DEBUG org.asynchttpclient.netty.request.NettyRequestSender - Using open Channel [id: 0x4eddb369, L:/127.0.0.1:58747 - R:localhost/127.0.0.1:7138] for POST '/session/5ad97dfb5cc8ee7bdc66ecb7503f8fc1/element/755A7524A69BA6EEB3A8EFDB3A26A04F_element_75/clear'
13:09:10.539 [AsyncHttpClient-1-2] DEBUG org.asynchttpclient.netty.handler.HttpHandler - 

Request DefaultHttpRequest(decodeResult: success, version: HTTP/1.1)
POST /session/5ad97dfb5cc8ee7bdc66ecb7503f8fc1/element/755A7524A69BA6EEB3A8EFDB3A26A04F_element_75/clear HTTP/1.1
User-Agent: selenium/4.8.0 (java windows)
Content-Length: 57
Content-Type: application/json; charset=utf-8
host: localhost:7138
accept: */*

Response DefaultHttpResponse(decodeResult: success, version: HTTP/1.1)
HTTP/1.1 200 OK
Content-Length: 14
Content-Type: application/json; charset=utf-8
cache-control: no-cache

13:09:10.539 [AsyncHttpClient-1-2] DEBUG org.asynchttpclient.netty.channel.ChannelManager - Adding key: http://localhost:7138 for channel [id: 0x4eddb369, L:/127.0.0.1:58747 - R:localhost/127.0.0.1:7138]
13:09:10.541 [Forwarding findElement on session 5ad97dfb5cc8ee7bdc66ecb7503f8fc1 to remote] DEBUG org.asynchttpclient.netty.request.NettyRequestSender - Using pooled Channel '[id: 0x4eddb369, L:/127.0.0.1:58747 - R:localhost/127.0.0.1:7138]' for 'POST' to 'http://localhost:7138/session/5ad97dfb5cc8ee7bdc66ecb7503f8fc1/element'
13:09:10.541 [Forwarding findElement on session 5ad97dfb5cc8ee7bdc66ecb7503f8fc1 to remote] DEBUG org.asynchttpclient.netty.request.NettyRequestSender - Using open Channel [id: 0x4eddb369, L:/127.0.0.1:58747 - R:localhost/127.0.0.1:7138] for POST '/session/5ad97dfb5cc8ee7bdc66ecb7503f8fc1/element'
13:09:10.545 [AsyncHttpClient-1-2] DEBUG org.asynchttpclient.netty.handler.HttpHandler - 

Request DefaultHttpRequest(decodeResult: success, version: HTTP/1.1)
POST /session/5ad97dfb5cc8ee7bdc66ecb7503f8fc1/element HTTP/1.1
User-Agent: selenium/4.8.0 (java windows)
Content-Length: 85
Content-Type: application/json; charset=utf-8
host: localhost:7138
accept: */*

Response DefaultHttpResponse(decodeResult: success, version: HTTP/1.1)
HTTP/1.1 200 OK
Content-Length: 95
Content-Type: application/json; charset=utf-8
cache-control: no-cache

13:09:10.545 [AsyncHttpClient-1-2] DEBUG org.asynchttpclient.netty.channel.ChannelManager - Adding key: http://localhost:7138 for channel [id: 0x4eddb369, L:/127.0.0.1:58747 - R:localhost/127.0.0.1:7138]
13:09:10.546 [Forwarding sendKeysToElement on session 5ad97dfb5cc8ee7bdc66ecb7503f8fc1 to remote] DEBUG org.asynchttpclient.netty.request.NettyRequestSender - Using pooled Channel '[id: 0x4eddb369, L:/127.0.0.1:58747 - R:localhost/127.0.0.1:7138]' for 'POST' to 'http://localhost:7138/session/5ad97dfb5cc8ee7bdc66ecb7503f8fc1/element/755A7524A69BA6EEB3A8EFDB3A26A04F_element_75/value'
13:09:10.546 [Forwarding sendKeysToElement on session 5ad97dfb5cc8ee7bdc66ecb7503f8fc1 to remote] DEBUG org.asynchttpclient.netty.request.NettyRequestSender - Using open Channel [id: 0x4eddb369, L:/127.0.0.1:58747 - R:localhost/127.0.0.1:7138] for POST '/session/5ad97dfb5cc8ee7bdc66ecb7503f8fc1/element/755A7524A69BA6EEB3A8EFDB3A26A04F_element_75/value'
13:09:10.583 [AsyncHttpClient-1-2] DEBUG org.asynchttpclient.netty.handler.HttpHandler - 

Request DefaultHttpRequest(decodeResult: success, version: HTTP/1.1)
POST /session/5ad97dfb5cc8ee7bdc66ecb7503f8fc1/element/755A7524A69BA6EEB3A8EFDB3A26A04F_element_75/value HTTP/1.1
User-Agent: selenium/4.8.0 (java windows)
Content-Length: 138
Content-Type: application/json; charset=utf-8
host: localhost:7138
accept: */*

Response DefaultHttpResponse(decodeResult: success, version: HTTP/1.1)
HTTP/1.1 200 OK
Content-Length: 14
Content-Type: application/json; charset=utf-8
cache-control: no-cache

13:09:10.583 [AsyncHttpClient-1-2] DEBUG org.asynchttpclient.netty.channel.ChannelManager - Adding key: http://localhost:7138 for channel [id: 0x4eddb369, L:/127.0.0.1:58747 - R:localhost/127.0.0.1:7138]
13:09:10.588 [Forwarding getAlertText on session 5ad97dfb5cc8ee7bdc66ecb7503f8fc1 to remote] DEBUG org.asynchttpclient.netty.request.NettyRequestSender - Using pooled Channel '[id: 0x4eddb369, L:/127.0.0.1:58747 - R:localhost/127.0.0.1:7138]' for 'GET' to 'http://localhost:7138/session/5ad97dfb5cc8ee7bdc66ecb7503f8fc1/alert/text'
13:09:10.588 [Forwarding getAlertText on session 5ad97dfb5cc8ee7bdc66ecb7503f8fc1 to remote] DEBUG org.asynchttpclient.netty.request.NettyRequestSender - Using open Channel [id: 0x4eddb369, L:/127.0.0.1:58747 - R:localhost/127.0.0.1:7138] for GET '/session/5ad97dfb5cc8ee7bdc66ecb7503f8fc1/alert/text'
13:09:10.590 [AsyncHttpClient-1-2] DEBUG org.asynchttpclient.netty.handler.HttpHandler - 

Request DefaultFullHttpRequest(decodeResult: success, version: HTTP/1.1, content: EmptyByteBufBE)
GET /session/5ad97dfb5cc8ee7bdc66ecb7503f8fc1/alert/text HTTP/1.1
User-Agent: selenium/4.8.0 (java windows)
Cache-Control: no-cache
Content-Type: application/json; charset=utf-8
host: localhost:7138
accept: */*

Response DefaultHttpResponse(decodeResult: success, version: HTTP/1.1)
HTTP/1.1 404 Not Found
Content-Length: 820
Content-Type: application/json; charset=utf-8
cache-control: no-cache

13:09:10.590 [AsyncHttpClient-1-2] DEBUG org.asynchttpclient.netty.channel.ChannelManager - Adding key: http://localhost:7138 for channel [id: 0x4eddb369, L:/127.0.0.1:58747 - R:localhost/127.0.0.1:7138]
13:09:10.591 [Forwarding getCurrentUrl on session 5ad97dfb5cc8ee7bdc66ecb7503f8fc1 to remote] DEBUG org.asynchttpclient.netty.request.NettyRequestSender - Using pooled Channel '[id: 0x4eddb369, L:/127.0.0.1:58747 - R:localhost/127.0.0.1:7138]' for 'GET' to 'http://localhost:7138/session/5ad97dfb5cc8ee7bdc66ecb7503f8fc1/url'
13:09:10.591 [Forwarding getCurrentUrl on session 5ad97dfb5cc8ee7bdc66ecb7503f8fc1 to remote] DEBUG org.asynchttpclient.netty.request.NettyRequestSender - Using open Channel [id: 0x4eddb369, L:/127.0.0.1:58747 - R:localhost/127.0.0.1:7138] for GET '/session/5ad97dfb5cc8ee7bdc66ecb7503f8fc1/url'
13:09:10.595 [AsyncHttpClient-1-2] DEBUG org.asynchttpclient.netty.handler.HttpHandler - 

Request DefaultFullHttpRequest(decodeResult: success, version: HTTP/1.1, content: EmptyByteBufBE)
GET /session/5ad97dfb5cc8ee7bdc66ecb7503f8fc1/url HTTP/1.1
User-Agent: selenium/4.8.0 (java windows)
Cache-Control: no-cache
Content-Type: application/json; charset=utf-8
host: localhost:7138
accept: */*

Response DefaultHttpResponse(decodeResult: success, version: HTTP/1.1)
HTTP/1.1 200 OK
Content-Length: 75
Content-Type: application/json; charset=utf-8
cache-control: no-cache

13:09:10.595 [AsyncHttpClient-1-2] DEBUG org.asynchttpclient.netty.channel.ChannelManager - Adding key: http://localhost:7138 for channel [id: 0x4eddb369, L:/127.0.0.1:58747 - R:localhost/127.0.0.1:7138]
13:09:10.596 [Forwarding screenshot on session 5ad97dfb5cc8ee7bdc66ecb7503f8fc1 to remote] DEBUG org.asynchttpclient.netty.request.NettyRequestSender - Using pooled Channel '[id: 0x4eddb369, L:/127.0.0.1:58747 - R:localhost/127.0.0.1:7138]' for 'GET' to 'http://localhost:7138/session/5ad97dfb5cc8ee7bdc66ecb7503f8fc1/screenshot'
13:09:10.596 [Forwarding screenshot on session 5ad97dfb5cc8ee7bdc66ecb7503f8fc1 to remote] DEBUG org.asynchttpclient.netty.request.NettyRequestSender - Using open Channel [id: 0x4eddb369, L:/127.0.0.1:58747 - R:localhost/127.0.0.1:7138] for GET '/session/5ad97dfb5cc8ee7bdc66ecb7503f8fc1/screenshot'
13:09:10.704 [AsyncHttpClient-1-2] DEBUG org.asynchttpclient.netty.handler.HttpHandler - 

Request DefaultFullHttpRequest(decodeResult: success, version: HTTP/1.1, content: EmptyByteBufBE)
GET /session/5ad97dfb5cc8ee7bdc66ecb7503f8fc1/screenshot HTTP/1.1
User-Agent: selenium/4.8.0 (java windows)
Cache-Control: no-cache
Content-Type: application/json; charset=utf-8
host: localhost:7138
accept: */*

Response DefaultHttpResponse(decodeResult: success, version: HTTP/1.1)
HTTP/1.1 200 OK
Content-Length: 102280
Content-Type: application/json; charset=utf-8
cache-control: no-cache

13:09:10.704 [AsyncHttpClient-1-2] DEBUG org.asynchttpclient.netty.channel.ChannelManager - Adding key: http://localhost:7138 for channel [id: 0x4eddb369, L:/127.0.0.1:58747 - R:localhost/127.0.0.1:7138]
13:09:10.708 [main] DEBUG net.serenitybdd.core.photography.Darkroom - Send negative for processing for target\site\serenity\8797f5c15fcba6b6bbcf86e96296f026930272c48b7b4d975dd81d68530cfb6b.png
13:09:10.709 [Darkroom Processing Line] DEBUG net.serenitybdd.core.photography.DarkroomProcessingLine - Processing screenshot image in /var/screenshots/screenshot-6175713913196159199
13:09:10.709 [Darkroom Processing Line] DEBUG net.serenitybdd.core.photography.DarkroomProcessingLine - Saving screenshot to target\site\serenity\8797f5c15fcba6b6bbcf86e96296f026930272c48b7b4d975dd81d68530cfb6b.png
13:09:10.916 [main] DEBUG net.thucydides.core.steps.StepInterceptor - STEP DONE: {0} enters #theTextAsAString into #locatorNames
13:09:10.921 [Forwarding getAlertText on session 5ad97dfb5cc8ee7bdc66ecb7503f8fc1 to remote] DEBUG org.asynchttpclient.netty.request.NettyRequestSender - Using pooled Channel '[id: 0x4eddb369, L:/127.0.0.1:58747 - R:localhost/127.0.0.1:7138]' for 'GET' to 'http://localhost:7138/session/5ad97dfb5cc8ee7bdc66ecb7503f8fc1/alert/text'
13:09:10.921 [Forwarding getAlertText on session 5ad97dfb5cc8ee7bdc66ecb7503f8fc1 to remote] DEBUG org.asynchttpclient.netty.request.NettyRequestSender - Using open Channel [id: 0x4eddb369, L:/127.0.0.1:58747 - R:localhost/127.0.0.1:7138] for GET '/session/5ad97dfb5cc8ee7bdc66ecb7503f8fc1/alert/text'
13:09:10.923 [AsyncHttpClient-1-2] DEBUG org.asynchttpclient.netty.handler.HttpHandler - 

Request DefaultFullHttpRequest(decodeResult: success, version: HTTP/1.1, content: EmptyByteBufBE)
GET /session/5ad97dfb5cc8ee7bdc66ecb7503f8fc1/alert/text HTTP/1.1
User-Agent: selenium/4.8.0 (java windows)
Cache-Control: no-cache
Content-Type: application/json; charset=utf-8
host: localhost:7138
accept: */*

Response DefaultHttpResponse(decodeResult: success, version: HTTP/1.1)
HTTP/1.1 404 Not Found
Content-Length: 820
Content-Type: application/json; charset=utf-8
cache-control: no-cache

13:09:10.923 [AsyncHttpClient-1-2] DEBUG org.asynchttpclient.netty.channel.ChannelManager - Adding key: http://localhost:7138 for channel [id: 0x4eddb369, L:/127.0.0.1:58747 - R:localhost/127.0.0.1:7138]
13:09:10.924 [Forwarding getCurrentUrl on session 5ad97dfb5cc8ee7bdc66ecb7503f8fc1 to remote] DEBUG org.asynchttpclient.netty.request.NettyRequestSender - Using pooled Channel '[id: 0x4eddb369, L:/127.0.0.1:58747 - R:localhost/127.0.0.1:7138]' for 'GET' to 'http://localhost:7138/session/5ad97dfb5cc8ee7bdc66ecb7503f8fc1/url'
13:09:10.924 [Forwarding getCurrentUrl on session 5ad97dfb5cc8ee7bdc66ecb7503f8fc1 to remote] DEBUG org.asynchttpclient.netty.request.NettyRequestSender - Using open Channel [id: 0x4eddb369, L:/127.0.0.1:58747 - R:localhost/127.0.0.1:7138] for GET '/session/5ad97dfb5cc8ee7bdc66ecb7503f8fc1/url'
13:09:10.926 [AsyncHttpClient-1-2] DEBUG org.asynchttpclient.netty.handler.HttpHandler - 

Request DefaultFullHttpRequest(decodeResult: success, version: HTTP/1.1, content: EmptyByteBufBE)
GET /session/5ad97dfb5cc8ee7bdc66ecb7503f8fc1/url HTTP/1.1
User-Agent: selenium/4.8.0 (java windows)
Cache-Control: no-cache
Content-Type: application/json; charset=utf-8
host: localhost:7138
accept: */*

Response DefaultHttpResponse(decodeResult: success, version: HTTP/1.1)
HTTP/1.1 200 OK
Content-Length: 75
Content-Type: application/json; charset=utf-8
cache-control: no-cache

13:09:10.927 [AsyncHttpClient-1-2] DEBUG org.asynchttpclient.netty.channel.ChannelManager - Adding key: http://localhost:7138 for channel [id: 0x4eddb369, L:/127.0.0.1:58747 - R:localhost/127.0.0.1:7138]
13:09:10.927 [Forwarding screenshot on session 5ad97dfb5cc8ee7bdc66ecb7503f8fc1 to remote] DEBUG org.asynchttpclient.netty.request.NettyRequestSender - Using pooled Channel '[id: 0x4eddb369, L:/127.0.0.1:58747 - R:localhost/127.0.0.1:7138]' for 'GET' to 'http://localhost:7138/session/5ad97dfb5cc8ee7bdc66ecb7503f8fc1/screenshot'
13:09:10.927 [Forwarding screenshot on session 5ad97dfb5cc8ee7bdc66ecb7503f8fc1 to remote] DEBUG org.asynchttpclient.netty.request.NettyRequestSender - Using open Channel [id: 0x4eddb369, L:/127.0.0.1:58747 - R:localhost/127.0.0.1:7138] for GET '/session/5ad97dfb5cc8ee7bdc66ecb7503f8fc1/screenshot'
13:09:11.006 [AsyncHttpClient-1-2] DEBUG org.asynchttpclient.netty.handler.HttpHandler - 

Request DefaultFullHttpRequest(decodeResult: success, version: HTTP/1.1, content: EmptyByteBufBE)
GET /session/5ad97dfb5cc8ee7bdc66ecb7503f8fc1/screenshot HTTP/1.1
User-Agent: selenium/4.8.0 (java windows)
Cache-Control: no-cache
Content-Type: application/json; charset=utf-8
host: localhost:7138
accept: */*

Response DefaultHttpResponse(decodeResult: success, version: HTTP/1.1)
HTTP/1.1 200 OK
Content-Length: 103712
Content-Type: application/json; charset=utf-8
cache-control: no-cache

13:09:11.008 [AsyncHttpClient-1-2] DEBUG org.asynchttpclient.netty.channel.ChannelManager - Adding key: http://localhost:7138 for channel [id: 0x4eddb369, L:/127.0.0.1:58747 - R:localhost/127.0.0.1:7138]
13:09:11.011 [main] DEBUG net.serenitybdd.core.photography.Darkroom - Send negative for processing for target\site\serenity\fff0ce7c1e07b8ba0842b6c259c7619670f1e8f57c894a220d1b713850cb7014.png
13:09:11.011 [Darkroom Processing Line] DEBUG net.serenitybdd.core.photography.DarkroomProcessingLine - Processing screenshot image in /var/screenshots/screenshot-4518331167200910957
13:09:11.011 [Darkroom Processing Line] DEBUG net.serenitybdd.core.photography.DarkroomProcessingLine - Saving screenshot to target\site\serenity\fff0ce7c1e07b8ba0842b6c259c7619670f1e8f57c894a220d1b713850cb7014.png
13:09:11.012 [Forwarding getPageSource on session 5ad97dfb5cc8ee7bdc66ecb7503f8fc1 to remote] DEBUG org.asynchttpclient.netty.request.NettyRequestSender - Using pooled Channel '[id: 0x4eddb369, L:/127.0.0.1:58747 - R:localhost/127.0.0.1:7138]' for 'POST' to 'http://localhost:7138/session/5ad97dfb5cc8ee7bdc66ecb7503f8fc1/execute/sync'
13:09:11.012 [Forwarding getPageSource on session 5ad97dfb5cc8ee7bdc66ecb7503f8fc1 to remote] DEBUG org.asynchttpclient.netty.request.NettyRequestSender - Using open Channel [id: 0x4eddb369, L:/127.0.0.1:58747 - R:localhost/127.0.0.1:7138] for POST '/session/5ad97dfb5cc8ee7bdc66ecb7503f8fc1/execute/sync'
13:09:11.020 [AsyncHttpClient-1-2] DEBUG org.asynchttpclient.netty.handler.HttpHandler - 

Request DefaultHttpRequest(decodeResult: success, version: HTTP/1.1)
POST /session/5ad97dfb5cc8ee7bdc66ecb7503f8fc1/execute/sync HTTP/1.1
User-Agent: selenium/4.8.0 (java windows)
Content-Length: 176
Content-Type: application/json; charset=utf-8
host: localhost:7138
accept: */*

Response DefaultHttpResponse(decodeResult: success, version: HTTP/1.1)
HTTP/1.1 200 OK
Content-Length: 104876
Content-Type: application/json; charset=utf-8
cache-control: no-cache

13:09:11.020 [AsyncHttpClient-1-2] DEBUG org.asynchttpclient.netty.channel.ChannelManager - Adding key: http://localhost:7138 for channel [id: 0x4eddb369, L:/127.0.0.1:58747 - R:localhost/127.0.0.1:7138]
13:09:11.025 [Forwarding getCurrentUrl on session 5ad97dfb5cc8ee7bdc66ecb7503f8fc1 to remote] DEBUG org.asynchttpclient.netty.request.NettyRequestSender - Using pooled Channel '[id: 0x4eddb369, L:/127.0.0.1:58747 - R:localhost/127.0.0.1:7138]' for 'GET' to 'http://localhost:7138/session/5ad97dfb5cc8ee7bdc66ecb7503f8fc1/url'
13:09:11.025 [Forwarding getCurrentUrl on session 5ad97dfb5cc8ee7bdc66ecb7503f8fc1 to remote] DEBUG org.asynchttpclient.netty.request.NettyRequestSender - Using open Channel [id: 0x4eddb369, L:/127.0.0.1:58747 - R:localhost/127.0.0.1:7138] for GET '/session/5ad97dfb5cc8ee7bdc66ecb7503f8fc1/url'
13:09:11.026 [AsyncHttpClient-1-2] DEBUG org.asynchttpclient.netty.handler.HttpHandler - 

Request DefaultFullHttpRequest(decodeResult: success, version: HTTP/1.1, content: EmptyByteBufBE)
GET /session/5ad97dfb5cc8ee7bdc66ecb7503f8fc1/url HTTP/1.1
User-Agent: selenium/4.8.0 (java windows)
Cache-Control: no-cache
Content-Type: application/json; charset=utf-8
host: localhost:7138
accept: */*

Response DefaultHttpResponse(decodeResult: success, version: HTTP/1.1)
HTTP/1.1 200 OK
Content-Length: 75
Content-Type: application/json; charset=utf-8
cache-control: no-cache

13:09:11.028 [AsyncHttpClient-1-2] DEBUG org.asynchttpclient.netty.channel.ChannelManager - Adding key: http://localhost:7138 for channel [id: 0x4eddb369, L:/127.0.0.1:58747 - R:localhost/127.0.0.1:7138]
13:09:11.029 [main] DEBUG net.thucydides.core.steps.StepInterceptor - STARTING STEP: OpenCartStepDefinition.fillCheckoutForm - {0} enters #theTextAsAString into #locatorNames
13:09:11.031 [Forwarding findElement on session 5ad97dfb5cc8ee7bdc66ecb7503f8fc1 to remote] DEBUG org.asynchttpclient.netty.request.NettyRequestSender - Using pooled Channel '[id: 0x4eddb369, L:/127.0.0.1:58747 - R:localhost/127.0.0.1:7138]' for 'POST' to 'http://localhost:7138/session/5ad97dfb5cc8ee7bdc66ecb7503f8fc1/element'
13:09:11.031 [Forwarding findElement on session 5ad97dfb5cc8ee7bdc66ecb7503f8fc1 to remote] DEBUG org.asynchttpclient.netty.request.NettyRequestSender - Using open Channel [id: 0x4eddb369, L:/127.0.0.1:58747 - R:localhost/127.0.0.1:7138] for POST '/session/5ad97dfb5cc8ee7bdc66ecb7503f8fc1/element'
13:09:11.038 [AsyncHttpClient-1-2] DEBUG org.asynchttpclient.netty.handler.HttpHandler - 

Request DefaultHttpRequest(decodeResult: success, version: HTTP/1.1)
POST /session/5ad97dfb5cc8ee7bdc66ecb7503f8fc1/element HTTP/1.1
User-Agent: selenium/4.8.0 (java windows)
Content-Length: 84
Content-Type: application/json; charset=utf-8
host: localhost:7138
accept: */*

Response DefaultHttpResponse(decodeResult: success, version: HTTP/1.1)
HTTP/1.1 200 OK
Content-Length: 95
Content-Type: application/json; charset=utf-8
cache-control: no-cache

13:09:11.038 [AsyncHttpClient-1-2] DEBUG org.asynchttpclient.netty.channel.ChannelManager - Adding key: http://localhost:7138 for channel [id: 0x4eddb369, L:/127.0.0.1:58747 - R:localhost/127.0.0.1:7138]
13:09:11.039 [Forwarding clearElement on session 5ad97dfb5cc8ee7bdc66ecb7503f8fc1 to remote] DEBUG org.asynchttpclient.netty.request.NettyRequestSender - Using pooled Channel '[id: 0x4eddb369, L:/127.0.0.1:58747 - R:localhost/127.0.0.1:7138]' for 'POST' to 'http://localhost:7138/session/5ad97dfb5cc8ee7bdc66ecb7503f8fc1/element/755A7524A69BA6EEB3A8EFDB3A26A04F_element_77/clear'
13:09:11.039 [Forwarding clearElement on session 5ad97dfb5cc8ee7bdc66ecb7503f8fc1 to remote] DEBUG org.asynchttpclient.netty.request.NettyRequestSender - Using open Channel [id: 0x4eddb369, L:/127.0.0.1:58747 - R:localhost/127.0.0.1:7138] for POST '/session/5ad97dfb5cc8ee7bdc66ecb7503f8fc1/element/755A7524A69BA6EEB3A8EFDB3A26A04F_element_77/clear'
13:09:11.053 [AsyncHttpClient-1-2] DEBUG org.asynchttpclient.netty.handler.HttpHandler - 

Request DefaultHttpRequest(decodeResult: success, version: HTTP/1.1)
POST /session/5ad97dfb5cc8ee7bdc66ecb7503f8fc1/element/755A7524A69BA6EEB3A8EFDB3A26A04F_element_77/clear HTTP/1.1
User-Agent: selenium/4.8.0 (java windows)
Content-Length: 57
Content-Type: application/json; charset=utf-8
host: localhost:7138
accept: */*

Response DefaultHttpResponse(decodeResult: success, version: HTTP/1.1)
HTTP/1.1 200 OK
Content-Length: 14
Content-Type: application/json; charset=utf-8
cache-control: no-cache

13:09:11.054 [AsyncHttpClient-1-2] DEBUG org.asynchttpclient.netty.channel.ChannelManager - Adding key: http://localhost:7138 for channel [id: 0x4eddb369, L:/127.0.0.1:58747 - R:localhost/127.0.0.1:7138]
13:09:11.056 [Forwarding findElement on session 5ad97dfb5cc8ee7bdc66ecb7503f8fc1 to remote] DEBUG org.asynchttpclient.netty.request.NettyRequestSender - Using pooled Channel '[id: 0x4eddb369, L:/127.0.0.1:58747 - R:localhost/127.0.0.1:7138]' for 'POST' to 'http://localhost:7138/session/5ad97dfb5cc8ee7bdc66ecb7503f8fc1/element'
13:09:11.056 [Forwarding findElement on session 5ad97dfb5cc8ee7bdc66ecb7503f8fc1 to remote] DEBUG org.asynchttpclient.netty.request.NettyRequestSender - Using open Channel [id: 0x4eddb369, L:/127.0.0.1:58747 - R:localhost/127.0.0.1:7138] for POST '/session/5ad97dfb5cc8ee7bdc66ecb7503f8fc1/element'
13:09:11.062 [AsyncHttpClient-1-2] DEBUG org.asynchttpclient.netty.handler.HttpHandler - 

Request DefaultHttpRequest(decodeResult: success, version: HTTP/1.1)
POST /session/5ad97dfb5cc8ee7bdc66ecb7503f8fc1/element HTTP/1.1
User-Agent: selenium/4.8.0 (java windows)
Content-Length: 84
Content-Type: application/json; charset=utf-8
host: localhost:7138
accept: */*

Response DefaultHttpResponse(decodeResult: success, version: HTTP/1.1)
HTTP/1.1 200 OK
Content-Length: 95
Content-Type: application/json; charset=utf-8
cache-control: no-cache

13:09:11.062 [AsyncHttpClient-1-2] DEBUG org.asynchttpclient.netty.channel.ChannelManager - Adding key: http://localhost:7138 for channel [id: 0x4eddb369, L:/127.0.0.1:58747 - R:localhost/127.0.0.1:7138]
13:09:11.063 [Forwarding sendKeysToElement on session 5ad97dfb5cc8ee7bdc66ecb7503f8fc1 to remote] DEBUG org.asynchttpclient.netty.request.NettyRequestSender - Using pooled Channel '[id: 0x4eddb369, L:/127.0.0.1:58747 - R:localhost/127.0.0.1:7138]' for 'POST' to 'http://localhost:7138/session/5ad97dfb5cc8ee7bdc66ecb7503f8fc1/element/755A7524A69BA6EEB3A8EFDB3A26A04F_element_77/value'
13:09:11.063 [Forwarding sendKeysToElement on session 5ad97dfb5cc8ee7bdc66ecb7503f8fc1 to remote] DEBUG org.asynchttpclient.netty.request.NettyRequestSender - Using open Channel [id: 0x4eddb369, L:/127.0.0.1:58747 - R:localhost/127.0.0.1:7138] for POST '/session/5ad97dfb5cc8ee7bdc66ecb7503f8fc1/element/755A7524A69BA6EEB3A8EFDB3A26A04F_element_77/value'
13:09:11.098 [AsyncHttpClient-1-2] DEBUG org.asynchttpclient.netty.handler.HttpHandler - 

Request DefaultHttpRequest(decodeResult: success, version: HTTP/1.1)
POST /session/5ad97dfb5cc8ee7bdc66ecb7503f8fc1/element/755A7524A69BA6EEB3A8EFDB3A26A04F_element_77/value HTTP/1.1
User-Agent: selenium/4.8.0 (java windows)
Content-Length: 158
Content-Type: application/json; charset=utf-8
host: localhost:7138
accept: */*

Response DefaultHttpResponse(decodeResult: success, version: HTTP/1.1)
HTTP/1.1 200 OK
Content-Length: 14
Content-Type: application/json; charset=utf-8
cache-control: no-cache

13:09:11.098 [AsyncHttpClient-1-2] DEBUG org.asynchttpclient.netty.channel.ChannelManager - Adding key: http://localhost:7138 for channel [id: 0x4eddb369, L:/127.0.0.1:58747 - R:localhost/127.0.0.1:7138]
13:09:11.103 [Forwarding getAlertText on session 5ad97dfb5cc8ee7bdc66ecb7503f8fc1 to remote] DEBUG org.asynchttpclient.netty.request.NettyRequestSender - Using pooled Channel '[id: 0x4eddb369, L:/127.0.0.1:58747 - R:localhost/127.0.0.1:7138]' for 'GET' to 'http://localhost:7138/session/5ad97dfb5cc8ee7bdc66ecb7503f8fc1/alert/text'
13:09:11.103 [Forwarding getAlertText on session 5ad97dfb5cc8ee7bdc66ecb7503f8fc1 to remote] DEBUG org.asynchttpclient.netty.request.NettyRequestSender - Using open Channel [id: 0x4eddb369, L:/127.0.0.1:58747 - R:localhost/127.0.0.1:7138] for GET '/session/5ad97dfb5cc8ee7bdc66ecb7503f8fc1/alert/text'
13:09:11.104 [AsyncHttpClient-1-2] DEBUG org.asynchttpclient.netty.handler.HttpHandler - 

Request DefaultFullHttpRequest(decodeResult: success, version: HTTP/1.1, content: EmptyByteBufBE)
GET /session/5ad97dfb5cc8ee7bdc66ecb7503f8fc1/alert/text HTTP/1.1
User-Agent: selenium/4.8.0 (java windows)
Cache-Control: no-cache
Content-Type: application/json; charset=utf-8
host: localhost:7138
accept: */*

Response DefaultHttpResponse(decodeResult: success, version: HTTP/1.1)
HTTP/1.1 404 Not Found
Content-Length: 820
Content-Type: application/json; charset=utf-8
cache-control: no-cache

13:09:11.105 [AsyncHttpClient-1-2] DEBUG org.asynchttpclient.netty.channel.ChannelManager - Adding key: http://localhost:7138 for channel [id: 0x4eddb369, L:/127.0.0.1:58747 - R:localhost/127.0.0.1:7138]
13:09:11.107 [Forwarding getCurrentUrl on session 5ad97dfb5cc8ee7bdc66ecb7503f8fc1 to remote] DEBUG org.asynchttpclient.netty.request.NettyRequestSender - Using pooled Channel '[id: 0x4eddb369, L:/127.0.0.1:58747 - R:localhost/127.0.0.1:7138]' for 'GET' to 'http://localhost:7138/session/5ad97dfb5cc8ee7bdc66ecb7503f8fc1/url'
13:09:11.107 [Forwarding getCurrentUrl on session 5ad97dfb5cc8ee7bdc66ecb7503f8fc1 to remote] DEBUG org.asynchttpclient.netty.request.NettyRequestSender - Using open Channel [id: 0x4eddb369, L:/127.0.0.1:58747 - R:localhost/127.0.0.1:7138] for GET '/session/5ad97dfb5cc8ee7bdc66ecb7503f8fc1/url'
13:09:11.117 [AsyncHttpClient-1-2] DEBUG org.asynchttpclient.netty.handler.HttpHandler - 

Request DefaultFullHttpRequest(decodeResult: success, version: HTTP/1.1, content: EmptyByteBufBE)
GET /session/5ad97dfb5cc8ee7bdc66ecb7503f8fc1/url HTTP/1.1
User-Agent: selenium/4.8.0 (java windows)
Cache-Control: no-cache
Content-Type: application/json; charset=utf-8
host: localhost:7138
accept: */*

Response DefaultHttpResponse(decodeResult: success, version: HTTP/1.1)
HTTP/1.1 200 OK
Content-Length: 75
Content-Type: application/json; charset=utf-8
cache-control: no-cache

13:09:11.117 [AsyncHttpClient-1-2] DEBUG org.asynchttpclient.netty.channel.ChannelManager - Adding key: http://localhost:7138 for channel [id: 0x4eddb369, L:/127.0.0.1:58747 - R:localhost/127.0.0.1:7138]
13:09:11.119 [Forwarding screenshot on session 5ad97dfb5cc8ee7bdc66ecb7503f8fc1 to remote] DEBUG org.asynchttpclient.netty.request.NettyRequestSender - Using pooled Channel '[id: 0x4eddb369, L:/127.0.0.1:58747 - R:localhost/127.0.0.1:7138]' for 'GET' to 'http://localhost:7138/session/5ad97dfb5cc8ee7bdc66ecb7503f8fc1/screenshot'
13:09:11.119 [Forwarding screenshot on session 5ad97dfb5cc8ee7bdc66ecb7503f8fc1 to remote] DEBUG org.asynchttpclient.netty.request.NettyRequestSender - Using open Channel [id: 0x4eddb369, L:/127.0.0.1:58747 - R:localhost/127.0.0.1:7138] for GET '/session/5ad97dfb5cc8ee7bdc66ecb7503f8fc1/screenshot'
13:09:11.150 [AsyncHttpClient-1-1] DEBUG org.asynchttpclient.netty.channel.DefaultChannelPool - Entry count for : http://localhost:58748 : 1
13:09:11.244 [AsyncHttpClient-1-2] DEBUG org.asynchttpclient.netty.handler.HttpHandler - 

Request DefaultFullHttpRequest(decodeResult: success, version: HTTP/1.1, content: EmptyByteBufBE)
GET /session/5ad97dfb5cc8ee7bdc66ecb7503f8fc1/screenshot HTTP/1.1
User-Agent: selenium/4.8.0 (java windows)
Cache-Control: no-cache
Content-Type: application/json; charset=utf-8
host: localhost:7138
accept: */*

Response DefaultHttpResponse(decodeResult: success, version: HTTP/1.1)
HTTP/1.1 200 OK
Content-Length: 103984
Content-Type: application/json; charset=utf-8
cache-control: no-cache

13:09:11.244 [AsyncHttpClient-1-2] DEBUG org.asynchttpclient.netty.channel.ChannelManager - Adding key: http://localhost:7138 for channel [id: 0x4eddb369, L:/127.0.0.1:58747 - R:localhost/127.0.0.1:7138]
13:09:11.247 [main] DEBUG net.serenitybdd.core.photography.Darkroom - Send negative for processing for target\site\serenity\5d1372ff1a9de9ee2effe1e80e0fede449cb3d4d9056e1c1138c0da05db52f84.png
13:09:11.248 [Darkroom Processing Line] DEBUG net.serenitybdd.core.photography.DarkroomProcessingLine - Processing screenshot image in /var/screenshots/screenshot-3525823086204498074
13:09:11.248 [Darkroom Processing Line] DEBUG net.serenitybdd.core.photography.DarkroomProcessingLine - Saving screenshot to target\site\serenity\5d1372ff1a9de9ee2effe1e80e0fede449cb3d4d9056e1c1138c0da05db52f84.png
13:09:11.463 [main] DEBUG net.thucydides.core.steps.StepInterceptor - STEP DONE: {0} enters #theTextAsAString into #locatorNames
13:09:11.467 [Forwarding getAlertText on session 5ad97dfb5cc8ee7bdc66ecb7503f8fc1 to remote] DEBUG org.asynchttpclient.netty.request.NettyRequestSender - Using pooled Channel '[id: 0x4eddb369, L:/127.0.0.1:58747 - R:localhost/127.0.0.1:7138]' for 'GET' to 'http://localhost:7138/session/5ad97dfb5cc8ee7bdc66ecb7503f8fc1/alert/text'
13:09:11.467 [Forwarding getAlertText on session 5ad97dfb5cc8ee7bdc66ecb7503f8fc1 to remote] DEBUG org.asynchttpclient.netty.request.NettyRequestSender - Using open Channel [id: 0x4eddb369, L:/127.0.0.1:58747 - R:localhost/127.0.0.1:7138] for GET '/session/5ad97dfb5cc8ee7bdc66ecb7503f8fc1/alert/text'
13:09:11.468 [AsyncHttpClient-1-2] DEBUG org.asynchttpclient.netty.handler.HttpHandler - 

Request DefaultFullHttpRequest(decodeResult: success, version: HTTP/1.1, content: EmptyByteBufBE)
GET /session/5ad97dfb5cc8ee7bdc66ecb7503f8fc1/alert/text HTTP/1.1
User-Agent: selenium/4.8.0 (java windows)
Cache-Control: no-cache
Content-Type: application/json; charset=utf-8
host: localhost:7138
accept: */*

Response DefaultHttpResponse(decodeResult: success, version: HTTP/1.1)
HTTP/1.1 404 Not Found
Content-Length: 820
Content-Type: application/json; charset=utf-8
cache-control: no-cache

13:09:11.468 [AsyncHttpClient-1-2] DEBUG org.asynchttpclient.netty.channel.ChannelManager - Adding key: http://localhost:7138 for channel [id: 0x4eddb369, L:/127.0.0.1:58747 - R:localhost/127.0.0.1:7138]
13:09:11.469 [Forwarding getCurrentUrl on session 5ad97dfb5cc8ee7bdc66ecb7503f8fc1 to remote] DEBUG org.asynchttpclient.netty.request.NettyRequestSender - Using pooled Channel '[id: 0x4eddb369, L:/127.0.0.1:58747 - R:localhost/127.0.0.1:7138]' for 'GET' to 'http://localhost:7138/session/5ad97dfb5cc8ee7bdc66ecb7503f8fc1/url'
13:09:11.469 [Forwarding getCurrentUrl on session 5ad97dfb5cc8ee7bdc66ecb7503f8fc1 to remote] DEBUG org.asynchttpclient.netty.request.NettyRequestSender - Using open Channel [id: 0x4eddb369, L:/127.0.0.1:58747 - R:localhost/127.0.0.1:7138] for GET '/session/5ad97dfb5cc8ee7bdc66ecb7503f8fc1/url'
13:09:11.471 [AsyncHttpClient-1-2] DEBUG org.asynchttpclient.netty.handler.HttpHandler - 

Request DefaultFullHttpRequest(decodeResult: success, version: HTTP/1.1, content: EmptyByteBufBE)
GET /session/5ad97dfb5cc8ee7bdc66ecb7503f8fc1/url HTTP/1.1
User-Agent: selenium/4.8.0 (java windows)
Cache-Control: no-cache
Content-Type: application/json; charset=utf-8
host: localhost:7138
accept: */*

Response DefaultHttpResponse(decodeResult: success, version: HTTP/1.1)
HTTP/1.1 200 OK
Content-Length: 75
Content-Type: application/json; charset=utf-8
cache-control: no-cache

13:09:11.471 [AsyncHttpClient-1-2] DEBUG org.asynchttpclient.netty.channel.ChannelManager - Adding key: http://localhost:7138 for channel [id: 0x4eddb369, L:/127.0.0.1:58747 - R:localhost/127.0.0.1:7138]
13:09:11.472 [Forwarding screenshot on session 5ad97dfb5cc8ee7bdc66ecb7503f8fc1 to remote] DEBUG org.asynchttpclient.netty.request.NettyRequestSender - Using pooled Channel '[id: 0x4eddb369, L:/127.0.0.1:58747 - R:localhost/127.0.0.1:7138]' for 'GET' to 'http://localhost:7138/session/5ad97dfb5cc8ee7bdc66ecb7503f8fc1/screenshot'
13:09:11.472 [Forwarding screenshot on session 5ad97dfb5cc8ee7bdc66ecb7503f8fc1 to remote] DEBUG org.asynchttpclient.netty.request.NettyRequestSender - Using open Channel [id: 0x4eddb369, L:/127.0.0.1:58747 - R:localhost/127.0.0.1:7138] for GET '/session/5ad97dfb5cc8ee7bdc66ecb7503f8fc1/screenshot'
13:09:11.553 [AsyncHttpClient-1-2] DEBUG org.asynchttpclient.netty.handler.HttpHandler - 

Request DefaultFullHttpRequest(decodeResult: success, version: HTTP/1.1, content: EmptyByteBufBE)
GET /session/5ad97dfb5cc8ee7bdc66ecb7503f8fc1/screenshot HTTP/1.1
User-Agent: selenium/4.8.0 (java windows)
Cache-Control: no-cache
Content-Type: application/json; charset=utf-8
host: localhost:7138
accept: */*

Response DefaultHttpResponse(decodeResult: success, version: HTTP/1.1)
HTTP/1.1 200 OK
Content-Length: 104128
Content-Type: application/json; charset=utf-8
cache-control: no-cache

13:09:11.554 [AsyncHttpClient-1-2] DEBUG org.asynchttpclient.netty.channel.ChannelManager - Adding key: http://localhost:7138 for channel [id: 0x4eddb369, L:/127.0.0.1:58747 - R:localhost/127.0.0.1:7138]
13:09:11.556 [main] DEBUG net.serenitybdd.core.photography.Darkroom - Send negative for processing for target\site\serenity\9518e5582d98c5ed501e07b4deae455e85782a98d97b7ebdf6a0b18664627d55.png
13:09:11.556 [Darkroom Processing Line] DEBUG net.serenitybdd.core.photography.DarkroomProcessingLine - Processing screenshot image in /var/screenshots/screenshot-8112193596828695305
13:09:11.556 [Darkroom Processing Line] DEBUG net.serenitybdd.core.photography.DarkroomProcessingLine - Saving screenshot to target\site\serenity\9518e5582d98c5ed501e07b4deae455e85782a98d97b7ebdf6a0b18664627d55.png
13:09:11.556 [Forwarding getPageSource on session 5ad97dfb5cc8ee7bdc66ecb7503f8fc1 to remote] DEBUG org.asynchttpclient.netty.request.NettyRequestSender - Using pooled Channel '[id: 0x4eddb369, L:/127.0.0.1:58747 - R:localhost/127.0.0.1:7138]' for 'POST' to 'http://localhost:7138/session/5ad97dfb5cc8ee7bdc66ecb7503f8fc1/execute/sync'
13:09:11.556 [Forwarding getPageSource on session 5ad97dfb5cc8ee7bdc66ecb7503f8fc1 to remote] DEBUG org.asynchttpclient.netty.request.NettyRequestSender - Using open Channel [id: 0x4eddb369, L:/127.0.0.1:58747 - R:localhost/127.0.0.1:7138] for POST '/session/5ad97dfb5cc8ee7bdc66ecb7503f8fc1/execute/sync'
13:09:11.566 [AsyncHttpClient-1-2] DEBUG org.asynchttpclient.netty.handler.HttpHandler - 

Request DefaultHttpRequest(decodeResult: success, version: HTTP/1.1)
POST /session/5ad97dfb5cc8ee7bdc66ecb7503f8fc1/execute/sync HTTP/1.1
User-Agent: selenium/4.8.0 (java windows)
Content-Length: 176
Content-Type: application/json; charset=utf-8
host: localhost:7138
accept: */*

Response DefaultHttpResponse(decodeResult: success, version: HTTP/1.1)
HTTP/1.1 200 OK
Content-Length: 104876
Content-Type: application/json; charset=utf-8
cache-control: no-cache

13:09:11.566 [AsyncHttpClient-1-2] DEBUG org.asynchttpclient.netty.channel.ChannelManager - Adding key: http://localhost:7138 for channel [id: 0x4eddb369, L:/127.0.0.1:58747 - R:localhost/127.0.0.1:7138]
13:09:11.572 [Forwarding getCurrentUrl on session 5ad97dfb5cc8ee7bdc66ecb7503f8fc1 to remote] DEBUG org.asynchttpclient.netty.request.NettyRequestSender - Using pooled Channel '[id: 0x4eddb369, L:/127.0.0.1:58747 - R:localhost/127.0.0.1:7138]' for 'GET' to 'http://localhost:7138/session/5ad97dfb5cc8ee7bdc66ecb7503f8fc1/url'
13:09:11.572 [Forwarding getCurrentUrl on session 5ad97dfb5cc8ee7bdc66ecb7503f8fc1 to remote] DEBUG org.asynchttpclient.netty.request.NettyRequestSender - Using open Channel [id: 0x4eddb369, L:/127.0.0.1:58747 - R:localhost/127.0.0.1:7138] for GET '/session/5ad97dfb5cc8ee7bdc66ecb7503f8fc1/url'
13:09:11.574 [AsyncHttpClient-1-2] DEBUG org.asynchttpclient.netty.handler.HttpHandler - 

Request DefaultFullHttpRequest(decodeResult: success, version: HTTP/1.1, content: EmptyByteBufBE)
GET /session/5ad97dfb5cc8ee7bdc66ecb7503f8fc1/url HTTP/1.1
User-Agent: selenium/4.8.0 (java windows)
Cache-Control: no-cache
Content-Type: application/json; charset=utf-8
host: localhost:7138
accept: */*

Response DefaultHttpResponse(decodeResult: success, version: HTTP/1.1)
HTTP/1.1 200 OK
Content-Length: 75
Content-Type: application/json; charset=utf-8
cache-control: no-cache

13:09:11.574 [AsyncHttpClient-1-2] DEBUG org.asynchttpclient.netty.channel.ChannelManager - Adding key: http://localhost:7138 for channel [id: 0x4eddb369, L:/127.0.0.1:58747 - R:localhost/127.0.0.1:7138]
13:09:11.575 [main] DEBUG net.thucydides.core.steps.StepInterceptor - STARTING STEP: OpenCartStepDefinition.fillCheckoutForm - {0} enters #theTextAsAString into #locatorNames
13:09:11.578 [Forwarding findElement on session 5ad97dfb5cc8ee7bdc66ecb7503f8fc1 to remote] DEBUG org.asynchttpclient.netty.request.NettyRequestSender - Using pooled Channel '[id: 0x4eddb369, L:/127.0.0.1:58747 - R:localhost/127.0.0.1:7138]' for 'POST' to 'http://localhost:7138/session/5ad97dfb5cc8ee7bdc66ecb7503f8fc1/element'
13:09:11.578 [Forwarding findElement on session 5ad97dfb5cc8ee7bdc66ecb7503f8fc1 to remote] DEBUG org.asynchttpclient.netty.request.NettyRequestSender - Using open Channel [id: 0x4eddb369, L:/127.0.0.1:58747 - R:localhost/127.0.0.1:7138] for POST '/session/5ad97dfb5cc8ee7bdc66ecb7503f8fc1/element'
13:09:11.586 [AsyncHttpClient-1-2] DEBUG org.asynchttpclient.netty.handler.HttpHandler - 

Request DefaultHttpRequest(decodeResult: success, version: HTTP/1.1)
POST /session/5ad97dfb5cc8ee7bdc66ecb7503f8fc1/element HTTP/1.1
User-Agent: selenium/4.8.0 (java windows)
Content-Length: 81
Content-Type: application/json; charset=utf-8
host: localhost:7138
accept: */*

Response DefaultHttpResponse(decodeResult: success, version: HTTP/1.1)
HTTP/1.1 200 OK
Content-Length: 95
Content-Type: application/json; charset=utf-8
cache-control: no-cache

13:09:11.586 [AsyncHttpClient-1-2] DEBUG org.asynchttpclient.netty.channel.ChannelManager - Adding key: http://localhost:7138 for channel [id: 0x4eddb369, L:/127.0.0.1:58747 - R:localhost/127.0.0.1:7138]
13:09:11.587 [Forwarding clearElement on session 5ad97dfb5cc8ee7bdc66ecb7503f8fc1 to remote] DEBUG org.asynchttpclient.netty.request.NettyRequestSender - Using pooled Channel '[id: 0x4eddb369, L:/127.0.0.1:58747 - R:localhost/127.0.0.1:7138]' for 'POST' to 'http://localhost:7138/session/5ad97dfb5cc8ee7bdc66ecb7503f8fc1/element/755A7524A69BA6EEB3A8EFDB3A26A04F_element_78/clear'
13:09:11.587 [Forwarding clearElement on session 5ad97dfb5cc8ee7bdc66ecb7503f8fc1 to remote] DEBUG org.asynchttpclient.netty.request.NettyRequestSender - Using open Channel [id: 0x4eddb369, L:/127.0.0.1:58747 - R:localhost/127.0.0.1:7138] for POST '/session/5ad97dfb5cc8ee7bdc66ecb7503f8fc1/element/755A7524A69BA6EEB3A8EFDB3A26A04F_element_78/clear'
13:09:11.600 [AsyncHttpClient-1-2] DEBUG org.asynchttpclient.netty.handler.HttpHandler - 

Request DefaultHttpRequest(decodeResult: success, version: HTTP/1.1)
POST /session/5ad97dfb5cc8ee7bdc66ecb7503f8fc1/element/755A7524A69BA6EEB3A8EFDB3A26A04F_element_78/clear HTTP/1.1
User-Agent: selenium/4.8.0 (java windows)
Content-Length: 57
Content-Type: application/json; charset=utf-8
host: localhost:7138
accept: */*

Response DefaultHttpResponse(decodeResult: success, version: HTTP/1.1)
HTTP/1.1 200 OK
Content-Length: 14
Content-Type: application/json; charset=utf-8
cache-control: no-cache

13:09:11.600 [AsyncHttpClient-1-2] DEBUG org.asynchttpclient.netty.channel.ChannelManager - Adding key: http://localhost:7138 for channel [id: 0x4eddb369, L:/127.0.0.1:58747 - R:localhost/127.0.0.1:7138]
13:09:11.602 [Forwarding findElement on session 5ad97dfb5cc8ee7bdc66ecb7503f8fc1 to remote] DEBUG org.asynchttpclient.netty.request.NettyRequestSender - Using pooled Channel '[id: 0x4eddb369, L:/127.0.0.1:58747 - R:localhost/127.0.0.1:7138]' for 'POST' to 'http://localhost:7138/session/5ad97dfb5cc8ee7bdc66ecb7503f8fc1/element'
13:09:11.602 [Forwarding findElement on session 5ad97dfb5cc8ee7bdc66ecb7503f8fc1 to remote] DEBUG org.asynchttpclient.netty.request.NettyRequestSender - Using open Channel [id: 0x4eddb369, L:/127.0.0.1:58747 - R:localhost/127.0.0.1:7138] for POST '/session/5ad97dfb5cc8ee7bdc66ecb7503f8fc1/element'
13:09:11.606 [AsyncHttpClient-1-2] DEBUG org.asynchttpclient.netty.handler.HttpHandler - 

Request DefaultHttpRequest(decodeResult: success, version: HTTP/1.1)
POST /session/5ad97dfb5cc8ee7bdc66ecb7503f8fc1/element HTTP/1.1
User-Agent: selenium/4.8.0 (java windows)
Content-Length: 81
Content-Type: application/json; charset=utf-8
host: localhost:7138
accept: */*

Response DefaultHttpResponse(decodeResult: success, version: HTTP/1.1)
HTTP/1.1 200 OK
Content-Length: 95
Content-Type: application/json; charset=utf-8
cache-control: no-cache

13:09:11.606 [AsyncHttpClient-1-2] DEBUG org.asynchttpclient.netty.channel.ChannelManager - Adding key: http://localhost:7138 for channel [id: 0x4eddb369, L:/127.0.0.1:58747 - R:localhost/127.0.0.1:7138]
13:09:11.607 [Forwarding sendKeysToElement on session 5ad97dfb5cc8ee7bdc66ecb7503f8fc1 to remote] DEBUG org.asynchttpclient.netty.request.NettyRequestSender - Using pooled Channel '[id: 0x4eddb369, L:/127.0.0.1:58747 - R:localhost/127.0.0.1:7138]' for 'POST' to 'http://localhost:7138/session/5ad97dfb5cc8ee7bdc66ecb7503f8fc1/element/755A7524A69BA6EEB3A8EFDB3A26A04F_element_78/value'
13:09:11.607 [Forwarding sendKeysToElement on session 5ad97dfb5cc8ee7bdc66ecb7503f8fc1 to remote] DEBUG org.asynchttpclient.netty.request.NettyRequestSender - Using open Channel [id: 0x4eddb369, L:/127.0.0.1:58747 - R:localhost/127.0.0.1:7138] for POST '/session/5ad97dfb5cc8ee7bdc66ecb7503f8fc1/element/755A7524A69BA6EEB3A8EFDB3A26A04F_element_78/value'
13:09:11.636 [AsyncHttpClient-1-2] DEBUG org.asynchttpclient.netty.handler.HttpHandler - 

Request DefaultHttpRequest(decodeResult: success, version: HTTP/1.1)
POST /session/5ad97dfb5cc8ee7bdc66ecb7503f8fc1/element/755A7524A69BA6EEB3A8EFDB3A26A04F_element_78/value HTTP/1.1
User-Agent: selenium/4.8.0 (java windows)
Content-Length: 258
Content-Type: application/json; charset=utf-8
host: localhost:7138
accept: */*

Response DefaultHttpResponse(decodeResult: success, version: HTTP/1.1)
HTTP/1.1 200 OK
Content-Length: 14
Content-Type: application/json; charset=utf-8
cache-control: no-cache

13:09:11.636 [AsyncHttpClient-1-2] DEBUG org.asynchttpclient.netty.channel.ChannelManager - Adding key: http://localhost:7138 for channel [id: 0x4eddb369, L:/127.0.0.1:58747 - R:localhost/127.0.0.1:7138]
13:09:11.642 [Forwarding getAlertText on session 5ad97dfb5cc8ee7bdc66ecb7503f8fc1 to remote] DEBUG org.asynchttpclient.netty.request.NettyRequestSender - Using pooled Channel '[id: 0x4eddb369, L:/127.0.0.1:58747 - R:localhost/127.0.0.1:7138]' for 'GET' to 'http://localhost:7138/session/5ad97dfb5cc8ee7bdc66ecb7503f8fc1/alert/text'
13:09:11.642 [Forwarding getAlertText on session 5ad97dfb5cc8ee7bdc66ecb7503f8fc1 to remote] DEBUG org.asynchttpclient.netty.request.NettyRequestSender - Using open Channel [id: 0x4eddb369, L:/127.0.0.1:58747 - R:localhost/127.0.0.1:7138] for GET '/session/5ad97dfb5cc8ee7bdc66ecb7503f8fc1/alert/text'
13:09:11.643 [AsyncHttpClient-1-2] DEBUG org.asynchttpclient.netty.handler.HttpHandler - 

Request DefaultFullHttpRequest(decodeResult: success, version: HTTP/1.1, content: EmptyByteBufBE)
GET /session/5ad97dfb5cc8ee7bdc66ecb7503f8fc1/alert/text HTTP/1.1
User-Agent: selenium/4.8.0 (java windows)
Cache-Control: no-cache
Content-Type: application/json; charset=utf-8
host: localhost:7138
accept: */*

Response DefaultHttpResponse(decodeResult: success, version: HTTP/1.1)
HTTP/1.1 404 Not Found
Content-Length: 820
Content-Type: application/json; charset=utf-8
cache-control: no-cache

13:09:11.643 [AsyncHttpClient-1-2] DEBUG org.asynchttpclient.netty.channel.ChannelManager - Adding key: http://localhost:7138 for channel [id: 0x4eddb369, L:/127.0.0.1:58747 - R:localhost/127.0.0.1:7138]
13:09:11.644 [Forwarding getCurrentUrl on session 5ad97dfb5cc8ee7bdc66ecb7503f8fc1 to remote] DEBUG org.asynchttpclient.netty.request.NettyRequestSender - Using pooled Channel '[id: 0x4eddb369, L:/127.0.0.1:58747 - R:localhost/127.0.0.1:7138]' for 'GET' to 'http://localhost:7138/session/5ad97dfb5cc8ee7bdc66ecb7503f8fc1/url'
13:09:11.644 [Forwarding getCurrentUrl on session 5ad97dfb5cc8ee7bdc66ecb7503f8fc1 to remote] DEBUG org.asynchttpclient.netty.request.NettyRequestSender - Using open Channel [id: 0x4eddb369, L:/127.0.0.1:58747 - R:localhost/127.0.0.1:7138] for GET '/session/5ad97dfb5cc8ee7bdc66ecb7503f8fc1/url'
13:09:11.647 [AsyncHttpClient-1-2] DEBUG org.asynchttpclient.netty.handler.HttpHandler - 

Request DefaultFullHttpRequest(decodeResult: success, version: HTTP/1.1, content: EmptyByteBufBE)
GET /session/5ad97dfb5cc8ee7bdc66ecb7503f8fc1/url HTTP/1.1
User-Agent: selenium/4.8.0 (java windows)
Cache-Control: no-cache
Content-Type: application/json; charset=utf-8
host: localhost:7138
accept: */*

Response DefaultHttpResponse(decodeResult: success, version: HTTP/1.1)
HTTP/1.1 200 OK
Content-Length: 75
Content-Type: application/json; charset=utf-8
cache-control: no-cache

13:09:11.647 [AsyncHttpClient-1-2] DEBUG org.asynchttpclient.netty.channel.ChannelManager - Adding key: http://localhost:7138 for channel [id: 0x4eddb369, L:/127.0.0.1:58747 - R:localhost/127.0.0.1:7138]
13:09:11.648 [Forwarding screenshot on session 5ad97dfb5cc8ee7bdc66ecb7503f8fc1 to remote] DEBUG org.asynchttpclient.netty.request.NettyRequestSender - Using pooled Channel '[id: 0x4eddb369, L:/127.0.0.1:58747 - R:localhost/127.0.0.1:7138]' for 'GET' to 'http://localhost:7138/session/5ad97dfb5cc8ee7bdc66ecb7503f8fc1/screenshot'
13:09:11.648 [Forwarding screenshot on session 5ad97dfb5cc8ee7bdc66ecb7503f8fc1 to remote] DEBUG org.asynchttpclient.netty.request.NettyRequestSender - Using open Channel [id: 0x4eddb369, L:/127.0.0.1:58747 - R:localhost/127.0.0.1:7138] for GET '/session/5ad97dfb5cc8ee7bdc66ecb7503f8fc1/screenshot'
13:09:11.767 [AsyncHttpClient-1-2] DEBUG org.asynchttpclient.netty.handler.HttpHandler - 

Request DefaultFullHttpRequest(decodeResult: success, version: HTTP/1.1, content: EmptyByteBufBE)
GET /session/5ad97dfb5cc8ee7bdc66ecb7503f8fc1/screenshot HTTP/1.1
User-Agent: selenium/4.8.0 (java windows)
Cache-Control: no-cache
Content-Type: application/json; charset=utf-8
host: localhost:7138
accept: */*

Response DefaultHttpResponse(decodeResult: success, version: HTTP/1.1)
HTTP/1.1 200 OK
Content-Length: 104868
Content-Type: application/json; charset=utf-8
cache-control: no-cache

13:09:11.767 [AsyncHttpClient-1-2] DEBUG org.asynchttpclient.netty.channel.ChannelManager - Adding key: http://localhost:7138 for channel [id: 0x4eddb369, L:/127.0.0.1:58747 - R:localhost/127.0.0.1:7138]
13:09:11.770 [main] DEBUG net.serenitybdd.core.photography.Darkroom - Send negative for processing for target\site\serenity\5fb3563898f59820d5241cd22a6700d557cd7f5ecc6b801f711c8a06d4741058.png
13:09:11.770 [Darkroom Processing Line] DEBUG net.serenitybdd.core.photography.DarkroomProcessingLine - Processing screenshot image in /var/screenshots/screenshot-3715483213733060307
13:09:11.770 [Darkroom Processing Line] DEBUG net.serenitybdd.core.photography.DarkroomProcessingLine - Saving screenshot to target\site\serenity\5fb3563898f59820d5241cd22a6700d557cd7f5ecc6b801f711c8a06d4741058.png
13:09:11.978 [main] DEBUG net.thucydides.core.steps.StepInterceptor - STEP DONE: {0} enters #theTextAsAString into #locatorNames
13:09:11.982 [Forwarding getAlertText on session 5ad97dfb5cc8ee7bdc66ecb7503f8fc1 to remote] DEBUG org.asynchttpclient.netty.request.NettyRequestSender - Using pooled Channel '[id: 0x4eddb369, L:/127.0.0.1:58747 - R:localhost/127.0.0.1:7138]' for 'GET' to 'http://localhost:7138/session/5ad97dfb5cc8ee7bdc66ecb7503f8fc1/alert/text'
13:09:11.982 [Forwarding getAlertText on session 5ad97dfb5cc8ee7bdc66ecb7503f8fc1 to remote] DEBUG org.asynchttpclient.netty.request.NettyRequestSender - Using open Channel [id: 0x4eddb369, L:/127.0.0.1:58747 - R:localhost/127.0.0.1:7138] for GET '/session/5ad97dfb5cc8ee7bdc66ecb7503f8fc1/alert/text'
13:09:11.984 [AsyncHttpClient-1-2] DEBUG org.asynchttpclient.netty.handler.HttpHandler - 

Request DefaultFullHttpRequest(decodeResult: success, version: HTTP/1.1, content: EmptyByteBufBE)
GET /session/5ad97dfb5cc8ee7bdc66ecb7503f8fc1/alert/text HTTP/1.1
User-Agent: selenium/4.8.0 (java windows)
Cache-Control: no-cache
Content-Type: application/json; charset=utf-8
host: localhost:7138
accept: */*

Response DefaultHttpResponse(decodeResult: success, version: HTTP/1.1)
HTTP/1.1 404 Not Found
Content-Length: 820
Content-Type: application/json; charset=utf-8
cache-control: no-cache

13:09:11.984 [AsyncHttpClient-1-2] DEBUG org.asynchttpclient.netty.channel.ChannelManager - Adding key: http://localhost:7138 for channel [id: 0x4eddb369, L:/127.0.0.1:58747 - R:localhost/127.0.0.1:7138]
13:09:11.985 [Forwarding getCurrentUrl on session 5ad97dfb5cc8ee7bdc66ecb7503f8fc1 to remote] DEBUG org.asynchttpclient.netty.request.NettyRequestSender - Using pooled Channel '[id: 0x4eddb369, L:/127.0.0.1:58747 - R:localhost/127.0.0.1:7138]' for 'GET' to 'http://localhost:7138/session/5ad97dfb5cc8ee7bdc66ecb7503f8fc1/url'
13:09:11.985 [Forwarding getCurrentUrl on session 5ad97dfb5cc8ee7bdc66ecb7503f8fc1 to remote] DEBUG org.asynchttpclient.netty.request.NettyRequestSender - Using open Channel [id: 0x4eddb369, L:/127.0.0.1:58747 - R:localhost/127.0.0.1:7138] for GET '/session/5ad97dfb5cc8ee7bdc66ecb7503f8fc1/url'
13:09:11.988 [AsyncHttpClient-1-2] DEBUG org.asynchttpclient.netty.handler.HttpHandler - 

Request DefaultFullHttpRequest(decodeResult: success, version: HTTP/1.1, content: EmptyByteBufBE)
GET /session/5ad97dfb5cc8ee7bdc66ecb7503f8fc1/url HTTP/1.1
User-Agent: selenium/4.8.0 (java windows)
Cache-Control: no-cache
Content-Type: application/json; charset=utf-8
host: localhost:7138
accept: */*

Response DefaultHttpResponse(decodeResult: success, version: HTTP/1.1)
HTTP/1.1 200 OK
Content-Length: 75
Content-Type: application/json; charset=utf-8
cache-control: no-cache

13:09:11.988 [AsyncHttpClient-1-2] DEBUG org.asynchttpclient.netty.channel.ChannelManager - Adding key: http://localhost:7138 for channel [id: 0x4eddb369, L:/127.0.0.1:58747 - R:localhost/127.0.0.1:7138]
13:09:11.989 [Forwarding screenshot on session 5ad97dfb5cc8ee7bdc66ecb7503f8fc1 to remote] DEBUG org.asynchttpclient.netty.request.NettyRequestSender - Using pooled Channel '[id: 0x4eddb369, L:/127.0.0.1:58747 - R:localhost/127.0.0.1:7138]' for 'GET' to 'http://localhost:7138/session/5ad97dfb5cc8ee7bdc66ecb7503f8fc1/screenshot'
13:09:11.989 [Forwarding screenshot on session 5ad97dfb5cc8ee7bdc66ecb7503f8fc1 to remote] DEBUG org.asynchttpclient.netty.request.NettyRequestSender - Using open Channel [id: 0x4eddb369, L:/127.0.0.1:58747 - R:localhost/127.0.0.1:7138] for GET '/session/5ad97dfb5cc8ee7bdc66ecb7503f8fc1/screenshot'
13:09:12.077 [AsyncHttpClient-1-2] DEBUG org.asynchttpclient.netty.handler.HttpHandler - 

Request DefaultFullHttpRequest(decodeResult: success, version: HTTP/1.1, content: EmptyByteBufBE)
GET /session/5ad97dfb5cc8ee7bdc66ecb7503f8fc1/screenshot HTTP/1.1
User-Agent: selenium/4.8.0 (java windows)
Cache-Control: no-cache
Content-Type: application/json; charset=utf-8
host: localhost:7138
accept: */*

Response DefaultHttpResponse(decodeResult: success, version: HTTP/1.1)
HTTP/1.1 200 OK
Content-Length: 105204
Content-Type: application/json; charset=utf-8
cache-control: no-cache

13:09:12.077 [AsyncHttpClient-1-2] DEBUG org.asynchttpclient.netty.channel.ChannelManager - Adding key: http://localhost:7138 for channel [id: 0x4eddb369, L:/127.0.0.1:58747 - R:localhost/127.0.0.1:7138]
13:09:12.079 [main] DEBUG net.serenitybdd.core.photography.Darkroom - Send negative for processing for target\site\serenity\5a2f5170bd5ac10200372491a76b9e4dc7bca5f24eb1a9b2b900e641ef7b300d.png
13:09:12.079 [Darkroom Processing Line] DEBUG net.serenitybdd.core.photography.DarkroomProcessingLine - Processing screenshot image in /var/screenshots/screenshot-6564057852629060091
13:09:12.079 [Darkroom Processing Line] DEBUG net.serenitybdd.core.photography.DarkroomProcessingLine - Saving screenshot to target\site\serenity\5a2f5170bd5ac10200372491a76b9e4dc7bca5f24eb1a9b2b900e641ef7b300d.png
13:09:12.080 [Forwarding getPageSource on session 5ad97dfb5cc8ee7bdc66ecb7503f8fc1 to remote] DEBUG org.asynchttpclient.netty.request.NettyRequestSender - Using pooled Channel '[id: 0x4eddb369, L:/127.0.0.1:58747 - R:localhost/127.0.0.1:7138]' for 'POST' to 'http://localhost:7138/session/5ad97dfb5cc8ee7bdc66ecb7503f8fc1/execute/sync'
13:09:12.080 [Forwarding getPageSource on session 5ad97dfb5cc8ee7bdc66ecb7503f8fc1 to remote] DEBUG org.asynchttpclient.netty.request.NettyRequestSender - Using open Channel [id: 0x4eddb369, L:/127.0.0.1:58747 - R:localhost/127.0.0.1:7138] for POST '/session/5ad97dfb5cc8ee7bdc66ecb7503f8fc1/execute/sync'
13:09:12.089 [AsyncHttpClient-1-2] DEBUG org.asynchttpclient.netty.handler.HttpHandler - 

Request DefaultHttpRequest(decodeResult: success, version: HTTP/1.1)
POST /session/5ad97dfb5cc8ee7bdc66ecb7503f8fc1/execute/sync HTTP/1.1
User-Agent: selenium/4.8.0 (java windows)
Content-Length: 176
Content-Type: application/json; charset=utf-8
host: localhost:7138
accept: */*

Response DefaultHttpResponse(decodeResult: success, version: HTTP/1.1)
HTTP/1.1 200 OK
Content-Length: 104876
Content-Type: application/json; charset=utf-8
cache-control: no-cache

13:09:12.089 [AsyncHttpClient-1-2] DEBUG org.asynchttpclient.netty.channel.ChannelManager - Adding key: http://localhost:7138 for channel [id: 0x4eddb369, L:/127.0.0.1:58747 - R:localhost/127.0.0.1:7138]
13:09:12.094 [Forwarding getCurrentUrl on session 5ad97dfb5cc8ee7bdc66ecb7503f8fc1 to remote] DEBUG org.asynchttpclient.netty.request.NettyRequestSender - Using pooled Channel '[id: 0x4eddb369, L:/127.0.0.1:58747 - R:localhost/127.0.0.1:7138]' for 'GET' to 'http://localhost:7138/session/5ad97dfb5cc8ee7bdc66ecb7503f8fc1/url'
13:09:12.094 [Forwarding getCurrentUrl on session 5ad97dfb5cc8ee7bdc66ecb7503f8fc1 to remote] DEBUG org.asynchttpclient.netty.request.NettyRequestSender - Using open Channel [id: 0x4eddb369, L:/127.0.0.1:58747 - R:localhost/127.0.0.1:7138] for GET '/session/5ad97dfb5cc8ee7bdc66ecb7503f8fc1/url'
13:09:12.096 [AsyncHttpClient-1-2] DEBUG org.asynchttpclient.netty.handler.HttpHandler - 

Request DefaultFullHttpRequest(decodeResult: success, version: HTTP/1.1, content: EmptyByteBufBE)
GET /session/5ad97dfb5cc8ee7bdc66ecb7503f8fc1/url HTTP/1.1
User-Agent: selenium/4.8.0 (java windows)
Cache-Control: no-cache
Content-Type: application/json; charset=utf-8
host: localhost:7138
accept: */*

Response DefaultHttpResponse(decodeResult: success, version: HTTP/1.1)
HTTP/1.1 200 OK
Content-Length: 75
Content-Type: application/json; charset=utf-8
cache-control: no-cache

13:09:12.097 [AsyncHttpClient-1-2] DEBUG org.asynchttpclient.netty.channel.ChannelManager - Adding key: http://localhost:7138 for channel [id: 0x4eddb369, L:/127.0.0.1:58747 - R:localhost/127.0.0.1:7138]
13:09:12.098 [main] DEBUG net.thucydides.core.steps.StepInterceptor - STARTING STEP: OpenCartStepDefinition.fillCheckoutForm - {0} enters #theTextAsAString into #locatorNames
13:09:12.100 [Forwarding findElement on session 5ad97dfb5cc8ee7bdc66ecb7503f8fc1 to remote] DEBUG org.asynchttpclient.netty.request.NettyRequestSender - Using pooled Channel '[id: 0x4eddb369, L:/127.0.0.1:58747 - R:localhost/127.0.0.1:7138]' for 'POST' to 'http://localhost:7138/session/5ad97dfb5cc8ee7bdc66ecb7503f8fc1/element'
13:09:12.100 [Forwarding findElement on session 5ad97dfb5cc8ee7bdc66ecb7503f8fc1 to remote] DEBUG org.asynchttpclient.netty.request.NettyRequestSender - Using open Channel [id: 0x4eddb369, L:/127.0.0.1:58747 - R:localhost/127.0.0.1:7138] for POST '/session/5ad97dfb5cc8ee7bdc66ecb7503f8fc1/element'
13:09:12.107 [AsyncHttpClient-1-2] DEBUG org.asynchttpclient.netty.handler.HttpHandler - 

Request DefaultHttpRequest(decodeResult: success, version: HTTP/1.1)
POST /session/5ad97dfb5cc8ee7bdc66ecb7503f8fc1/element HTTP/1.1
User-Agent: selenium/4.8.0 (java windows)
Content-Length: 85
Content-Type: application/json; charset=utf-8
host: localhost:7138
accept: */*

Response DefaultHttpResponse(decodeResult: success, version: HTTP/1.1)
HTTP/1.1 200 OK
Content-Length: 95
Content-Type: application/json; charset=utf-8
cache-control: no-cache

13:09:12.107 [AsyncHttpClient-1-2] DEBUG org.asynchttpclient.netty.channel.ChannelManager - Adding key: http://localhost:7138 for channel [id: 0x4eddb369, L:/127.0.0.1:58747 - R:localhost/127.0.0.1:7138]
13:09:12.107 [Forwarding clearElement on session 5ad97dfb5cc8ee7bdc66ecb7503f8fc1 to remote] DEBUG org.asynchttpclient.netty.request.NettyRequestSender - Using pooled Channel '[id: 0x4eddb369, L:/127.0.0.1:58747 - R:localhost/127.0.0.1:7138]' for 'POST' to 'http://localhost:7138/session/5ad97dfb5cc8ee7bdc66ecb7503f8fc1/element/755A7524A69BA6EEB3A8EFDB3A26A04F_element_79/clear'
13:09:12.107 [Forwarding clearElement on session 5ad97dfb5cc8ee7bdc66ecb7503f8fc1 to remote] DEBUG org.asynchttpclient.netty.request.NettyRequestSender - Using open Channel [id: 0x4eddb369, L:/127.0.0.1:58747 - R:localhost/127.0.0.1:7138] for POST '/session/5ad97dfb5cc8ee7bdc66ecb7503f8fc1/element/755A7524A69BA6EEB3A8EFDB3A26A04F_element_79/clear'
13:09:12.120 [AsyncHttpClient-1-2] DEBUG org.asynchttpclient.netty.handler.HttpHandler - 

Request DefaultHttpRequest(decodeResult: success, version: HTTP/1.1)
POST /session/5ad97dfb5cc8ee7bdc66ecb7503f8fc1/element/755A7524A69BA6EEB3A8EFDB3A26A04F_element_79/clear HTTP/1.1
User-Agent: selenium/4.8.0 (java windows)
Content-Length: 57
Content-Type: application/json; charset=utf-8
host: localhost:7138
accept: */*

Response DefaultHttpResponse(decodeResult: success, version: HTTP/1.1)
HTTP/1.1 200 OK
Content-Length: 14
Content-Type: application/json; charset=utf-8
cache-control: no-cache

13:09:12.120 [AsyncHttpClient-1-2] DEBUG org.asynchttpclient.netty.channel.ChannelManager - Adding key: http://localhost:7138 for channel [id: 0x4eddb369, L:/127.0.0.1:58747 - R:localhost/127.0.0.1:7138]
13:09:12.123 [Forwarding findElement on session 5ad97dfb5cc8ee7bdc66ecb7503f8fc1 to remote] DEBUG org.asynchttpclient.netty.request.NettyRequestSender - Using pooled Channel '[id: 0x4eddb369, L:/127.0.0.1:58747 - R:localhost/127.0.0.1:7138]' for 'POST' to 'http://localhost:7138/session/5ad97dfb5cc8ee7bdc66ecb7503f8fc1/element'
13:09:12.123 [Forwarding findElement on session 5ad97dfb5cc8ee7bdc66ecb7503f8fc1 to remote] DEBUG org.asynchttpclient.netty.request.NettyRequestSender - Using open Channel [id: 0x4eddb369, L:/127.0.0.1:58747 - R:localhost/127.0.0.1:7138] for POST '/session/5ad97dfb5cc8ee7bdc66ecb7503f8fc1/element'
13:09:12.125 [AsyncHttpClient-1-2] DEBUG org.asynchttpclient.netty.handler.HttpHandler - 

Request DefaultHttpRequest(decodeResult: success, version: HTTP/1.1)
POST /session/5ad97dfb5cc8ee7bdc66ecb7503f8fc1/element HTTP/1.1
User-Agent: selenium/4.8.0 (java windows)
Content-Length: 85
Content-Type: application/json; charset=utf-8
host: localhost:7138
accept: */*

Response DefaultHttpResponse(decodeResult: success, version: HTTP/1.1)
HTTP/1.1 200 OK
Content-Length: 95
Content-Type: application/json; charset=utf-8
cache-control: no-cache

13:09:12.125 [AsyncHttpClient-1-2] DEBUG org.asynchttpclient.netty.channel.ChannelManager - Adding key: http://localhost:7138 for channel [id: 0x4eddb369, L:/127.0.0.1:58747 - R:localhost/127.0.0.1:7138]
13:09:12.126 [Forwarding sendKeysToElement on session 5ad97dfb5cc8ee7bdc66ecb7503f8fc1 to remote] DEBUG org.asynchttpclient.netty.request.NettyRequestSender - Using pooled Channel '[id: 0x4eddb369, L:/127.0.0.1:58747 - R:localhost/127.0.0.1:7138]' for 'POST' to 'http://localhost:7138/session/5ad97dfb5cc8ee7bdc66ecb7503f8fc1/element/755A7524A69BA6EEB3A8EFDB3A26A04F_element_79/value'
13:09:12.126 [Forwarding sendKeysToElement on session 5ad97dfb5cc8ee7bdc66ecb7503f8fc1 to remote] DEBUG org.asynchttpclient.netty.request.NettyRequestSender - Using open Channel [id: 0x4eddb369, L:/127.0.0.1:58747 - R:localhost/127.0.0.1:7138] for POST '/session/5ad97dfb5cc8ee7bdc66ecb7503f8fc1/element/755A7524A69BA6EEB3A8EFDB3A26A04F_element_79/value'
13:09:12.154 [AsyncHttpClient-1-2] DEBUG org.asynchttpclient.netty.handler.HttpHandler - 

Request DefaultHttpRequest(decodeResult: success, version: HTTP/1.1)
POST /session/5ad97dfb5cc8ee7bdc66ecb7503f8fc1/element/755A7524A69BA6EEB3A8EFDB3A26A04F_element_79/value HTTP/1.1
User-Agent: selenium/4.8.0 (java windows)
Content-Length: 188
Content-Type: application/json; charset=utf-8
host: localhost:7138
accept: */*

Response DefaultHttpResponse(decodeResult: success, version: HTTP/1.1)
HTTP/1.1 200 OK
Content-Length: 14
Content-Type: application/json; charset=utf-8
cache-control: no-cache

13:09:12.155 [AsyncHttpClient-1-2] DEBUG org.asynchttpclient.netty.channel.ChannelManager - Adding key: http://localhost:7138 for channel [id: 0x4eddb369, L:/127.0.0.1:58747 - R:localhost/127.0.0.1:7138]
13:09:12.159 [Forwarding getAlertText on session 5ad97dfb5cc8ee7bdc66ecb7503f8fc1 to remote] DEBUG org.asynchttpclient.netty.request.NettyRequestSender - Using pooled Channel '[id: 0x4eddb369, L:/127.0.0.1:58747 - R:localhost/127.0.0.1:7138]' for 'GET' to 'http://localhost:7138/session/5ad97dfb5cc8ee7bdc66ecb7503f8fc1/alert/text'
13:09:12.159 [Forwarding getAlertText on session 5ad97dfb5cc8ee7bdc66ecb7503f8fc1 to remote] DEBUG org.asynchttpclient.netty.request.NettyRequestSender - Using open Channel [id: 0x4eddb369, L:/127.0.0.1:58747 - R:localhost/127.0.0.1:7138] for GET '/session/5ad97dfb5cc8ee7bdc66ecb7503f8fc1/alert/text'
13:09:12.160 [AsyncHttpClient-1-2] DEBUG org.asynchttpclient.netty.handler.HttpHandler - 

Request DefaultFullHttpRequest(decodeResult: success, version: HTTP/1.1, content: EmptyByteBufBE)
GET /session/5ad97dfb5cc8ee7bdc66ecb7503f8fc1/alert/text HTTP/1.1
User-Agent: selenium/4.8.0 (java windows)
Cache-Control: no-cache
Content-Type: application/json; charset=utf-8
host: localhost:7138
accept: */*

Response DefaultHttpResponse(decodeResult: success, version: HTTP/1.1)
HTTP/1.1 404 Not Found
Content-Length: 820
Content-Type: application/json; charset=utf-8
cache-control: no-cache

13:09:12.160 [AsyncHttpClient-1-2] DEBUG org.asynchttpclient.netty.channel.ChannelManager - Adding key: http://localhost:7138 for channel [id: 0x4eddb369, L:/127.0.0.1:58747 - R:localhost/127.0.0.1:7138]
13:09:12.161 [Forwarding getCurrentUrl on session 5ad97dfb5cc8ee7bdc66ecb7503f8fc1 to remote] DEBUG org.asynchttpclient.netty.request.NettyRequestSender - Using pooled Channel '[id: 0x4eddb369, L:/127.0.0.1:58747 - R:localhost/127.0.0.1:7138]' for 'GET' to 'http://localhost:7138/session/5ad97dfb5cc8ee7bdc66ecb7503f8fc1/url'
13:09:12.161 [Forwarding getCurrentUrl on session 5ad97dfb5cc8ee7bdc66ecb7503f8fc1 to remote] DEBUG org.asynchttpclient.netty.request.NettyRequestSender - Using open Channel [id: 0x4eddb369, L:/127.0.0.1:58747 - R:localhost/127.0.0.1:7138] for GET '/session/5ad97dfb5cc8ee7bdc66ecb7503f8fc1/url'
13:09:12.163 [AsyncHttpClient-1-2] DEBUG org.asynchttpclient.netty.handler.HttpHandler - 

Request DefaultFullHttpRequest(decodeResult: success, version: HTTP/1.1, content: EmptyByteBufBE)
GET /session/5ad97dfb5cc8ee7bdc66ecb7503f8fc1/url HTTP/1.1
User-Agent: selenium/4.8.0 (java windows)
Cache-Control: no-cache
Content-Type: application/json; charset=utf-8
host: localhost:7138
accept: */*

Response DefaultHttpResponse(decodeResult: success, version: HTTP/1.1)
HTTP/1.1 200 OK
Content-Length: 75
Content-Type: application/json; charset=utf-8
cache-control: no-cache

13:09:12.163 [AsyncHttpClient-1-2] DEBUG org.asynchttpclient.netty.channel.ChannelManager - Adding key: http://localhost:7138 for channel [id: 0x4eddb369, L:/127.0.0.1:58747 - R:localhost/127.0.0.1:7138]
13:09:12.163 [Forwarding screenshot on session 5ad97dfb5cc8ee7bdc66ecb7503f8fc1 to remote] DEBUG org.asynchttpclient.netty.request.NettyRequestSender - Using pooled Channel '[id: 0x4eddb369, L:/127.0.0.1:58747 - R:localhost/127.0.0.1:7138]' for 'GET' to 'http://localhost:7138/session/5ad97dfb5cc8ee7bdc66ecb7503f8fc1/screenshot'
13:09:12.163 [Forwarding screenshot on session 5ad97dfb5cc8ee7bdc66ecb7503f8fc1 to remote] DEBUG org.asynchttpclient.netty.request.NettyRequestSender - Using open Channel [id: 0x4eddb369, L:/127.0.0.1:58747 - R:localhost/127.0.0.1:7138] for GET '/session/5ad97dfb5cc8ee7bdc66ecb7503f8fc1/screenshot'
13:09:12.246 [AsyncHttpClient-1-1] DEBUG org.asynchttpclient.netty.channel.DefaultChannelPool - Entry count for : http://localhost:58748 : 1
13:09:12.263 [AsyncHttpClient-1-2] DEBUG org.asynchttpclient.netty.handler.HttpHandler - 

Request DefaultFullHttpRequest(decodeResult: success, version: HTTP/1.1, content: EmptyByteBufBE)
GET /session/5ad97dfb5cc8ee7bdc66ecb7503f8fc1/screenshot HTTP/1.1
User-Agent: selenium/4.8.0 (java windows)
Cache-Control: no-cache
Content-Type: application/json; charset=utf-8
host: localhost:7138
accept: */*

Response DefaultHttpResponse(decodeResult: success, version: HTTP/1.1)
HTTP/1.1 200 OK
Content-Length: 106204
Content-Type: application/json; charset=utf-8
cache-control: no-cache

13:09:12.264 [AsyncHttpClient-1-2] DEBUG org.asynchttpclient.netty.channel.ChannelManager - Adding key: http://localhost:7138 for channel [id: 0x4eddb369, L:/127.0.0.1:58747 - R:localhost/127.0.0.1:7138]
13:09:12.267 [main] DEBUG net.serenitybdd.core.photography.Darkroom - Send negative for processing for target\site\serenity\4d1c96a96cdc9457fc825a1f386f277785669f64072dd21c5ae70626b7164621.png
13:09:12.267 [Darkroom Processing Line] DEBUG net.serenitybdd.core.photography.DarkroomProcessingLine - Processing screenshot image in /var/screenshots/screenshot-5203965697643731529
13:09:12.267 [Darkroom Processing Line] DEBUG net.serenitybdd.core.photography.DarkroomProcessingLine - Saving screenshot to target\site\serenity\4d1c96a96cdc9457fc825a1f386f277785669f64072dd21c5ae70626b7164621.png
13:09:12.479 [main] DEBUG net.thucydides.core.steps.StepInterceptor - STEP DONE: {0} enters #theTextAsAString into #locatorNames
13:09:12.483 [Forwarding getAlertText on session 5ad97dfb5cc8ee7bdc66ecb7503f8fc1 to remote] DEBUG org.asynchttpclient.netty.request.NettyRequestSender - Using pooled Channel '[id: 0x4eddb369, L:/127.0.0.1:58747 - R:localhost/127.0.0.1:7138]' for 'GET' to 'http://localhost:7138/session/5ad97dfb5cc8ee7bdc66ecb7503f8fc1/alert/text'
13:09:12.483 [Forwarding getAlertText on session 5ad97dfb5cc8ee7bdc66ecb7503f8fc1 to remote] DEBUG org.asynchttpclient.netty.request.NettyRequestSender - Using open Channel [id: 0x4eddb369, L:/127.0.0.1:58747 - R:localhost/127.0.0.1:7138] for GET '/session/5ad97dfb5cc8ee7bdc66ecb7503f8fc1/alert/text'
13:09:12.485 [AsyncHttpClient-1-2] DEBUG org.asynchttpclient.netty.handler.HttpHandler - 

Request DefaultFullHttpRequest(decodeResult: success, version: HTTP/1.1, content: EmptyByteBufBE)
GET /session/5ad97dfb5cc8ee7bdc66ecb7503f8fc1/alert/text HTTP/1.1
User-Agent: selenium/4.8.0 (java windows)
Cache-Control: no-cache
Content-Type: application/json; charset=utf-8
host: localhost:7138
accept: */*

Response DefaultHttpResponse(decodeResult: success, version: HTTP/1.1)
HTTP/1.1 404 Not Found
Content-Length: 820
Content-Type: application/json; charset=utf-8
cache-control: no-cache

13:09:12.485 [AsyncHttpClient-1-2] DEBUG org.asynchttpclient.netty.channel.ChannelManager - Adding key: http://localhost:7138 for channel [id: 0x4eddb369, L:/127.0.0.1:58747 - R:localhost/127.0.0.1:7138]
13:09:12.485 [Forwarding getCurrentUrl on session 5ad97dfb5cc8ee7bdc66ecb7503f8fc1 to remote] DEBUG org.asynchttpclient.netty.request.NettyRequestSender - Using pooled Channel '[id: 0x4eddb369, L:/127.0.0.1:58747 - R:localhost/127.0.0.1:7138]' for 'GET' to 'http://localhost:7138/session/5ad97dfb5cc8ee7bdc66ecb7503f8fc1/url'
13:09:12.485 [Forwarding getCurrentUrl on session 5ad97dfb5cc8ee7bdc66ecb7503f8fc1 to remote] DEBUG org.asynchttpclient.netty.request.NettyRequestSender - Using open Channel [id: 0x4eddb369, L:/127.0.0.1:58747 - R:localhost/127.0.0.1:7138] for GET '/session/5ad97dfb5cc8ee7bdc66ecb7503f8fc1/url'
13:09:12.489 [AsyncHttpClient-1-2] DEBUG org.asynchttpclient.netty.handler.HttpHandler - 

Request DefaultFullHttpRequest(decodeResult: success, version: HTTP/1.1, content: EmptyByteBufBE)
GET /session/5ad97dfb5cc8ee7bdc66ecb7503f8fc1/url HTTP/1.1
User-Agent: selenium/4.8.0 (java windows)
Cache-Control: no-cache
Content-Type: application/json; charset=utf-8
host: localhost:7138
accept: */*

Response DefaultHttpResponse(decodeResult: success, version: HTTP/1.1)
HTTP/1.1 200 OK
Content-Length: 75
Content-Type: application/json; charset=utf-8
cache-control: no-cache

13:09:12.489 [AsyncHttpClient-1-2] DEBUG org.asynchttpclient.netty.channel.ChannelManager - Adding key: http://localhost:7138 for channel [id: 0x4eddb369, L:/127.0.0.1:58747 - R:localhost/127.0.0.1:7138]
13:09:12.489 [Forwarding screenshot on session 5ad97dfb5cc8ee7bdc66ecb7503f8fc1 to remote] DEBUG org.asynchttpclient.netty.request.NettyRequestSender - Using pooled Channel '[id: 0x4eddb369, L:/127.0.0.1:58747 - R:localhost/127.0.0.1:7138]' for 'GET' to 'http://localhost:7138/session/5ad97dfb5cc8ee7bdc66ecb7503f8fc1/screenshot'
13:09:12.489 [Forwarding screenshot on session 5ad97dfb5cc8ee7bdc66ecb7503f8fc1 to remote] DEBUG org.asynchttpclient.netty.request.NettyRequestSender - Using open Channel [id: 0x4eddb369, L:/127.0.0.1:58747 - R:localhost/127.0.0.1:7138] for GET '/session/5ad97dfb5cc8ee7bdc66ecb7503f8fc1/screenshot'
13:09:12.567 [AsyncHttpClient-1-2] DEBUG org.asynchttpclient.netty.handler.HttpHandler - 

Request DefaultFullHttpRequest(decodeResult: success, version: HTTP/1.1, content: EmptyByteBufBE)
GET /session/5ad97dfb5cc8ee7bdc66ecb7503f8fc1/screenshot HTTP/1.1
User-Agent: selenium/4.8.0 (java windows)
Cache-Control: no-cache
Content-Type: application/json; charset=utf-8
host: localhost:7138
accept: */*

Response DefaultHttpResponse(decodeResult: success, version: HTTP/1.1)
HTTP/1.1 200 OK
Content-Length: 105684
Content-Type: application/json; charset=utf-8
cache-control: no-cache

13:09:12.567 [AsyncHttpClient-1-2] DEBUG org.asynchttpclient.netty.channel.ChannelManager - Adding key: http://localhost:7138 for channel [id: 0x4eddb369, L:/127.0.0.1:58747 - R:localhost/127.0.0.1:7138]
13:09:12.570 [main] DEBUG net.serenitybdd.core.photography.Darkroom - Send negative for processing for target\site\serenity\563d263dc2e9f62eafbf39858024c16df0d567f31711cccedfee813afd9ff644.png
13:09:12.570 [Darkroom Processing Line] DEBUG net.serenitybdd.core.photography.DarkroomProcessingLine - Processing screenshot image in /var/screenshots/screenshot-8493687799308411855
13:09:12.570 [Darkroom Processing Line] DEBUG net.serenitybdd.core.photography.DarkroomProcessingLine - Saving screenshot to target\site\serenity\563d263dc2e9f62eafbf39858024c16df0d567f31711cccedfee813afd9ff644.png
13:09:12.571 [Forwarding getPageSource on session 5ad97dfb5cc8ee7bdc66ecb7503f8fc1 to remote] DEBUG org.asynchttpclient.netty.request.NettyRequestSender - Using pooled Channel '[id: 0x4eddb369, L:/127.0.0.1:58747 - R:localhost/127.0.0.1:7138]' for 'POST' to 'http://localhost:7138/session/5ad97dfb5cc8ee7bdc66ecb7503f8fc1/execute/sync'
13:09:12.571 [Forwarding getPageSource on session 5ad97dfb5cc8ee7bdc66ecb7503f8fc1 to remote] DEBUG org.asynchttpclient.netty.request.NettyRequestSender - Using open Channel [id: 0x4eddb369, L:/127.0.0.1:58747 - R:localhost/127.0.0.1:7138] for POST '/session/5ad97dfb5cc8ee7bdc66ecb7503f8fc1/execute/sync'
13:09:12.579 [AsyncHttpClient-1-2] DEBUG org.asynchttpclient.netty.handler.HttpHandler - 

Request DefaultHttpRequest(decodeResult: success, version: HTTP/1.1)
POST /session/5ad97dfb5cc8ee7bdc66ecb7503f8fc1/execute/sync HTTP/1.1
User-Agent: selenium/4.8.0 (java windows)
Content-Length: 176
Content-Type: application/json; charset=utf-8
host: localhost:7138
accept: */*

Response DefaultHttpResponse(decodeResult: success, version: HTTP/1.1)
HTTP/1.1 200 OK
Content-Length: 104876
Content-Type: application/json; charset=utf-8
cache-control: no-cache

13:09:12.580 [AsyncHttpClient-1-2] DEBUG org.asynchttpclient.netty.channel.ChannelManager - Adding key: http://localhost:7138 for channel [id: 0x4eddb369, L:/127.0.0.1:58747 - R:localhost/127.0.0.1:7138]
13:09:12.585 [Forwarding getCurrentUrl on session 5ad97dfb5cc8ee7bdc66ecb7503f8fc1 to remote] DEBUG org.asynchttpclient.netty.request.NettyRequestSender - Using pooled Channel '[id: 0x4eddb369, L:/127.0.0.1:58747 - R:localhost/127.0.0.1:7138]' for 'GET' to 'http://localhost:7138/session/5ad97dfb5cc8ee7bdc66ecb7503f8fc1/url'
13:09:12.585 [Forwarding getCurrentUrl on session 5ad97dfb5cc8ee7bdc66ecb7503f8fc1 to remote] DEBUG org.asynchttpclient.netty.request.NettyRequestSender - Using open Channel [id: 0x4eddb369, L:/127.0.0.1:58747 - R:localhost/127.0.0.1:7138] for GET '/session/5ad97dfb5cc8ee7bdc66ecb7503f8fc1/url'
13:09:12.587 [AsyncHttpClient-1-2] DEBUG org.asynchttpclient.netty.handler.HttpHandler - 

Request DefaultFullHttpRequest(decodeResult: success, version: HTTP/1.1, content: EmptyByteBufBE)
GET /session/5ad97dfb5cc8ee7bdc66ecb7503f8fc1/url HTTP/1.1
User-Agent: selenium/4.8.0 (java windows)
Cache-Control: no-cache
Content-Type: application/json; charset=utf-8
host: localhost:7138
accept: */*

Response DefaultHttpResponse(decodeResult: success, version: HTTP/1.1)
HTTP/1.1 200 OK
Content-Length: 75
Content-Type: application/json; charset=utf-8
cache-control: no-cache

13:09:12.587 [AsyncHttpClient-1-2] DEBUG org.asynchttpclient.netty.channel.ChannelManager - Adding key: http://localhost:7138 for channel [id: 0x4eddb369, L:/127.0.0.1:58747 - R:localhost/127.0.0.1:7138]
13:09:12.589 [main] DEBUG net.thucydides.core.steps.StepInterceptor - STARTING STEP: OpenCartStepDefinition.fillCheckoutForm - {0} enters #theTextAsAString into #locatorNames
13:09:12.591 [Forwarding findElement on session 5ad97dfb5cc8ee7bdc66ecb7503f8fc1 to remote] DEBUG org.asynchttpclient.netty.request.NettyRequestSender - Using pooled Channel '[id: 0x4eddb369, L:/127.0.0.1:58747 - R:localhost/127.0.0.1:7138]' for 'POST' to 'http://localhost:7138/session/5ad97dfb5cc8ee7bdc66ecb7503f8fc1/element'
13:09:12.591 [Forwarding findElement on session 5ad97dfb5cc8ee7bdc66ecb7503f8fc1 to remote] DEBUG org.asynchttpclient.netty.request.NettyRequestSender - Using open Channel [id: 0x4eddb369, L:/127.0.0.1:58747 - R:localhost/127.0.0.1:7138] for POST '/session/5ad97dfb5cc8ee7bdc66ecb7503f8fc1/element'
13:09:12.598 [AsyncHttpClient-1-2] DEBUG org.asynchttpclient.netty.handler.HttpHandler - 

Request DefaultHttpRequest(decodeResult: success, version: HTTP/1.1)
POST /session/5ad97dfb5cc8ee7bdc66ecb7503f8fc1/element HTTP/1.1
User-Agent: selenium/4.8.0 (java windows)
Content-Length: 85
Content-Type: application/json; charset=utf-8
host: localhost:7138
accept: */*

Response DefaultHttpResponse(decodeResult: success, version: HTTP/1.1)
HTTP/1.1 200 OK
Content-Length: 95
Content-Type: application/json; charset=utf-8
cache-control: no-cache

13:09:12.598 [AsyncHttpClient-1-2] DEBUG org.asynchttpclient.netty.channel.ChannelManager - Adding key: http://localhost:7138 for channel [id: 0x4eddb369, L:/127.0.0.1:58747 - R:localhost/127.0.0.1:7138]
13:09:12.599 [Forwarding clearElement on session 5ad97dfb5cc8ee7bdc66ecb7503f8fc1 to remote] DEBUG org.asynchttpclient.netty.request.NettyRequestSender - Using pooled Channel '[id: 0x4eddb369, L:/127.0.0.1:58747 - R:localhost/127.0.0.1:7138]' for 'POST' to 'http://localhost:7138/session/5ad97dfb5cc8ee7bdc66ecb7503f8fc1/element/755A7524A69BA6EEB3A8EFDB3A26A04F_element_80/clear'
13:09:12.599 [Forwarding clearElement on session 5ad97dfb5cc8ee7bdc66ecb7503f8fc1 to remote] DEBUG org.asynchttpclient.netty.request.NettyRequestSender - Using open Channel [id: 0x4eddb369, L:/127.0.0.1:58747 - R:localhost/127.0.0.1:7138] for POST '/session/5ad97dfb5cc8ee7bdc66ecb7503f8fc1/element/755A7524A69BA6EEB3A8EFDB3A26A04F_element_80/clear'
13:09:12.611 [AsyncHttpClient-1-2] DEBUG org.asynchttpclient.netty.handler.HttpHandler - 

Request DefaultHttpRequest(decodeResult: success, version: HTTP/1.1)
POST /session/5ad97dfb5cc8ee7bdc66ecb7503f8fc1/element/755A7524A69BA6EEB3A8EFDB3A26A04F_element_80/clear HTTP/1.1
User-Agent: selenium/4.8.0 (java windows)
Content-Length: 57
Content-Type: application/json; charset=utf-8
host: localhost:7138
accept: */*

Response DefaultHttpResponse(decodeResult: success, version: HTTP/1.1)
HTTP/1.1 200 OK
Content-Length: 14
Content-Type: application/json; charset=utf-8
cache-control: no-cache

13:09:12.611 [AsyncHttpClient-1-2] DEBUG org.asynchttpclient.netty.channel.ChannelManager - Adding key: http://localhost:7138 for channel [id: 0x4eddb369, L:/127.0.0.1:58747 - R:localhost/127.0.0.1:7138]
13:09:12.612 [Forwarding findElement on session 5ad97dfb5cc8ee7bdc66ecb7503f8fc1 to remote] DEBUG org.asynchttpclient.netty.request.NettyRequestSender - Using pooled Channel '[id: 0x4eddb369, L:/127.0.0.1:58747 - R:localhost/127.0.0.1:7138]' for 'POST' to 'http://localhost:7138/session/5ad97dfb5cc8ee7bdc66ecb7503f8fc1/element'
13:09:12.612 [Forwarding findElement on session 5ad97dfb5cc8ee7bdc66ecb7503f8fc1 to remote] DEBUG org.asynchttpclient.netty.request.NettyRequestSender - Using open Channel [id: 0x4eddb369, L:/127.0.0.1:58747 - R:localhost/127.0.0.1:7138] for POST '/session/5ad97dfb5cc8ee7bdc66ecb7503f8fc1/element'
13:09:12.616 [AsyncHttpClient-1-2] DEBUG org.asynchttpclient.netty.handler.HttpHandler - 

Request DefaultHttpRequest(decodeResult: success, version: HTTP/1.1)
POST /session/5ad97dfb5cc8ee7bdc66ecb7503f8fc1/element HTTP/1.1
User-Agent: selenium/4.8.0 (java windows)
Content-Length: 85
Content-Type: application/json; charset=utf-8
host: localhost:7138
accept: */*

Response DefaultHttpResponse(decodeResult: success, version: HTTP/1.1)
HTTP/1.1 200 OK
Content-Length: 95
Content-Type: application/json; charset=utf-8
cache-control: no-cache

13:09:12.616 [AsyncHttpClient-1-2] DEBUG org.asynchttpclient.netty.channel.ChannelManager - Adding key: http://localhost:7138 for channel [id: 0x4eddb369, L:/127.0.0.1:58747 - R:localhost/127.0.0.1:7138]
13:09:12.616 [Forwarding sendKeysToElement on session 5ad97dfb5cc8ee7bdc66ecb7503f8fc1 to remote] DEBUG org.asynchttpclient.netty.request.NettyRequestSender - Using pooled Channel '[id: 0x4eddb369, L:/127.0.0.1:58747 - R:localhost/127.0.0.1:7138]' for 'POST' to 'http://localhost:7138/session/5ad97dfb5cc8ee7bdc66ecb7503f8fc1/element/755A7524A69BA6EEB3A8EFDB3A26A04F_element_80/value'
13:09:12.616 [Forwarding sendKeysToElement on session 5ad97dfb5cc8ee7bdc66ecb7503f8fc1 to remote] DEBUG org.asynchttpclient.netty.request.NettyRequestSender - Using open Channel [id: 0x4eddb369, L:/127.0.0.1:58747 - R:localhost/127.0.0.1:7138] for POST '/session/5ad97dfb5cc8ee7bdc66ecb7503f8fc1/element/755A7524A69BA6EEB3A8EFDB3A26A04F_element_80/value'
13:09:12.645 [AsyncHttpClient-1-2] DEBUG org.asynchttpclient.netty.handler.HttpHandler - 

Request DefaultHttpRequest(decodeResult: success, version: HTTP/1.1)
POST /session/5ad97dfb5cc8ee7bdc66ecb7503f8fc1/element/755A7524A69BA6EEB3A8EFDB3A26A04F_element_80/value HTTP/1.1
User-Agent: selenium/4.8.0 (java windows)
Content-Length: 258
Content-Type: application/json; charset=utf-8
host: localhost:7138
accept: */*

Response DefaultHttpResponse(decodeResult: success, version: HTTP/1.1)
HTTP/1.1 200 OK
Content-Length: 14
Content-Type: application/json; charset=utf-8
cache-control: no-cache

13:09:12.645 [AsyncHttpClient-1-2] DEBUG org.asynchttpclient.netty.channel.ChannelManager - Adding key: http://localhost:7138 for channel [id: 0x4eddb369, L:/127.0.0.1:58747 - R:localhost/127.0.0.1:7138]
13:09:12.649 [Forwarding getAlertText on session 5ad97dfb5cc8ee7bdc66ecb7503f8fc1 to remote] DEBUG org.asynchttpclient.netty.request.NettyRequestSender - Using pooled Channel '[id: 0x4eddb369, L:/127.0.0.1:58747 - R:localhost/127.0.0.1:7138]' for 'GET' to 'http://localhost:7138/session/5ad97dfb5cc8ee7bdc66ecb7503f8fc1/alert/text'
13:09:12.649 [Forwarding getAlertText on session 5ad97dfb5cc8ee7bdc66ecb7503f8fc1 to remote] DEBUG org.asynchttpclient.netty.request.NettyRequestSender - Using open Channel [id: 0x4eddb369, L:/127.0.0.1:58747 - R:localhost/127.0.0.1:7138] for GET '/session/5ad97dfb5cc8ee7bdc66ecb7503f8fc1/alert/text'
13:09:12.650 [AsyncHttpClient-1-2] DEBUG org.asynchttpclient.netty.handler.HttpHandler - 

Request DefaultFullHttpRequest(decodeResult: success, version: HTTP/1.1, content: EmptyByteBufBE)
GET /session/5ad97dfb5cc8ee7bdc66ecb7503f8fc1/alert/text HTTP/1.1
User-Agent: selenium/4.8.0 (java windows)
Cache-Control: no-cache
Content-Type: application/json; charset=utf-8
host: localhost:7138
accept: */*

Response DefaultHttpResponse(decodeResult: success, version: HTTP/1.1)
HTTP/1.1 404 Not Found
Content-Length: 820
Content-Type: application/json; charset=utf-8
cache-control: no-cache

13:09:12.650 [AsyncHttpClient-1-2] DEBUG org.asynchttpclient.netty.channel.ChannelManager - Adding key: http://localhost:7138 for channel [id: 0x4eddb369, L:/127.0.0.1:58747 - R:localhost/127.0.0.1:7138]
13:09:12.651 [Forwarding getCurrentUrl on session 5ad97dfb5cc8ee7bdc66ecb7503f8fc1 to remote] DEBUG org.asynchttpclient.netty.request.NettyRequestSender - Using pooled Channel '[id: 0x4eddb369, L:/127.0.0.1:58747 - R:localhost/127.0.0.1:7138]' for 'GET' to 'http://localhost:7138/session/5ad97dfb5cc8ee7bdc66ecb7503f8fc1/url'
13:09:12.651 [Forwarding getCurrentUrl on session 5ad97dfb5cc8ee7bdc66ecb7503f8fc1 to remote] DEBUG org.asynchttpclient.netty.request.NettyRequestSender - Using open Channel [id: 0x4eddb369, L:/127.0.0.1:58747 - R:localhost/127.0.0.1:7138] for GET '/session/5ad97dfb5cc8ee7bdc66ecb7503f8fc1/url'
13:09:12.654 [AsyncHttpClient-1-2] DEBUG org.asynchttpclient.netty.handler.HttpHandler - 

Request DefaultFullHttpRequest(decodeResult: success, version: HTTP/1.1, content: EmptyByteBufBE)
GET /session/5ad97dfb5cc8ee7bdc66ecb7503f8fc1/url HTTP/1.1
User-Agent: selenium/4.8.0 (java windows)
Cache-Control: no-cache
Content-Type: application/json; charset=utf-8
host: localhost:7138
accept: */*

Response DefaultHttpResponse(decodeResult: success, version: HTTP/1.1)
HTTP/1.1 200 OK
Content-Length: 75
Content-Type: application/json; charset=utf-8
cache-control: no-cache

13:09:12.654 [AsyncHttpClient-1-2] DEBUG org.asynchttpclient.netty.channel.ChannelManager - Adding key: http://localhost:7138 for channel [id: 0x4eddb369, L:/127.0.0.1:58747 - R:localhost/127.0.0.1:7138]
13:09:12.654 [Forwarding screenshot on session 5ad97dfb5cc8ee7bdc66ecb7503f8fc1 to remote] DEBUG org.asynchttpclient.netty.request.NettyRequestSender - Using pooled Channel '[id: 0x4eddb369, L:/127.0.0.1:58747 - R:localhost/127.0.0.1:7138]' for 'GET' to 'http://localhost:7138/session/5ad97dfb5cc8ee7bdc66ecb7503f8fc1/screenshot'
13:09:12.654 [Forwarding screenshot on session 5ad97dfb5cc8ee7bdc66ecb7503f8fc1 to remote] DEBUG org.asynchttpclient.netty.request.NettyRequestSender - Using open Channel [id: 0x4eddb369, L:/127.0.0.1:58747 - R:localhost/127.0.0.1:7138] for GET '/session/5ad97dfb5cc8ee7bdc66ecb7503f8fc1/screenshot'
13:09:12.748 [AsyncHttpClient-1-2] DEBUG org.asynchttpclient.netty.handler.HttpHandler - 

Request DefaultFullHttpRequest(decodeResult: success, version: HTTP/1.1, content: EmptyByteBufBE)
GET /session/5ad97dfb5cc8ee7bdc66ecb7503f8fc1/screenshot HTTP/1.1
User-Agent: selenium/4.8.0 (java windows)
Cache-Control: no-cache
Content-Type: application/json; charset=utf-8
host: localhost:7138
accept: */*

Response DefaultHttpResponse(decodeResult: success, version: HTTP/1.1)
HTTP/1.1 200 OK
Content-Length: 106856
Content-Type: application/json; charset=utf-8
cache-control: no-cache

13:09:12.748 [AsyncHttpClient-1-2] DEBUG org.asynchttpclient.netty.channel.ChannelManager - Adding key: http://localhost:7138 for channel [id: 0x4eddb369, L:/127.0.0.1:58747 - R:localhost/127.0.0.1:7138]
13:09:12.752 [main] DEBUG net.serenitybdd.core.photography.Darkroom - Send negative for processing for target\site\serenity\86d347c636b062e38d5497cd376d592a7c45609e33a12690b52b893de374fdfe.png
13:09:12.752 [Darkroom Processing Line] DEBUG net.serenitybdd.core.photography.DarkroomProcessingLine - Processing screenshot image in /var/screenshots/screenshot-8680413485425740399
13:09:12.752 [Darkroom Processing Line] DEBUG net.serenitybdd.core.photography.DarkroomProcessingLine - Saving screenshot to target\site\serenity\86d347c636b062e38d5497cd376d592a7c45609e33a12690b52b893de374fdfe.png
13:09:12.960 [main] DEBUG net.thucydides.core.steps.StepInterceptor - STEP DONE: {0} enters #theTextAsAString into #locatorNames
13:09:12.964 [Forwarding getAlertText on session 5ad97dfb5cc8ee7bdc66ecb7503f8fc1 to remote] DEBUG org.asynchttpclient.netty.request.NettyRequestSender - Using pooled Channel '[id: 0x4eddb369, L:/127.0.0.1:58747 - R:localhost/127.0.0.1:7138]' for 'GET' to 'http://localhost:7138/session/5ad97dfb5cc8ee7bdc66ecb7503f8fc1/alert/text'
13:09:12.964 [Forwarding getAlertText on session 5ad97dfb5cc8ee7bdc66ecb7503f8fc1 to remote] DEBUG org.asynchttpclient.netty.request.NettyRequestSender - Using open Channel [id: 0x4eddb369, L:/127.0.0.1:58747 - R:localhost/127.0.0.1:7138] for GET '/session/5ad97dfb5cc8ee7bdc66ecb7503f8fc1/alert/text'
13:09:12.966 [AsyncHttpClient-1-2] DEBUG org.asynchttpclient.netty.handler.HttpHandler - 

Request DefaultFullHttpRequest(decodeResult: success, version: HTTP/1.1, content: EmptyByteBufBE)
GET /session/5ad97dfb5cc8ee7bdc66ecb7503f8fc1/alert/text HTTP/1.1
User-Agent: selenium/4.8.0 (java windows)
Cache-Control: no-cache
Content-Type: application/json; charset=utf-8
host: localhost:7138
accept: */*

Response DefaultHttpResponse(decodeResult: success, version: HTTP/1.1)
HTTP/1.1 404 Not Found
Content-Length: 820
Content-Type: application/json; charset=utf-8
cache-control: no-cache

13:09:12.966 [AsyncHttpClient-1-2] DEBUG org.asynchttpclient.netty.channel.ChannelManager - Adding key: http://localhost:7138 for channel [id: 0x4eddb369, L:/127.0.0.1:58747 - R:localhost/127.0.0.1:7138]
13:09:12.967 [Forwarding getCurrentUrl on session 5ad97dfb5cc8ee7bdc66ecb7503f8fc1 to remote] DEBUG org.asynchttpclient.netty.request.NettyRequestSender - Using pooled Channel '[id: 0x4eddb369, L:/127.0.0.1:58747 - R:localhost/127.0.0.1:7138]' for 'GET' to 'http://localhost:7138/session/5ad97dfb5cc8ee7bdc66ecb7503f8fc1/url'
13:09:12.967 [Forwarding getCurrentUrl on session 5ad97dfb5cc8ee7bdc66ecb7503f8fc1 to remote] DEBUG org.asynchttpclient.netty.request.NettyRequestSender - Using open Channel [id: 0x4eddb369, L:/127.0.0.1:58747 - R:localhost/127.0.0.1:7138] for GET '/session/5ad97dfb5cc8ee7bdc66ecb7503f8fc1/url'
13:09:12.969 [AsyncHttpClient-1-2] DEBUG org.asynchttpclient.netty.handler.HttpHandler - 

Request DefaultFullHttpRequest(decodeResult: success, version: HTTP/1.1, content: EmptyByteBufBE)
GET /session/5ad97dfb5cc8ee7bdc66ecb7503f8fc1/url HTTP/1.1
User-Agent: selenium/4.8.0 (java windows)
Cache-Control: no-cache
Content-Type: application/json; charset=utf-8
host: localhost:7138
accept: */*

Response DefaultHttpResponse(decodeResult: success, version: HTTP/1.1)
HTTP/1.1 200 OK
Content-Length: 75
Content-Type: application/json; charset=utf-8
cache-control: no-cache

13:09:12.969 [AsyncHttpClient-1-2] DEBUG org.asynchttpclient.netty.channel.ChannelManager - Adding key: http://localhost:7138 for channel [id: 0x4eddb369, L:/127.0.0.1:58747 - R:localhost/127.0.0.1:7138]
13:09:12.969 [Forwarding screenshot on session 5ad97dfb5cc8ee7bdc66ecb7503f8fc1 to remote] DEBUG org.asynchttpclient.netty.request.NettyRequestSender - Using pooled Channel '[id: 0x4eddb369, L:/127.0.0.1:58747 - R:localhost/127.0.0.1:7138]' for 'GET' to 'http://localhost:7138/session/5ad97dfb5cc8ee7bdc66ecb7503f8fc1/screenshot'
13:09:12.969 [Forwarding screenshot on session 5ad97dfb5cc8ee7bdc66ecb7503f8fc1 to remote] DEBUG org.asynchttpclient.netty.request.NettyRequestSender - Using open Channel [id: 0x4eddb369, L:/127.0.0.1:58747 - R:localhost/127.0.0.1:7138] for GET '/session/5ad97dfb5cc8ee7bdc66ecb7503f8fc1/screenshot'
13:09:13.055 [AsyncHttpClient-1-2] DEBUG org.asynchttpclient.netty.handler.HttpHandler - 

Request DefaultFullHttpRequest(decodeResult: success, version: HTTP/1.1, content: EmptyByteBufBE)
GET /session/5ad97dfb5cc8ee7bdc66ecb7503f8fc1/screenshot HTTP/1.1
User-Agent: selenium/4.8.0 (java windows)
Cache-Control: no-cache
Content-Type: application/json; charset=utf-8
host: localhost:7138
accept: */*

Response DefaultHttpResponse(decodeResult: success, version: HTTP/1.1)
HTTP/1.1 200 OK
Content-Length: 106688
Content-Type: application/json; charset=utf-8
cache-control: no-cache

13:09:13.055 [AsyncHttpClient-1-2] DEBUG org.asynchttpclient.netty.channel.ChannelManager - Adding key: http://localhost:7138 for channel [id: 0x4eddb369, L:/127.0.0.1:58747 - R:localhost/127.0.0.1:7138]
13:09:13.058 [main] DEBUG net.serenitybdd.core.photography.Darkroom - Send negative for processing for target\site\serenity\bf254d9cf459a4ded62d5e2f30abdfcbfef08424c9bd55b16e7ae715b19e4768.png
13:09:13.059 [Darkroom Processing Line] DEBUG net.serenitybdd.core.photography.DarkroomProcessingLine - Processing screenshot image in /var/screenshots/screenshot-8305219901586813900
13:09:13.059 [Darkroom Processing Line] DEBUG net.serenitybdd.core.photography.DarkroomProcessingLine - Saving screenshot to target\site\serenity\bf254d9cf459a4ded62d5e2f30abdfcbfef08424c9bd55b16e7ae715b19e4768.png
13:09:13.059 [Forwarding getPageSource on session 5ad97dfb5cc8ee7bdc66ecb7503f8fc1 to remote] DEBUG org.asynchttpclient.netty.request.NettyRequestSender - Using pooled Channel '[id: 0x4eddb369, L:/127.0.0.1:58747 - R:localhost/127.0.0.1:7138]' for 'POST' to 'http://localhost:7138/session/5ad97dfb5cc8ee7bdc66ecb7503f8fc1/execute/sync'
13:09:13.059 [Forwarding getPageSource on session 5ad97dfb5cc8ee7bdc66ecb7503f8fc1 to remote] DEBUG org.asynchttpclient.netty.request.NettyRequestSender - Using open Channel [id: 0x4eddb369, L:/127.0.0.1:58747 - R:localhost/127.0.0.1:7138] for POST '/session/5ad97dfb5cc8ee7bdc66ecb7503f8fc1/execute/sync'
13:09:13.067 [AsyncHttpClient-1-2] DEBUG org.asynchttpclient.netty.handler.HttpHandler - 

Request DefaultHttpRequest(decodeResult: success, version: HTTP/1.1)
POST /session/5ad97dfb5cc8ee7bdc66ecb7503f8fc1/execute/sync HTTP/1.1
User-Agent: selenium/4.8.0 (java windows)
Content-Length: 176
Content-Type: application/json; charset=utf-8
host: localhost:7138
accept: */*

Response DefaultHttpResponse(decodeResult: success, version: HTTP/1.1)
HTTP/1.1 200 OK
Content-Length: 104876
Content-Type: application/json; charset=utf-8
cache-control: no-cache

13:09:13.068 [AsyncHttpClient-1-2] DEBUG org.asynchttpclient.netty.channel.ChannelManager - Adding key: http://localhost:7138 for channel [id: 0x4eddb369, L:/127.0.0.1:58747 - R:localhost/127.0.0.1:7138]
13:09:13.074 [Forwarding getCurrentUrl on session 5ad97dfb5cc8ee7bdc66ecb7503f8fc1 to remote] DEBUG org.asynchttpclient.netty.request.NettyRequestSender - Using pooled Channel '[id: 0x4eddb369, L:/127.0.0.1:58747 - R:localhost/127.0.0.1:7138]' for 'GET' to 'http://localhost:7138/session/5ad97dfb5cc8ee7bdc66ecb7503f8fc1/url'
13:09:13.074 [Forwarding getCurrentUrl on session 5ad97dfb5cc8ee7bdc66ecb7503f8fc1 to remote] DEBUG org.asynchttpclient.netty.request.NettyRequestSender - Using open Channel [id: 0x4eddb369, L:/127.0.0.1:58747 - R:localhost/127.0.0.1:7138] for GET '/session/5ad97dfb5cc8ee7bdc66ecb7503f8fc1/url'
13:09:13.076 [AsyncHttpClient-1-2] DEBUG org.asynchttpclient.netty.handler.HttpHandler - 

Request DefaultFullHttpRequest(decodeResult: success, version: HTTP/1.1, content: EmptyByteBufBE)
GET /session/5ad97dfb5cc8ee7bdc66ecb7503f8fc1/url HTTP/1.1
User-Agent: selenium/4.8.0 (java windows)
Cache-Control: no-cache
Content-Type: application/json; charset=utf-8
host: localhost:7138
accept: */*

Response DefaultHttpResponse(decodeResult: success, version: HTTP/1.1)
HTTP/1.1 200 OK
Content-Length: 75
Content-Type: application/json; charset=utf-8
cache-control: no-cache

13:09:13.076 [AsyncHttpClient-1-2] DEBUG org.asynchttpclient.netty.channel.ChannelManager - Adding key: http://localhost:7138 for channel [id: 0x4eddb369, L:/127.0.0.1:58747 - R:localhost/127.0.0.1:7138]
13:09:13.079 [main] DEBUG net.thucydides.core.steps.StepInterceptor - STARTING STEP: OpenCartStepDefinition.fillCheckoutForm - {0} enters #theTextAsAString into #locatorNames
13:09:13.081 [Forwarding findElement on session 5ad97dfb5cc8ee7bdc66ecb7503f8fc1 to remote] DEBUG org.asynchttpclient.netty.request.NettyRequestSender - Using pooled Channel '[id: 0x4eddb369, L:/127.0.0.1:58747 - R:localhost/127.0.0.1:7138]' for 'POST' to 'http://localhost:7138/session/5ad97dfb5cc8ee7bdc66ecb7503f8fc1/element'
13:09:13.081 [Forwarding findElement on session 5ad97dfb5cc8ee7bdc66ecb7503f8fc1 to remote] DEBUG org.asynchttpclient.netty.request.NettyRequestSender - Using open Channel [id: 0x4eddb369, L:/127.0.0.1:58747 - R:localhost/127.0.0.1:7138] for POST '/session/5ad97dfb5cc8ee7bdc66ecb7503f8fc1/element'
13:09:13.088 [AsyncHttpClient-1-2] DEBUG org.asynchttpclient.netty.handler.HttpHandler - 

Request DefaultHttpRequest(decodeResult: success, version: HTTP/1.1)
POST /session/5ad97dfb5cc8ee7bdc66ecb7503f8fc1/element HTTP/1.1
User-Agent: selenium/4.8.0 (java windows)
Content-Length: 80
Content-Type: application/json; charset=utf-8
host: localhost:7138
accept: */*

Response DefaultHttpResponse(decodeResult: success, version: HTTP/1.1)
HTTP/1.1 200 OK
Content-Length: 95
Content-Type: application/json; charset=utf-8
cache-control: no-cache

13:09:13.088 [AsyncHttpClient-1-2] DEBUG org.asynchttpclient.netty.channel.ChannelManager - Adding key: http://localhost:7138 for channel [id: 0x4eddb369, L:/127.0.0.1:58747 - R:localhost/127.0.0.1:7138]
13:09:13.088 [Forwarding clearElement on session 5ad97dfb5cc8ee7bdc66ecb7503f8fc1 to remote] DEBUG org.asynchttpclient.netty.request.NettyRequestSender - Using pooled Channel '[id: 0x4eddb369, L:/127.0.0.1:58747 - R:localhost/127.0.0.1:7138]' for 'POST' to 'http://localhost:7138/session/5ad97dfb5cc8ee7bdc66ecb7503f8fc1/element/755A7524A69BA6EEB3A8EFDB3A26A04F_element_81/clear'
13:09:13.088 [Forwarding clearElement on session 5ad97dfb5cc8ee7bdc66ecb7503f8fc1 to remote] DEBUG org.asynchttpclient.netty.request.NettyRequestSender - Using open Channel [id: 0x4eddb369, L:/127.0.0.1:58747 - R:localhost/127.0.0.1:7138] for POST '/session/5ad97dfb5cc8ee7bdc66ecb7503f8fc1/element/755A7524A69BA6EEB3A8EFDB3A26A04F_element_81/clear'
13:09:13.099 [AsyncHttpClient-1-2] DEBUG org.asynchttpclient.netty.handler.HttpHandler - 

Request DefaultHttpRequest(decodeResult: success, version: HTTP/1.1)
POST /session/5ad97dfb5cc8ee7bdc66ecb7503f8fc1/element/755A7524A69BA6EEB3A8EFDB3A26A04F_element_81/clear HTTP/1.1
User-Agent: selenium/4.8.0 (java windows)
Content-Length: 57
Content-Type: application/json; charset=utf-8
host: localhost:7138
accept: */*

Response DefaultHttpResponse(decodeResult: success, version: HTTP/1.1)
HTTP/1.1 200 OK
Content-Length: 14
Content-Type: application/json; charset=utf-8
cache-control: no-cache

13:09:13.099 [AsyncHttpClient-1-2] DEBUG org.asynchttpclient.netty.channel.ChannelManager - Adding key: http://localhost:7138 for channel [id: 0x4eddb369, L:/127.0.0.1:58747 - R:localhost/127.0.0.1:7138]
13:09:13.101 [Forwarding findElement on session 5ad97dfb5cc8ee7bdc66ecb7503f8fc1 to remote] DEBUG org.asynchttpclient.netty.request.NettyRequestSender - Using pooled Channel '[id: 0x4eddb369, L:/127.0.0.1:58747 - R:localhost/127.0.0.1:7138]' for 'POST' to 'http://localhost:7138/session/5ad97dfb5cc8ee7bdc66ecb7503f8fc1/element'
13:09:13.101 [Forwarding findElement on session 5ad97dfb5cc8ee7bdc66ecb7503f8fc1 to remote] DEBUG org.asynchttpclient.netty.request.NettyRequestSender - Using open Channel [id: 0x4eddb369, L:/127.0.0.1:58747 - R:localhost/127.0.0.1:7138] for POST '/session/5ad97dfb5cc8ee7bdc66ecb7503f8fc1/element'
13:09:13.105 [AsyncHttpClient-1-2] DEBUG org.asynchttpclient.netty.handler.HttpHandler - 

Request DefaultHttpRequest(decodeResult: success, version: HTTP/1.1)
POST /session/5ad97dfb5cc8ee7bdc66ecb7503f8fc1/element HTTP/1.1
User-Agent: selenium/4.8.0 (java windows)
Content-Length: 80
Content-Type: application/json; charset=utf-8
host: localhost:7138
accept: */*

Response DefaultHttpResponse(decodeResult: success, version: HTTP/1.1)
HTTP/1.1 200 OK
Content-Length: 95
Content-Type: application/json; charset=utf-8
cache-control: no-cache

13:09:13.105 [AsyncHttpClient-1-2] DEBUG org.asynchttpclient.netty.channel.ChannelManager - Adding key: http://localhost:7138 for channel [id: 0x4eddb369, L:/127.0.0.1:58747 - R:localhost/127.0.0.1:7138]
13:09:13.106 [Forwarding sendKeysToElement on session 5ad97dfb5cc8ee7bdc66ecb7503f8fc1 to remote] DEBUG org.asynchttpclient.netty.request.NettyRequestSender - Using pooled Channel '[id: 0x4eddb369, L:/127.0.0.1:58747 - R:localhost/127.0.0.1:7138]' for 'POST' to 'http://localhost:7138/session/5ad97dfb5cc8ee7bdc66ecb7503f8fc1/element/755A7524A69BA6EEB3A8EFDB3A26A04F_element_81/value'
13:09:13.106 [Forwarding sendKeysToElement on session 5ad97dfb5cc8ee7bdc66ecb7503f8fc1 to remote] DEBUG org.asynchttpclient.netty.request.NettyRequestSender - Using open Channel [id: 0x4eddb369, L:/127.0.0.1:58747 - R:localhost/127.0.0.1:7138] for POST '/session/5ad97dfb5cc8ee7bdc66ecb7503f8fc1/element/755A7524A69BA6EEB3A8EFDB3A26A04F_element_81/value'
13:09:13.134 [AsyncHttpClient-1-2] DEBUG org.asynchttpclient.netty.handler.HttpHandler - 

Request DefaultHttpRequest(decodeResult: success, version: HTTP/1.1)
POST /session/5ad97dfb5cc8ee7bdc66ecb7503f8fc1/element/755A7524A69BA6EEB3A8EFDB3A26A04F_element_81/value HTTP/1.1
User-Agent: selenium/4.8.0 (java windows)
Content-Length: 148
Content-Type: application/json; charset=utf-8
host: localhost:7138
accept: */*

Response DefaultHttpResponse(decodeResult: success, version: HTTP/1.1)
HTTP/1.1 200 OK
Content-Length: 14
Content-Type: application/json; charset=utf-8
cache-control: no-cache

13:09:13.134 [AsyncHttpClient-1-2] DEBUG org.asynchttpclient.netty.channel.ChannelManager - Adding key: http://localhost:7138 for channel [id: 0x4eddb369, L:/127.0.0.1:58747 - R:localhost/127.0.0.1:7138]
13:09:13.138 [Forwarding getAlertText on session 5ad97dfb5cc8ee7bdc66ecb7503f8fc1 to remote] DEBUG org.asynchttpclient.netty.request.NettyRequestSender - Using pooled Channel '[id: 0x4eddb369, L:/127.0.0.1:58747 - R:localhost/127.0.0.1:7138]' for 'GET' to 'http://localhost:7138/session/5ad97dfb5cc8ee7bdc66ecb7503f8fc1/alert/text'
13:09:13.138 [Forwarding getAlertText on session 5ad97dfb5cc8ee7bdc66ecb7503f8fc1 to remote] DEBUG org.asynchttpclient.netty.request.NettyRequestSender - Using open Channel [id: 0x4eddb369, L:/127.0.0.1:58747 - R:localhost/127.0.0.1:7138] for GET '/session/5ad97dfb5cc8ee7bdc66ecb7503f8fc1/alert/text'
13:09:13.140 [AsyncHttpClient-1-2] DEBUG org.asynchttpclient.netty.handler.HttpHandler - 

Request DefaultFullHttpRequest(decodeResult: success, version: HTTP/1.1, content: EmptyByteBufBE)
GET /session/5ad97dfb5cc8ee7bdc66ecb7503f8fc1/alert/text HTTP/1.1
User-Agent: selenium/4.8.0 (java windows)
Cache-Control: no-cache
Content-Type: application/json; charset=utf-8
host: localhost:7138
accept: */*

Response DefaultHttpResponse(decodeResult: success, version: HTTP/1.1)
HTTP/1.1 404 Not Found
Content-Length: 820
Content-Type: application/json; charset=utf-8
cache-control: no-cache

13:09:13.140 [AsyncHttpClient-1-2] DEBUG org.asynchttpclient.netty.channel.ChannelManager - Adding key: http://localhost:7138 for channel [id: 0x4eddb369, L:/127.0.0.1:58747 - R:localhost/127.0.0.1:7138]
13:09:13.140 [Forwarding getCurrentUrl on session 5ad97dfb5cc8ee7bdc66ecb7503f8fc1 to remote] DEBUG org.asynchttpclient.netty.request.NettyRequestSender - Using pooled Channel '[id: 0x4eddb369, L:/127.0.0.1:58747 - R:localhost/127.0.0.1:7138]' for 'GET' to 'http://localhost:7138/session/5ad97dfb5cc8ee7bdc66ecb7503f8fc1/url'
13:09:13.140 [Forwarding getCurrentUrl on session 5ad97dfb5cc8ee7bdc66ecb7503f8fc1 to remote] DEBUG org.asynchttpclient.netty.request.NettyRequestSender - Using open Channel [id: 0x4eddb369, L:/127.0.0.1:58747 - R:localhost/127.0.0.1:7138] for GET '/session/5ad97dfb5cc8ee7bdc66ecb7503f8fc1/url'
13:09:13.143 [AsyncHttpClient-1-2] DEBUG org.asynchttpclient.netty.handler.HttpHandler - 

Request DefaultFullHttpRequest(decodeResult: success, version: HTTP/1.1, content: EmptyByteBufBE)
GET /session/5ad97dfb5cc8ee7bdc66ecb7503f8fc1/url HTTP/1.1
User-Agent: selenium/4.8.0 (java windows)
Cache-Control: no-cache
Content-Type: application/json; charset=utf-8
host: localhost:7138
accept: */*

Response DefaultHttpResponse(decodeResult: success, version: HTTP/1.1)
HTTP/1.1 200 OK
Content-Length: 75
Content-Type: application/json; charset=utf-8
cache-control: no-cache

13:09:13.143 [AsyncHttpClient-1-2] DEBUG org.asynchttpclient.netty.channel.ChannelManager - Adding key: http://localhost:7138 for channel [id: 0x4eddb369, L:/127.0.0.1:58747 - R:localhost/127.0.0.1:7138]
13:09:13.144 [Forwarding screenshot on session 5ad97dfb5cc8ee7bdc66ecb7503f8fc1 to remote] DEBUG org.asynchttpclient.netty.request.NettyRequestSender - Using pooled Channel '[id: 0x4eddb369, L:/127.0.0.1:58747 - R:localhost/127.0.0.1:7138]' for 'GET' to 'http://localhost:7138/session/5ad97dfb5cc8ee7bdc66ecb7503f8fc1/screenshot'
13:09:13.151 [Forwarding screenshot on session 5ad97dfb5cc8ee7bdc66ecb7503f8fc1 to remote] DEBUG org.asynchttpclient.netty.request.NettyRequestSender - Using open Channel [id: 0x4eddb369, L:/127.0.0.1:58747 - R:localhost/127.0.0.1:7138] for GET '/session/5ad97dfb5cc8ee7bdc66ecb7503f8fc1/screenshot'
13:09:13.248 [AsyncHttpClient-1-2] DEBUG org.asynchttpclient.netty.handler.HttpHandler - 

Request DefaultFullHttpRequest(decodeResult: success, version: HTTP/1.1, content: EmptyByteBufBE)
GET /session/5ad97dfb5cc8ee7bdc66ecb7503f8fc1/screenshot HTTP/1.1
User-Agent: selenium/4.8.0 (java windows)
Cache-Control: no-cache
Content-Type: application/json; charset=utf-8
host: localhost:7138
accept: */*

Response DefaultHttpResponse(decodeResult: success, version: HTTP/1.1)
HTTP/1.1 200 OK
Content-Length: 106456
Content-Type: application/json; charset=utf-8
cache-control: no-cache

13:09:13.249 [AsyncHttpClient-1-2] DEBUG org.asynchttpclient.netty.channel.ChannelManager - Adding key: http://localhost:7138 for channel [id: 0x4eddb369, L:/127.0.0.1:58747 - R:localhost/127.0.0.1:7138]
13:09:13.251 [main] DEBUG net.serenitybdd.core.photography.Darkroom - Send negative for processing for target\site\serenity\3beeff408241a64f15c48b1248ec8e472ddca5da1f836aaeb198869aa4ed8cb9.png
13:09:13.252 [Darkroom Processing Line] DEBUG net.serenitybdd.core.photography.DarkroomProcessingLine - Processing screenshot image in /var/screenshots/screenshot-5483507647306355473
13:09:13.252 [Darkroom Processing Line] DEBUG net.serenitybdd.core.photography.DarkroomProcessingLine - Saving screenshot to target\site\serenity\3beeff408241a64f15c48b1248ec8e472ddca5da1f836aaeb198869aa4ed8cb9.png
13:09:13.347 [AsyncHttpClient-1-1] DEBUG org.asynchttpclient.netty.channel.DefaultChannelPool - Entry count for : http://localhost:7138 : 1
13:09:13.347 [AsyncHttpClient-1-1] DEBUG org.asynchttpclient.netty.channel.DefaultChannelPool - Entry count for : http://localhost:58748 : 1
13:09:13.457 [main] DEBUG net.thucydides.core.steps.StepInterceptor - STEP DONE: {0} enters #theTextAsAString into #locatorNames
13:09:13.461 [Forwarding getAlertText on session 5ad97dfb5cc8ee7bdc66ecb7503f8fc1 to remote] DEBUG org.asynchttpclient.netty.request.NettyRequestSender - Using pooled Channel '[id: 0x4eddb369, L:/127.0.0.1:58747 - R:localhost/127.0.0.1:7138]' for 'GET' to 'http://localhost:7138/session/5ad97dfb5cc8ee7bdc66ecb7503f8fc1/alert/text'
13:09:13.461 [Forwarding getAlertText on session 5ad97dfb5cc8ee7bdc66ecb7503f8fc1 to remote] DEBUG org.asynchttpclient.netty.request.NettyRequestSender - Using open Channel [id: 0x4eddb369, L:/127.0.0.1:58747 - R:localhost/127.0.0.1:7138] for GET '/session/5ad97dfb5cc8ee7bdc66ecb7503f8fc1/alert/text'
13:09:13.463 [AsyncHttpClient-1-2] DEBUG org.asynchttpclient.netty.handler.HttpHandler - 

Request DefaultFullHttpRequest(decodeResult: success, version: HTTP/1.1, content: EmptyByteBufBE)
GET /session/5ad97dfb5cc8ee7bdc66ecb7503f8fc1/alert/text HTTP/1.1
User-Agent: selenium/4.8.0 (java windows)
Cache-Control: no-cache
Content-Type: application/json; charset=utf-8
host: localhost:7138
accept: */*

Response DefaultHttpResponse(decodeResult: success, version: HTTP/1.1)
HTTP/1.1 404 Not Found
Content-Length: 820
Content-Type: application/json; charset=utf-8
cache-control: no-cache

13:09:13.463 [AsyncHttpClient-1-2] DEBUG org.asynchttpclient.netty.channel.ChannelManager - Adding key: http://localhost:7138 for channel [id: 0x4eddb369, L:/127.0.0.1:58747 - R:localhost/127.0.0.1:7138]
13:09:13.464 [Forwarding getCurrentUrl on session 5ad97dfb5cc8ee7bdc66ecb7503f8fc1 to remote] DEBUG org.asynchttpclient.netty.request.NettyRequestSender - Using pooled Channel '[id: 0x4eddb369, L:/127.0.0.1:58747 - R:localhost/127.0.0.1:7138]' for 'GET' to 'http://localhost:7138/session/5ad97dfb5cc8ee7bdc66ecb7503f8fc1/url'
13:09:13.464 [Forwarding getCurrentUrl on session 5ad97dfb5cc8ee7bdc66ecb7503f8fc1 to remote] DEBUG org.asynchttpclient.netty.request.NettyRequestSender - Using open Channel [id: 0x4eddb369, L:/127.0.0.1:58747 - R:localhost/127.0.0.1:7138] for GET '/session/5ad97dfb5cc8ee7bdc66ecb7503f8fc1/url'
13:09:13.465 [AsyncHttpClient-1-2] DEBUG org.asynchttpclient.netty.handler.HttpHandler - 

Request DefaultFullHttpRequest(decodeResult: success, version: HTTP/1.1, content: EmptyByteBufBE)
GET /session/5ad97dfb5cc8ee7bdc66ecb7503f8fc1/url HTTP/1.1
User-Agent: selenium/4.8.0 (java windows)
Cache-Control: no-cache
Content-Type: application/json; charset=utf-8
host: localhost:7138
accept: */*

Response DefaultHttpResponse(decodeResult: success, version: HTTP/1.1)
HTTP/1.1 200 OK
Content-Length: 75
Content-Type: application/json; charset=utf-8
cache-control: no-cache

13:09:13.466 [AsyncHttpClient-1-2] DEBUG org.asynchttpclient.netty.channel.ChannelManager - Adding key: http://localhost:7138 for channel [id: 0x4eddb369, L:/127.0.0.1:58747 - R:localhost/127.0.0.1:7138]
13:09:13.466 [Forwarding screenshot on session 5ad97dfb5cc8ee7bdc66ecb7503f8fc1 to remote] DEBUG org.asynchttpclient.netty.request.NettyRequestSender - Using pooled Channel '[id: 0x4eddb369, L:/127.0.0.1:58747 - R:localhost/127.0.0.1:7138]' for 'GET' to 'http://localhost:7138/session/5ad97dfb5cc8ee7bdc66ecb7503f8fc1/screenshot'
13:09:13.466 [Forwarding screenshot on session 5ad97dfb5cc8ee7bdc66ecb7503f8fc1 to remote] DEBUG org.asynchttpclient.netty.request.NettyRequestSender - Using open Channel [id: 0x4eddb369, L:/127.0.0.1:58747 - R:localhost/127.0.0.1:7138] for GET '/session/5ad97dfb5cc8ee7bdc66ecb7503f8fc1/screenshot'
13:09:13.544 [AsyncHttpClient-1-2] DEBUG org.asynchttpclient.netty.handler.HttpHandler - 

Request DefaultFullHttpRequest(decodeResult: success, version: HTTP/1.1, content: EmptyByteBufBE)
GET /session/5ad97dfb5cc8ee7bdc66ecb7503f8fc1/screenshot HTTP/1.1
User-Agent: selenium/4.8.0 (java windows)
Cache-Control: no-cache
Content-Type: application/json; charset=utf-8
host: localhost:7138
accept: */*

Response DefaultHttpResponse(decodeResult: success, version: HTTP/1.1)
HTTP/1.1 200 OK
Content-Length: 106492
Content-Type: application/json; charset=utf-8
cache-control: no-cache

13:09:13.544 [AsyncHttpClient-1-2] DEBUG org.asynchttpclient.netty.channel.ChannelManager - Adding key: http://localhost:7138 for channel [id: 0x4eddb369, L:/127.0.0.1:58747 - R:localhost/127.0.0.1:7138]
13:09:13.546 [main] DEBUG net.serenitybdd.core.photography.Darkroom - Send negative for processing for target\site\serenity\37299a9fea16f77f9d491463528655cf0c12e66a88680253188f32e751683503.png
13:09:13.547 [Darkroom Processing Line] DEBUG net.serenitybdd.core.photography.DarkroomProcessingLine - Processing screenshot image in /var/screenshots/screenshot-2131192266527052035
13:09:13.547 [Darkroom Processing Line] DEBUG net.serenitybdd.core.photography.DarkroomProcessingLine - Saving screenshot to target\site\serenity\37299a9fea16f77f9d491463528655cf0c12e66a88680253188f32e751683503.png
13:09:13.547 [Forwarding getPageSource on session 5ad97dfb5cc8ee7bdc66ecb7503f8fc1 to remote] DEBUG org.asynchttpclient.netty.request.NettyRequestSender - Using pooled Channel '[id: 0x4eddb369, L:/127.0.0.1:58747 - R:localhost/127.0.0.1:7138]' for 'POST' to 'http://localhost:7138/session/5ad97dfb5cc8ee7bdc66ecb7503f8fc1/execute/sync'
13:09:13.547 [Forwarding getPageSource on session 5ad97dfb5cc8ee7bdc66ecb7503f8fc1 to remote] DEBUG org.asynchttpclient.netty.request.NettyRequestSender - Using open Channel [id: 0x4eddb369, L:/127.0.0.1:58747 - R:localhost/127.0.0.1:7138] for POST '/session/5ad97dfb5cc8ee7bdc66ecb7503f8fc1/execute/sync'
13:09:13.555 [AsyncHttpClient-1-2] DEBUG org.asynchttpclient.netty.handler.HttpHandler - 

Request DefaultHttpRequest(decodeResult: success, version: HTTP/1.1)
POST /session/5ad97dfb5cc8ee7bdc66ecb7503f8fc1/execute/sync HTTP/1.1
User-Agent: selenium/4.8.0 (java windows)
Content-Length: 176
Content-Type: application/json; charset=utf-8
host: localhost:7138
accept: */*

Response DefaultHttpResponse(decodeResult: success, version: HTTP/1.1)
HTTP/1.1 200 OK
Content-Length: 104876
Content-Type: application/json; charset=utf-8
cache-control: no-cache

13:09:13.555 [AsyncHttpClient-1-2] DEBUG org.asynchttpclient.netty.channel.ChannelManager - Adding key: http://localhost:7138 for channel [id: 0x4eddb369, L:/127.0.0.1:58747 - R:localhost/127.0.0.1:7138]
13:09:13.561 [Forwarding getCurrentUrl on session 5ad97dfb5cc8ee7bdc66ecb7503f8fc1 to remote] DEBUG org.asynchttpclient.netty.request.NettyRequestSender - Using pooled Channel '[id: 0x4eddb369, L:/127.0.0.1:58747 - R:localhost/127.0.0.1:7138]' for 'GET' to 'http://localhost:7138/session/5ad97dfb5cc8ee7bdc66ecb7503f8fc1/url'
13:09:13.561 [Forwarding getCurrentUrl on session 5ad97dfb5cc8ee7bdc66ecb7503f8fc1 to remote] DEBUG org.asynchttpclient.netty.request.NettyRequestSender - Using open Channel [id: 0x4eddb369, L:/127.0.0.1:58747 - R:localhost/127.0.0.1:7138] for GET '/session/5ad97dfb5cc8ee7bdc66ecb7503f8fc1/url'
13:09:13.564 [AsyncHttpClient-1-2] DEBUG org.asynchttpclient.netty.handler.HttpHandler - 

Request DefaultFullHttpRequest(decodeResult: success, version: HTTP/1.1, content: EmptyByteBufBE)
GET /session/5ad97dfb5cc8ee7bdc66ecb7503f8fc1/url HTTP/1.1
User-Agent: selenium/4.8.0 (java windows)
Cache-Control: no-cache
Content-Type: application/json; charset=utf-8
host: localhost:7138
accept: */*

Response DefaultHttpResponse(decodeResult: success, version: HTTP/1.1)
HTTP/1.1 200 OK
Content-Length: 75
Content-Type: application/json; charset=utf-8
cache-control: no-cache

13:09:13.564 [AsyncHttpClient-1-2] DEBUG org.asynchttpclient.netty.channel.ChannelManager - Adding key: http://localhost:7138 for channel [id: 0x4eddb369, L:/127.0.0.1:58747 - R:localhost/127.0.0.1:7138]
13:09:13.565 [main] DEBUG net.thucydides.core.steps.StepInterceptor - STARTING STEP: OpenCartStepDefinition.fillCheckoutForm - {0} enters #theTextAsAString into #locatorNames
13:09:13.567 [Forwarding findElement on session 5ad97dfb5cc8ee7bdc66ecb7503f8fc1 to remote] DEBUG org.asynchttpclient.netty.request.NettyRequestSender - Using pooled Channel '[id: 0x4eddb369, L:/127.0.0.1:58747 - R:localhost/127.0.0.1:7138]' for 'POST' to 'http://localhost:7138/session/5ad97dfb5cc8ee7bdc66ecb7503f8fc1/element'
13:09:13.567 [Forwarding findElement on session 5ad97dfb5cc8ee7bdc66ecb7503f8fc1 to remote] DEBUG org.asynchttpclient.netty.request.NettyRequestSender - Using open Channel [id: 0x4eddb369, L:/127.0.0.1:58747 - R:localhost/127.0.0.1:7138] for POST '/session/5ad97dfb5cc8ee7bdc66ecb7503f8fc1/element'
13:09:13.573 [AsyncHttpClient-1-2] DEBUG org.asynchttpclient.netty.handler.HttpHandler - 

Request DefaultHttpRequest(decodeResult: success, version: HTTP/1.1)
POST /session/5ad97dfb5cc8ee7bdc66ecb7503f8fc1/element HTTP/1.1
User-Agent: selenium/4.8.0 (java windows)
Content-Length: 84
Content-Type: application/json; charset=utf-8
host: localhost:7138
accept: */*

Response DefaultHttpResponse(decodeResult: success, version: HTTP/1.1)
HTTP/1.1 200 OK
Content-Length: 95
Content-Type: application/json; charset=utf-8
cache-control: no-cache

13:09:13.573 [AsyncHttpClient-1-2] DEBUG org.asynchttpclient.netty.channel.ChannelManager - Adding key: http://localhost:7138 for channel [id: 0x4eddb369, L:/127.0.0.1:58747 - R:localhost/127.0.0.1:7138]
13:09:13.574 [Forwarding clearElement on session 5ad97dfb5cc8ee7bdc66ecb7503f8fc1 to remote] DEBUG org.asynchttpclient.netty.request.NettyRequestSender - Using pooled Channel '[id: 0x4eddb369, L:/127.0.0.1:58747 - R:localhost/127.0.0.1:7138]' for 'POST' to 'http://localhost:7138/session/5ad97dfb5cc8ee7bdc66ecb7503f8fc1/element/755A7524A69BA6EEB3A8EFDB3A26A04F_element_82/clear'
13:09:13.574 [Forwarding clearElement on session 5ad97dfb5cc8ee7bdc66ecb7503f8fc1 to remote] DEBUG org.asynchttpclient.netty.request.NettyRequestSender - Using open Channel [id: 0x4eddb369, L:/127.0.0.1:58747 - R:localhost/127.0.0.1:7138] for POST '/session/5ad97dfb5cc8ee7bdc66ecb7503f8fc1/element/755A7524A69BA6EEB3A8EFDB3A26A04F_element_82/clear'
13:09:13.586 [AsyncHttpClient-1-2] DEBUG org.asynchttpclient.netty.handler.HttpHandler - 

Request DefaultHttpRequest(decodeResult: success, version: HTTP/1.1)
POST /session/5ad97dfb5cc8ee7bdc66ecb7503f8fc1/element/755A7524A69BA6EEB3A8EFDB3A26A04F_element_82/clear HTTP/1.1
User-Agent: selenium/4.8.0 (java windows)
Content-Length: 57
Content-Type: application/json; charset=utf-8
host: localhost:7138
accept: */*

Response DefaultHttpResponse(decodeResult: success, version: HTTP/1.1)
HTTP/1.1 200 OK
Content-Length: 14
Content-Type: application/json; charset=utf-8
cache-control: no-cache

13:09:13.586 [AsyncHttpClient-1-2] DEBUG org.asynchttpclient.netty.channel.ChannelManager - Adding key: http://localhost:7138 for channel [id: 0x4eddb369, L:/127.0.0.1:58747 - R:localhost/127.0.0.1:7138]
13:09:13.588 [Forwarding findElement on session 5ad97dfb5cc8ee7bdc66ecb7503f8fc1 to remote] DEBUG org.asynchttpclient.netty.request.NettyRequestSender - Using pooled Channel '[id: 0x4eddb369, L:/127.0.0.1:58747 - R:localhost/127.0.0.1:7138]' for 'POST' to 'http://localhost:7138/session/5ad97dfb5cc8ee7bdc66ecb7503f8fc1/element'
13:09:13.588 [Forwarding findElement on session 5ad97dfb5cc8ee7bdc66ecb7503f8fc1 to remote] DEBUG org.asynchttpclient.netty.request.NettyRequestSender - Using open Channel [id: 0x4eddb369, L:/127.0.0.1:58747 - R:localhost/127.0.0.1:7138] for POST '/session/5ad97dfb5cc8ee7bdc66ecb7503f8fc1/element'
13:09:13.591 [AsyncHttpClient-1-2] DEBUG org.asynchttpclient.netty.handler.HttpHandler - 

Request DefaultHttpRequest(decodeResult: success, version: HTTP/1.1)
POST /session/5ad97dfb5cc8ee7bdc66ecb7503f8fc1/element HTTP/1.1
User-Agent: selenium/4.8.0 (java windows)
Content-Length: 84
Content-Type: application/json; charset=utf-8
host: localhost:7138
accept: */*

Response DefaultHttpResponse(decodeResult: success, version: HTTP/1.1)
HTTP/1.1 200 OK
Content-Length: 95
Content-Type: application/json; charset=utf-8
cache-control: no-cache

13:09:13.591 [AsyncHttpClient-1-2] DEBUG org.asynchttpclient.netty.channel.ChannelManager - Adding key: http://localhost:7138 for channel [id: 0x4eddb369, L:/127.0.0.1:58747 - R:localhost/127.0.0.1:7138]
13:09:13.592 [Forwarding sendKeysToElement on session 5ad97dfb5cc8ee7bdc66ecb7503f8fc1 to remote] DEBUG org.asynchttpclient.netty.request.NettyRequestSender - Using pooled Channel '[id: 0x4eddb369, L:/127.0.0.1:58747 - R:localhost/127.0.0.1:7138]' for 'POST' to 'http://localhost:7138/session/5ad97dfb5cc8ee7bdc66ecb7503f8fc1/element/755A7524A69BA6EEB3A8EFDB3A26A04F_element_82/value'
13:09:13.592 [Forwarding sendKeysToElement on session 5ad97dfb5cc8ee7bdc66ecb7503f8fc1 to remote] DEBUG org.asynchttpclient.netty.request.NettyRequestSender - Using open Channel [id: 0x4eddb369, L:/127.0.0.1:58747 - R:localhost/127.0.0.1:7138] for POST '/session/5ad97dfb5cc8ee7bdc66ecb7503f8fc1/element/755A7524A69BA6EEB3A8EFDB3A26A04F_element_82/value'
13:09:13.618 [AsyncHttpClient-1-2] DEBUG org.asynchttpclient.netty.handler.HttpHandler - 

Request DefaultHttpRequest(decodeResult: success, version: HTTP/1.1)
POST /session/5ad97dfb5cc8ee7bdc66ecb7503f8fc1/element/755A7524A69BA6EEB3A8EFDB3A26A04F_element_82/value HTTP/1.1
User-Agent: selenium/4.8.0 (java windows)
Content-Length: 148
Content-Type: application/json; charset=utf-8
host: localhost:7138
accept: */*

Response DefaultHttpResponse(decodeResult: success, version: HTTP/1.1)
HTTP/1.1 200 OK
Content-Length: 14
Content-Type: application/json; charset=utf-8
cache-control: no-cache

13:09:13.618 [AsyncHttpClient-1-2] DEBUG org.asynchttpclient.netty.channel.ChannelManager - Adding key: http://localhost:7138 for channel [id: 0x4eddb369, L:/127.0.0.1:58747 - R:localhost/127.0.0.1:7138]
13:09:13.622 [Forwarding getAlertText on session 5ad97dfb5cc8ee7bdc66ecb7503f8fc1 to remote] DEBUG org.asynchttpclient.netty.request.NettyRequestSender - Using pooled Channel '[id: 0x4eddb369, L:/127.0.0.1:58747 - R:localhost/127.0.0.1:7138]' for 'GET' to 'http://localhost:7138/session/5ad97dfb5cc8ee7bdc66ecb7503f8fc1/alert/text'
13:09:13.622 [Forwarding getAlertText on session 5ad97dfb5cc8ee7bdc66ecb7503f8fc1 to remote] DEBUG org.asynchttpclient.netty.request.NettyRequestSender - Using open Channel [id: 0x4eddb369, L:/127.0.0.1:58747 - R:localhost/127.0.0.1:7138] for GET '/session/5ad97dfb5cc8ee7bdc66ecb7503f8fc1/alert/text'
13:09:13.623 [AsyncHttpClient-1-2] DEBUG org.asynchttpclient.netty.handler.HttpHandler - 

Request DefaultFullHttpRequest(decodeResult: success, version: HTTP/1.1, content: EmptyByteBufBE)
GET /session/5ad97dfb5cc8ee7bdc66ecb7503f8fc1/alert/text HTTP/1.1
User-Agent: selenium/4.8.0 (java windows)
Cache-Control: no-cache
Content-Type: application/json; charset=utf-8
host: localhost:7138
accept: */*

Response DefaultHttpResponse(decodeResult: success, version: HTTP/1.1)
HTTP/1.1 404 Not Found
Content-Length: 820
Content-Type: application/json; charset=utf-8
cache-control: no-cache

13:09:13.623 [AsyncHttpClient-1-2] DEBUG org.asynchttpclient.netty.channel.ChannelManager - Adding key: http://localhost:7138 for channel [id: 0x4eddb369, L:/127.0.0.1:58747 - R:localhost/127.0.0.1:7138]
13:09:13.624 [Forwarding getCurrentUrl on session 5ad97dfb5cc8ee7bdc66ecb7503f8fc1 to remote] DEBUG org.asynchttpclient.netty.request.NettyRequestSender - Using pooled Channel '[id: 0x4eddb369, L:/127.0.0.1:58747 - R:localhost/127.0.0.1:7138]' for 'GET' to 'http://localhost:7138/session/5ad97dfb5cc8ee7bdc66ecb7503f8fc1/url'
13:09:13.624 [Forwarding getCurrentUrl on session 5ad97dfb5cc8ee7bdc66ecb7503f8fc1 to remote] DEBUG org.asynchttpclient.netty.request.NettyRequestSender - Using open Channel [id: 0x4eddb369, L:/127.0.0.1:58747 - R:localhost/127.0.0.1:7138] for GET '/session/5ad97dfb5cc8ee7bdc66ecb7503f8fc1/url'
13:09:13.626 [AsyncHttpClient-1-2] DEBUG org.asynchttpclient.netty.handler.HttpHandler - 

Request DefaultFullHttpRequest(decodeResult: success, version: HTTP/1.1, content: EmptyByteBufBE)
GET /session/5ad97dfb5cc8ee7bdc66ecb7503f8fc1/url HTTP/1.1
User-Agent: selenium/4.8.0 (java windows)
Cache-Control: no-cache
Content-Type: application/json; charset=utf-8
host: localhost:7138
accept: */*

Response DefaultHttpResponse(decodeResult: success, version: HTTP/1.1)
HTTP/1.1 200 OK
Content-Length: 75
Content-Type: application/json; charset=utf-8
cache-control: no-cache

13:09:13.626 [AsyncHttpClient-1-2] DEBUG org.asynchttpclient.netty.channel.ChannelManager - Adding key: http://localhost:7138 for channel [id: 0x4eddb369, L:/127.0.0.1:58747 - R:localhost/127.0.0.1:7138]
13:09:13.626 [Forwarding screenshot on session 5ad97dfb5cc8ee7bdc66ecb7503f8fc1 to remote] DEBUG org.asynchttpclient.netty.request.NettyRequestSender - Using pooled Channel '[id: 0x4eddb369, L:/127.0.0.1:58747 - R:localhost/127.0.0.1:7138]' for 'GET' to 'http://localhost:7138/session/5ad97dfb5cc8ee7bdc66ecb7503f8fc1/screenshot'
13:09:13.626 [Forwarding screenshot on session 5ad97dfb5cc8ee7bdc66ecb7503f8fc1 to remote] DEBUG org.asynchttpclient.netty.request.NettyRequestSender - Using open Channel [id: 0x4eddb369, L:/127.0.0.1:58747 - R:localhost/127.0.0.1:7138] for GET '/session/5ad97dfb5cc8ee7bdc66ecb7503f8fc1/screenshot'
13:09:13.724 [AsyncHttpClient-1-2] DEBUG org.asynchttpclient.netty.handler.HttpHandler - 

Request DefaultFullHttpRequest(decodeResult: success, version: HTTP/1.1, content: EmptyByteBufBE)
GET /session/5ad97dfb5cc8ee7bdc66ecb7503f8fc1/screenshot HTTP/1.1
User-Agent: selenium/4.8.0 (java windows)
Cache-Control: no-cache
Content-Type: application/json; charset=utf-8
host: localhost:7138
accept: */*

Response DefaultHttpResponse(decodeResult: success, version: HTTP/1.1)
HTTP/1.1 200 OK
Content-Length: 106568
Content-Type: application/json; charset=utf-8
cache-control: no-cache

13:09:13.724 [AsyncHttpClient-1-2] DEBUG org.asynchttpclient.netty.channel.ChannelManager - Adding key: http://localhost:7138 for channel [id: 0x4eddb369, L:/127.0.0.1:58747 - R:localhost/127.0.0.1:7138]
13:09:13.726 [main] DEBUG net.serenitybdd.core.photography.Darkroom - Send negative for processing for target\site\serenity\c529c0b7c21c681c8ee884b366232f79c5012ff0ecd9f62f014405c3fcbbbef2.png
13:09:13.726 [Darkroom Processing Line] DEBUG net.serenitybdd.core.photography.DarkroomProcessingLine - Processing screenshot image in /var/screenshots/screenshot-7312403608165418597
13:09:13.726 [Darkroom Processing Line] DEBUG net.serenitybdd.core.photography.DarkroomProcessingLine - Saving screenshot to target\site\serenity\c529c0b7c21c681c8ee884b366232f79c5012ff0ecd9f62f014405c3fcbbbef2.png
13:09:13.939 [main] DEBUG net.thucydides.core.steps.StepInterceptor - STEP DONE: {0} enters #theTextAsAString into #locatorNames
13:09:13.943 [Forwarding getAlertText on session 5ad97dfb5cc8ee7bdc66ecb7503f8fc1 to remote] DEBUG org.asynchttpclient.netty.request.NettyRequestSender - Using pooled Channel '[id: 0x4eddb369, L:/127.0.0.1:58747 - R:localhost/127.0.0.1:7138]' for 'GET' to 'http://localhost:7138/session/5ad97dfb5cc8ee7bdc66ecb7503f8fc1/alert/text'
13:09:13.943 [Forwarding getAlertText on session 5ad97dfb5cc8ee7bdc66ecb7503f8fc1 to remote] DEBUG org.asynchttpclient.netty.request.NettyRequestSender - Using open Channel [id: 0x4eddb369, L:/127.0.0.1:58747 - R:localhost/127.0.0.1:7138] for GET '/session/5ad97dfb5cc8ee7bdc66ecb7503f8fc1/alert/text'
13:09:13.944 [AsyncHttpClient-1-2] DEBUG org.asynchttpclient.netty.handler.HttpHandler - 

Request DefaultFullHttpRequest(decodeResult: success, version: HTTP/1.1, content: EmptyByteBufBE)
GET /session/5ad97dfb5cc8ee7bdc66ecb7503f8fc1/alert/text HTTP/1.1
User-Agent: selenium/4.8.0 (java windows)
Cache-Control: no-cache
Content-Type: application/json; charset=utf-8
host: localhost:7138
accept: */*

Response DefaultHttpResponse(decodeResult: success, version: HTTP/1.1)
HTTP/1.1 404 Not Found
Content-Length: 820
Content-Type: application/json; charset=utf-8
cache-control: no-cache

13:09:13.944 [AsyncHttpClient-1-2] DEBUG org.asynchttpclient.netty.channel.ChannelManager - Adding key: http://localhost:7138 for channel [id: 0x4eddb369, L:/127.0.0.1:58747 - R:localhost/127.0.0.1:7138]
13:09:13.945 [Forwarding getCurrentUrl on session 5ad97dfb5cc8ee7bdc66ecb7503f8fc1 to remote] DEBUG org.asynchttpclient.netty.request.NettyRequestSender - Using pooled Channel '[id: 0x4eddb369, L:/127.0.0.1:58747 - R:localhost/127.0.0.1:7138]' for 'GET' to 'http://localhost:7138/session/5ad97dfb5cc8ee7bdc66ecb7503f8fc1/url'
13:09:13.945 [Forwarding getCurrentUrl on session 5ad97dfb5cc8ee7bdc66ecb7503f8fc1 to remote] DEBUG org.asynchttpclient.netty.request.NettyRequestSender - Using open Channel [id: 0x4eddb369, L:/127.0.0.1:58747 - R:localhost/127.0.0.1:7138] for GET '/session/5ad97dfb5cc8ee7bdc66ecb7503f8fc1/url'
13:09:13.948 [AsyncHttpClient-1-2] DEBUG org.asynchttpclient.netty.handler.HttpHandler - 

Request DefaultFullHttpRequest(decodeResult: success, version: HTTP/1.1, content: EmptyByteBufBE)
GET /session/5ad97dfb5cc8ee7bdc66ecb7503f8fc1/url HTTP/1.1
User-Agent: selenium/4.8.0 (java windows)
Cache-Control: no-cache
Content-Type: application/json; charset=utf-8
host: localhost:7138
accept: */*

Response DefaultHttpResponse(decodeResult: success, version: HTTP/1.1)
HTTP/1.1 200 OK
Content-Length: 75
Content-Type: application/json; charset=utf-8
cache-control: no-cache

13:09:13.948 [AsyncHttpClient-1-2] DEBUG org.asynchttpclient.netty.channel.ChannelManager - Adding key: http://localhost:7138 for channel [id: 0x4eddb369, L:/127.0.0.1:58747 - R:localhost/127.0.0.1:7138]
13:09:13.948 [Forwarding screenshot on session 5ad97dfb5cc8ee7bdc66ecb7503f8fc1 to remote] DEBUG org.asynchttpclient.netty.request.NettyRequestSender - Using pooled Channel '[id: 0x4eddb369, L:/127.0.0.1:58747 - R:localhost/127.0.0.1:7138]' for 'GET' to 'http://localhost:7138/session/5ad97dfb5cc8ee7bdc66ecb7503f8fc1/screenshot'
13:09:13.948 [Forwarding screenshot on session 5ad97dfb5cc8ee7bdc66ecb7503f8fc1 to remote] DEBUG org.asynchttpclient.netty.request.NettyRequestSender - Using open Channel [id: 0x4eddb369, L:/127.0.0.1:58747 - R:localhost/127.0.0.1:7138] for GET '/session/5ad97dfb5cc8ee7bdc66ecb7503f8fc1/screenshot'
13:09:14.026 [AsyncHttpClient-1-2] DEBUG org.asynchttpclient.netty.handler.HttpHandler - 

Request DefaultFullHttpRequest(decodeResult: success, version: HTTP/1.1, content: EmptyByteBufBE)
GET /session/5ad97dfb5cc8ee7bdc66ecb7503f8fc1/screenshot HTTP/1.1
User-Agent: selenium/4.8.0 (java windows)
Cache-Control: no-cache
Content-Type: application/json; charset=utf-8
host: localhost:7138
accept: */*

Response DefaultHttpResponse(decodeResult: success, version: HTTP/1.1)
HTTP/1.1 200 OK
Content-Length: 106228
Content-Type: application/json; charset=utf-8
cache-control: no-cache

13:09:14.026 [AsyncHttpClient-1-2] DEBUG org.asynchttpclient.netty.channel.ChannelManager - Adding key: http://localhost:7138 for channel [id: 0x4eddb369, L:/127.0.0.1:58747 - R:localhost/127.0.0.1:7138]
13:09:14.028 [main] DEBUG net.serenitybdd.core.photography.Darkroom - Send negative for processing for target\site\serenity\2d006878308b8315a2235cfcf7004f3211d25fd7781cd090e31f8d8a48b330b0.png
13:09:14.029 [Darkroom Processing Line] DEBUG net.serenitybdd.core.photography.DarkroomProcessingLine - Processing screenshot image in /var/screenshots/screenshot-8804592967106766547
13:09:14.029 [Darkroom Processing Line] DEBUG net.serenitybdd.core.photography.DarkroomProcessingLine - Saving screenshot to target\site\serenity\2d006878308b8315a2235cfcf7004f3211d25fd7781cd090e31f8d8a48b330b0.png
13:09:14.029 [Forwarding getPageSource on session 5ad97dfb5cc8ee7bdc66ecb7503f8fc1 to remote] DEBUG org.asynchttpclient.netty.request.NettyRequestSender - Using pooled Channel '[id: 0x4eddb369, L:/127.0.0.1:58747 - R:localhost/127.0.0.1:7138]' for 'POST' to 'http://localhost:7138/session/5ad97dfb5cc8ee7bdc66ecb7503f8fc1/execute/sync'
13:09:14.029 [Forwarding getPageSource on session 5ad97dfb5cc8ee7bdc66ecb7503f8fc1 to remote] DEBUG org.asynchttpclient.netty.request.NettyRequestSender - Using open Channel [id: 0x4eddb369, L:/127.0.0.1:58747 - R:localhost/127.0.0.1:7138] for POST '/session/5ad97dfb5cc8ee7bdc66ecb7503f8fc1/execute/sync'
13:09:14.038 [AsyncHttpClient-1-2] DEBUG org.asynchttpclient.netty.handler.HttpHandler - 

Request DefaultHttpRequest(decodeResult: success, version: HTTP/1.1)
POST /session/5ad97dfb5cc8ee7bdc66ecb7503f8fc1/execute/sync HTTP/1.1
User-Agent: selenium/4.8.0 (java windows)
Content-Length: 176
Content-Type: application/json; charset=utf-8
host: localhost:7138
accept: */*

Response DefaultHttpResponse(decodeResult: success, version: HTTP/1.1)
HTTP/1.1 200 OK
Content-Length: 104876
Content-Type: application/json; charset=utf-8
cache-control: no-cache

13:09:14.038 [AsyncHttpClient-1-2] DEBUG org.asynchttpclient.netty.channel.ChannelManager - Adding key: http://localhost:7138 for channel [id: 0x4eddb369, L:/127.0.0.1:58747 - R:localhost/127.0.0.1:7138]
13:09:14.042 [Forwarding getCurrentUrl on session 5ad97dfb5cc8ee7bdc66ecb7503f8fc1 to remote] DEBUG org.asynchttpclient.netty.request.NettyRequestSender - Using pooled Channel '[id: 0x4eddb369, L:/127.0.0.1:58747 - R:localhost/127.0.0.1:7138]' for 'GET' to 'http://localhost:7138/session/5ad97dfb5cc8ee7bdc66ecb7503f8fc1/url'
13:09:14.042 [Forwarding getCurrentUrl on session 5ad97dfb5cc8ee7bdc66ecb7503f8fc1 to remote] DEBUG org.asynchttpclient.netty.request.NettyRequestSender - Using open Channel [id: 0x4eddb369, L:/127.0.0.1:58747 - R:localhost/127.0.0.1:7138] for GET '/session/5ad97dfb5cc8ee7bdc66ecb7503f8fc1/url'
13:09:14.045 [AsyncHttpClient-1-2] DEBUG org.asynchttpclient.netty.handler.HttpHandler - 

Request DefaultFullHttpRequest(decodeResult: success, version: HTTP/1.1, content: EmptyByteBufBE)
GET /session/5ad97dfb5cc8ee7bdc66ecb7503f8fc1/url HTTP/1.1
User-Agent: selenium/4.8.0 (java windows)
Cache-Control: no-cache
Content-Type: application/json; charset=utf-8
host: localhost:7138
accept: */*

Response DefaultHttpResponse(decodeResult: success, version: HTTP/1.1)
HTTP/1.1 200 OK
Content-Length: 75
Content-Type: application/json; charset=utf-8
cache-control: no-cache

13:09:14.045 [AsyncHttpClient-1-2] DEBUG org.asynchttpclient.netty.channel.ChannelManager - Adding key: http://localhost:7138 for channel [id: 0x4eddb369, L:/127.0.0.1:58747 - R:localhost/127.0.0.1:7138]
13:09:14.046 [main] DEBUG net.thucydides.core.steps.StepInterceptor - STARTING STEP: OpenCartStepDefinition.fillCheckoutForm - {0} clicks on #locators
13:09:14.047 [Forwarding findElement on session 5ad97dfb5cc8ee7bdc66ecb7503f8fc1 to remote] DEBUG org.asynchttpclient.netty.request.NettyRequestSender - Using pooled Channel '[id: 0x4eddb369, L:/127.0.0.1:58747 - R:localhost/127.0.0.1:7138]' for 'POST' to 'http://localhost:7138/session/5ad97dfb5cc8ee7bdc66ecb7503f8fc1/element'
13:09:14.047 [Forwarding findElement on session 5ad97dfb5cc8ee7bdc66ecb7503f8fc1 to remote] DEBUG org.asynchttpclient.netty.request.NettyRequestSender - Using open Channel [id: 0x4eddb369, L:/127.0.0.1:58747 - R:localhost/127.0.0.1:7138] for POST '/session/5ad97dfb5cc8ee7bdc66ecb7503f8fc1/element'
13:09:14.054 [AsyncHttpClient-1-2] DEBUG org.asynchttpclient.netty.handler.HttpHandler - 

Request DefaultHttpRequest(decodeResult: success, version: HTTP/1.1)
POST /session/5ad97dfb5cc8ee7bdc66ecb7503f8fc1/element HTTP/1.1
User-Agent: selenium/4.8.0 (java windows)
Content-Length: 84
Content-Type: application/json; charset=utf-8
host: localhost:7138
accept: */*

Response DefaultHttpResponse(decodeResult: success, version: HTTP/1.1)
HTTP/1.1 200 OK
Content-Length: 95
Content-Type: application/json; charset=utf-8
cache-control: no-cache

13:09:14.054 [AsyncHttpClient-1-2] DEBUG org.asynchttpclient.netty.channel.ChannelManager - Adding key: http://localhost:7138 for channel [id: 0x4eddb369, L:/127.0.0.1:58747 - R:localhost/127.0.0.1:7138]
13:09:14.056 [Forwarding isElementDisplayed on session 5ad97dfb5cc8ee7bdc66ecb7503f8fc1 to remote] DEBUG org.asynchttpclient.netty.request.NettyRequestSender - Using pooled Channel '[id: 0x4eddb369, L:/127.0.0.1:58747 - R:localhost/127.0.0.1:7138]' for 'POST' to 'http://localhost:7138/session/5ad97dfb5cc8ee7bdc66ecb7503f8fc1/execute/sync'
13:09:14.056 [Forwarding isElementDisplayed on session 5ad97dfb5cc8ee7bdc66ecb7503f8fc1 to remote] DEBUG org.asynchttpclient.netty.request.NettyRequestSender - Using open Channel [id: 0x4eddb369, L:/127.0.0.1:58747 - R:localhost/127.0.0.1:7138] for POST '/session/5ad97dfb5cc8ee7bdc66ecb7503f8fc1/execute/sync'
13:09:14.061 [AsyncHttpClient-1-2] DEBUG org.asynchttpclient.netty.handler.HttpHandler - 

Request DefaultHttpRequest(decodeResult: success, version: HTTP/1.1)
POST /session/5ad97dfb5cc8ee7bdc66ecb7503f8fc1/execute/sync HTTP/1.1
User-Agent: selenium/4.8.0 (java windows)
Content-Length: 48814
Content-Type: application/json; charset=utf-8
host: localhost:7138
accept: */*

Response DefaultHttpResponse(decodeResult: success, version: HTTP/1.1)
HTTP/1.1 200 OK
Content-Length: 14
Content-Type: application/json; charset=utf-8
cache-control: no-cache

13:09:14.062 [AsyncHttpClient-1-2] DEBUG org.asynchttpclient.netty.channel.ChannelManager - Adding key: http://localhost:7138 for channel [id: 0x4eddb369, L:/127.0.0.1:58747 - R:localhost/127.0.0.1:7138]
13:09:14.065 [Forwarding isElementDisplayed on session 5ad97dfb5cc8ee7bdc66ecb7503f8fc1 to remote] DEBUG org.asynchttpclient.netty.request.NettyRequestSender - Using pooled Channel '[id: 0x4eddb369, L:/127.0.0.1:58747 - R:localhost/127.0.0.1:7138]' for 'POST' to 'http://localhost:7138/session/5ad97dfb5cc8ee7bdc66ecb7503f8fc1/execute/sync'
13:09:14.065 [Forwarding isElementDisplayed on session 5ad97dfb5cc8ee7bdc66ecb7503f8fc1 to remote] DEBUG org.asynchttpclient.netty.request.NettyRequestSender - Using open Channel [id: 0x4eddb369, L:/127.0.0.1:58747 - R:localhost/127.0.0.1:7138] for POST '/session/5ad97dfb5cc8ee7bdc66ecb7503f8fc1/execute/sync'
13:09:14.073 [AsyncHttpClient-1-2] DEBUG org.asynchttpclient.netty.handler.HttpHandler - 

Request DefaultHttpRequest(decodeResult: success, version: HTTP/1.1)
POST /session/5ad97dfb5cc8ee7bdc66ecb7503f8fc1/execute/sync HTTP/1.1
User-Agent: selenium/4.8.0 (java windows)
Content-Length: 48814
Content-Type: application/json; charset=utf-8
host: localhost:7138
accept: */*

Response DefaultHttpResponse(decodeResult: success, version: HTTP/1.1)
HTTP/1.1 200 OK
Content-Length: 14
Content-Type: application/json; charset=utf-8
cache-control: no-cache

13:09:14.073 [AsyncHttpClient-1-2] DEBUG org.asynchttpclient.netty.channel.ChannelManager - Adding key: http://localhost:7138 for channel [id: 0x4eddb369, L:/127.0.0.1:58747 - R:localhost/127.0.0.1:7138]
13:09:14.075 [Forwarding clickElement on session 5ad97dfb5cc8ee7bdc66ecb7503f8fc1 to remote] DEBUG org.asynchttpclient.netty.request.NettyRequestSender - Using pooled Channel '[id: 0x4eddb369, L:/127.0.0.1:58747 - R:localhost/127.0.0.1:7138]' for 'POST' to 'http://localhost:7138/session/5ad97dfb5cc8ee7bdc66ecb7503f8fc1/element/755A7524A69BA6EEB3A8EFDB3A26A04F_element_83/click'
13:09:14.075 [Forwarding clickElement on session 5ad97dfb5cc8ee7bdc66ecb7503f8fc1 to remote] DEBUG org.asynchttpclient.netty.request.NettyRequestSender - Using open Channel [id: 0x4eddb369, L:/127.0.0.1:58747 - R:localhost/127.0.0.1:7138] for POST '/session/5ad97dfb5cc8ee7bdc66ecb7503f8fc1/element/755A7524A69BA6EEB3A8EFDB3A26A04F_element_83/click'
13:09:14.130 [AsyncHttpClient-1-2] DEBUG org.asynchttpclient.netty.handler.HttpHandler - 

Request DefaultHttpRequest(decodeResult: success, version: HTTP/1.1)
POST /session/5ad97dfb5cc8ee7bdc66ecb7503f8fc1/element/755A7524A69BA6EEB3A8EFDB3A26A04F_element_83/click HTTP/1.1
User-Agent: selenium/4.8.0 (java windows)
Content-Length: 57
Content-Type: application/json; charset=utf-8
host: localhost:7138
accept: */*

Response DefaultHttpResponse(decodeResult: success, version: HTTP/1.1)
HTTP/1.1 200 OK
Content-Length: 14
Content-Type: application/json; charset=utf-8
cache-control: no-cache

13:09:14.130 [AsyncHttpClient-1-2] DEBUG org.asynchttpclient.netty.channel.ChannelManager - Adding key: http://localhost:7138 for channel [id: 0x4eddb369, L:/127.0.0.1:58747 - R:localhost/127.0.0.1:7138]
13:09:14.134 [Forwarding getAlertText on session 5ad97dfb5cc8ee7bdc66ecb7503f8fc1 to remote] DEBUG org.asynchttpclient.netty.request.NettyRequestSender - Using pooled Channel '[id: 0x4eddb369, L:/127.0.0.1:58747 - R:localhost/127.0.0.1:7138]' for 'GET' to 'http://localhost:7138/session/5ad97dfb5cc8ee7bdc66ecb7503f8fc1/alert/text'
13:09:14.134 [Forwarding getAlertText on session 5ad97dfb5cc8ee7bdc66ecb7503f8fc1 to remote] DEBUG org.asynchttpclient.netty.request.NettyRequestSender - Using open Channel [id: 0x4eddb369, L:/127.0.0.1:58747 - R:localhost/127.0.0.1:7138] for GET '/session/5ad97dfb5cc8ee7bdc66ecb7503f8fc1/alert/text'
13:09:14.135 [AsyncHttpClient-1-2] DEBUG org.asynchttpclient.netty.handler.HttpHandler - 

Request DefaultFullHttpRequest(decodeResult: success, version: HTTP/1.1, content: EmptyByteBufBE)
GET /session/5ad97dfb5cc8ee7bdc66ecb7503f8fc1/alert/text HTTP/1.1
User-Agent: selenium/4.8.0 (java windows)
Cache-Control: no-cache
Content-Type: application/json; charset=utf-8
host: localhost:7138
accept: */*

Response DefaultHttpResponse(decodeResult: success, version: HTTP/1.1)
HTTP/1.1 404 Not Found
Content-Length: 820
Content-Type: application/json; charset=utf-8
cache-control: no-cache

13:09:14.135 [AsyncHttpClient-1-2] DEBUG org.asynchttpclient.netty.channel.ChannelManager - Adding key: http://localhost:7138 for channel [id: 0x4eddb369, L:/127.0.0.1:58747 - R:localhost/127.0.0.1:7138]
13:09:14.136 [Forwarding getCurrentUrl on session 5ad97dfb5cc8ee7bdc66ecb7503f8fc1 to remote] DEBUG org.asynchttpclient.netty.request.NettyRequestSender - Using pooled Channel '[id: 0x4eddb369, L:/127.0.0.1:58747 - R:localhost/127.0.0.1:7138]' for 'GET' to 'http://localhost:7138/session/5ad97dfb5cc8ee7bdc66ecb7503f8fc1/url'
13:09:14.136 [Forwarding getCurrentUrl on session 5ad97dfb5cc8ee7bdc66ecb7503f8fc1 to remote] DEBUG org.asynchttpclient.netty.request.NettyRequestSender - Using open Channel [id: 0x4eddb369, L:/127.0.0.1:58747 - R:localhost/127.0.0.1:7138] for GET '/session/5ad97dfb5cc8ee7bdc66ecb7503f8fc1/url'
13:09:14.137 [AsyncHttpClient-1-2] DEBUG org.asynchttpclient.netty.handler.HttpHandler - 

Request DefaultFullHttpRequest(decodeResult: success, version: HTTP/1.1, content: EmptyByteBufBE)
GET /session/5ad97dfb5cc8ee7bdc66ecb7503f8fc1/url HTTP/1.1
User-Agent: selenium/4.8.0 (java windows)
Cache-Control: no-cache
Content-Type: application/json; charset=utf-8
host: localhost:7138
accept: */*

Response DefaultHttpResponse(decodeResult: success, version: HTTP/1.1)
HTTP/1.1 200 OK
Content-Length: 75
Content-Type: application/json; charset=utf-8
cache-control: no-cache

13:09:14.137 [AsyncHttpClient-1-2] DEBUG org.asynchttpclient.netty.channel.ChannelManager - Adding key: http://localhost:7138 for channel [id: 0x4eddb369, L:/127.0.0.1:58747 - R:localhost/127.0.0.1:7138]
13:09:14.137 [Forwarding screenshot on session 5ad97dfb5cc8ee7bdc66ecb7503f8fc1 to remote] DEBUG org.asynchttpclient.netty.request.NettyRequestSender - Using pooled Channel '[id: 0x4eddb369, L:/127.0.0.1:58747 - R:localhost/127.0.0.1:7138]' for 'GET' to 'http://localhost:7138/session/5ad97dfb5cc8ee7bdc66ecb7503f8fc1/screenshot'
13:09:14.137 [Forwarding screenshot on session 5ad97dfb5cc8ee7bdc66ecb7503f8fc1 to remote] DEBUG org.asynchttpclient.netty.request.NettyRequestSender - Using open Channel [id: 0x4eddb369, L:/127.0.0.1:58747 - R:localhost/127.0.0.1:7138] for GET '/session/5ad97dfb5cc8ee7bdc66ecb7503f8fc1/screenshot'
13:09:14.279 [AsyncHttpClient-1-2] DEBUG org.asynchttpclient.netty.handler.HttpHandler - 

Request DefaultFullHttpRequest(decodeResult: success, version: HTTP/1.1, content: EmptyByteBufBE)
GET /session/5ad97dfb5cc8ee7bdc66ecb7503f8fc1/screenshot HTTP/1.1
User-Agent: selenium/4.8.0 (java windows)
Cache-Control: no-cache
Content-Type: application/json; charset=utf-8
host: localhost:7138
accept: */*

Response DefaultHttpResponse(decodeResult: success, version: HTTP/1.1)
HTTP/1.1 200 OK
Content-Length: 112460
Content-Type: application/json; charset=utf-8
cache-control: no-cache

13:09:14.279 [AsyncHttpClient-1-2] DEBUG org.asynchttpclient.netty.channel.ChannelManager - Adding key: http://localhost:7138 for channel [id: 0x4eddb369, L:/127.0.0.1:58747 - R:localhost/127.0.0.1:7138]
13:09:14.282 [main] DEBUG net.serenitybdd.core.photography.Darkroom - Send negative for processing for target\site\serenity\4b738a350d74958e2f8a5de760d8d8bcd80b8e6960c0a2e2f274e97f86a22716.png
13:09:14.282 [Darkroom Processing Line] DEBUG net.serenitybdd.core.photography.DarkroomProcessingLine - Processing screenshot image in /var/screenshots/screenshot-5077071530520048013
13:09:14.282 [Darkroom Processing Line] DEBUG net.serenitybdd.core.photography.DarkroomProcessingLine - Saving screenshot to target\site\serenity\4b738a350d74958e2f8a5de760d8d8bcd80b8e6960c0a2e2f274e97f86a22716.png
13:09:14.445 [AsyncHttpClient-1-1] DEBUG org.asynchttpclient.netty.channel.DefaultChannelPool - Entry count for : http://localhost:7138 : 1
13:09:14.445 [AsyncHttpClient-1-1] DEBUG org.asynchttpclient.netty.channel.DefaultChannelPool - Entry count for : http://localhost:58748 : 1
13:09:14.485 [main] DEBUG net.thucydides.core.steps.StepInterceptor - STEP DONE: {0} clicks on #locators
13:09:14.496 [Forwarding getAlertText on session 5ad97dfb5cc8ee7bdc66ecb7503f8fc1 to remote] DEBUG org.asynchttpclient.netty.request.NettyRequestSender - Using pooled Channel '[id: 0x4eddb369, L:/127.0.0.1:58747 - R:localhost/127.0.0.1:7138]' for 'GET' to 'http://localhost:7138/session/5ad97dfb5cc8ee7bdc66ecb7503f8fc1/alert/text'
13:09:14.496 [Forwarding getAlertText on session 5ad97dfb5cc8ee7bdc66ecb7503f8fc1 to remote] DEBUG org.asynchttpclient.netty.request.NettyRequestSender - Using open Channel [id: 0x4eddb369, L:/127.0.0.1:58747 - R:localhost/127.0.0.1:7138] for GET '/session/5ad97dfb5cc8ee7bdc66ecb7503f8fc1/alert/text'
13:09:14.497 [AsyncHttpClient-1-2] DEBUG org.asynchttpclient.netty.handler.HttpHandler - 

Request DefaultFullHttpRequest(decodeResult: success, version: HTTP/1.1, content: EmptyByteBufBE)
GET /session/5ad97dfb5cc8ee7bdc66ecb7503f8fc1/alert/text HTTP/1.1
User-Agent: selenium/4.8.0 (java windows)
Cache-Control: no-cache
Content-Type: application/json; charset=utf-8
host: localhost:7138
accept: */*

Response DefaultHttpResponse(decodeResult: success, version: HTTP/1.1)
HTTP/1.1 404 Not Found
Content-Length: 820
Content-Type: application/json; charset=utf-8
cache-control: no-cache

13:09:14.497 [AsyncHttpClient-1-2] DEBUG org.asynchttpclient.netty.channel.ChannelManager - Adding key: http://localhost:7138 for channel [id: 0x4eddb369, L:/127.0.0.1:58747 - R:localhost/127.0.0.1:7138]
13:09:14.498 [Forwarding getCurrentUrl on session 5ad97dfb5cc8ee7bdc66ecb7503f8fc1 to remote] DEBUG org.asynchttpclient.netty.request.NettyRequestSender - Using pooled Channel '[id: 0x4eddb369, L:/127.0.0.1:58747 - R:localhost/127.0.0.1:7138]' for 'GET' to 'http://localhost:7138/session/5ad97dfb5cc8ee7bdc66ecb7503f8fc1/url'
13:09:14.498 [Forwarding getCurrentUrl on session 5ad97dfb5cc8ee7bdc66ecb7503f8fc1 to remote] DEBUG org.asynchttpclient.netty.request.NettyRequestSender - Using open Channel [id: 0x4eddb369, L:/127.0.0.1:58747 - R:localhost/127.0.0.1:7138] for GET '/session/5ad97dfb5cc8ee7bdc66ecb7503f8fc1/url'
13:09:14.500 [AsyncHttpClient-1-2] DEBUG org.asynchttpclient.netty.handler.HttpHandler - 

Request DefaultFullHttpRequest(decodeResult: success, version: HTTP/1.1, content: EmptyByteBufBE)
GET /session/5ad97dfb5cc8ee7bdc66ecb7503f8fc1/url HTTP/1.1
User-Agent: selenium/4.8.0 (java windows)
Cache-Control: no-cache
Content-Type: application/json; charset=utf-8
host: localhost:7138
accept: */*

Response DefaultHttpResponse(decodeResult: success, version: HTTP/1.1)
HTTP/1.1 200 OK
Content-Length: 75
Content-Type: application/json; charset=utf-8
cache-control: no-cache

13:09:14.500 [AsyncHttpClient-1-2] DEBUG org.asynchttpclient.netty.channel.ChannelManager - Adding key: http://localhost:7138 for channel [id: 0x4eddb369, L:/127.0.0.1:58747 - R:localhost/127.0.0.1:7138]
13:09:14.500 [Forwarding screenshot on session 5ad97dfb5cc8ee7bdc66ecb7503f8fc1 to remote] DEBUG org.asynchttpclient.netty.request.NettyRequestSender - Using pooled Channel '[id: 0x4eddb369, L:/127.0.0.1:58747 - R:localhost/127.0.0.1:7138]' for 'GET' to 'http://localhost:7138/session/5ad97dfb5cc8ee7bdc66ecb7503f8fc1/screenshot'
13:09:14.500 [Forwarding screenshot on session 5ad97dfb5cc8ee7bdc66ecb7503f8fc1 to remote] DEBUG org.asynchttpclient.netty.request.NettyRequestSender - Using open Channel [id: 0x4eddb369, L:/127.0.0.1:58747 - R:localhost/127.0.0.1:7138] for GET '/session/5ad97dfb5cc8ee7bdc66ecb7503f8fc1/screenshot'
13:09:14.586 [AsyncHttpClient-1-2] DEBUG org.asynchttpclient.netty.handler.HttpHandler - 

Request DefaultFullHttpRequest(decodeResult: success, version: HTTP/1.1, content: EmptyByteBufBE)
GET /session/5ad97dfb5cc8ee7bdc66ecb7503f8fc1/screenshot HTTP/1.1
User-Agent: selenium/4.8.0 (java windows)
Cache-Control: no-cache
Content-Type: application/json; charset=utf-8
host: localhost:7138
accept: */*

Response DefaultHttpResponse(decodeResult: success, version: HTTP/1.1)
HTTP/1.1 200 OK
Content-Length: 112768
Content-Type: application/json; charset=utf-8
cache-control: no-cache

13:09:14.586 [AsyncHttpClient-1-2] DEBUG org.asynchttpclient.netty.channel.ChannelManager - Adding key: http://localhost:7138 for channel [id: 0x4eddb369, L:/127.0.0.1:58747 - R:localhost/127.0.0.1:7138]
13:09:14.589 [main] DEBUG net.serenitybdd.core.photography.Darkroom - Send negative for processing for target\site\serenity\9b4981311037a4dca2df7aa88f8c10e67d47780190cd21011c9be8924dd6f1e1.png
13:09:14.589 [Darkroom Processing Line] DEBUG net.serenitybdd.core.photography.DarkroomProcessingLine - Processing screenshot image in /var/screenshots/screenshot-2333322680796071463
13:09:14.589 [Darkroom Processing Line] DEBUG net.serenitybdd.core.photography.DarkroomProcessingLine - Saving screenshot to target\site\serenity\9b4981311037a4dca2df7aa88f8c10e67d47780190cd21011c9be8924dd6f1e1.png
13:09:14.590 [Forwarding getPageSource on session 5ad97dfb5cc8ee7bdc66ecb7503f8fc1 to remote] DEBUG org.asynchttpclient.netty.request.NettyRequestSender - Using pooled Channel '[id: 0x4eddb369, L:/127.0.0.1:58747 - R:localhost/127.0.0.1:7138]' for 'POST' to 'http://localhost:7138/session/5ad97dfb5cc8ee7bdc66ecb7503f8fc1/execute/sync'
13:09:14.590 [Forwarding getPageSource on session 5ad97dfb5cc8ee7bdc66ecb7503f8fc1 to remote] DEBUG org.asynchttpclient.netty.request.NettyRequestSender - Using open Channel [id: 0x4eddb369, L:/127.0.0.1:58747 - R:localhost/127.0.0.1:7138] for POST '/session/5ad97dfb5cc8ee7bdc66ecb7503f8fc1/execute/sync'
13:09:14.598 [AsyncHttpClient-1-2] DEBUG org.asynchttpclient.netty.handler.HttpHandler - 

Request DefaultHttpRequest(decodeResult: success, version: HTTP/1.1)
POST /session/5ad97dfb5cc8ee7bdc66ecb7503f8fc1/execute/sync HTTP/1.1
User-Agent: selenium/4.8.0 (java windows)
Content-Length: 176
Content-Type: application/json; charset=utf-8
host: localhost:7138
accept: */*

Response DefaultHttpResponse(decodeResult: success, version: HTTP/1.1)
HTTP/1.1 200 OK
Content-Length: 104876
Content-Type: application/json; charset=utf-8
cache-control: no-cache

13:09:14.598 [AsyncHttpClient-1-2] DEBUG org.asynchttpclient.netty.channel.ChannelManager - Adding key: http://localhost:7138 for channel [id: 0x4eddb369, L:/127.0.0.1:58747 - R:localhost/127.0.0.1:7138]
13:09:14.603 [Forwarding getCurrentUrl on session 5ad97dfb5cc8ee7bdc66ecb7503f8fc1 to remote] DEBUG org.asynchttpclient.netty.request.NettyRequestSender - Using pooled Channel '[id: 0x4eddb369, L:/127.0.0.1:58747 - R:localhost/127.0.0.1:7138]' for 'GET' to 'http://localhost:7138/session/5ad97dfb5cc8ee7bdc66ecb7503f8fc1/url'
13:09:14.603 [Forwarding getCurrentUrl on session 5ad97dfb5cc8ee7bdc66ecb7503f8fc1 to remote] DEBUG org.asynchttpclient.netty.request.NettyRequestSender - Using open Channel [id: 0x4eddb369, L:/127.0.0.1:58747 - R:localhost/127.0.0.1:7138] for GET '/session/5ad97dfb5cc8ee7bdc66ecb7503f8fc1/url'
13:09:14.605 [AsyncHttpClient-1-2] DEBUG org.asynchttpclient.netty.handler.HttpHandler - 

Request DefaultFullHttpRequest(decodeResult: success, version: HTTP/1.1, content: EmptyByteBufBE)
GET /session/5ad97dfb5cc8ee7bdc66ecb7503f8fc1/url HTTP/1.1
User-Agent: selenium/4.8.0 (java windows)
Cache-Control: no-cache
Content-Type: application/json; charset=utf-8
host: localhost:7138
accept: */*

Response DefaultHttpResponse(decodeResult: success, version: HTTP/1.1)
HTTP/1.1 200 OK
Content-Length: 75
Content-Type: application/json; charset=utf-8
cache-control: no-cache

13:09:14.605 [AsyncHttpClient-1-2] DEBUG org.asynchttpclient.netty.channel.ChannelManager - Adding key: http://localhost:7138 for channel [id: 0x4eddb369, L:/127.0.0.1:58747 - R:localhost/127.0.0.1:7138]
13:09:14.606 [main] DEBUG net.thucydides.core.steps.StepInterceptor - STARTING STEP: OpenCartStepDefinition.fillCheckoutForm - {0} selects #selectedOptions
13:09:14.609 [Forwarding findElement on session 5ad97dfb5cc8ee7bdc66ecb7503f8fc1 to remote] DEBUG org.asynchttpclient.netty.request.NettyRequestSender - Using pooled Channel '[id: 0x4eddb369, L:/127.0.0.1:58747 - R:localhost/127.0.0.1:7138]' for 'POST' to 'http://localhost:7138/session/5ad97dfb5cc8ee7bdc66ecb7503f8fc1/element'
13:09:14.609 [Forwarding findElement on session 5ad97dfb5cc8ee7bdc66ecb7503f8fc1 to remote] DEBUG org.asynchttpclient.netty.request.NettyRequestSender - Using open Channel [id: 0x4eddb369, L:/127.0.0.1:58747 - R:localhost/127.0.0.1:7138] for POST '/session/5ad97dfb5cc8ee7bdc66ecb7503f8fc1/element'
13:09:14.613 [AsyncHttpClient-1-2] DEBUG org.asynchttpclient.netty.handler.HttpHandler - 

Request DefaultHttpRequest(decodeResult: success, version: HTTP/1.1)
POST /session/5ad97dfb5cc8ee7bdc66ecb7503f8fc1/element HTTP/1.1
User-Agent: selenium/4.8.0 (java windows)
Content-Length: 84
Content-Type: application/json; charset=utf-8
host: localhost:7138
accept: */*

Response DefaultHttpResponse(decodeResult: success, version: HTTP/1.1)
HTTP/1.1 200 OK
Content-Length: 95
Content-Type: application/json; charset=utf-8
cache-control: no-cache

13:09:14.614 [AsyncHttpClient-1-2] DEBUG org.asynchttpclient.netty.channel.ChannelManager - Adding key: http://localhost:7138 for channel [id: 0x4eddb369, L:/127.0.0.1:58747 - R:localhost/127.0.0.1:7138]
13:09:14.614 [Forwarding getElementTagName on session 5ad97dfb5cc8ee7bdc66ecb7503f8fc1 to remote] DEBUG org.asynchttpclient.netty.request.NettyRequestSender - Using pooled Channel '[id: 0x4eddb369, L:/127.0.0.1:58747 - R:localhost/127.0.0.1:7138]' for 'GET' to 'http://localhost:7138/session/5ad97dfb5cc8ee7bdc66ecb7503f8fc1/element/755A7524A69BA6EEB3A8EFDB3A26A04F_element_83/name'
13:09:14.614 [Forwarding getElementTagName on session 5ad97dfb5cc8ee7bdc66ecb7503f8fc1 to remote] DEBUG org.asynchttpclient.netty.request.NettyRequestSender - Using open Channel [id: 0x4eddb369, L:/127.0.0.1:58747 - R:localhost/127.0.0.1:7138] for GET '/session/5ad97dfb5cc8ee7bdc66ecb7503f8fc1/element/755A7524A69BA6EEB3A8EFDB3A26A04F_element_83/name'
13:09:14.618 [AsyncHttpClient-1-2] DEBUG org.asynchttpclient.netty.handler.HttpHandler - 

Request DefaultFullHttpRequest(decodeResult: success, version: HTTP/1.1, content: EmptyByteBufBE)
GET /session/5ad97dfb5cc8ee7bdc66ecb7503f8fc1/element/755A7524A69BA6EEB3A8EFDB3A26A04F_element_83/name HTTP/1.1
User-Agent: selenium/4.8.0 (java windows)
Cache-Control: no-cache
Content-Type: application/json; charset=utf-8
host: localhost:7138
accept: */*

Response DefaultHttpResponse(decodeResult: success, version: HTTP/1.1)
HTTP/1.1 200 OK
Content-Length: 18
Content-Type: application/json; charset=utf-8
cache-control: no-cache

13:09:14.618 [AsyncHttpClient-1-2] DEBUG org.asynchttpclient.netty.channel.ChannelManager - Adding key: http://localhost:7138 for channel [id: 0x4eddb369, L:/127.0.0.1:58747 - R:localhost/127.0.0.1:7138]
13:09:14.618 [Forwarding getElementDomAttribute on session 5ad97dfb5cc8ee7bdc66ecb7503f8fc1 to remote] DEBUG org.asynchttpclient.netty.request.NettyRequestSender - Using pooled Channel '[id: 0x4eddb369, L:/127.0.0.1:58747 - R:localhost/127.0.0.1:7138]' for 'GET' to 'http://localhost:7138/session/5ad97dfb5cc8ee7bdc66ecb7503f8fc1/element/755A7524A69BA6EEB3A8EFDB3A26A04F_element_83/attribute/multiple'
13:09:14.618 [Forwarding getElementDomAttribute on session 5ad97dfb5cc8ee7bdc66ecb7503f8fc1 to remote] DEBUG org.asynchttpclient.netty.request.NettyRequestSender - Using open Channel [id: 0x4eddb369, L:/127.0.0.1:58747 - R:localhost/127.0.0.1:7138] for GET '/session/5ad97dfb5cc8ee7bdc66ecb7503f8fc1/element/755A7524A69BA6EEB3A8EFDB3A26A04F_element_83/attribute/multiple'
13:09:14.621 [AsyncHttpClient-1-2] DEBUG org.asynchttpclient.netty.handler.HttpHandler - 

Request DefaultFullHttpRequest(decodeResult: success, version: HTTP/1.1, content: EmptyByteBufBE)
GET /session/5ad97dfb5cc8ee7bdc66ecb7503f8fc1/element/755A7524A69BA6EEB3A8EFDB3A26A04F_element_83/attribute/multiple HTTP/1.1
User-Agent: selenium/4.8.0 (java windows)
Cache-Control: no-cache
Content-Type: application/json; charset=utf-8
host: localhost:7138
accept: */*

Response DefaultHttpResponse(decodeResult: success, version: HTTP/1.1)
HTTP/1.1 200 OK
Content-Length: 14
Content-Type: application/json; charset=utf-8
cache-control: no-cache

13:09:14.621 [AsyncHttpClient-1-2] DEBUG org.asynchttpclient.netty.channel.ChannelManager - Adding key: http://localhost:7138 for channel [id: 0x4eddb369, L:/127.0.0.1:58747 - R:localhost/127.0.0.1:7138]
13:09:14.621 [Forwarding isElementEnabled on session 5ad97dfb5cc8ee7bdc66ecb7503f8fc1 to remote] DEBUG org.asynchttpclient.netty.request.NettyRequestSender - Using pooled Channel '[id: 0x4eddb369, L:/127.0.0.1:58747 - R:localhost/127.0.0.1:7138]' for 'GET' to 'http://localhost:7138/session/5ad97dfb5cc8ee7bdc66ecb7503f8fc1/element/755A7524A69BA6EEB3A8EFDB3A26A04F_element_83/enabled'
13:09:14.621 [Forwarding isElementEnabled on session 5ad97dfb5cc8ee7bdc66ecb7503f8fc1 to remote] DEBUG org.asynchttpclient.netty.request.NettyRequestSender - Using open Channel [id: 0x4eddb369, L:/127.0.0.1:58747 - R:localhost/127.0.0.1:7138] for GET '/session/5ad97dfb5cc8ee7bdc66ecb7503f8fc1/element/755A7524A69BA6EEB3A8EFDB3A26A04F_element_83/enabled'
13:09:14.623 [AsyncHttpClient-1-2] DEBUG org.asynchttpclient.netty.handler.HttpHandler - 

Request DefaultFullHttpRequest(decodeResult: success, version: HTTP/1.1, content: EmptyByteBufBE)
GET /session/5ad97dfb5cc8ee7bdc66ecb7503f8fc1/element/755A7524A69BA6EEB3A8EFDB3A26A04F_element_83/enabled HTTP/1.1
User-Agent: selenium/4.8.0 (java windows)
Cache-Control: no-cache
Content-Type: application/json; charset=utf-8
host: localhost:7138
accept: */*

Response DefaultHttpResponse(decodeResult: success, version: HTTP/1.1)
HTTP/1.1 200 OK
Content-Length: 14
Content-Type: application/json; charset=utf-8
cache-control: no-cache

13:09:14.624 [AsyncHttpClient-1-2] DEBUG org.asynchttpclient.netty.channel.ChannelManager - Adding key: http://localhost:7138 for channel [id: 0x4eddb369, L:/127.0.0.1:58747 - R:localhost/127.0.0.1:7138]
13:09:14.625 [Forwarding findChildElements on session 5ad97dfb5cc8ee7bdc66ecb7503f8fc1 to remote] DEBUG org.asynchttpclient.netty.request.NettyRequestSender - Using pooled Channel '[id: 0x4eddb369, L:/127.0.0.1:58747 - R:localhost/127.0.0.1:7138]' for 'POST' to 'http://localhost:7138/session/5ad97dfb5cc8ee7bdc66ecb7503f8fc1/element/755A7524A69BA6EEB3A8EFDB3A26A04F_element_83/elements'
13:09:14.625 [Forwarding findChildElements on session 5ad97dfb5cc8ee7bdc66ecb7503f8fc1 to remote] DEBUG org.asynchttpclient.netty.request.NettyRequestSender - Using open Channel [id: 0x4eddb369, L:/127.0.0.1:58747 - R:localhost/127.0.0.1:7138] for POST '/session/5ad97dfb5cc8ee7bdc66ecb7503f8fc1/element/755A7524A69BA6EEB3A8EFDB3A26A04F_element_83/elements'
13:09:14.632 [AsyncHttpClient-1-2] DEBUG org.asynchttpclient.netty.handler.HttpHandler - 

Request DefaultHttpRequest(decodeResult: success, version: HTTP/1.1)
POST /session/5ad97dfb5cc8ee7bdc66ecb7503f8fc1/element/755A7524A69BA6EEB3A8EFDB3A26A04F_element_83/elements HTTP/1.1
User-Agent: selenium/4.8.0 (java windows)
Content-Length: 145
Content-Type: application/json; charset=utf-8
host: localhost:7138
accept: */*

Response DefaultHttpResponse(decodeResult: success, version: HTTP/1.1)
HTTP/1.1 200 OK
Content-Length: 97
Content-Type: application/json; charset=utf-8
cache-control: no-cache

13:09:14.632 [AsyncHttpClient-1-2] DEBUG org.asynchttpclient.netty.channel.ChannelManager - Adding key: http://localhost:7138 for channel [id: 0x4eddb369, L:/127.0.0.1:58747 - R:localhost/127.0.0.1:7138]
13:09:14.633 [Forwarding isElementEnabled on session 5ad97dfb5cc8ee7bdc66ecb7503f8fc1 to remote] DEBUG org.asynchttpclient.netty.request.NettyRequestSender - Using pooled Channel '[id: 0x4eddb369, L:/127.0.0.1:58747 - R:localhost/127.0.0.1:7138]' for 'GET' to 'http://localhost:7138/session/5ad97dfb5cc8ee7bdc66ecb7503f8fc1/element/755A7524A69BA6EEB3A8EFDB3A26A04F_element_85/enabled'
13:09:14.633 [Forwarding isElementEnabled on session 5ad97dfb5cc8ee7bdc66ecb7503f8fc1 to remote] DEBUG org.asynchttpclient.netty.request.NettyRequestSender - Using open Channel [id: 0x4eddb369, L:/127.0.0.1:58747 - R:localhost/127.0.0.1:7138] for GET '/session/5ad97dfb5cc8ee7bdc66ecb7503f8fc1/element/755A7524A69BA6EEB3A8EFDB3A26A04F_element_85/enabled'
13:09:14.636 [AsyncHttpClient-1-2] DEBUG org.asynchttpclient.netty.handler.HttpHandler - 

Request DefaultFullHttpRequest(decodeResult: success, version: HTTP/1.1, content: EmptyByteBufBE)
GET /session/5ad97dfb5cc8ee7bdc66ecb7503f8fc1/element/755A7524A69BA6EEB3A8EFDB3A26A04F_element_85/enabled HTTP/1.1
User-Agent: selenium/4.8.0 (java windows)
Cache-Control: no-cache
Content-Type: application/json; charset=utf-8
host: localhost:7138
accept: */*

Response DefaultHttpResponse(decodeResult: success, version: HTTP/1.1)
HTTP/1.1 200 OK
Content-Length: 14
Content-Type: application/json; charset=utf-8
cache-control: no-cache

13:09:14.636 [AsyncHttpClient-1-2] DEBUG org.asynchttpclient.netty.channel.ChannelManager - Adding key: http://localhost:7138 for channel [id: 0x4eddb369, L:/127.0.0.1:58747 - R:localhost/127.0.0.1:7138]
13:09:14.636 [Forwarding isElementSelected on session 5ad97dfb5cc8ee7bdc66ecb7503f8fc1 to remote] DEBUG org.asynchttpclient.netty.request.NettyRequestSender - Using pooled Channel '[id: 0x4eddb369, L:/127.0.0.1:58747 - R:localhost/127.0.0.1:7138]' for 'GET' to 'http://localhost:7138/session/5ad97dfb5cc8ee7bdc66ecb7503f8fc1/element/755A7524A69BA6EEB3A8EFDB3A26A04F_element_85/selected'
13:09:14.636 [Forwarding isElementSelected on session 5ad97dfb5cc8ee7bdc66ecb7503f8fc1 to remote] DEBUG org.asynchttpclient.netty.request.NettyRequestSender - Using open Channel [id: 0x4eddb369, L:/127.0.0.1:58747 - R:localhost/127.0.0.1:7138] for GET '/session/5ad97dfb5cc8ee7bdc66ecb7503f8fc1/element/755A7524A69BA6EEB3A8EFDB3A26A04F_element_85/selected'
13:09:14.640 [AsyncHttpClient-1-2] DEBUG org.asynchttpclient.netty.handler.HttpHandler - 

Request DefaultFullHttpRequest(decodeResult: success, version: HTTP/1.1, content: EmptyByteBufBE)
GET /session/5ad97dfb5cc8ee7bdc66ecb7503f8fc1/element/755A7524A69BA6EEB3A8EFDB3A26A04F_element_85/selected HTTP/1.1
User-Agent: selenium/4.8.0 (java windows)
Cache-Control: no-cache
Content-Type: application/json; charset=utf-8
host: localhost:7138
accept: */*

Response DefaultHttpResponse(decodeResult: success, version: HTTP/1.1)
HTTP/1.1 200 OK
Content-Length: 15
Content-Type: application/json; charset=utf-8
cache-control: no-cache

13:09:14.640 [AsyncHttpClient-1-2] DEBUG org.asynchttpclient.netty.channel.ChannelManager - Adding key: http://localhost:7138 for channel [id: 0x4eddb369, L:/127.0.0.1:58747 - R:localhost/127.0.0.1:7138]
13:09:14.641 [Forwarding clickElement on session 5ad97dfb5cc8ee7bdc66ecb7503f8fc1 to remote] DEBUG org.asynchttpclient.netty.request.NettyRequestSender - Using pooled Channel '[id: 0x4eddb369, L:/127.0.0.1:58747 - R:localhost/127.0.0.1:7138]' for 'POST' to 'http://localhost:7138/session/5ad97dfb5cc8ee7bdc66ecb7503f8fc1/element/755A7524A69BA6EEB3A8EFDB3A26A04F_element_85/click'
13:09:14.641 [Forwarding clickElement on session 5ad97dfb5cc8ee7bdc66ecb7503f8fc1 to remote] DEBUG org.asynchttpclient.netty.request.NettyRequestSender - Using open Channel [id: 0x4eddb369, L:/127.0.0.1:58747 - R:localhost/127.0.0.1:7138] for POST '/session/5ad97dfb5cc8ee7bdc66ecb7503f8fc1/element/755A7524A69BA6EEB3A8EFDB3A26A04F_element_85/click'
13:09:14.658 [AsyncHttpClient-1-2] DEBUG org.asynchttpclient.netty.handler.HttpHandler - 

Request DefaultHttpRequest(decodeResult: success, version: HTTP/1.1)
POST /session/5ad97dfb5cc8ee7bdc66ecb7503f8fc1/element/755A7524A69BA6EEB3A8EFDB3A26A04F_element_85/click HTTP/1.1
User-Agent: selenium/4.8.0 (java windows)
Content-Length: 57
Content-Type: application/json; charset=utf-8
host: localhost:7138
accept: */*

Response DefaultHttpResponse(decodeResult: success, version: HTTP/1.1)
HTTP/1.1 200 OK
Content-Length: 14
Content-Type: application/json; charset=utf-8
cache-control: no-cache

13:09:14.658 [AsyncHttpClient-1-2] DEBUG org.asynchttpclient.netty.channel.ChannelManager - Adding key: http://localhost:7138 for channel [id: 0x4eddb369, L:/127.0.0.1:58747 - R:localhost/127.0.0.1:7138]
13:09:14.663 [Forwarding getAlertText on session 5ad97dfb5cc8ee7bdc66ecb7503f8fc1 to remote] DEBUG org.asynchttpclient.netty.request.NettyRequestSender - Using pooled Channel '[id: 0x4eddb369, L:/127.0.0.1:58747 - R:localhost/127.0.0.1:7138]' for 'GET' to 'http://localhost:7138/session/5ad97dfb5cc8ee7bdc66ecb7503f8fc1/alert/text'
13:09:14.663 [Forwarding getAlertText on session 5ad97dfb5cc8ee7bdc66ecb7503f8fc1 to remote] DEBUG org.asynchttpclient.netty.request.NettyRequestSender - Using open Channel [id: 0x4eddb369, L:/127.0.0.1:58747 - R:localhost/127.0.0.1:7138] for GET '/session/5ad97dfb5cc8ee7bdc66ecb7503f8fc1/alert/text'
13:09:14.664 [AsyncHttpClient-1-2] DEBUG org.asynchttpclient.netty.handler.HttpHandler - 

Request DefaultFullHttpRequest(decodeResult: success, version: HTTP/1.1, content: EmptyByteBufBE)
GET /session/5ad97dfb5cc8ee7bdc66ecb7503f8fc1/alert/text HTTP/1.1
User-Agent: selenium/4.8.0 (java windows)
Cache-Control: no-cache
Content-Type: application/json; charset=utf-8
host: localhost:7138
accept: */*

Response DefaultHttpResponse(decodeResult: success, version: HTTP/1.1)
HTTP/1.1 404 Not Found
Content-Length: 820
Content-Type: application/json; charset=utf-8
cache-control: no-cache

13:09:14.664 [AsyncHttpClient-1-2] DEBUG org.asynchttpclient.netty.channel.ChannelManager - Adding key: http://localhost:7138 for channel [id: 0x4eddb369, L:/127.0.0.1:58747 - R:localhost/127.0.0.1:7138]
13:09:14.665 [Forwarding getCurrentUrl on session 5ad97dfb5cc8ee7bdc66ecb7503f8fc1 to remote] DEBUG org.asynchttpclient.netty.request.NettyRequestSender - Using pooled Channel '[id: 0x4eddb369, L:/127.0.0.1:58747 - R:localhost/127.0.0.1:7138]' for 'GET' to 'http://localhost:7138/session/5ad97dfb5cc8ee7bdc66ecb7503f8fc1/url'
13:09:14.665 [Forwarding getCurrentUrl on session 5ad97dfb5cc8ee7bdc66ecb7503f8fc1 to remote] DEBUG org.asynchttpclient.netty.request.NettyRequestSender - Using open Channel [id: 0x4eddb369, L:/127.0.0.1:58747 - R:localhost/127.0.0.1:7138] for GET '/session/5ad97dfb5cc8ee7bdc66ecb7503f8fc1/url'
13:09:14.667 [AsyncHttpClient-1-2] DEBUG org.asynchttpclient.netty.handler.HttpHandler - 

Request DefaultFullHttpRequest(decodeResult: success, version: HTTP/1.1, content: EmptyByteBufBE)
GET /session/5ad97dfb5cc8ee7bdc66ecb7503f8fc1/url HTTP/1.1
User-Agent: selenium/4.8.0 (java windows)
Cache-Control: no-cache
Content-Type: application/json; charset=utf-8
host: localhost:7138
accept: */*

Response DefaultHttpResponse(decodeResult: success, version: HTTP/1.1)
HTTP/1.1 200 OK
Content-Length: 75
Content-Type: application/json; charset=utf-8
cache-control: no-cache

13:09:14.667 [AsyncHttpClient-1-2] DEBUG org.asynchttpclient.netty.channel.ChannelManager - Adding key: http://localhost:7138 for channel [id: 0x4eddb369, L:/127.0.0.1:58747 - R:localhost/127.0.0.1:7138]
13:09:14.667 [Forwarding screenshot on session 5ad97dfb5cc8ee7bdc66ecb7503f8fc1 to remote] DEBUG org.asynchttpclient.netty.request.NettyRequestSender - Using pooled Channel '[id: 0x4eddb369, L:/127.0.0.1:58747 - R:localhost/127.0.0.1:7138]' for 'GET' to 'http://localhost:7138/session/5ad97dfb5cc8ee7bdc66ecb7503f8fc1/screenshot'
13:09:14.667 [Forwarding screenshot on session 5ad97dfb5cc8ee7bdc66ecb7503f8fc1 to remote] DEBUG org.asynchttpclient.netty.request.NettyRequestSender - Using open Channel [id: 0x4eddb369, L:/127.0.0.1:58747 - R:localhost/127.0.0.1:7138] for GET '/session/5ad97dfb5cc8ee7bdc66ecb7503f8fc1/screenshot'
13:09:14.764 [AsyncHttpClient-1-2] DEBUG org.asynchttpclient.netty.handler.HttpHandler - 

Request DefaultFullHttpRequest(decodeResult: success, version: HTTP/1.1, content: EmptyByteBufBE)
GET /session/5ad97dfb5cc8ee7bdc66ecb7503f8fc1/screenshot HTTP/1.1
User-Agent: selenium/4.8.0 (java windows)
Cache-Control: no-cache
Content-Type: application/json; charset=utf-8
host: localhost:7138
accept: */*

Response DefaultHttpResponse(decodeResult: success, version: HTTP/1.1)
HTTP/1.1 200 OK
Content-Length: 105656
Content-Type: application/json; charset=utf-8
cache-control: no-cache

13:09:14.765 [AsyncHttpClient-1-2] DEBUG org.asynchttpclient.netty.channel.ChannelManager - Adding key: http://localhost:7138 for channel [id: 0x4eddb369, L:/127.0.0.1:58747 - R:localhost/127.0.0.1:7138]
13:09:14.767 [main] DEBUG net.serenitybdd.core.photography.Darkroom - Send negative for processing for target\site\serenity\43faed8d7a30e52c8862a7f5e3cad03d9b771cefb75e4d2528639657cbc2b1cf.png
13:09:14.767 [Darkroom Processing Line] DEBUG net.serenitybdd.core.photography.DarkroomProcessingLine - Processing screenshot image in /var/screenshots/screenshot-6457363507725240984
13:09:14.767 [Darkroom Processing Line] DEBUG net.serenitybdd.core.photography.DarkroomProcessingLine - Saving screenshot to target\site\serenity\43faed8d7a30e52c8862a7f5e3cad03d9b771cefb75e4d2528639657cbc2b1cf.png
13:09:14.968 [main] DEBUG net.thucydides.core.steps.StepInterceptor - STEP DONE: {0} selects #selectedOptions
13:09:14.972 [Forwarding getAlertText on session 5ad97dfb5cc8ee7bdc66ecb7503f8fc1 to remote] DEBUG org.asynchttpclient.netty.request.NettyRequestSender - Using pooled Channel '[id: 0x4eddb369, L:/127.0.0.1:58747 - R:localhost/127.0.0.1:7138]' for 'GET' to 'http://localhost:7138/session/5ad97dfb5cc8ee7bdc66ecb7503f8fc1/alert/text'
13:09:14.972 [Forwarding getAlertText on session 5ad97dfb5cc8ee7bdc66ecb7503f8fc1 to remote] DEBUG org.asynchttpclient.netty.request.NettyRequestSender - Using open Channel [id: 0x4eddb369, L:/127.0.0.1:58747 - R:localhost/127.0.0.1:7138] for GET '/session/5ad97dfb5cc8ee7bdc66ecb7503f8fc1/alert/text'
13:09:14.973 [AsyncHttpClient-1-2] DEBUG org.asynchttpclient.netty.handler.HttpHandler - 

Request DefaultFullHttpRequest(decodeResult: success, version: HTTP/1.1, content: EmptyByteBufBE)
GET /session/5ad97dfb5cc8ee7bdc66ecb7503f8fc1/alert/text HTTP/1.1
User-Agent: selenium/4.8.0 (java windows)
Cache-Control: no-cache
Content-Type: application/json; charset=utf-8
host: localhost:7138
accept: */*

Response DefaultHttpResponse(decodeResult: success, version: HTTP/1.1)
HTTP/1.1 404 Not Found
Content-Length: 820
Content-Type: application/json; charset=utf-8
cache-control: no-cache

13:09:14.973 [AsyncHttpClient-1-2] DEBUG org.asynchttpclient.netty.channel.ChannelManager - Adding key: http://localhost:7138 for channel [id: 0x4eddb369, L:/127.0.0.1:58747 - R:localhost/127.0.0.1:7138]
13:09:14.974 [Forwarding getCurrentUrl on session 5ad97dfb5cc8ee7bdc66ecb7503f8fc1 to remote] DEBUG org.asynchttpclient.netty.request.NettyRequestSender - Using pooled Channel '[id: 0x4eddb369, L:/127.0.0.1:58747 - R:localhost/127.0.0.1:7138]' for 'GET' to 'http://localhost:7138/session/5ad97dfb5cc8ee7bdc66ecb7503f8fc1/url'
13:09:14.974 [Forwarding getCurrentUrl on session 5ad97dfb5cc8ee7bdc66ecb7503f8fc1 to remote] DEBUG org.asynchttpclient.netty.request.NettyRequestSender - Using open Channel [id: 0x4eddb369, L:/127.0.0.1:58747 - R:localhost/127.0.0.1:7138] for GET '/session/5ad97dfb5cc8ee7bdc66ecb7503f8fc1/url'
13:09:14.978 [AsyncHttpClient-1-2] DEBUG org.asynchttpclient.netty.handler.HttpHandler - 

Request DefaultFullHttpRequest(decodeResult: success, version: HTTP/1.1, content: EmptyByteBufBE)
GET /session/5ad97dfb5cc8ee7bdc66ecb7503f8fc1/url HTTP/1.1
User-Agent: selenium/4.8.0 (java windows)
Cache-Control: no-cache
Content-Type: application/json; charset=utf-8
host: localhost:7138
accept: */*

Response DefaultHttpResponse(decodeResult: success, version: HTTP/1.1)
HTTP/1.1 200 OK
Content-Length: 75
Content-Type: application/json; charset=utf-8
cache-control: no-cache

13:09:14.978 [AsyncHttpClient-1-2] DEBUG org.asynchttpclient.netty.channel.ChannelManager - Adding key: http://localhost:7138 for channel [id: 0x4eddb369, L:/127.0.0.1:58747 - R:localhost/127.0.0.1:7138]
13:09:14.978 [Forwarding screenshot on session 5ad97dfb5cc8ee7bdc66ecb7503f8fc1 to remote] DEBUG org.asynchttpclient.netty.request.NettyRequestSender - Using pooled Channel '[id: 0x4eddb369, L:/127.0.0.1:58747 - R:localhost/127.0.0.1:7138]' for 'GET' to 'http://localhost:7138/session/5ad97dfb5cc8ee7bdc66ecb7503f8fc1/screenshot'
13:09:14.978 [Forwarding screenshot on session 5ad97dfb5cc8ee7bdc66ecb7503f8fc1 to remote] DEBUG org.asynchttpclient.netty.request.NettyRequestSender - Using open Channel [id: 0x4eddb369, L:/127.0.0.1:58747 - R:localhost/127.0.0.1:7138] for GET '/session/5ad97dfb5cc8ee7bdc66ecb7503f8fc1/screenshot'
13:09:15.056 [AsyncHttpClient-1-2] DEBUG org.asynchttpclient.netty.handler.HttpHandler - 

Request DefaultFullHttpRequest(decodeResult: success, version: HTTP/1.1, content: EmptyByteBufBE)
GET /session/5ad97dfb5cc8ee7bdc66ecb7503f8fc1/screenshot HTTP/1.1
User-Agent: selenium/4.8.0 (java windows)
Cache-Control: no-cache
Content-Type: application/json; charset=utf-8
host: localhost:7138
accept: */*

Response DefaultHttpResponse(decodeResult: success, version: HTTP/1.1)
HTTP/1.1 200 OK
Content-Length: 103956
Content-Type: application/json; charset=utf-8
cache-control: no-cache

13:09:15.056 [AsyncHttpClient-1-2] DEBUG org.asynchttpclient.netty.channel.ChannelManager - Adding key: http://localhost:7138 for channel [id: 0x4eddb369, L:/127.0.0.1:58747 - R:localhost/127.0.0.1:7138]
13:09:15.059 [main] DEBUG net.serenitybdd.core.photography.Darkroom - Send negative for processing for target\site\serenity\c0c743c7317e209b83032966c02e4c2decd24f1082374515f1321baf395b4ff6.png
13:09:15.059 [Darkroom Processing Line] DEBUG net.serenitybdd.core.photography.DarkroomProcessingLine - Processing screenshot image in /var/screenshots/screenshot-8241085841684497199
13:09:15.059 [Darkroom Processing Line] DEBUG net.serenitybdd.core.photography.DarkroomProcessingLine - Saving screenshot to target\site\serenity\c0c743c7317e209b83032966c02e4c2decd24f1082374515f1321baf395b4ff6.png
13:09:15.060 [Forwarding getPageSource on session 5ad97dfb5cc8ee7bdc66ecb7503f8fc1 to remote] DEBUG org.asynchttpclient.netty.request.NettyRequestSender - Using pooled Channel '[id: 0x4eddb369, L:/127.0.0.1:58747 - R:localhost/127.0.0.1:7138]' for 'POST' to 'http://localhost:7138/session/5ad97dfb5cc8ee7bdc66ecb7503f8fc1/execute/sync'
13:09:15.060 [Forwarding getPageSource on session 5ad97dfb5cc8ee7bdc66ecb7503f8fc1 to remote] DEBUG org.asynchttpclient.netty.request.NettyRequestSender - Using open Channel [id: 0x4eddb369, L:/127.0.0.1:58747 - R:localhost/127.0.0.1:7138] for POST '/session/5ad97dfb5cc8ee7bdc66ecb7503f8fc1/execute/sync'
13:09:15.068 [AsyncHttpClient-1-2] DEBUG org.asynchttpclient.netty.handler.HttpHandler - 

Request DefaultHttpRequest(decodeResult: success, version: HTTP/1.1)
POST /session/5ad97dfb5cc8ee7bdc66ecb7503f8fc1/execute/sync HTTP/1.1
User-Agent: selenium/4.8.0 (java windows)
Content-Length: 176
Content-Type: application/json; charset=utf-8
host: localhost:7138
accept: */*

Response DefaultHttpResponse(decodeResult: success, version: HTTP/1.1)
HTTP/1.1 200 OK
Content-Length: 104890
Content-Type: application/json; charset=utf-8
cache-control: no-cache

13:09:15.068 [AsyncHttpClient-1-2] DEBUG org.asynchttpclient.netty.channel.ChannelManager - Adding key: http://localhost:7138 for channel [id: 0x4eddb369, L:/127.0.0.1:58747 - R:localhost/127.0.0.1:7138]
13:09:15.073 [Forwarding getCurrentUrl on session 5ad97dfb5cc8ee7bdc66ecb7503f8fc1 to remote] DEBUG org.asynchttpclient.netty.request.NettyRequestSender - Using pooled Channel '[id: 0x4eddb369, L:/127.0.0.1:58747 - R:localhost/127.0.0.1:7138]' for 'GET' to 'http://localhost:7138/session/5ad97dfb5cc8ee7bdc66ecb7503f8fc1/url'
13:09:15.073 [Forwarding getCurrentUrl on session 5ad97dfb5cc8ee7bdc66ecb7503f8fc1 to remote] DEBUG org.asynchttpclient.netty.request.NettyRequestSender - Using open Channel [id: 0x4eddb369, L:/127.0.0.1:58747 - R:localhost/127.0.0.1:7138] for GET '/session/5ad97dfb5cc8ee7bdc66ecb7503f8fc1/url'
13:09:15.075 [AsyncHttpClient-1-2] DEBUG org.asynchttpclient.netty.handler.HttpHandler - 

Request DefaultFullHttpRequest(decodeResult: success, version: HTTP/1.1, content: EmptyByteBufBE)
GET /session/5ad97dfb5cc8ee7bdc66ecb7503f8fc1/url HTTP/1.1
User-Agent: selenium/4.8.0 (java windows)
Cache-Control: no-cache
Content-Type: application/json; charset=utf-8
host: localhost:7138
accept: */*

Response DefaultHttpResponse(decodeResult: success, version: HTTP/1.1)
HTTP/1.1 200 OK
Content-Length: 75
Content-Type: application/json; charset=utf-8
cache-control: no-cache

13:09:15.075 [AsyncHttpClient-1-2] DEBUG org.asynchttpclient.netty.channel.ChannelManager - Adding key: http://localhost:7138 for channel [id: 0x4eddb369, L:/127.0.0.1:58747 - R:localhost/127.0.0.1:7138]
13:09:15.077 [main] DEBUG net.thucydides.core.steps.StepInterceptor - STARTING STEP: OpenCartStepDefinition.fillCheckoutForm - {0} clicks on #locators
13:09:15.078 [Forwarding findElement on session 5ad97dfb5cc8ee7bdc66ecb7503f8fc1 to remote] DEBUG org.asynchttpclient.netty.request.NettyRequestSender - Using pooled Channel '[id: 0x4eddb369, L:/127.0.0.1:58747 - R:localhost/127.0.0.1:7138]' for 'POST' to 'http://localhost:7138/session/5ad97dfb5cc8ee7bdc66ecb7503f8fc1/element'
13:09:15.079 [Forwarding findElement on session 5ad97dfb5cc8ee7bdc66ecb7503f8fc1 to remote] DEBUG org.asynchttpclient.netty.request.NettyRequestSender - Using open Channel [id: 0x4eddb369, L:/127.0.0.1:58747 - R:localhost/127.0.0.1:7138] for POST '/session/5ad97dfb5cc8ee7bdc66ecb7503f8fc1/element'
13:09:15.084 [AsyncHttpClient-1-2] DEBUG org.asynchttpclient.netty.handler.HttpHandler - 

Request DefaultHttpRequest(decodeResult: success, version: HTTP/1.1)
POST /session/5ad97dfb5cc8ee7bdc66ecb7503f8fc1/element HTTP/1.1
User-Agent: selenium/4.8.0 (java windows)
Content-Length: 81
Content-Type: application/json; charset=utf-8
host: localhost:7138
accept: */*

Response DefaultHttpResponse(decodeResult: success, version: HTTP/1.1)
HTTP/1.1 200 OK
Content-Length: 95
Content-Type: application/json; charset=utf-8
cache-control: no-cache

13:09:15.084 [AsyncHttpClient-1-2] DEBUG org.asynchttpclient.netty.channel.ChannelManager - Adding key: http://localhost:7138 for channel [id: 0x4eddb369, L:/127.0.0.1:58747 - R:localhost/127.0.0.1:7138]
13:09:15.086 [Forwarding isElementDisplayed on session 5ad97dfb5cc8ee7bdc66ecb7503f8fc1 to remote] DEBUG org.asynchttpclient.netty.request.NettyRequestSender - Using pooled Channel '[id: 0x4eddb369, L:/127.0.0.1:58747 - R:localhost/127.0.0.1:7138]' for 'POST' to 'http://localhost:7138/session/5ad97dfb5cc8ee7bdc66ecb7503f8fc1/execute/sync'
13:09:15.086 [Forwarding isElementDisplayed on session 5ad97dfb5cc8ee7bdc66ecb7503f8fc1 to remote] DEBUG org.asynchttpclient.netty.request.NettyRequestSender - Using open Channel [id: 0x4eddb369, L:/127.0.0.1:58747 - R:localhost/127.0.0.1:7138] for POST '/session/5ad97dfb5cc8ee7bdc66ecb7503f8fc1/execute/sync'
13:09:15.091 [AsyncHttpClient-1-2] DEBUG org.asynchttpclient.netty.handler.HttpHandler - 

Request DefaultHttpRequest(decodeResult: success, version: HTTP/1.1)
POST /session/5ad97dfb5cc8ee7bdc66ecb7503f8fc1/execute/sync HTTP/1.1
User-Agent: selenium/4.8.0 (java windows)
Content-Length: 48814
Content-Type: application/json; charset=utf-8
host: localhost:7138
accept: */*

Response DefaultHttpResponse(decodeResult: success, version: HTTP/1.1)
HTTP/1.1 200 OK
Content-Length: 14
Content-Type: application/json; charset=utf-8
cache-control: no-cache

13:09:15.091 [AsyncHttpClient-1-2] DEBUG org.asynchttpclient.netty.channel.ChannelManager - Adding key: http://localhost:7138 for channel [id: 0x4eddb369, L:/127.0.0.1:58747 - R:localhost/127.0.0.1:7138]
13:09:15.094 [Forwarding isElementDisplayed on session 5ad97dfb5cc8ee7bdc66ecb7503f8fc1 to remote] DEBUG org.asynchttpclient.netty.request.NettyRequestSender - Using pooled Channel '[id: 0x4eddb369, L:/127.0.0.1:58747 - R:localhost/127.0.0.1:7138]' for 'POST' to 'http://localhost:7138/session/5ad97dfb5cc8ee7bdc66ecb7503f8fc1/execute/sync'
13:09:15.094 [Forwarding isElementDisplayed on session 5ad97dfb5cc8ee7bdc66ecb7503f8fc1 to remote] DEBUG org.asynchttpclient.netty.request.NettyRequestSender - Using open Channel [id: 0x4eddb369, L:/127.0.0.1:58747 - R:localhost/127.0.0.1:7138] for POST '/session/5ad97dfb5cc8ee7bdc66ecb7503f8fc1/execute/sync'
13:09:15.098 [AsyncHttpClient-1-2] DEBUG org.asynchttpclient.netty.handler.HttpHandler - 

Request DefaultHttpRequest(decodeResult: success, version: HTTP/1.1)
POST /session/5ad97dfb5cc8ee7bdc66ecb7503f8fc1/execute/sync HTTP/1.1
User-Agent: selenium/4.8.0 (java windows)
Content-Length: 48814
Content-Type: application/json; charset=utf-8
host: localhost:7138
accept: */*

Response DefaultHttpResponse(decodeResult: success, version: HTTP/1.1)
HTTP/1.1 200 OK
Content-Length: 14
Content-Type: application/json; charset=utf-8
cache-control: no-cache

13:09:15.098 [AsyncHttpClient-1-2] DEBUG org.asynchttpclient.netty.channel.ChannelManager - Adding key: http://localhost:7138 for channel [id: 0x4eddb369, L:/127.0.0.1:58747 - R:localhost/127.0.0.1:7138]
13:09:15.099 [Forwarding clickElement on session 5ad97dfb5cc8ee7bdc66ecb7503f8fc1 to remote] DEBUG org.asynchttpclient.netty.request.NettyRequestSender - Using pooled Channel '[id: 0x4eddb369, L:/127.0.0.1:58747 - R:localhost/127.0.0.1:7138]' for 'POST' to 'http://localhost:7138/session/5ad97dfb5cc8ee7bdc66ecb7503f8fc1/element/755A7524A69BA6EEB3A8EFDB3A26A04F_element_86/click'
13:09:15.099 [Forwarding clickElement on session 5ad97dfb5cc8ee7bdc66ecb7503f8fc1 to remote] DEBUG org.asynchttpclient.netty.request.NettyRequestSender - Using open Channel [id: 0x4eddb369, L:/127.0.0.1:58747 - R:localhost/127.0.0.1:7138] for POST '/session/5ad97dfb5cc8ee7bdc66ecb7503f8fc1/element/755A7524A69BA6EEB3A8EFDB3A26A04F_element_86/click'
13:09:15.131 [AsyncHttpClient-1-2] DEBUG org.asynchttpclient.netty.handler.HttpHandler - 

Request DefaultHttpRequest(decodeResult: success, version: HTTP/1.1)
POST /session/5ad97dfb5cc8ee7bdc66ecb7503f8fc1/element/755A7524A69BA6EEB3A8EFDB3A26A04F_element_86/click HTTP/1.1
User-Agent: selenium/4.8.0 (java windows)
Content-Length: 57
Content-Type: application/json; charset=utf-8
host: localhost:7138
accept: */*

Response DefaultHttpResponse(decodeResult: success, version: HTTP/1.1)
HTTP/1.1 200 OK
Content-Length: 14
Content-Type: application/json; charset=utf-8
cache-control: no-cache

13:09:15.131 [AsyncHttpClient-1-2] DEBUG org.asynchttpclient.netty.channel.ChannelManager - Adding key: http://localhost:7138 for channel [id: 0x4eddb369, L:/127.0.0.1:58747 - R:localhost/127.0.0.1:7138]
13:09:15.136 [Forwarding getAlertText on session 5ad97dfb5cc8ee7bdc66ecb7503f8fc1 to remote] DEBUG org.asynchttpclient.netty.request.NettyRequestSender - Using pooled Channel '[id: 0x4eddb369, L:/127.0.0.1:58747 - R:localhost/127.0.0.1:7138]' for 'GET' to 'http://localhost:7138/session/5ad97dfb5cc8ee7bdc66ecb7503f8fc1/alert/text'
13:09:15.136 [Forwarding getAlertText on session 5ad97dfb5cc8ee7bdc66ecb7503f8fc1 to remote] DEBUG org.asynchttpclient.netty.request.NettyRequestSender - Using open Channel [id: 0x4eddb369, L:/127.0.0.1:58747 - R:localhost/127.0.0.1:7138] for GET '/session/5ad97dfb5cc8ee7bdc66ecb7503f8fc1/alert/text'
13:09:15.138 [AsyncHttpClient-1-2] DEBUG org.asynchttpclient.netty.handler.HttpHandler - 

Request DefaultFullHttpRequest(decodeResult: success, version: HTTP/1.1, content: EmptyByteBufBE)
GET /session/5ad97dfb5cc8ee7bdc66ecb7503f8fc1/alert/text HTTP/1.1
User-Agent: selenium/4.8.0 (java windows)
Cache-Control: no-cache
Content-Type: application/json; charset=utf-8
host: localhost:7138
accept: */*

Response DefaultHttpResponse(decodeResult: success, version: HTTP/1.1)
HTTP/1.1 404 Not Found
Content-Length: 820
Content-Type: application/json; charset=utf-8
cache-control: no-cache

13:09:15.138 [AsyncHttpClient-1-2] DEBUG org.asynchttpclient.netty.channel.ChannelManager - Adding key: http://localhost:7138 for channel [id: 0x4eddb369, L:/127.0.0.1:58747 - R:localhost/127.0.0.1:7138]
13:09:15.139 [Forwarding getCurrentUrl on session 5ad97dfb5cc8ee7bdc66ecb7503f8fc1 to remote] DEBUG org.asynchttpclient.netty.request.NettyRequestSender - Using pooled Channel '[id: 0x4eddb369, L:/127.0.0.1:58747 - R:localhost/127.0.0.1:7138]' for 'GET' to 'http://localhost:7138/session/5ad97dfb5cc8ee7bdc66ecb7503f8fc1/url'
13:09:15.139 [Forwarding getCurrentUrl on session 5ad97dfb5cc8ee7bdc66ecb7503f8fc1 to remote] DEBUG org.asynchttpclient.netty.request.NettyRequestSender - Using open Channel [id: 0x4eddb369, L:/127.0.0.1:58747 - R:localhost/127.0.0.1:7138] for GET '/session/5ad97dfb5cc8ee7bdc66ecb7503f8fc1/url'
13:09:15.141 [AsyncHttpClient-1-2] DEBUG org.asynchttpclient.netty.handler.HttpHandler - 

Request DefaultFullHttpRequest(decodeResult: success, version: HTTP/1.1, content: EmptyByteBufBE)
GET /session/5ad97dfb5cc8ee7bdc66ecb7503f8fc1/url HTTP/1.1
User-Agent: selenium/4.8.0 (java windows)
Cache-Control: no-cache
Content-Type: application/json; charset=utf-8
host: localhost:7138
accept: */*

Response DefaultHttpResponse(decodeResult: success, version: HTTP/1.1)
HTTP/1.1 200 OK
Content-Length: 75
Content-Type: application/json; charset=utf-8
cache-control: no-cache

13:09:15.141 [AsyncHttpClient-1-2] DEBUG org.asynchttpclient.netty.channel.ChannelManager - Adding key: http://localhost:7138 for channel [id: 0x4eddb369, L:/127.0.0.1:58747 - R:localhost/127.0.0.1:7138]
13:09:15.141 [Forwarding screenshot on session 5ad97dfb5cc8ee7bdc66ecb7503f8fc1 to remote] DEBUG org.asynchttpclient.netty.request.NettyRequestSender - Using pooled Channel '[id: 0x4eddb369, L:/127.0.0.1:58747 - R:localhost/127.0.0.1:7138]' for 'GET' to 'http://localhost:7138/session/5ad97dfb5cc8ee7bdc66ecb7503f8fc1/screenshot'
13:09:15.141 [Forwarding screenshot on session 5ad97dfb5cc8ee7bdc66ecb7503f8fc1 to remote] DEBUG org.asynchttpclient.netty.request.NettyRequestSender - Using open Channel [id: 0x4eddb369, L:/127.0.0.1:58747 - R:localhost/127.0.0.1:7138] for GET '/session/5ad97dfb5cc8ee7bdc66ecb7503f8fc1/screenshot'
13:09:15.249 [AsyncHttpClient-1-2] DEBUG org.asynchttpclient.netty.handler.HttpHandler - 

Request DefaultFullHttpRequest(decodeResult: success, version: HTTP/1.1, content: EmptyByteBufBE)
GET /session/5ad97dfb5cc8ee7bdc66ecb7503f8fc1/screenshot HTTP/1.1
User-Agent: selenium/4.8.0 (java windows)
Cache-Control: no-cache
Content-Type: application/json; charset=utf-8
host: localhost:7138
accept: */*

Response DefaultHttpResponse(decodeResult: success, version: HTTP/1.1)
HTTP/1.1 200 OK
Content-Length: 100528
Content-Type: application/json; charset=utf-8
cache-control: no-cache

13:09:15.250 [AsyncHttpClient-1-2] DEBUG org.asynchttpclient.netty.channel.ChannelManager - Adding key: http://localhost:7138 for channel [id: 0x4eddb369, L:/127.0.0.1:58747 - R:localhost/127.0.0.1:7138]
13:09:15.253 [main] DEBUG net.serenitybdd.core.photography.Darkroom - Send negative for processing for target\site\serenity\f035bbf28fa4bc10352f8097a2815bf2fa4514fa00aac9120d9a0aa3e0b1f0ab.png
13:09:15.253 [Darkroom Processing Line] DEBUG net.serenitybdd.core.photography.DarkroomProcessingLine - Processing screenshot image in /var/screenshots/screenshot-4307549819708136351
13:09:15.253 [Darkroom Processing Line] DEBUG net.serenitybdd.core.photography.DarkroomProcessingLine - Saving screenshot to target\site\serenity\f035bbf28fa4bc10352f8097a2815bf2fa4514fa00aac9120d9a0aa3e0b1f0ab.png
13:09:15.453 [main] DEBUG net.thucydides.core.steps.StepInterceptor - STEP DONE: {0} clicks on #locators
13:09:15.459 [Forwarding getAlertText on session 5ad97dfb5cc8ee7bdc66ecb7503f8fc1 to remote] DEBUG org.asynchttpclient.netty.request.NettyRequestSender - Using pooled Channel '[id: 0x4eddb369, L:/127.0.0.1:58747 - R:localhost/127.0.0.1:7138]' for 'GET' to 'http://localhost:7138/session/5ad97dfb5cc8ee7bdc66ecb7503f8fc1/alert/text'
13:09:15.459 [Forwarding getAlertText on session 5ad97dfb5cc8ee7bdc66ecb7503f8fc1 to remote] DEBUG org.asynchttpclient.netty.request.NettyRequestSender - Using open Channel [id: 0x4eddb369, L:/127.0.0.1:58747 - R:localhost/127.0.0.1:7138] for GET '/session/5ad97dfb5cc8ee7bdc66ecb7503f8fc1/alert/text'
13:09:15.460 [AsyncHttpClient-1-2] DEBUG org.asynchttpclient.netty.handler.HttpHandler - 

Request DefaultFullHttpRequest(decodeResult: success, version: HTTP/1.1, content: EmptyByteBufBE)
GET /session/5ad97dfb5cc8ee7bdc66ecb7503f8fc1/alert/text HTTP/1.1
User-Agent: selenium/4.8.0 (java windows)
Cache-Control: no-cache
Content-Type: application/json; charset=utf-8
host: localhost:7138
accept: */*

Response DefaultHttpResponse(decodeResult: success, version: HTTP/1.1)
HTTP/1.1 404 Not Found
Content-Length: 820
Content-Type: application/json; charset=utf-8
cache-control: no-cache

13:09:15.460 [AsyncHttpClient-1-2] DEBUG org.asynchttpclient.netty.channel.ChannelManager - Adding key: http://localhost:7138 for channel [id: 0x4eddb369, L:/127.0.0.1:58747 - R:localhost/127.0.0.1:7138]
13:09:15.461 [Forwarding getCurrentUrl on session 5ad97dfb5cc8ee7bdc66ecb7503f8fc1 to remote] DEBUG org.asynchttpclient.netty.request.NettyRequestSender - Using pooled Channel '[id: 0x4eddb369, L:/127.0.0.1:58747 - R:localhost/127.0.0.1:7138]' for 'GET' to 'http://localhost:7138/session/5ad97dfb5cc8ee7bdc66ecb7503f8fc1/url'
13:09:15.461 [Forwarding getCurrentUrl on session 5ad97dfb5cc8ee7bdc66ecb7503f8fc1 to remote] DEBUG org.asynchttpclient.netty.request.NettyRequestSender - Using open Channel [id: 0x4eddb369, L:/127.0.0.1:58747 - R:localhost/127.0.0.1:7138] for GET '/session/5ad97dfb5cc8ee7bdc66ecb7503f8fc1/url'
13:09:15.464 [AsyncHttpClient-1-2] DEBUG org.asynchttpclient.netty.handler.HttpHandler - 

Request DefaultFullHttpRequest(decodeResult: success, version: HTTP/1.1, content: EmptyByteBufBE)
GET /session/5ad97dfb5cc8ee7bdc66ecb7503f8fc1/url HTTP/1.1
User-Agent: selenium/4.8.0 (java windows)
Cache-Control: no-cache
Content-Type: application/json; charset=utf-8
host: localhost:7138
accept: */*

Response DefaultHttpResponse(decodeResult: success, version: HTTP/1.1)
HTTP/1.1 200 OK
Content-Length: 75
Content-Type: application/json; charset=utf-8
cache-control: no-cache

13:09:15.464 [AsyncHttpClient-1-2] DEBUG org.asynchttpclient.netty.channel.ChannelManager - Adding key: http://localhost:7138 for channel [id: 0x4eddb369, L:/127.0.0.1:58747 - R:localhost/127.0.0.1:7138]
13:09:15.464 [Forwarding screenshot on session 5ad97dfb5cc8ee7bdc66ecb7503f8fc1 to remote] DEBUG org.asynchttpclient.netty.request.NettyRequestSender - Using pooled Channel '[id: 0x4eddb369, L:/127.0.0.1:58747 - R:localhost/127.0.0.1:7138]' for 'GET' to 'http://localhost:7138/session/5ad97dfb5cc8ee7bdc66ecb7503f8fc1/screenshot'
13:09:15.464 [Forwarding screenshot on session 5ad97dfb5cc8ee7bdc66ecb7503f8fc1 to remote] DEBUG org.asynchttpclient.netty.request.NettyRequestSender - Using open Channel [id: 0x4eddb369, L:/127.0.0.1:58747 - R:localhost/127.0.0.1:7138] for GET '/session/5ad97dfb5cc8ee7bdc66ecb7503f8fc1/screenshot'
13:09:15.547 [AsyncHttpClient-1-1] DEBUG org.asynchttpclient.netty.channel.DefaultChannelPool - Entry count for : http://localhost:58748 : 1
13:09:15.550 [AsyncHttpClient-1-2] DEBUG org.asynchttpclient.netty.handler.HttpHandler - 

Request DefaultFullHttpRequest(decodeResult: success, version: HTTP/1.1, content: EmptyByteBufBE)
GET /session/5ad97dfb5cc8ee7bdc66ecb7503f8fc1/screenshot HTTP/1.1
User-Agent: selenium/4.8.0 (java windows)
Cache-Control: no-cache
Content-Type: application/json; charset=utf-8
host: localhost:7138
accept: */*

Response DefaultHttpResponse(decodeResult: success, version: HTTP/1.1)
HTTP/1.1 200 OK
Content-Length: 101316
Content-Type: application/json; charset=utf-8
cache-control: no-cache

13:09:15.550 [AsyncHttpClient-1-2] DEBUG org.asynchttpclient.netty.channel.ChannelManager - Adding key: http://localhost:7138 for channel [id: 0x4eddb369, L:/127.0.0.1:58747 - R:localhost/127.0.0.1:7138]
13:09:15.552 [main] DEBUG net.serenitybdd.core.photography.Darkroom - Send negative for processing for target\site\serenity\e5668659337548a03f9d4a3ae95dc623ccb97c465632f34f2364cf8b2ffb1518.png
13:09:15.553 [Darkroom Processing Line] DEBUG net.serenitybdd.core.photography.DarkroomProcessingLine - Processing screenshot image in /var/screenshots/screenshot-1239002277642744110
13:09:15.553 [Darkroom Processing Line] DEBUG net.serenitybdd.core.photography.DarkroomProcessingLine - Saving screenshot to target\site\serenity\e5668659337548a03f9d4a3ae95dc623ccb97c465632f34f2364cf8b2ffb1518.png
13:09:15.553 [Forwarding getPageSource on session 5ad97dfb5cc8ee7bdc66ecb7503f8fc1 to remote] DEBUG org.asynchttpclient.netty.request.NettyRequestSender - Using pooled Channel '[id: 0x4eddb369, L:/127.0.0.1:58747 - R:localhost/127.0.0.1:7138]' for 'POST' to 'http://localhost:7138/session/5ad97dfb5cc8ee7bdc66ecb7503f8fc1/execute/sync'
13:09:15.553 [Forwarding getPageSource on session 5ad97dfb5cc8ee7bdc66ecb7503f8fc1 to remote] DEBUG org.asynchttpclient.netty.request.NettyRequestSender - Using open Channel [id: 0x4eddb369, L:/127.0.0.1:58747 - R:localhost/127.0.0.1:7138] for POST '/session/5ad97dfb5cc8ee7bdc66ecb7503f8fc1/execute/sync'
13:09:15.561 [AsyncHttpClient-1-2] DEBUG org.asynchttpclient.netty.handler.HttpHandler - 

Request DefaultHttpRequest(decodeResult: success, version: HTTP/1.1)
POST /session/5ad97dfb5cc8ee7bdc66ecb7503f8fc1/execute/sync HTTP/1.1
User-Agent: selenium/4.8.0 (java windows)
Content-Length: 176
Content-Type: application/json; charset=utf-8
host: localhost:7138
accept: */*

Response DefaultHttpResponse(decodeResult: success, version: HTTP/1.1)
HTTP/1.1 200 OK
Content-Length: 100226
Content-Type: application/json; charset=utf-8
cache-control: no-cache

13:09:15.561 [AsyncHttpClient-1-2] DEBUG org.asynchttpclient.netty.channel.ChannelManager - Adding key: http://localhost:7138 for channel [id: 0x4eddb369, L:/127.0.0.1:58747 - R:localhost/127.0.0.1:7138]
13:09:15.565 [Forwarding getCurrentUrl on session 5ad97dfb5cc8ee7bdc66ecb7503f8fc1 to remote] DEBUG org.asynchttpclient.netty.request.NettyRequestSender - Using pooled Channel '[id: 0x4eddb369, L:/127.0.0.1:58747 - R:localhost/127.0.0.1:7138]' for 'GET' to 'http://localhost:7138/session/5ad97dfb5cc8ee7bdc66ecb7503f8fc1/url'
13:09:15.565 [Forwarding getCurrentUrl on session 5ad97dfb5cc8ee7bdc66ecb7503f8fc1 to remote] DEBUG org.asynchttpclient.netty.request.NettyRequestSender - Using open Channel [id: 0x4eddb369, L:/127.0.0.1:58747 - R:localhost/127.0.0.1:7138] for GET '/session/5ad97dfb5cc8ee7bdc66ecb7503f8fc1/url'
13:09:15.568 [AsyncHttpClient-1-2] DEBUG org.asynchttpclient.netty.handler.HttpHandler - 

Request DefaultFullHttpRequest(decodeResult: success, version: HTTP/1.1, content: EmptyByteBufBE)
GET /session/5ad97dfb5cc8ee7bdc66ecb7503f8fc1/url HTTP/1.1
User-Agent: selenium/4.8.0 (java windows)
Cache-Control: no-cache
Content-Type: application/json; charset=utf-8
host: localhost:7138
accept: */*

Response DefaultHttpResponse(decodeResult: success, version: HTTP/1.1)
HTTP/1.1 200 OK
Content-Length: 75
Content-Type: application/json; charset=utf-8
cache-control: no-cache

13:09:15.568 [AsyncHttpClient-1-2] DEBUG org.asynchttpclient.netty.channel.ChannelManager - Adding key: http://localhost:7138 for channel [id: 0x4eddb369, L:/127.0.0.1:58747 - R:localhost/127.0.0.1:7138]
13:09:15.569 [main] DEBUG net.thucydides.core.steps.StepInterceptor - STARTING STEP: OpenCartStepDefinition.fillCheckoutForm - {0} selects #selectedOptions
13:09:15.570 [Forwarding findElement on session 5ad97dfb5cc8ee7bdc66ecb7503f8fc1 to remote] DEBUG org.asynchttpclient.netty.request.NettyRequestSender - Using pooled Channel '[id: 0x4eddb369, L:/127.0.0.1:58747 - R:localhost/127.0.0.1:7138]' for 'POST' to 'http://localhost:7138/session/5ad97dfb5cc8ee7bdc66ecb7503f8fc1/element'
13:09:15.570 [Forwarding findElement on session 5ad97dfb5cc8ee7bdc66ecb7503f8fc1 to remote] DEBUG org.asynchttpclient.netty.request.NettyRequestSender - Using open Channel [id: 0x4eddb369, L:/127.0.0.1:58747 - R:localhost/127.0.0.1:7138] for POST '/session/5ad97dfb5cc8ee7bdc66ecb7503f8fc1/element'
13:09:15.574 [AsyncHttpClient-1-2] DEBUG org.asynchttpclient.netty.handler.HttpHandler - 

Request DefaultHttpRequest(decodeResult: success, version: HTTP/1.1)
POST /session/5ad97dfb5cc8ee7bdc66ecb7503f8fc1/element HTTP/1.1
User-Agent: selenium/4.8.0 (java windows)
Content-Length: 81
Content-Type: application/json; charset=utf-8
host: localhost:7138
accept: */*

Response DefaultHttpResponse(decodeResult: success, version: HTTP/1.1)
HTTP/1.1 200 OK
Content-Length: 95
Content-Type: application/json; charset=utf-8
cache-control: no-cache

13:09:15.574 [AsyncHttpClient-1-2] DEBUG org.asynchttpclient.netty.channel.ChannelManager - Adding key: http://localhost:7138 for channel [id: 0x4eddb369, L:/127.0.0.1:58747 - R:localhost/127.0.0.1:7138]
13:09:15.574 [Forwarding getElementTagName on session 5ad97dfb5cc8ee7bdc66ecb7503f8fc1 to remote] DEBUG org.asynchttpclient.netty.request.NettyRequestSender - Using pooled Channel '[id: 0x4eddb369, L:/127.0.0.1:58747 - R:localhost/127.0.0.1:7138]' for 'GET' to 'http://localhost:7138/session/5ad97dfb5cc8ee7bdc66ecb7503f8fc1/element/755A7524A69BA6EEB3A8EFDB3A26A04F_element_86/name'
13:09:15.574 [Forwarding getElementTagName on session 5ad97dfb5cc8ee7bdc66ecb7503f8fc1 to remote] DEBUG org.asynchttpclient.netty.request.NettyRequestSender - Using open Channel [id: 0x4eddb369, L:/127.0.0.1:58747 - R:localhost/127.0.0.1:7138] for GET '/session/5ad97dfb5cc8ee7bdc66ecb7503f8fc1/element/755A7524A69BA6EEB3A8EFDB3A26A04F_element_86/name'
13:09:15.576 [AsyncHttpClient-1-2] DEBUG org.asynchttpclient.netty.handler.HttpHandler - 

Request DefaultFullHttpRequest(decodeResult: success, version: HTTP/1.1, content: EmptyByteBufBE)
GET /session/5ad97dfb5cc8ee7bdc66ecb7503f8fc1/element/755A7524A69BA6EEB3A8EFDB3A26A04F_element_86/name HTTP/1.1
User-Agent: selenium/4.8.0 (java windows)
Cache-Control: no-cache
Content-Type: application/json; charset=utf-8
host: localhost:7138
accept: */*

Response DefaultHttpResponse(decodeResult: success, version: HTTP/1.1)
HTTP/1.1 200 OK
Content-Length: 18
Content-Type: application/json; charset=utf-8
cache-control: no-cache

13:09:15.576 [AsyncHttpClient-1-2] DEBUG org.asynchttpclient.netty.channel.ChannelManager - Adding key: http://localhost:7138 for channel [id: 0x4eddb369, L:/127.0.0.1:58747 - R:localhost/127.0.0.1:7138]
13:09:15.576 [Forwarding getElementDomAttribute on session 5ad97dfb5cc8ee7bdc66ecb7503f8fc1 to remote] DEBUG org.asynchttpclient.netty.request.NettyRequestSender - Using pooled Channel '[id: 0x4eddb369, L:/127.0.0.1:58747 - R:localhost/127.0.0.1:7138]' for 'GET' to 'http://localhost:7138/session/5ad97dfb5cc8ee7bdc66ecb7503f8fc1/element/755A7524A69BA6EEB3A8EFDB3A26A04F_element_86/attribute/multiple'
13:09:15.576 [Forwarding getElementDomAttribute on session 5ad97dfb5cc8ee7bdc66ecb7503f8fc1 to remote] DEBUG org.asynchttpclient.netty.request.NettyRequestSender - Using open Channel [id: 0x4eddb369, L:/127.0.0.1:58747 - R:localhost/127.0.0.1:7138] for GET '/session/5ad97dfb5cc8ee7bdc66ecb7503f8fc1/element/755A7524A69BA6EEB3A8EFDB3A26A04F_element_86/attribute/multiple'
13:09:15.579 [AsyncHttpClient-1-2] DEBUG org.asynchttpclient.netty.handler.HttpHandler - 

Request DefaultFullHttpRequest(decodeResult: success, version: HTTP/1.1, content: EmptyByteBufBE)
GET /session/5ad97dfb5cc8ee7bdc66ecb7503f8fc1/element/755A7524A69BA6EEB3A8EFDB3A26A04F_element_86/attribute/multiple HTTP/1.1
User-Agent: selenium/4.8.0 (java windows)
Cache-Control: no-cache
Content-Type: application/json; charset=utf-8
host: localhost:7138
accept: */*

Response DefaultHttpResponse(decodeResult: success, version: HTTP/1.1)
HTTP/1.1 200 OK
Content-Length: 14
Content-Type: application/json; charset=utf-8
cache-control: no-cache

13:09:15.579 [AsyncHttpClient-1-2] DEBUG org.asynchttpclient.netty.channel.ChannelManager - Adding key: http://localhost:7138 for channel [id: 0x4eddb369, L:/127.0.0.1:58747 - R:localhost/127.0.0.1:7138]
13:09:15.579 [Forwarding isElementEnabled on session 5ad97dfb5cc8ee7bdc66ecb7503f8fc1 to remote] DEBUG org.asynchttpclient.netty.request.NettyRequestSender - Using pooled Channel '[id: 0x4eddb369, L:/127.0.0.1:58747 - R:localhost/127.0.0.1:7138]' for 'GET' to 'http://localhost:7138/session/5ad97dfb5cc8ee7bdc66ecb7503f8fc1/element/755A7524A69BA6EEB3A8EFDB3A26A04F_element_86/enabled'
13:09:15.579 [Forwarding isElementEnabled on session 5ad97dfb5cc8ee7bdc66ecb7503f8fc1 to remote] DEBUG org.asynchttpclient.netty.request.NettyRequestSender - Using open Channel [id: 0x4eddb369, L:/127.0.0.1:58747 - R:localhost/127.0.0.1:7138] for GET '/session/5ad97dfb5cc8ee7bdc66ecb7503f8fc1/element/755A7524A69BA6EEB3A8EFDB3A26A04F_element_86/enabled'
13:09:15.582 [AsyncHttpClient-1-2] DEBUG org.asynchttpclient.netty.handler.HttpHandler - 

Request DefaultFullHttpRequest(decodeResult: success, version: HTTP/1.1, content: EmptyByteBufBE)
GET /session/5ad97dfb5cc8ee7bdc66ecb7503f8fc1/element/755A7524A69BA6EEB3A8EFDB3A26A04F_element_86/enabled HTTP/1.1
User-Agent: selenium/4.8.0 (java windows)
Cache-Control: no-cache
Content-Type: application/json; charset=utf-8
host: localhost:7138
accept: */*

Response DefaultHttpResponse(decodeResult: success, version: HTTP/1.1)
HTTP/1.1 200 OK
Content-Length: 14
Content-Type: application/json; charset=utf-8
cache-control: no-cache

13:09:15.582 [AsyncHttpClient-1-2] DEBUG org.asynchttpclient.netty.channel.ChannelManager - Adding key: http://localhost:7138 for channel [id: 0x4eddb369, L:/127.0.0.1:58747 - R:localhost/127.0.0.1:7138]
13:09:15.582 [Forwarding findChildElements on session 5ad97dfb5cc8ee7bdc66ecb7503f8fc1 to remote] DEBUG org.asynchttpclient.netty.request.NettyRequestSender - Using pooled Channel '[id: 0x4eddb369, L:/127.0.0.1:58747 - R:localhost/127.0.0.1:7138]' for 'POST' to 'http://localhost:7138/session/5ad97dfb5cc8ee7bdc66ecb7503f8fc1/element/755A7524A69BA6EEB3A8EFDB3A26A04F_element_86/elements'
13:09:15.582 [Forwarding findChildElements on session 5ad97dfb5cc8ee7bdc66ecb7503f8fc1 to remote] DEBUG org.asynchttpclient.netty.request.NettyRequestSender - Using open Channel [id: 0x4eddb369, L:/127.0.0.1:58747 - R:localhost/127.0.0.1:7138] for POST '/session/5ad97dfb5cc8ee7bdc66ecb7503f8fc1/element/755A7524A69BA6EEB3A8EFDB3A26A04F_element_86/elements'
13:09:15.589 [AsyncHttpClient-1-2] DEBUG org.asynchttpclient.netty.handler.HttpHandler - 

Request DefaultHttpRequest(decodeResult: success, version: HTTP/1.1)
POST /session/5ad97dfb5cc8ee7bdc66ecb7503f8fc1/element/755A7524A69BA6EEB3A8EFDB3A26A04F_element_86/elements HTTP/1.1
User-Agent: selenium/4.8.0 (java windows)
Content-Length: 143
Content-Type: application/json; charset=utf-8
host: localhost:7138
accept: */*

Response DefaultHttpResponse(decodeResult: success, version: HTTP/1.1)
HTTP/1.1 200 OK
Content-Length: 97
Content-Type: application/json; charset=utf-8
cache-control: no-cache

13:09:15.589 [AsyncHttpClient-1-2] DEBUG org.asynchttpclient.netty.channel.ChannelManager - Adding key: http://localhost:7138 for channel [id: 0x4eddb369, L:/127.0.0.1:58747 - R:localhost/127.0.0.1:7138]
13:09:15.589 [Forwarding isElementEnabled on session 5ad97dfb5cc8ee7bdc66ecb7503f8fc1 to remote] DEBUG org.asynchttpclient.netty.request.NettyRequestSender - Using pooled Channel '[id: 0x4eddb369, L:/127.0.0.1:58747 - R:localhost/127.0.0.1:7138]' for 'GET' to 'http://localhost:7138/session/5ad97dfb5cc8ee7bdc66ecb7503f8fc1/element/755A7524A69BA6EEB3A8EFDB3A26A04F_element_88/enabled'
13:09:15.589 [Forwarding isElementEnabled on session 5ad97dfb5cc8ee7bdc66ecb7503f8fc1 to remote] DEBUG org.asynchttpclient.netty.request.NettyRequestSender - Using open Channel [id: 0x4eddb369, L:/127.0.0.1:58747 - R:localhost/127.0.0.1:7138] for GET '/session/5ad97dfb5cc8ee7bdc66ecb7503f8fc1/element/755A7524A69BA6EEB3A8EFDB3A26A04F_element_88/enabled'
13:09:15.592 [AsyncHttpClient-1-2] DEBUG org.asynchttpclient.netty.handler.HttpHandler - 

Request DefaultFullHttpRequest(decodeResult: success, version: HTTP/1.1, content: EmptyByteBufBE)
GET /session/5ad97dfb5cc8ee7bdc66ecb7503f8fc1/element/755A7524A69BA6EEB3A8EFDB3A26A04F_element_88/enabled HTTP/1.1
User-Agent: selenium/4.8.0 (java windows)
Cache-Control: no-cache
Content-Type: application/json; charset=utf-8
host: localhost:7138
accept: */*

Response DefaultHttpResponse(decodeResult: success, version: HTTP/1.1)
HTTP/1.1 200 OK
Content-Length: 14
Content-Type: application/json; charset=utf-8
cache-control: no-cache

13:09:15.592 [AsyncHttpClient-1-2] DEBUG org.asynchttpclient.netty.channel.ChannelManager - Adding key: http://localhost:7138 for channel [id: 0x4eddb369, L:/127.0.0.1:58747 - R:localhost/127.0.0.1:7138]
13:09:15.592 [Forwarding isElementSelected on session 5ad97dfb5cc8ee7bdc66ecb7503f8fc1 to remote] DEBUG org.asynchttpclient.netty.request.NettyRequestSender - Using pooled Channel '[id: 0x4eddb369, L:/127.0.0.1:58747 - R:localhost/127.0.0.1:7138]' for 'GET' to 'http://localhost:7138/session/5ad97dfb5cc8ee7bdc66ecb7503f8fc1/element/755A7524A69BA6EEB3A8EFDB3A26A04F_element_88/selected'
13:09:15.593 [Forwarding isElementSelected on session 5ad97dfb5cc8ee7bdc66ecb7503f8fc1 to remote] DEBUG org.asynchttpclient.netty.request.NettyRequestSender - Using open Channel [id: 0x4eddb369, L:/127.0.0.1:58747 - R:localhost/127.0.0.1:7138] for GET '/session/5ad97dfb5cc8ee7bdc66ecb7503f8fc1/element/755A7524A69BA6EEB3A8EFDB3A26A04F_element_88/selected'
13:09:15.596 [AsyncHttpClient-1-2] DEBUG org.asynchttpclient.netty.handler.HttpHandler - 

Request DefaultFullHttpRequest(decodeResult: success, version: HTTP/1.1, content: EmptyByteBufBE)
GET /session/5ad97dfb5cc8ee7bdc66ecb7503f8fc1/element/755A7524A69BA6EEB3A8EFDB3A26A04F_element_88/selected HTTP/1.1
User-Agent: selenium/4.8.0 (java windows)
Cache-Control: no-cache
Content-Type: application/json; charset=utf-8
host: localhost:7138
accept: */*

Response DefaultHttpResponse(decodeResult: success, version: HTTP/1.1)
HTTP/1.1 200 OK
Content-Length: 15
Content-Type: application/json; charset=utf-8
cache-control: no-cache

13:09:15.596 [AsyncHttpClient-1-2] DEBUG org.asynchttpclient.netty.channel.ChannelManager - Adding key: http://localhost:7138 for channel [id: 0x4eddb369, L:/127.0.0.1:58747 - R:localhost/127.0.0.1:7138]
13:09:15.596 [Forwarding clickElement on session 5ad97dfb5cc8ee7bdc66ecb7503f8fc1 to remote] DEBUG org.asynchttpclient.netty.request.NettyRequestSender - Using pooled Channel '[id: 0x4eddb369, L:/127.0.0.1:58747 - R:localhost/127.0.0.1:7138]' for 'POST' to 'http://localhost:7138/session/5ad97dfb5cc8ee7bdc66ecb7503f8fc1/element/755A7524A69BA6EEB3A8EFDB3A26A04F_element_88/click'
13:09:15.596 [Forwarding clickElement on session 5ad97dfb5cc8ee7bdc66ecb7503f8fc1 to remote] DEBUG org.asynchttpclient.netty.request.NettyRequestSender - Using open Channel [id: 0x4eddb369, L:/127.0.0.1:58747 - R:localhost/127.0.0.1:7138] for POST '/session/5ad97dfb5cc8ee7bdc66ecb7503f8fc1/element/755A7524A69BA6EEB3A8EFDB3A26A04F_element_88/click'
13:09:15.607 [AsyncHttpClient-1-2] DEBUG org.asynchttpclient.netty.handler.HttpHandler - 

Request DefaultHttpRequest(decodeResult: success, version: HTTP/1.1)
POST /session/5ad97dfb5cc8ee7bdc66ecb7503f8fc1/element/755A7524A69BA6EEB3A8EFDB3A26A04F_element_88/click HTTP/1.1
User-Agent: selenium/4.8.0 (java windows)
Content-Length: 57
Content-Type: application/json; charset=utf-8
host: localhost:7138
accept: */*

Response DefaultHttpResponse(decodeResult: success, version: HTTP/1.1)
HTTP/1.1 200 OK
Content-Length: 14
Content-Type: application/json; charset=utf-8
cache-control: no-cache

13:09:15.607 [AsyncHttpClient-1-2] DEBUG org.asynchttpclient.netty.channel.ChannelManager - Adding key: http://localhost:7138 for channel [id: 0x4eddb369, L:/127.0.0.1:58747 - R:localhost/127.0.0.1:7138]
13:09:15.613 [Forwarding getAlertText on session 5ad97dfb5cc8ee7bdc66ecb7503f8fc1 to remote] DEBUG org.asynchttpclient.netty.request.NettyRequestSender - Using pooled Channel '[id: 0x4eddb369, L:/127.0.0.1:58747 - R:localhost/127.0.0.1:7138]' for 'GET' to 'http://localhost:7138/session/5ad97dfb5cc8ee7bdc66ecb7503f8fc1/alert/text'
13:09:15.613 [Forwarding getAlertText on session 5ad97dfb5cc8ee7bdc66ecb7503f8fc1 to remote] DEBUG org.asynchttpclient.netty.request.NettyRequestSender - Using open Channel [id: 0x4eddb369, L:/127.0.0.1:58747 - R:localhost/127.0.0.1:7138] for GET '/session/5ad97dfb5cc8ee7bdc66ecb7503f8fc1/alert/text'
13:09:15.614 [AsyncHttpClient-1-2] DEBUG org.asynchttpclient.netty.handler.HttpHandler - 

Request DefaultFullHttpRequest(decodeResult: success, version: HTTP/1.1, content: EmptyByteBufBE)
GET /session/5ad97dfb5cc8ee7bdc66ecb7503f8fc1/alert/text HTTP/1.1
User-Agent: selenium/4.8.0 (java windows)
Cache-Control: no-cache
Content-Type: application/json; charset=utf-8
host: localhost:7138
accept: */*

Response DefaultHttpResponse(decodeResult: success, version: HTTP/1.1)
HTTP/1.1 404 Not Found
Content-Length: 820
Content-Type: application/json; charset=utf-8
cache-control: no-cache

13:09:15.614 [AsyncHttpClient-1-2] DEBUG org.asynchttpclient.netty.channel.ChannelManager - Adding key: http://localhost:7138 for channel [id: 0x4eddb369, L:/127.0.0.1:58747 - R:localhost/127.0.0.1:7138]
13:09:15.614 [Forwarding getCurrentUrl on session 5ad97dfb5cc8ee7bdc66ecb7503f8fc1 to remote] DEBUG org.asynchttpclient.netty.request.NettyRequestSender - Using pooled Channel '[id: 0x4eddb369, L:/127.0.0.1:58747 - R:localhost/127.0.0.1:7138]' for 'GET' to 'http://localhost:7138/session/5ad97dfb5cc8ee7bdc66ecb7503f8fc1/url'
13:09:15.614 [Forwarding getCurrentUrl on session 5ad97dfb5cc8ee7bdc66ecb7503f8fc1 to remote] DEBUG org.asynchttpclient.netty.request.NettyRequestSender - Using open Channel [id: 0x4eddb369, L:/127.0.0.1:58747 - R:localhost/127.0.0.1:7138] for GET '/session/5ad97dfb5cc8ee7bdc66ecb7503f8fc1/url'
13:09:15.616 [AsyncHttpClient-1-2] DEBUG org.asynchttpclient.netty.handler.HttpHandler - 

Request DefaultFullHttpRequest(decodeResult: success, version: HTTP/1.1, content: EmptyByteBufBE)
GET /session/5ad97dfb5cc8ee7bdc66ecb7503f8fc1/url HTTP/1.1
User-Agent: selenium/4.8.0 (java windows)
Cache-Control: no-cache
Content-Type: application/json; charset=utf-8
host: localhost:7138
accept: */*

Response DefaultHttpResponse(decodeResult: success, version: HTTP/1.1)
HTTP/1.1 200 OK
Content-Length: 75
Content-Type: application/json; charset=utf-8
cache-control: no-cache

13:09:15.616 [AsyncHttpClient-1-2] DEBUG org.asynchttpclient.netty.channel.ChannelManager - Adding key: http://localhost:7138 for channel [id: 0x4eddb369, L:/127.0.0.1:58747 - R:localhost/127.0.0.1:7138]
13:09:15.617 [Forwarding screenshot on session 5ad97dfb5cc8ee7bdc66ecb7503f8fc1 to remote] DEBUG org.asynchttpclient.netty.request.NettyRequestSender - Using pooled Channel '[id: 0x4eddb369, L:/127.0.0.1:58747 - R:localhost/127.0.0.1:7138]' for 'GET' to 'http://localhost:7138/session/5ad97dfb5cc8ee7bdc66ecb7503f8fc1/screenshot'
13:09:15.617 [Forwarding screenshot on session 5ad97dfb5cc8ee7bdc66ecb7503f8fc1 to remote] DEBUG org.asynchttpclient.netty.request.NettyRequestSender - Using open Channel [id: 0x4eddb369, L:/127.0.0.1:58747 - R:localhost/127.0.0.1:7138] for GET '/session/5ad97dfb5cc8ee7bdc66ecb7503f8fc1/screenshot'
13:09:15.705 [AsyncHttpClient-1-2] DEBUG org.asynchttpclient.netty.handler.HttpHandler - 

Request DefaultFullHttpRequest(decodeResult: success, version: HTTP/1.1, content: EmptyByteBufBE)
GET /session/5ad97dfb5cc8ee7bdc66ecb7503f8fc1/screenshot HTTP/1.1
User-Agent: selenium/4.8.0 (java windows)
Cache-Control: no-cache
Content-Type: application/json; charset=utf-8
host: localhost:7138
accept: */*

Response DefaultHttpResponse(decodeResult: success, version: HTTP/1.1)
HTTP/1.1 200 OK
Content-Length: 101316
Content-Type: application/json; charset=utf-8
cache-control: no-cache

13:09:15.705 [AsyncHttpClient-1-2] DEBUG org.asynchttpclient.netty.channel.ChannelManager - Adding key: http://localhost:7138 for channel [id: 0x4eddb369, L:/127.0.0.1:58747 - R:localhost/127.0.0.1:7138]
13:09:15.707 [main] DEBUG net.serenitybdd.core.photography.Darkroom - Send negative for processing for target\site\serenity\e5668659337548a03f9d4a3ae95dc623ccb97c465632f34f2364cf8b2ffb1518.png
13:09:15.922 [main] DEBUG net.thucydides.core.steps.StepInterceptor - STEP DONE: {0} selects #selectedOptions
13:09:15.926 [Forwarding getAlertText on session 5ad97dfb5cc8ee7bdc66ecb7503f8fc1 to remote] DEBUG org.asynchttpclient.netty.request.NettyRequestSender - Using pooled Channel '[id: 0x4eddb369, L:/127.0.0.1:58747 - R:localhost/127.0.0.1:7138]' for 'GET' to 'http://localhost:7138/session/5ad97dfb5cc8ee7bdc66ecb7503f8fc1/alert/text'
13:09:15.926 [Forwarding getAlertText on session 5ad97dfb5cc8ee7bdc66ecb7503f8fc1 to remote] DEBUG org.asynchttpclient.netty.request.NettyRequestSender - Using open Channel [id: 0x4eddb369, L:/127.0.0.1:58747 - R:localhost/127.0.0.1:7138] for GET '/session/5ad97dfb5cc8ee7bdc66ecb7503f8fc1/alert/text'
13:09:15.928 [AsyncHttpClient-1-2] DEBUG org.asynchttpclient.netty.handler.HttpHandler - 

Request DefaultFullHttpRequest(decodeResult: success, version: HTTP/1.1, content: EmptyByteBufBE)
GET /session/5ad97dfb5cc8ee7bdc66ecb7503f8fc1/alert/text HTTP/1.1
User-Agent: selenium/4.8.0 (java windows)
Cache-Control: no-cache
Content-Type: application/json; charset=utf-8
host: localhost:7138
accept: */*

Response DefaultHttpResponse(decodeResult: success, version: HTTP/1.1)
HTTP/1.1 404 Not Found
Content-Length: 820
Content-Type: application/json; charset=utf-8
cache-control: no-cache

13:09:15.928 [AsyncHttpClient-1-2] DEBUG org.asynchttpclient.netty.channel.ChannelManager - Adding key: http://localhost:7138 for channel [id: 0x4eddb369, L:/127.0.0.1:58747 - R:localhost/127.0.0.1:7138]
13:09:15.928 [Forwarding getCurrentUrl on session 5ad97dfb5cc8ee7bdc66ecb7503f8fc1 to remote] DEBUG org.asynchttpclient.netty.request.NettyRequestSender - Using pooled Channel '[id: 0x4eddb369, L:/127.0.0.1:58747 - R:localhost/127.0.0.1:7138]' for 'GET' to 'http://localhost:7138/session/5ad97dfb5cc8ee7bdc66ecb7503f8fc1/url'
13:09:15.928 [Forwarding getCurrentUrl on session 5ad97dfb5cc8ee7bdc66ecb7503f8fc1 to remote] DEBUG org.asynchttpclient.netty.request.NettyRequestSender - Using open Channel [id: 0x4eddb369, L:/127.0.0.1:58747 - R:localhost/127.0.0.1:7138] for GET '/session/5ad97dfb5cc8ee7bdc66ecb7503f8fc1/url'
13:09:15.930 [AsyncHttpClient-1-2] DEBUG org.asynchttpclient.netty.handler.HttpHandler - 

Request DefaultFullHttpRequest(decodeResult: success, version: HTTP/1.1, content: EmptyByteBufBE)
GET /session/5ad97dfb5cc8ee7bdc66ecb7503f8fc1/url HTTP/1.1
User-Agent: selenium/4.8.0 (java windows)
Cache-Control: no-cache
Content-Type: application/json; charset=utf-8
host: localhost:7138
accept: */*

Response DefaultHttpResponse(decodeResult: success, version: HTTP/1.1)
HTTP/1.1 200 OK
Content-Length: 75
Content-Type: application/json; charset=utf-8
cache-control: no-cache

13:09:15.931 [AsyncHttpClient-1-2] DEBUG org.asynchttpclient.netty.channel.ChannelManager - Adding key: http://localhost:7138 for channel [id: 0x4eddb369, L:/127.0.0.1:58747 - R:localhost/127.0.0.1:7138]
13:09:15.931 [Forwarding screenshot on session 5ad97dfb5cc8ee7bdc66ecb7503f8fc1 to remote] DEBUG org.asynchttpclient.netty.request.NettyRequestSender - Using pooled Channel '[id: 0x4eddb369, L:/127.0.0.1:58747 - R:localhost/127.0.0.1:7138]' for 'GET' to 'http://localhost:7138/session/5ad97dfb5cc8ee7bdc66ecb7503f8fc1/screenshot'
13:09:15.931 [Forwarding screenshot on session 5ad97dfb5cc8ee7bdc66ecb7503f8fc1 to remote] DEBUG org.asynchttpclient.netty.request.NettyRequestSender - Using open Channel [id: 0x4eddb369, L:/127.0.0.1:58747 - R:localhost/127.0.0.1:7138] for GET '/session/5ad97dfb5cc8ee7bdc66ecb7503f8fc1/screenshot'
13:09:16.018 [AsyncHttpClient-1-2] DEBUG org.asynchttpclient.netty.handler.HttpHandler - 

Request DefaultFullHttpRequest(decodeResult: success, version: HTTP/1.1, content: EmptyByteBufBE)
GET /session/5ad97dfb5cc8ee7bdc66ecb7503f8fc1/screenshot HTTP/1.1
User-Agent: selenium/4.8.0 (java windows)
Cache-Control: no-cache
Content-Type: application/json; charset=utf-8
host: localhost:7138
accept: */*

Response DefaultHttpResponse(decodeResult: success, version: HTTP/1.1)
HTTP/1.1 200 OK
Content-Length: 101316
Content-Type: application/json; charset=utf-8
cache-control: no-cache

13:09:16.018 [AsyncHttpClient-1-2] DEBUG org.asynchttpclient.netty.channel.ChannelManager - Adding key: http://localhost:7138 for channel [id: 0x4eddb369, L:/127.0.0.1:58747 - R:localhost/127.0.0.1:7138]
13:09:16.022 [main] DEBUG net.serenitybdd.core.photography.Darkroom - Send negative for processing for target\site\serenity\e5668659337548a03f9d4a3ae95dc623ccb97c465632f34f2364cf8b2ffb1518.png
13:09:16.023 [Forwarding getPageSource on session 5ad97dfb5cc8ee7bdc66ecb7503f8fc1 to remote] DEBUG org.asynchttpclient.netty.request.NettyRequestSender - Using pooled Channel '[id: 0x4eddb369, L:/127.0.0.1:58747 - R:localhost/127.0.0.1:7138]' for 'POST' to 'http://localhost:7138/session/5ad97dfb5cc8ee7bdc66ecb7503f8fc1/execute/sync'
13:09:16.023 [Forwarding getPageSource on session 5ad97dfb5cc8ee7bdc66ecb7503f8fc1 to remote] DEBUG org.asynchttpclient.netty.request.NettyRequestSender - Using open Channel [id: 0x4eddb369, L:/127.0.0.1:58747 - R:localhost/127.0.0.1:7138] for POST '/session/5ad97dfb5cc8ee7bdc66ecb7503f8fc1/execute/sync'
13:09:16.030 [AsyncHttpClient-1-2] DEBUG org.asynchttpclient.netty.handler.HttpHandler - 

Request DefaultHttpRequest(decodeResult: success, version: HTTP/1.1)
POST /session/5ad97dfb5cc8ee7bdc66ecb7503f8fc1/execute/sync HTTP/1.1
User-Agent: selenium/4.8.0 (java windows)
Content-Length: 176
Content-Type: application/json; charset=utf-8
host: localhost:7138
accept: */*

Response DefaultHttpResponse(decodeResult: success, version: HTTP/1.1)
HTTP/1.1 200 OK
Content-Length: 100226
Content-Type: application/json; charset=utf-8
cache-control: no-cache

13:09:16.030 [AsyncHttpClient-1-2] DEBUG org.asynchttpclient.netty.channel.ChannelManager - Adding key: http://localhost:7138 for channel [id: 0x4eddb369, L:/127.0.0.1:58747 - R:localhost/127.0.0.1:7138]
13:09:16.035 [Forwarding getCurrentUrl on session 5ad97dfb5cc8ee7bdc66ecb7503f8fc1 to remote] DEBUG org.asynchttpclient.netty.request.NettyRequestSender - Using pooled Channel '[id: 0x4eddb369, L:/127.0.0.1:58747 - R:localhost/127.0.0.1:7138]' for 'GET' to 'http://localhost:7138/session/5ad97dfb5cc8ee7bdc66ecb7503f8fc1/url'
13:09:16.035 [Forwarding getCurrentUrl on session 5ad97dfb5cc8ee7bdc66ecb7503f8fc1 to remote] DEBUG org.asynchttpclient.netty.request.NettyRequestSender - Using open Channel [id: 0x4eddb369, L:/127.0.0.1:58747 - R:localhost/127.0.0.1:7138] for GET '/session/5ad97dfb5cc8ee7bdc66ecb7503f8fc1/url'
13:09:16.039 [AsyncHttpClient-1-2] DEBUG org.asynchttpclient.netty.handler.HttpHandler - 

Request DefaultFullHttpRequest(decodeResult: success, version: HTTP/1.1, content: EmptyByteBufBE)
GET /session/5ad97dfb5cc8ee7bdc66ecb7503f8fc1/url HTTP/1.1
User-Agent: selenium/4.8.0 (java windows)
Cache-Control: no-cache
Content-Type: application/json; charset=utf-8
host: localhost:7138
accept: */*

Response DefaultHttpResponse(decodeResult: success, version: HTTP/1.1)
HTTP/1.1 200 OK
Content-Length: 75
Content-Type: application/json; charset=utf-8
cache-control: no-cache

13:09:16.039 [AsyncHttpClient-1-2] DEBUG org.asynchttpclient.netty.channel.ChannelManager - Adding key: http://localhost:7138 for channel [id: 0x4eddb369, L:/127.0.0.1:58747 - R:localhost/127.0.0.1:7138]
13:09:16.040 [main] DEBUG net.thucydides.core.steps.StepInterceptor - STARTING STEP: OpenCartStepDefinition.fillCheckoutForm - {0} clicks on #locators
13:09:16.042 [Forwarding findElement on session 5ad97dfb5cc8ee7bdc66ecb7503f8fc1 to remote] DEBUG org.asynchttpclient.netty.request.NettyRequestSender - Using pooled Channel '[id: 0x4eddb369, L:/127.0.0.1:58747 - R:localhost/127.0.0.1:7138]' for 'POST' to 'http://localhost:7138/session/5ad97dfb5cc8ee7bdc66ecb7503f8fc1/element'
13:09:16.042 [Forwarding findElement on session 5ad97dfb5cc8ee7bdc66ecb7503f8fc1 to remote] DEBUG org.asynchttpclient.netty.request.NettyRequestSender - Using open Channel [id: 0x4eddb369, L:/127.0.0.1:58747 - R:localhost/127.0.0.1:7138] for POST '/session/5ad97dfb5cc8ee7bdc66ecb7503f8fc1/element'
13:09:16.048 [AsyncHttpClient-1-2] DEBUG org.asynchttpclient.netty.handler.HttpHandler - 

Request DefaultHttpRequest(decodeResult: success, version: HTTP/1.1)
POST /session/5ad97dfb5cc8ee7bdc66ecb7503f8fc1/element HTTP/1.1
User-Agent: selenium/4.8.0 (java windows)
Content-Length: 74
Content-Type: application/json; charset=utf-8
host: localhost:7138
accept: */*

Response DefaultHttpResponse(decodeResult: success, version: HTTP/1.1)
HTTP/1.1 200 OK
Content-Length: 95
Content-Type: application/json; charset=utf-8
cache-control: no-cache

13:09:16.048 [AsyncHttpClient-1-2] DEBUG org.asynchttpclient.netty.channel.ChannelManager - Adding key: http://localhost:7138 for channel [id: 0x4eddb369, L:/127.0.0.1:58747 - R:localhost/127.0.0.1:7138]
13:09:16.050 [Forwarding isElementDisplayed on session 5ad97dfb5cc8ee7bdc66ecb7503f8fc1 to remote] DEBUG org.asynchttpclient.netty.request.NettyRequestSender - Using pooled Channel '[id: 0x4eddb369, L:/127.0.0.1:58747 - R:localhost/127.0.0.1:7138]' for 'POST' to 'http://localhost:7138/session/5ad97dfb5cc8ee7bdc66ecb7503f8fc1/execute/sync'
13:09:16.050 [Forwarding isElementDisplayed on session 5ad97dfb5cc8ee7bdc66ecb7503f8fc1 to remote] DEBUG org.asynchttpclient.netty.request.NettyRequestSender - Using open Channel [id: 0x4eddb369, L:/127.0.0.1:58747 - R:localhost/127.0.0.1:7138] for POST '/session/5ad97dfb5cc8ee7bdc66ecb7503f8fc1/execute/sync'
13:09:16.054 [AsyncHttpClient-1-2] DEBUG org.asynchttpclient.netty.handler.HttpHandler - 

Request DefaultHttpRequest(decodeResult: success, version: HTTP/1.1)
POST /session/5ad97dfb5cc8ee7bdc66ecb7503f8fc1/execute/sync HTTP/1.1
User-Agent: selenium/4.8.0 (java windows)
Content-Length: 48814
Content-Type: application/json; charset=utf-8
host: localhost:7138
accept: */*

Response DefaultHttpResponse(decodeResult: success, version: HTTP/1.1)
HTTP/1.1 200 OK
Content-Length: 14
Content-Type: application/json; charset=utf-8
cache-control: no-cache

13:09:16.054 [AsyncHttpClient-1-2] DEBUG org.asynchttpclient.netty.channel.ChannelManager - Adding key: http://localhost:7138 for channel [id: 0x4eddb369, L:/127.0.0.1:58747 - R:localhost/127.0.0.1:7138]
13:09:16.056 [Forwarding isElementDisplayed on session 5ad97dfb5cc8ee7bdc66ecb7503f8fc1 to remote] DEBUG org.asynchttpclient.netty.request.NettyRequestSender - Using pooled Channel '[id: 0x4eddb369, L:/127.0.0.1:58747 - R:localhost/127.0.0.1:7138]' for 'POST' to 'http://localhost:7138/session/5ad97dfb5cc8ee7bdc66ecb7503f8fc1/execute/sync'
13:09:16.056 [Forwarding isElementDisplayed on session 5ad97dfb5cc8ee7bdc66ecb7503f8fc1 to remote] DEBUG org.asynchttpclient.netty.request.NettyRequestSender - Using open Channel [id: 0x4eddb369, L:/127.0.0.1:58747 - R:localhost/127.0.0.1:7138] for POST '/session/5ad97dfb5cc8ee7bdc66ecb7503f8fc1/execute/sync'
13:09:16.062 [AsyncHttpClient-1-2] DEBUG org.asynchttpclient.netty.handler.HttpHandler - 

Request DefaultHttpRequest(decodeResult: success, version: HTTP/1.1)
POST /session/5ad97dfb5cc8ee7bdc66ecb7503f8fc1/execute/sync HTTP/1.1
User-Agent: selenium/4.8.0 (java windows)
Content-Length: 48814
Content-Type: application/json; charset=utf-8
host: localhost:7138
accept: */*

Response DefaultHttpResponse(decodeResult: success, version: HTTP/1.1)
HTTP/1.1 200 OK
Content-Length: 14
Content-Type: application/json; charset=utf-8
cache-control: no-cache

13:09:16.062 [AsyncHttpClient-1-2] DEBUG org.asynchttpclient.netty.channel.ChannelManager - Adding key: http://localhost:7138 for channel [id: 0x4eddb369, L:/127.0.0.1:58747 - R:localhost/127.0.0.1:7138]
13:09:16.062 [Forwarding clickElement on session 5ad97dfb5cc8ee7bdc66ecb7503f8fc1 to remote] DEBUG org.asynchttpclient.netty.request.NettyRequestSender - Using pooled Channel '[id: 0x4eddb369, L:/127.0.0.1:58747 - R:localhost/127.0.0.1:7138]' for 'POST' to 'http://localhost:7138/session/5ad97dfb5cc8ee7bdc66ecb7503f8fc1/element/755A7524A69BA6EEB3A8EFDB3A26A04F_element_89/click'
13:09:16.062 [Forwarding clickElement on session 5ad97dfb5cc8ee7bdc66ecb7503f8fc1 to remote] DEBUG org.asynchttpclient.netty.request.NettyRequestSender - Using open Channel [id: 0x4eddb369, L:/127.0.0.1:58747 - R:localhost/127.0.0.1:7138] for POST '/session/5ad97dfb5cc8ee7bdc66ecb7503f8fc1/element/755A7524A69BA6EEB3A8EFDB3A26A04F_element_89/click'
13:09:16.091 [AsyncHttpClient-1-2] DEBUG org.asynchttpclient.netty.handler.HttpHandler - 

Request DefaultHttpRequest(decodeResult: success, version: HTTP/1.1)
POST /session/5ad97dfb5cc8ee7bdc66ecb7503f8fc1/element/755A7524A69BA6EEB3A8EFDB3A26A04F_element_89/click HTTP/1.1
User-Agent: selenium/4.8.0 (java windows)
Content-Length: 57
Content-Type: application/json; charset=utf-8
host: localhost:7138
accept: */*

Response DefaultHttpResponse(decodeResult: success, version: HTTP/1.1)
HTTP/1.1 200 OK
Content-Length: 14
Content-Type: application/json; charset=utf-8
cache-control: no-cache

13:09:16.091 [AsyncHttpClient-1-2] DEBUG org.asynchttpclient.netty.channel.ChannelManager - Adding key: http://localhost:7138 for channel [id: 0x4eddb369, L:/127.0.0.1:58747 - R:localhost/127.0.0.1:7138]
13:09:16.096 [Forwarding getAlertText on session 5ad97dfb5cc8ee7bdc66ecb7503f8fc1 to remote] DEBUG org.asynchttpclient.netty.request.NettyRequestSender - Using pooled Channel '[id: 0x4eddb369, L:/127.0.0.1:58747 - R:localhost/127.0.0.1:7138]' for 'GET' to 'http://localhost:7138/session/5ad97dfb5cc8ee7bdc66ecb7503f8fc1/alert/text'
13:09:16.096 [Forwarding getAlertText on session 5ad97dfb5cc8ee7bdc66ecb7503f8fc1 to remote] DEBUG org.asynchttpclient.netty.request.NettyRequestSender - Using open Channel [id: 0x4eddb369, L:/127.0.0.1:58747 - R:localhost/127.0.0.1:7138] for GET '/session/5ad97dfb5cc8ee7bdc66ecb7503f8fc1/alert/text'
13:09:16.097 [AsyncHttpClient-1-2] DEBUG org.asynchttpclient.netty.handler.HttpHandler - 

Request DefaultFullHttpRequest(decodeResult: success, version: HTTP/1.1, content: EmptyByteBufBE)
GET /session/5ad97dfb5cc8ee7bdc66ecb7503f8fc1/alert/text HTTP/1.1
User-Agent: selenium/4.8.0 (java windows)
Cache-Control: no-cache
Content-Type: application/json; charset=utf-8
host: localhost:7138
accept: */*

Response DefaultHttpResponse(decodeResult: success, version: HTTP/1.1)
HTTP/1.1 404 Not Found
Content-Length: 820
Content-Type: application/json; charset=utf-8
cache-control: no-cache

13:09:16.097 [AsyncHttpClient-1-2] DEBUG org.asynchttpclient.netty.channel.ChannelManager - Adding key: http://localhost:7138 for channel [id: 0x4eddb369, L:/127.0.0.1:58747 - R:localhost/127.0.0.1:7138]
13:09:16.097 [Forwarding getCurrentUrl on session 5ad97dfb5cc8ee7bdc66ecb7503f8fc1 to remote] DEBUG org.asynchttpclient.netty.request.NettyRequestSender - Using pooled Channel '[id: 0x4eddb369, L:/127.0.0.1:58747 - R:localhost/127.0.0.1:7138]' for 'GET' to 'http://localhost:7138/session/5ad97dfb5cc8ee7bdc66ecb7503f8fc1/url'
13:09:16.097 [Forwarding getCurrentUrl on session 5ad97dfb5cc8ee7bdc66ecb7503f8fc1 to remote] DEBUG org.asynchttpclient.netty.request.NettyRequestSender - Using open Channel [id: 0x4eddb369, L:/127.0.0.1:58747 - R:localhost/127.0.0.1:7138] for GET '/session/5ad97dfb5cc8ee7bdc66ecb7503f8fc1/url'
13:09:16.100 [AsyncHttpClient-1-2] DEBUG org.asynchttpclient.netty.handler.HttpHandler - 

Request DefaultFullHttpRequest(decodeResult: success, version: HTTP/1.1, content: EmptyByteBufBE)
GET /session/5ad97dfb5cc8ee7bdc66ecb7503f8fc1/url HTTP/1.1
User-Agent: selenium/4.8.0 (java windows)
Cache-Control: no-cache
Content-Type: application/json; charset=utf-8
host: localhost:7138
accept: */*

Response DefaultHttpResponse(decodeResult: success, version: HTTP/1.1)
HTTP/1.1 200 OK
Content-Length: 75
Content-Type: application/json; charset=utf-8
cache-control: no-cache

13:09:16.100 [AsyncHttpClient-1-2] DEBUG org.asynchttpclient.netty.channel.ChannelManager - Adding key: http://localhost:7138 for channel [id: 0x4eddb369, L:/127.0.0.1:58747 - R:localhost/127.0.0.1:7138]
13:09:16.100 [Forwarding screenshot on session 5ad97dfb5cc8ee7bdc66ecb7503f8fc1 to remote] DEBUG org.asynchttpclient.netty.request.NettyRequestSender - Using pooled Channel '[id: 0x4eddb369, L:/127.0.0.1:58747 - R:localhost/127.0.0.1:7138]' for 'GET' to 'http://localhost:7138/session/5ad97dfb5cc8ee7bdc66ecb7503f8fc1/screenshot'
13:09:16.100 [Forwarding screenshot on session 5ad97dfb5cc8ee7bdc66ecb7503f8fc1 to remote] DEBUG org.asynchttpclient.netty.request.NettyRequestSender - Using open Channel [id: 0x4eddb369, L:/127.0.0.1:58747 - R:localhost/127.0.0.1:7138] for GET '/session/5ad97dfb5cc8ee7bdc66ecb7503f8fc1/screenshot'
13:09:16.186 [AsyncHttpClient-1-2] DEBUG org.asynchttpclient.netty.handler.HttpHandler - 

Request DefaultFullHttpRequest(decodeResult: success, version: HTTP/1.1, content: EmptyByteBufBE)
GET /session/5ad97dfb5cc8ee7bdc66ecb7503f8fc1/screenshot HTTP/1.1
User-Agent: selenium/4.8.0 (java windows)
Cache-Control: no-cache
Content-Type: application/json; charset=utf-8
host: localhost:7138
accept: */*

Response DefaultHttpResponse(decodeResult: success, version: HTTP/1.1)
HTTP/1.1 200 OK
Content-Length: 90132
Content-Type: application/json; charset=utf-8
cache-control: no-cache

13:09:16.186 [AsyncHttpClient-1-2] DEBUG org.asynchttpclient.netty.channel.ChannelManager - Adding key: http://localhost:7138 for channel [id: 0x4eddb369, L:/127.0.0.1:58747 - R:localhost/127.0.0.1:7138]
13:09:16.188 [main] DEBUG net.serenitybdd.core.photography.Darkroom - Send negative for processing for target\site\serenity\67bb43a197ec001783ccb19c1ba69b769d80327db76ec6b11688ce9e495fe4c9.png
13:09:16.188 [Darkroom Processing Line] DEBUG net.serenitybdd.core.photography.DarkroomProcessingLine - Processing screenshot image in /var/screenshots/screenshot-1842425457646536525
13:09:16.188 [Darkroom Processing Line] DEBUG net.serenitybdd.core.photography.DarkroomProcessingLine - Saving screenshot to target\site\serenity\67bb43a197ec001783ccb19c1ba69b769d80327db76ec6b11688ce9e495fe4c9.png
13:09:16.390 [main] DEBUG net.thucydides.core.steps.StepInterceptor - STEP DONE: {0} clicks on #locators
13:09:16.395 [Forwarding getAlertText on session 5ad97dfb5cc8ee7bdc66ecb7503f8fc1 to remote] DEBUG org.asynchttpclient.netty.request.NettyRequestSender - Using pooled Channel '[id: 0x4eddb369, L:/127.0.0.1:58747 - R:localhost/127.0.0.1:7138]' for 'GET' to 'http://localhost:7138/session/5ad97dfb5cc8ee7bdc66ecb7503f8fc1/alert/text'
13:09:16.395 [Forwarding getAlertText on session 5ad97dfb5cc8ee7bdc66ecb7503f8fc1 to remote] DEBUG org.asynchttpclient.netty.request.NettyRequestSender - Using open Channel [id: 0x4eddb369, L:/127.0.0.1:58747 - R:localhost/127.0.0.1:7138] for GET '/session/5ad97dfb5cc8ee7bdc66ecb7503f8fc1/alert/text'
13:09:16.398 [AsyncHttpClient-1-2] DEBUG org.asynchttpclient.netty.handler.HttpHandler - 

Request DefaultFullHttpRequest(decodeResult: success, version: HTTP/1.1, content: EmptyByteBufBE)
GET /session/5ad97dfb5cc8ee7bdc66ecb7503f8fc1/alert/text HTTP/1.1
User-Agent: selenium/4.8.0 (java windows)
Cache-Control: no-cache
Content-Type: application/json; charset=utf-8
host: localhost:7138
accept: */*

Response DefaultHttpResponse(decodeResult: success, version: HTTP/1.1)
HTTP/1.1 404 Not Found
Content-Length: 820
Content-Type: application/json; charset=utf-8
cache-control: no-cache

13:09:16.398 [AsyncHttpClient-1-2] DEBUG org.asynchttpclient.netty.channel.ChannelManager - Adding key: http://localhost:7138 for channel [id: 0x4eddb369, L:/127.0.0.1:58747 - R:localhost/127.0.0.1:7138]
13:09:16.399 [Forwarding getCurrentUrl on session 5ad97dfb5cc8ee7bdc66ecb7503f8fc1 to remote] DEBUG org.asynchttpclient.netty.request.NettyRequestSender - Using pooled Channel '[id: 0x4eddb369, L:/127.0.0.1:58747 - R:localhost/127.0.0.1:7138]' for 'GET' to 'http://localhost:7138/session/5ad97dfb5cc8ee7bdc66ecb7503f8fc1/url'
13:09:16.399 [Forwarding getCurrentUrl on session 5ad97dfb5cc8ee7bdc66ecb7503f8fc1 to remote] DEBUG org.asynchttpclient.netty.request.NettyRequestSender - Using open Channel [id: 0x4eddb369, L:/127.0.0.1:58747 - R:localhost/127.0.0.1:7138] for GET '/session/5ad97dfb5cc8ee7bdc66ecb7503f8fc1/url'
13:09:16.401 [AsyncHttpClient-1-2] DEBUG org.asynchttpclient.netty.handler.HttpHandler - 

Request DefaultFullHttpRequest(decodeResult: success, version: HTTP/1.1, content: EmptyByteBufBE)
GET /session/5ad97dfb5cc8ee7bdc66ecb7503f8fc1/url HTTP/1.1
User-Agent: selenium/4.8.0 (java windows)
Cache-Control: no-cache
Content-Type: application/json; charset=utf-8
host: localhost:7138
accept: */*

Response DefaultHttpResponse(decodeResult: success, version: HTTP/1.1)
HTTP/1.1 200 OK
Content-Length: 75
Content-Type: application/json; charset=utf-8
cache-control: no-cache

13:09:16.401 [AsyncHttpClient-1-2] DEBUG org.asynchttpclient.netty.channel.ChannelManager - Adding key: http://localhost:7138 for channel [id: 0x4eddb369, L:/127.0.0.1:58747 - R:localhost/127.0.0.1:7138]
13:09:16.402 [Forwarding screenshot on session 5ad97dfb5cc8ee7bdc66ecb7503f8fc1 to remote] DEBUG org.asynchttpclient.netty.request.NettyRequestSender - Using pooled Channel '[id: 0x4eddb369, L:/127.0.0.1:58747 - R:localhost/127.0.0.1:7138]' for 'GET' to 'http://localhost:7138/session/5ad97dfb5cc8ee7bdc66ecb7503f8fc1/screenshot'
13:09:16.402 [Forwarding screenshot on session 5ad97dfb5cc8ee7bdc66ecb7503f8fc1 to remote] DEBUG org.asynchttpclient.netty.request.NettyRequestSender - Using open Channel [id: 0x4eddb369, L:/127.0.0.1:58747 - R:localhost/127.0.0.1:7138] for GET '/session/5ad97dfb5cc8ee7bdc66ecb7503f8fc1/screenshot'
13:09:16.484 [AsyncHttpClient-1-2] DEBUG org.asynchttpclient.netty.handler.HttpHandler - 

Request DefaultFullHttpRequest(decodeResult: success, version: HTTP/1.1, content: EmptyByteBufBE)
GET /session/5ad97dfb5cc8ee7bdc66ecb7503f8fc1/screenshot HTTP/1.1
User-Agent: selenium/4.8.0 (java windows)
Cache-Control: no-cache
Content-Type: application/json; charset=utf-8
host: localhost:7138
accept: */*

Response DefaultHttpResponse(decodeResult: success, version: HTTP/1.1)
HTTP/1.1 200 OK
Content-Length: 88524
Content-Type: application/json; charset=utf-8
cache-control: no-cache

13:09:16.485 [AsyncHttpClient-1-2] DEBUG org.asynchttpclient.netty.channel.ChannelManager - Adding key: http://localhost:7138 for channel [id: 0x4eddb369, L:/127.0.0.1:58747 - R:localhost/127.0.0.1:7138]
13:09:16.487 [main] DEBUG net.serenitybdd.core.photography.Darkroom - Send negative for processing for target\site\serenity\4bad70b02dbdedd92916f681c916446d83393e7d06306e6533811938863c94b5.png
13:09:16.487 [Darkroom Processing Line] DEBUG net.serenitybdd.core.photography.DarkroomProcessingLine - Processing screenshot image in /var/screenshots/screenshot-4869958111198612007
13:09:16.487 [Darkroom Processing Line] DEBUG net.serenitybdd.core.photography.DarkroomProcessingLine - Saving screenshot to target\site\serenity\4bad70b02dbdedd92916f681c916446d83393e7d06306e6533811938863c94b5.png
13:09:16.645 [AsyncHttpClient-1-1] DEBUG org.asynchttpclient.netty.channel.DefaultChannelPool - Entry count for : http://localhost:7138 : 1
13:09:16.645 [AsyncHttpClient-1-1] DEBUG org.asynchttpclient.netty.channel.DefaultChannelPool - Entry count for : http://localhost:58748 : 1
13:09:16.702 [main] DEBUG net.thucydides.core.steps.StepInterceptor - STEP DONE: !#title
  &amp#27;[32mWhen &amp#27;[0m&amp#27;[32mshe fills checkout form with &amp#27;[0m&amp#27;[32m&amp#27;[1m"Diana"&amp#27;[0m&amp#27;[32m, &amp#27;[0m&amp#27;[32m&amp#27;[1m"Obregon"&amp#27;[0m&amp#27;[32m, &amp#27;[0m&amp#27;[32m&amp#27;[1m"diana@hotmail.com"&amp#27;[0m&amp#27;[32m, &amp#27;[0m&amp#27;[32m&amp#27;[1m"0987654321"&amp#27;[0m&amp#27;[32m, &amp#27;[0m&amp#27;[32m&amp#27;[1m"MARIA AUXILIADORA"&amp#27;[0m&amp#27;[32m, &amp#27;[0m&amp#27;[32m&amp#27;[1m"CUENCA"&amp#27;[0m&amp#27;[32m, &amp#27;[0m&amp#27;[32m&amp#27;[1m"010203"&amp#27;[0m&amp#27;[32m, &amp#27;[0m&amp#27;[32m&amp#27;[1m"Ecuador"&amp#27;[0m&amp#27;[32m, &amp#27;[0m&amp#27;[32m&amp#27;[1m"Azuay"&amp#27;[0m &amp#27;[90m# io.cucumber.skeleton.stepdefinitions.OpenCartStepDefinition.fillCheckoutForm(java.lang.String,java.lang.String,java.lang.String,java.lang.String,java.lang.String,java.lang.String,java.lang.String,java.lang.String,java.lang.String)&amp#27;[0m
13:09:16.706 [Forwarding getAlertText on session 5ad97dfb5cc8ee7bdc66ecb7503f8fc1 to remote] DEBUG org.asynchttpclient.netty.request.NettyRequestSender - Using pooled Channel '[id: 0x4eddb369, L:/127.0.0.1:58747 - R:localhost/127.0.0.1:7138]' for 'GET' to 'http://localhost:7138/session/5ad97dfb5cc8ee7bdc66ecb7503f8fc1/alert/text'
13:09:16.706 [Forwarding getAlertText on session 5ad97dfb5cc8ee7bdc66ecb7503f8fc1 to remote] DEBUG org.asynchttpclient.netty.request.NettyRequestSender - Using open Channel [id: 0x4eddb369, L:/127.0.0.1:58747 - R:localhost/127.0.0.1:7138] for GET '/session/5ad97dfb5cc8ee7bdc66ecb7503f8fc1/alert/text'
13:09:16.708 [AsyncHttpClient-1-2] DEBUG org.asynchttpclient.netty.handler.HttpHandler - 

Request DefaultFullHttpRequest(decodeResult: success, version: HTTP/1.1, content: EmptyByteBufBE)
GET /session/5ad97dfb5cc8ee7bdc66ecb7503f8fc1/alert/text HTTP/1.1
User-Agent: selenium/4.8.0 (java windows)
Cache-Control: no-cache
Content-Type: application/json; charset=utf-8
host: localhost:7138
accept: */*

Response DefaultHttpResponse(decodeResult: success, version: HTTP/1.1)
HTTP/1.1 404 Not Found
Content-Length: 820
Content-Type: application/json; charset=utf-8
cache-control: no-cache

13:09:16.708 [AsyncHttpClient-1-2] DEBUG org.asynchttpclient.netty.channel.ChannelManager - Adding key: http://localhost:7138 for channel [id: 0x4eddb369, L:/127.0.0.1:58747 - R:localhost/127.0.0.1:7138]
13:09:16.709 [Forwarding getCurrentUrl on session 5ad97dfb5cc8ee7bdc66ecb7503f8fc1 to remote] DEBUG org.asynchttpclient.netty.request.NettyRequestSender - Using pooled Channel '[id: 0x4eddb369, L:/127.0.0.1:58747 - R:localhost/127.0.0.1:7138]' for 'GET' to 'http://localhost:7138/session/5ad97dfb5cc8ee7bdc66ecb7503f8fc1/url'
13:09:16.709 [Forwarding getCurrentUrl on session 5ad97dfb5cc8ee7bdc66ecb7503f8fc1 to remote] DEBUG org.asynchttpclient.netty.request.NettyRequestSender - Using open Channel [id: 0x4eddb369, L:/127.0.0.1:58747 - R:localhost/127.0.0.1:7138] for GET '/session/5ad97dfb5cc8ee7bdc66ecb7503f8fc1/url'
13:09:16.713 [AsyncHttpClient-1-2] DEBUG org.asynchttpclient.netty.handler.HttpHandler - 

Request DefaultFullHttpRequest(decodeResult: success, version: HTTP/1.1, content: EmptyByteBufBE)
GET /session/5ad97dfb5cc8ee7bdc66ecb7503f8fc1/url HTTP/1.1
User-Agent: selenium/4.8.0 (java windows)
Cache-Control: no-cache
Content-Type: application/json; charset=utf-8
host: localhost:7138
accept: */*

Response DefaultHttpResponse(decodeResult: success, version: HTTP/1.1)
HTTP/1.1 200 OK
Content-Length: 75
Content-Type: application/json; charset=utf-8
cache-control: no-cache

13:09:16.713 [AsyncHttpClient-1-2] DEBUG org.asynchttpclient.netty.channel.ChannelManager - Adding key: http://localhost:7138 for channel [id: 0x4eddb369, L:/127.0.0.1:58747 - R:localhost/127.0.0.1:7138]
13:09:16.714 [Forwarding screenshot on session 5ad97dfb5cc8ee7bdc66ecb7503f8fc1 to remote] DEBUG org.asynchttpclient.netty.request.NettyRequestSender - Using pooled Channel '[id: 0x4eddb369, L:/127.0.0.1:58747 - R:localhost/127.0.0.1:7138]' for 'GET' to 'http://localhost:7138/session/5ad97dfb5cc8ee7bdc66ecb7503f8fc1/screenshot'
13:09:16.714 [Forwarding screenshot on session 5ad97dfb5cc8ee7bdc66ecb7503f8fc1 to remote] DEBUG org.asynchttpclient.netty.request.NettyRequestSender - Using open Channel [id: 0x4eddb369, L:/127.0.0.1:58747 - R:localhost/127.0.0.1:7138] for GET '/session/5ad97dfb5cc8ee7bdc66ecb7503f8fc1/screenshot'
13:09:16.824 [AsyncHttpClient-1-2] DEBUG org.asynchttpclient.netty.handler.HttpHandler - 

Request DefaultFullHttpRequest(decodeResult: success, version: HTTP/1.1, content: EmptyByteBufBE)
GET /session/5ad97dfb5cc8ee7bdc66ecb7503f8fc1/screenshot HTTP/1.1
User-Agent: selenium/4.8.0 (java windows)
Cache-Control: no-cache
Content-Type: application/json; charset=utf-8
host: localhost:7138
accept: */*

Response DefaultHttpResponse(decodeResult: success, version: HTTP/1.1)
HTTP/1.1 200 OK
Content-Length: 88548
Content-Type: application/json; charset=utf-8
cache-control: no-cache

13:09:16.824 [AsyncHttpClient-1-2] DEBUG org.asynchttpclient.netty.channel.ChannelManager - Adding key: http://localhost:7138 for channel [id: 0x4eddb369, L:/127.0.0.1:58747 - R:localhost/127.0.0.1:7138]
13:09:16.826 [main] DEBUG net.serenitybdd.core.photography.Darkroom - Send negative for processing for target\site\serenity\cf56323a2a3449b7488d0ed6a4d895c061109470baab4f09f9da4a310ed65b93.png
13:09:16.827 [Darkroom Processing Line] DEBUG net.serenitybdd.core.photography.DarkroomProcessingLine - Processing screenshot image in /var/screenshots/screenshot-3284743638347061618
13:09:16.827 [Darkroom Processing Line] DEBUG net.serenitybdd.core.photography.DarkroomProcessingLine - Saving screenshot to target\site\serenity\cf56323a2a3449b7488d0ed6a4d895c061109470baab4f09f9da4a310ed65b93.png
13:09:17.034 [Forwarding getAlertText on session 5ad97dfb5cc8ee7bdc66ecb7503f8fc1 to remote] DEBUG org.asynchttpclient.netty.request.NettyRequestSender - Using pooled Channel '[id: 0x4eddb369, L:/127.0.0.1:58747 - R:localhost/127.0.0.1:7138]' for 'GET' to 'http://localhost:7138/session/5ad97dfb5cc8ee7bdc66ecb7503f8fc1/alert/text'
13:09:17.034 [Forwarding getAlertText on session 5ad97dfb5cc8ee7bdc66ecb7503f8fc1 to remote] DEBUG org.asynchttpclient.netty.request.NettyRequestSender - Using open Channel [id: 0x4eddb369, L:/127.0.0.1:58747 - R:localhost/127.0.0.1:7138] for GET '/session/5ad97dfb5cc8ee7bdc66ecb7503f8fc1/alert/text'
13:09:17.036 [AsyncHttpClient-1-2] DEBUG org.asynchttpclient.netty.handler.HttpHandler - 

Request DefaultFullHttpRequest(decodeResult: success, version: HTTP/1.1, content: EmptyByteBufBE)
GET /session/5ad97dfb5cc8ee7bdc66ecb7503f8fc1/alert/text HTTP/1.1
User-Agent: selenium/4.8.0 (java windows)
Cache-Control: no-cache
Content-Type: application/json; charset=utf-8
host: localhost:7138
accept: */*

Response DefaultHttpResponse(decodeResult: success, version: HTTP/1.1)
HTTP/1.1 404 Not Found
Content-Length: 820
Content-Type: application/json; charset=utf-8
cache-control: no-cache

13:09:17.036 [AsyncHttpClient-1-2] DEBUG org.asynchttpclient.netty.channel.ChannelManager - Adding key: http://localhost:7138 for channel [id: 0x4eddb369, L:/127.0.0.1:58747 - R:localhost/127.0.0.1:7138]
13:09:17.036 [Forwarding getCurrentUrl on session 5ad97dfb5cc8ee7bdc66ecb7503f8fc1 to remote] DEBUG org.asynchttpclient.netty.request.NettyRequestSender - Using pooled Channel '[id: 0x4eddb369, L:/127.0.0.1:58747 - R:localhost/127.0.0.1:7138]' for 'GET' to 'http://localhost:7138/session/5ad97dfb5cc8ee7bdc66ecb7503f8fc1/url'
13:09:17.036 [Forwarding getCurrentUrl on session 5ad97dfb5cc8ee7bdc66ecb7503f8fc1 to remote] DEBUG org.asynchttpclient.netty.request.NettyRequestSender - Using open Channel [id: 0x4eddb369, L:/127.0.0.1:58747 - R:localhost/127.0.0.1:7138] for GET '/session/5ad97dfb5cc8ee7bdc66ecb7503f8fc1/url'
13:09:17.039 [AsyncHttpClient-1-2] DEBUG org.asynchttpclient.netty.handler.HttpHandler - 

Request DefaultFullHttpRequest(decodeResult: success, version: HTTP/1.1, content: EmptyByteBufBE)
GET /session/5ad97dfb5cc8ee7bdc66ecb7503f8fc1/url HTTP/1.1
User-Agent: selenium/4.8.0 (java windows)
Cache-Control: no-cache
Content-Type: application/json; charset=utf-8
host: localhost:7138
accept: */*

Response DefaultHttpResponse(decodeResult: success, version: HTTP/1.1)
HTTP/1.1 200 OK
Content-Length: 75
Content-Type: application/json; charset=utf-8
cache-control: no-cache

13:09:17.039 [AsyncHttpClient-1-2] DEBUG org.asynchttpclient.netty.channel.ChannelManager - Adding key: http://localhost:7138 for channel [id: 0x4eddb369, L:/127.0.0.1:58747 - R:localhost/127.0.0.1:7138]
13:09:17.039 [Forwarding screenshot on session 5ad97dfb5cc8ee7bdc66ecb7503f8fc1 to remote] DEBUG org.asynchttpclient.netty.request.NettyRequestSender - Using pooled Channel '[id: 0x4eddb369, L:/127.0.0.1:58747 - R:localhost/127.0.0.1:7138]' for 'GET' to 'http://localhost:7138/session/5ad97dfb5cc8ee7bdc66ecb7503f8fc1/screenshot'
13:09:17.039 [Forwarding screenshot on session 5ad97dfb5cc8ee7bdc66ecb7503f8fc1 to remote] DEBUG org.asynchttpclient.netty.request.NettyRequestSender - Using open Channel [id: 0x4eddb369, L:/127.0.0.1:58747 - R:localhost/127.0.0.1:7138] for GET '/session/5ad97dfb5cc8ee7bdc66ecb7503f8fc1/screenshot'
13:09:17.119 [AsyncHttpClient-1-2] DEBUG org.asynchttpclient.netty.handler.HttpHandler - 

Request DefaultFullHttpRequest(decodeResult: success, version: HTTP/1.1, content: EmptyByteBufBE)
GET /session/5ad97dfb5cc8ee7bdc66ecb7503f8fc1/screenshot HTTP/1.1
User-Agent: selenium/4.8.0 (java windows)
Cache-Control: no-cache
Content-Type: application/json; charset=utf-8
host: localhost:7138
accept: */*

Response DefaultHttpResponse(decodeResult: success, version: HTTP/1.1)
HTTP/1.1 200 OK
Content-Length: 88608
Content-Type: application/json; charset=utf-8
cache-control: no-cache

13:09:17.119 [AsyncHttpClient-1-2] DEBUG org.asynchttpclient.netty.channel.ChannelManager - Adding key: http://localhost:7138 for channel [id: 0x4eddb369, L:/127.0.0.1:58747 - R:localhost/127.0.0.1:7138]
13:09:17.121 [main] DEBUG net.serenitybdd.core.photography.Darkroom - Send negative for processing for target\site\serenity\e30ac309fcb8eefa263f409647e837db5e681c20796e60c7797a15f7e2fe56d1.png
13:09:17.121 [Darkroom Processing Line] DEBUG net.serenitybdd.core.photography.DarkroomProcessingLine - Processing screenshot image in /var/screenshots/screenshot-152663807448385201
13:09:17.121 [Darkroom Processing Line] DEBUG net.serenitybdd.core.photography.DarkroomProcessingLine - Saving screenshot to target\site\serenity\e30ac309fcb8eefa263f409647e837db5e681c20796e60c7797a15f7e2fe56d1.png
13:09:17.122 [Forwarding getPageSource on session 5ad97dfb5cc8ee7bdc66ecb7503f8fc1 to remote] DEBUG org.asynchttpclient.netty.request.NettyRequestSender - Using pooled Channel '[id: 0x4eddb369, L:/127.0.0.1:58747 - R:localhost/127.0.0.1:7138]' for 'POST' to 'http://localhost:7138/session/5ad97dfb5cc8ee7bdc66ecb7503f8fc1/execute/sync'
13:09:17.122 [Forwarding getPageSource on session 5ad97dfb5cc8ee7bdc66ecb7503f8fc1 to remote] DEBUG org.asynchttpclient.netty.request.NettyRequestSender - Using open Channel [id: 0x4eddb369, L:/127.0.0.1:58747 - R:localhost/127.0.0.1:7138] for POST '/session/5ad97dfb5cc8ee7bdc66ecb7503f8fc1/execute/sync'
13:09:17.131 [AsyncHttpClient-1-2] DEBUG org.asynchttpclient.netty.handler.HttpHandler - 

Request DefaultHttpRequest(decodeResult: success, version: HTTP/1.1)
POST /session/5ad97dfb5cc8ee7bdc66ecb7503f8fc1/execute/sync HTTP/1.1
User-Agent: selenium/4.8.0 (java windows)
Content-Length: 176
Content-Type: application/json; charset=utf-8
host: localhost:7138
accept: */*

Response DefaultHttpResponse(decodeResult: success, version: HTTP/1.1)
HTTP/1.1 200 OK
Content-Length: 136640
Content-Type: application/json; charset=utf-8
cache-control: no-cache

13:09:17.132 [AsyncHttpClient-1-2] DEBUG org.asynchttpclient.netty.channel.ChannelManager - Adding key: http://localhost:7138 for channel [id: 0x4eddb369, L:/127.0.0.1:58747 - R:localhost/127.0.0.1:7138]
13:09:17.137 [Forwarding getCurrentUrl on session 5ad97dfb5cc8ee7bdc66ecb7503f8fc1 to remote] DEBUG org.asynchttpclient.netty.request.NettyRequestSender - Using pooled Channel '[id: 0x4eddb369, L:/127.0.0.1:58747 - R:localhost/127.0.0.1:7138]' for 'GET' to 'http://localhost:7138/session/5ad97dfb5cc8ee7bdc66ecb7503f8fc1/url'
13:09:17.137 [Forwarding getCurrentUrl on session 5ad97dfb5cc8ee7bdc66ecb7503f8fc1 to remote] DEBUG org.asynchttpclient.netty.request.NettyRequestSender - Using open Channel [id: 0x4eddb369, L:/127.0.0.1:58747 - R:localhost/127.0.0.1:7138] for GET '/session/5ad97dfb5cc8ee7bdc66ecb7503f8fc1/url'
13:09:17.139 [AsyncHttpClient-1-2] DEBUG org.asynchttpclient.netty.handler.HttpHandler - 

Request DefaultFullHttpRequest(decodeResult: success, version: HTTP/1.1, content: EmptyByteBufBE)
GET /session/5ad97dfb5cc8ee7bdc66ecb7503f8fc1/url HTTP/1.1
User-Agent: selenium/4.8.0 (java windows)
Cache-Control: no-cache
Content-Type: application/json; charset=utf-8
host: localhost:7138
accept: */*

Response DefaultHttpResponse(decodeResult: success, version: HTTP/1.1)
HTTP/1.1 200 OK
Content-Length: 75
Content-Type: application/json; charset=utf-8
cache-control: no-cache

13:09:17.139 [AsyncHttpClient-1-2] DEBUG org.asynchttpclient.netty.channel.ChannelManager - Adding key: http://localhost:7138 for channel [id: 0x4eddb369, L:/127.0.0.1:58747 - R:localhost/127.0.0.1:7138]
13:09:17.146 [Forwarding getPageSource on session 5ad97dfb5cc8ee7bdc66ecb7503f8fc1 to remote] DEBUG org.asynchttpclient.netty.request.NettyRequestSender - Using pooled Channel '[id: 0x4eddb369, L:/127.0.0.1:58747 - R:localhost/127.0.0.1:7138]' for 'POST' to 'http://localhost:7138/session/5ad97dfb5cc8ee7bdc66ecb7503f8fc1/execute/sync'
13:09:17.146 [Forwarding getPageSource on session 5ad97dfb5cc8ee7bdc66ecb7503f8fc1 to remote] DEBUG org.asynchttpclient.netty.request.NettyRequestSender - Using open Channel [id: 0x4eddb369, L:/127.0.0.1:58747 - R:localhost/127.0.0.1:7138] for POST '/session/5ad97dfb5cc8ee7bdc66ecb7503f8fc1/execute/sync'
13:09:17.155 [AsyncHttpClient-1-2] DEBUG org.asynchttpclient.netty.handler.HttpHandler - 

Request DefaultHttpRequest(decodeResult: success, version: HTTP/1.1)
POST /session/5ad97dfb5cc8ee7bdc66ecb7503f8fc1/execute/sync HTTP/1.1
User-Agent: selenium/4.8.0 (java windows)
Content-Length: 176
Content-Type: application/json; charset=utf-8
host: localhost:7138
accept: */*

Response DefaultHttpResponse(decodeResult: success, version: HTTP/1.1)
HTTP/1.1 200 OK
Content-Length: 136640
Content-Type: application/json; charset=utf-8
cache-control: no-cache

13:09:17.155 [AsyncHttpClient-1-2] DEBUG org.asynchttpclient.netty.channel.ChannelManager - Adding key: http://localhost:7138 for channel [id: 0x4eddb369, L:/127.0.0.1:58747 - R:localhost/127.0.0.1:7138]
13:09:17.161 [Forwarding getCurrentUrl on session 5ad97dfb5cc8ee7bdc66ecb7503f8fc1 to remote] DEBUG org.asynchttpclient.netty.request.NettyRequestSender - Using pooled Channel '[id: 0x4eddb369, L:/127.0.0.1:58747 - R:localhost/127.0.0.1:7138]' for 'GET' to 'http://localhost:7138/session/5ad97dfb5cc8ee7bdc66ecb7503f8fc1/url'
13:09:17.161 [Forwarding getCurrentUrl on session 5ad97dfb5cc8ee7bdc66ecb7503f8fc1 to remote] DEBUG org.asynchttpclient.netty.request.NettyRequestSender - Using open Channel [id: 0x4eddb369, L:/127.0.0.1:58747 - R:localhost/127.0.0.1:7138] for GET '/session/5ad97dfb5cc8ee7bdc66ecb7503f8fc1/url'
13:09:17.163 [AsyncHttpClient-1-2] DEBUG org.asynchttpclient.netty.handler.HttpHandler - 

Request DefaultFullHttpRequest(decodeResult: success, version: HTTP/1.1, content: EmptyByteBufBE)
GET /session/5ad97dfb5cc8ee7bdc66ecb7503f8fc1/url HTTP/1.1
User-Agent: selenium/4.8.0 (java windows)
Cache-Control: no-cache
Content-Type: application/json; charset=utf-8
host: localhost:7138
accept: */*

Response DefaultHttpResponse(decodeResult: success, version: HTTP/1.1)
HTTP/1.1 200 OK
Content-Length: 75
Content-Type: application/json; charset=utf-8
cache-control: no-cache

13:09:17.163 [AsyncHttpClient-1-2] DEBUG org.asynchttpclient.netty.channel.ChannelManager - Adding key: http://localhost:7138 for channel [id: 0x4eddb369, L:/127.0.0.1:58747 - R:localhost/127.0.0.1:7138]
13:09:17.164 [main] DEBUG net.thucydides.core.steps.StepInterceptor - STARTING STEP: OpenCartStepDefinition.sheClickOnContinueButton - !#title
13:09:17.168 [Forwarding getPageSource on session 5ad97dfb5cc8ee7bdc66ecb7503f8fc1 to remote] DEBUG org.asynchttpclient.netty.request.NettyRequestSender - Using pooled Channel '[id: 0x4eddb369, L:/127.0.0.1:58747 - R:localhost/127.0.0.1:7138]' for 'POST' to 'http://localhost:7138/session/5ad97dfb5cc8ee7bdc66ecb7503f8fc1/execute/sync'
13:09:17.168 [Forwarding getPageSource on session 5ad97dfb5cc8ee7bdc66ecb7503f8fc1 to remote] DEBUG org.asynchttpclient.netty.request.NettyRequestSender - Using open Channel [id: 0x4eddb369, L:/127.0.0.1:58747 - R:localhost/127.0.0.1:7138] for POST '/session/5ad97dfb5cc8ee7bdc66ecb7503f8fc1/execute/sync'
13:09:17.176 [AsyncHttpClient-1-2] DEBUG org.asynchttpclient.netty.handler.HttpHandler - 

Request DefaultHttpRequest(decodeResult: success, version: HTTP/1.1)
POST /session/5ad97dfb5cc8ee7bdc66ecb7503f8fc1/execute/sync HTTP/1.1
User-Agent: selenium/4.8.0 (java windows)
Content-Length: 176
Content-Type: application/json; charset=utf-8
host: localhost:7138
accept: */*

Response DefaultHttpResponse(decodeResult: success, version: HTTP/1.1)
HTTP/1.1 200 OK
Content-Length: 136640
Content-Type: application/json; charset=utf-8
cache-control: no-cache

13:09:17.176 [AsyncHttpClient-1-2] DEBUG org.asynchttpclient.netty.channel.ChannelManager - Adding key: http://localhost:7138 for channel [id: 0x4eddb369, L:/127.0.0.1:58747 - R:localhost/127.0.0.1:7138]
13:09:17.182 [Forwarding getCurrentUrl on session 5ad97dfb5cc8ee7bdc66ecb7503f8fc1 to remote] DEBUG org.asynchttpclient.netty.request.NettyRequestSender - Using pooled Channel '[id: 0x4eddb369, L:/127.0.0.1:58747 - R:localhost/127.0.0.1:7138]' for 'GET' to 'http://localhost:7138/session/5ad97dfb5cc8ee7bdc66ecb7503f8fc1/url'
13:09:17.182 [Forwarding getCurrentUrl on session 5ad97dfb5cc8ee7bdc66ecb7503f8fc1 to remote] DEBUG org.asynchttpclient.netty.request.NettyRequestSender - Using open Channel [id: 0x4eddb369, L:/127.0.0.1:58747 - R:localhost/127.0.0.1:7138] for GET '/session/5ad97dfb5cc8ee7bdc66ecb7503f8fc1/url'
13:09:17.184 [AsyncHttpClient-1-2] DEBUG org.asynchttpclient.netty.handler.HttpHandler - 

Request DefaultFullHttpRequest(decodeResult: success, version: HTTP/1.1, content: EmptyByteBufBE)
GET /session/5ad97dfb5cc8ee7bdc66ecb7503f8fc1/url HTTP/1.1
User-Agent: selenium/4.8.0 (java windows)
Cache-Control: no-cache
Content-Type: application/json; charset=utf-8
host: localhost:7138
accept: */*

Response DefaultHttpResponse(decodeResult: success, version: HTTP/1.1)
HTTP/1.1 200 OK
Content-Length: 75
Content-Type: application/json; charset=utf-8
cache-control: no-cache

13:09:17.184 [AsyncHttpClient-1-2] DEBUG org.asynchttpclient.netty.channel.ChannelManager - Adding key: http://localhost:7138 for channel [id: 0x4eddb369, L:/127.0.0.1:58747 - R:localhost/127.0.0.1:7138]
13:09:17.186 [main] DEBUG net.thucydides.core.steps.StepInterceptor - STARTING STEP: OpenCartStepDefinition.sheClickOnContinueButton - {0} clicks on #locators
13:09:17.187 [Forwarding findElement on session 5ad97dfb5cc8ee7bdc66ecb7503f8fc1 to remote] DEBUG org.asynchttpclient.netty.request.NettyRequestSender - Using pooled Channel '[id: 0x4eddb369, L:/127.0.0.1:58747 - R:localhost/127.0.0.1:7138]' for 'POST' to 'http://localhost:7138/session/5ad97dfb5cc8ee7bdc66ecb7503f8fc1/element'
13:09:17.187 [Forwarding findElement on session 5ad97dfb5cc8ee7bdc66ecb7503f8fc1 to remote] DEBUG org.asynchttpclient.netty.request.NettyRequestSender - Using open Channel [id: 0x4eddb369, L:/127.0.0.1:58747 - R:localhost/127.0.0.1:7138] for POST '/session/5ad97dfb5cc8ee7bdc66ecb7503f8fc1/element'
13:09:17.193 [AsyncHttpClient-1-2] DEBUG org.asynchttpclient.netty.handler.HttpHandler - 

Request DefaultHttpRequest(decodeResult: success, version: HTTP/1.1)
POST /session/5ad97dfb5cc8ee7bdc66ecb7503f8fc1/element HTTP/1.1
User-Agent: selenium/4.8.0 (java windows)
Content-Length: 84
Content-Type: application/json; charset=utf-8
host: localhost:7138
accept: */*

Response DefaultHttpResponse(decodeResult: success, version: HTTP/1.1)
HTTP/1.1 200 OK
Content-Length: 95
Content-Type: application/json; charset=utf-8
cache-control: no-cache

13:09:17.193 [AsyncHttpClient-1-2] DEBUG org.asynchttpclient.netty.channel.ChannelManager - Adding key: http://localhost:7138 for channel [id: 0x4eddb369, L:/127.0.0.1:58747 - R:localhost/127.0.0.1:7138]
13:09:17.195 [Forwarding isElementDisplayed on session 5ad97dfb5cc8ee7bdc66ecb7503f8fc1 to remote] DEBUG org.asynchttpclient.netty.request.NettyRequestSender - Using pooled Channel '[id: 0x4eddb369, L:/127.0.0.1:58747 - R:localhost/127.0.0.1:7138]' for 'POST' to 'http://localhost:7138/session/5ad97dfb5cc8ee7bdc66ecb7503f8fc1/execute/sync'
13:09:17.195 [Forwarding isElementDisplayed on session 5ad97dfb5cc8ee7bdc66ecb7503f8fc1 to remote] DEBUG org.asynchttpclient.netty.request.NettyRequestSender - Using open Channel [id: 0x4eddb369, L:/127.0.0.1:58747 - R:localhost/127.0.0.1:7138] for POST '/session/5ad97dfb5cc8ee7bdc66ecb7503f8fc1/execute/sync'
13:09:17.200 [AsyncHttpClient-1-2] DEBUG org.asynchttpclient.netty.handler.HttpHandler - 

Request DefaultHttpRequest(decodeResult: success, version: HTTP/1.1)
POST /session/5ad97dfb5cc8ee7bdc66ecb7503f8fc1/execute/sync HTTP/1.1
User-Agent: selenium/4.8.0 (java windows)
Content-Length: 48814
Content-Type: application/json; charset=utf-8
host: localhost:7138
accept: */*

Response DefaultHttpResponse(decodeResult: success, version: HTTP/1.1)
HTTP/1.1 200 OK
Content-Length: 14
Content-Type: application/json; charset=utf-8
cache-control: no-cache

13:09:17.200 [AsyncHttpClient-1-2] DEBUG org.asynchttpclient.netty.channel.ChannelManager - Adding key: http://localhost:7138 for channel [id: 0x4eddb369, L:/127.0.0.1:58747 - R:localhost/127.0.0.1:7138]
13:09:17.203 [Forwarding isElementDisplayed on session 5ad97dfb5cc8ee7bdc66ecb7503f8fc1 to remote] DEBUG org.asynchttpclient.netty.request.NettyRequestSender - Using pooled Channel '[id: 0x4eddb369, L:/127.0.0.1:58747 - R:localhost/127.0.0.1:7138]' for 'POST' to 'http://localhost:7138/session/5ad97dfb5cc8ee7bdc66ecb7503f8fc1/execute/sync'
13:09:17.203 [Forwarding isElementDisplayed on session 5ad97dfb5cc8ee7bdc66ecb7503f8fc1 to remote] DEBUG org.asynchttpclient.netty.request.NettyRequestSender - Using open Channel [id: 0x4eddb369, L:/127.0.0.1:58747 - R:localhost/127.0.0.1:7138] for POST '/session/5ad97dfb5cc8ee7bdc66ecb7503f8fc1/execute/sync'
13:09:17.207 [AsyncHttpClient-1-2] DEBUG org.asynchttpclient.netty.handler.HttpHandler - 

Request DefaultHttpRequest(decodeResult: success, version: HTTP/1.1)
POST /session/5ad97dfb5cc8ee7bdc66ecb7503f8fc1/execute/sync HTTP/1.1
User-Agent: selenium/4.8.0 (java windows)
Content-Length: 48814
Content-Type: application/json; charset=utf-8
host: localhost:7138
accept: */*

Response DefaultHttpResponse(decodeResult: success, version: HTTP/1.1)
HTTP/1.1 200 OK
Content-Length: 14
Content-Type: application/json; charset=utf-8
cache-control: no-cache

13:09:17.207 [AsyncHttpClient-1-2] DEBUG org.asynchttpclient.netty.channel.ChannelManager - Adding key: http://localhost:7138 for channel [id: 0x4eddb369, L:/127.0.0.1:58747 - R:localhost/127.0.0.1:7138]
13:09:17.208 [Forwarding clickElement on session 5ad97dfb5cc8ee7bdc66ecb7503f8fc1 to remote] DEBUG org.asynchttpclient.netty.request.NettyRequestSender - Using pooled Channel '[id: 0x4eddb369, L:/127.0.0.1:58747 - R:localhost/127.0.0.1:7138]' for 'POST' to 'http://localhost:7138/session/5ad97dfb5cc8ee7bdc66ecb7503f8fc1/element/755A7524A69BA6EEB3A8EFDB3A26A04F_element_94/click'
13:09:17.208 [Forwarding clickElement on session 5ad97dfb5cc8ee7bdc66ecb7503f8fc1 to remote] DEBUG org.asynchttpclient.netty.request.NettyRequestSender - Using open Channel [id: 0x4eddb369, L:/127.0.0.1:58747 - R:localhost/127.0.0.1:7138] for POST '/session/5ad97dfb5cc8ee7bdc66ecb7503f8fc1/element/755A7524A69BA6EEB3A8EFDB3A26A04F_element_94/click'
13:09:17.226 [AsyncHttpClient-1-2] DEBUG org.asynchttpclient.netty.handler.HttpHandler - 

Request DefaultHttpRequest(decodeResult: success, version: HTTP/1.1)
POST /session/5ad97dfb5cc8ee7bdc66ecb7503f8fc1/element/755A7524A69BA6EEB3A8EFDB3A26A04F_element_94/click HTTP/1.1
User-Agent: selenium/4.8.0 (java windows)
Content-Length: 57
Content-Type: application/json; charset=utf-8
host: localhost:7138
accept: */*

Response DefaultHttpResponse(decodeResult: success, version: HTTP/1.1)
HTTP/1.1 200 OK
Content-Length: 14
Content-Type: application/json; charset=utf-8
cache-control: no-cache

13:09:17.226 [AsyncHttpClient-1-2] DEBUG org.asynchttpclient.netty.channel.ChannelManager - Adding key: http://localhost:7138 for channel [id: 0x4eddb369, L:/127.0.0.1:58747 - R:localhost/127.0.0.1:7138]
13:09:17.231 [Forwarding getAlertText on session 5ad97dfb5cc8ee7bdc66ecb7503f8fc1 to remote] DEBUG org.asynchttpclient.netty.request.NettyRequestSender - Using pooled Channel '[id: 0x4eddb369, L:/127.0.0.1:58747 - R:localhost/127.0.0.1:7138]' for 'GET' to 'http://localhost:7138/session/5ad97dfb5cc8ee7bdc66ecb7503f8fc1/alert/text'
13:09:17.231 [Forwarding getAlertText on session 5ad97dfb5cc8ee7bdc66ecb7503f8fc1 to remote] DEBUG org.asynchttpclient.netty.request.NettyRequestSender - Using open Channel [id: 0x4eddb369, L:/127.0.0.1:58747 - R:localhost/127.0.0.1:7138] for GET '/session/5ad97dfb5cc8ee7bdc66ecb7503f8fc1/alert/text'
13:09:17.232 [AsyncHttpClient-1-2] DEBUG org.asynchttpclient.netty.handler.HttpHandler - 

Request DefaultFullHttpRequest(decodeResult: success, version: HTTP/1.1, content: EmptyByteBufBE)
GET /session/5ad97dfb5cc8ee7bdc66ecb7503f8fc1/alert/text HTTP/1.1
User-Agent: selenium/4.8.0 (java windows)
Cache-Control: no-cache
Content-Type: application/json; charset=utf-8
host: localhost:7138
accept: */*

Response DefaultHttpResponse(decodeResult: success, version: HTTP/1.1)
HTTP/1.1 404 Not Found
Content-Length: 820
Content-Type: application/json; charset=utf-8
cache-control: no-cache

13:09:17.232 [AsyncHttpClient-1-2] DEBUG org.asynchttpclient.netty.channel.ChannelManager - Adding key: http://localhost:7138 for channel [id: 0x4eddb369, L:/127.0.0.1:58747 - R:localhost/127.0.0.1:7138]
13:09:17.232 [Forwarding getCurrentUrl on session 5ad97dfb5cc8ee7bdc66ecb7503f8fc1 to remote] DEBUG org.asynchttpclient.netty.request.NettyRequestSender - Using pooled Channel '[id: 0x4eddb369, L:/127.0.0.1:58747 - R:localhost/127.0.0.1:7138]' for 'GET' to 'http://localhost:7138/session/5ad97dfb5cc8ee7bdc66ecb7503f8fc1/url'
13:09:17.232 [Forwarding getCurrentUrl on session 5ad97dfb5cc8ee7bdc66ecb7503f8fc1 to remote] DEBUG org.asynchttpclient.netty.request.NettyRequestSender - Using open Channel [id: 0x4eddb369, L:/127.0.0.1:58747 - R:localhost/127.0.0.1:7138] for GET '/session/5ad97dfb5cc8ee7bdc66ecb7503f8fc1/url'
13:09:17.234 [AsyncHttpClient-1-2] DEBUG org.asynchttpclient.netty.handler.HttpHandler - 

Request DefaultFullHttpRequest(decodeResult: success, version: HTTP/1.1, content: EmptyByteBufBE)
GET /session/5ad97dfb5cc8ee7bdc66ecb7503f8fc1/url HTTP/1.1
User-Agent: selenium/4.8.0 (java windows)
Cache-Control: no-cache
Content-Type: application/json; charset=utf-8
host: localhost:7138
accept: */*

Response DefaultHttpResponse(decodeResult: success, version: HTTP/1.1)
HTTP/1.1 200 OK
Content-Length: 75
Content-Type: application/json; charset=utf-8
cache-control: no-cache

13:09:17.234 [AsyncHttpClient-1-2] DEBUG org.asynchttpclient.netty.channel.ChannelManager - Adding key: http://localhost:7138 for channel [id: 0x4eddb369, L:/127.0.0.1:58747 - R:localhost/127.0.0.1:7138]
13:09:17.235 [Forwarding screenshot on session 5ad97dfb5cc8ee7bdc66ecb7503f8fc1 to remote] DEBUG org.asynchttpclient.netty.request.NettyRequestSender - Using pooled Channel '[id: 0x4eddb369, L:/127.0.0.1:58747 - R:localhost/127.0.0.1:7138]' for 'GET' to 'http://localhost:7138/session/5ad97dfb5cc8ee7bdc66ecb7503f8fc1/screenshot'
13:09:17.235 [Forwarding screenshot on session 5ad97dfb5cc8ee7bdc66ecb7503f8fc1 to remote] DEBUG org.asynchttpclient.netty.request.NettyRequestSender - Using open Channel [id: 0x4eddb369, L:/127.0.0.1:58747 - R:localhost/127.0.0.1:7138] for GET '/session/5ad97dfb5cc8ee7bdc66ecb7503f8fc1/screenshot'
13:09:17.315 [AsyncHttpClient-1-2] DEBUG org.asynchttpclient.netty.handler.HttpHandler - 

Request DefaultFullHttpRequest(decodeResult: success, version: HTTP/1.1, content: EmptyByteBufBE)
GET /session/5ad97dfb5cc8ee7bdc66ecb7503f8fc1/screenshot HTTP/1.1
User-Agent: selenium/4.8.0 (java windows)
Cache-Control: no-cache
Content-Type: application/json; charset=utf-8
host: localhost:7138
accept: */*

Response DefaultHttpResponse(decodeResult: success, version: HTTP/1.1)
HTTP/1.1 200 OK
Content-Length: 88324
Content-Type: application/json; charset=utf-8
cache-control: no-cache

13:09:17.315 [AsyncHttpClient-1-2] DEBUG org.asynchttpclient.netty.channel.ChannelManager - Adding key: http://localhost:7138 for channel [id: 0x4eddb369, L:/127.0.0.1:58747 - R:localhost/127.0.0.1:7138]
13:09:17.318 [main] DEBUG net.serenitybdd.core.photography.Darkroom - Send negative for processing for target\site\serenity\1722e40571419176fe41e9d2397ec26e2efcebab2c41c0c13aa80faf0958d9c7.png
13:09:17.318 [Darkroom Processing Line] DEBUG net.serenitybdd.core.photography.DarkroomProcessingLine - Processing screenshot image in /var/screenshots/screenshot-4935558379829538289
13:09:17.318 [Darkroom Processing Line] DEBUG net.serenitybdd.core.photography.DarkroomProcessingLine - Saving screenshot to target\site\serenity\1722e40571419176fe41e9d2397ec26e2efcebab2c41c0c13aa80faf0958d9c7.png
13:09:17.530 [main] DEBUG net.thucydides.core.steps.StepInterceptor - STEP DONE: {0} clicks on #locators
13:09:17.532 [Forwarding getAlertText on session 5ad97dfb5cc8ee7bdc66ecb7503f8fc1 to remote] DEBUG org.asynchttpclient.netty.request.NettyRequestSender - Using pooled Channel '[id: 0x4eddb369, L:/127.0.0.1:58747 - R:localhost/127.0.0.1:7138]' for 'GET' to 'http://localhost:7138/session/5ad97dfb5cc8ee7bdc66ecb7503f8fc1/alert/text'
13:09:17.532 [Forwarding getAlertText on session 5ad97dfb5cc8ee7bdc66ecb7503f8fc1 to remote] DEBUG org.asynchttpclient.netty.request.NettyRequestSender - Using open Channel [id: 0x4eddb369, L:/127.0.0.1:58747 - R:localhost/127.0.0.1:7138] for GET '/session/5ad97dfb5cc8ee7bdc66ecb7503f8fc1/alert/text'
13:09:17.535 [AsyncHttpClient-1-2] DEBUG org.asynchttpclient.netty.handler.HttpHandler - 

Request DefaultFullHttpRequest(decodeResult: success, version: HTTP/1.1, content: EmptyByteBufBE)
GET /session/5ad97dfb5cc8ee7bdc66ecb7503f8fc1/alert/text HTTP/1.1
User-Agent: selenium/4.8.0 (java windows)
Cache-Control: no-cache
Content-Type: application/json; charset=utf-8
host: localhost:7138
accept: */*

Response DefaultHttpResponse(decodeResult: success, version: HTTP/1.1)
HTTP/1.1 404 Not Found
Content-Length: 820
Content-Type: application/json; charset=utf-8
cache-control: no-cache

13:09:17.535 [AsyncHttpClient-1-2] DEBUG org.asynchttpclient.netty.channel.ChannelManager - Adding key: http://localhost:7138 for channel [id: 0x4eddb369, L:/127.0.0.1:58747 - R:localhost/127.0.0.1:7138]
13:09:17.535 [Forwarding getCurrentUrl on session 5ad97dfb5cc8ee7bdc66ecb7503f8fc1 to remote] DEBUG org.asynchttpclient.netty.request.NettyRequestSender - Using pooled Channel '[id: 0x4eddb369, L:/127.0.0.1:58747 - R:localhost/127.0.0.1:7138]' for 'GET' to 'http://localhost:7138/session/5ad97dfb5cc8ee7bdc66ecb7503f8fc1/url'
13:09:17.535 [Forwarding getCurrentUrl on session 5ad97dfb5cc8ee7bdc66ecb7503f8fc1 to remote] DEBUG org.asynchttpclient.netty.request.NettyRequestSender - Using open Channel [id: 0x4eddb369, L:/127.0.0.1:58747 - R:localhost/127.0.0.1:7138] for GET '/session/5ad97dfb5cc8ee7bdc66ecb7503f8fc1/url'
13:09:17.538 [AsyncHttpClient-1-2] DEBUG org.asynchttpclient.netty.handler.HttpHandler - 

Request DefaultFullHttpRequest(decodeResult: success, version: HTTP/1.1, content: EmptyByteBufBE)
GET /session/5ad97dfb5cc8ee7bdc66ecb7503f8fc1/url HTTP/1.1
User-Agent: selenium/4.8.0 (java windows)
Cache-Control: no-cache
Content-Type: application/json; charset=utf-8
host: localhost:7138
accept: */*

Response DefaultHttpResponse(decodeResult: success, version: HTTP/1.1)
HTTP/1.1 200 OK
Content-Length: 75
Content-Type: application/json; charset=utf-8
cache-control: no-cache

13:09:17.538 [AsyncHttpClient-1-2] DEBUG org.asynchttpclient.netty.channel.ChannelManager - Adding key: http://localhost:7138 for channel [id: 0x4eddb369, L:/127.0.0.1:58747 - R:localhost/127.0.0.1:7138]
13:09:17.539 [Forwarding screenshot on session 5ad97dfb5cc8ee7bdc66ecb7503f8fc1 to remote] DEBUG org.asynchttpclient.netty.request.NettyRequestSender - Using pooled Channel '[id: 0x4eddb369, L:/127.0.0.1:58747 - R:localhost/127.0.0.1:7138]' for 'GET' to 'http://localhost:7138/session/5ad97dfb5cc8ee7bdc66ecb7503f8fc1/screenshot'
13:09:17.539 [Forwarding screenshot on session 5ad97dfb5cc8ee7bdc66ecb7503f8fc1 to remote] DEBUG org.asynchttpclient.netty.request.NettyRequestSender - Using open Channel [id: 0x4eddb369, L:/127.0.0.1:58747 - R:localhost/127.0.0.1:7138] for GET '/session/5ad97dfb5cc8ee7bdc66ecb7503f8fc1/screenshot'
13:09:17.621 [AsyncHttpClient-1-2] DEBUG org.asynchttpclient.netty.handler.HttpHandler - 

Request DefaultFullHttpRequest(decodeResult: success, version: HTTP/1.1, content: EmptyByteBufBE)
GET /session/5ad97dfb5cc8ee7bdc66ecb7503f8fc1/screenshot HTTP/1.1
User-Agent: selenium/4.8.0 (java windows)
Cache-Control: no-cache
Content-Type: application/json; charset=utf-8
host: localhost:7138
accept: */*

Response DefaultHttpResponse(decodeResult: success, version: HTTP/1.1)
HTTP/1.1 200 OK
Content-Length: 88324
Content-Type: application/json; charset=utf-8
cache-control: no-cache

13:09:17.622 [AsyncHttpClient-1-2] DEBUG org.asynchttpclient.netty.channel.ChannelManager - Adding key: http://localhost:7138 for channel [id: 0x4eddb369, L:/127.0.0.1:58747 - R:localhost/127.0.0.1:7138]
13:09:17.624 [main] DEBUG net.serenitybdd.core.photography.Darkroom - Send negative for processing for target\site\serenity\1722e40571419176fe41e9d2397ec26e2efcebab2c41c0c13aa80faf0958d9c7.png
13:09:17.747 [AsyncHttpClient-1-1] DEBUG org.asynchttpclient.netty.channel.DefaultChannelPool - Entry count for : http://localhost:7138 : 1
13:09:17.747 [AsyncHttpClient-1-1] DEBUG org.asynchttpclient.netty.channel.DefaultChannelPool - Entry count for : http://localhost:58748 : 1
13:09:17.826 [main] DEBUG net.thucydides.core.steps.StepInterceptor - STEP DONE: !#title
  &amp#27;[32mWhen &amp#27;[0m&amp#27;[32mshe click on continue button in the shipping information&amp#27;[0m                                                                                        &amp#27;[90m# io.cucumber.skeleton.stepdefinitions.OpenCartStepDefinition.sheClickOnContinueButton()&amp#27;[0m
13:09:17.831 [Forwarding getAlertText on session 5ad97dfb5cc8ee7bdc66ecb7503f8fc1 to remote] DEBUG org.asynchttpclient.netty.request.NettyRequestSender - Using pooled Channel '[id: 0x4eddb369, L:/127.0.0.1:58747 - R:localhost/127.0.0.1:7138]' for 'GET' to 'http://localhost:7138/session/5ad97dfb5cc8ee7bdc66ecb7503f8fc1/alert/text'
13:09:17.831 [Forwarding getAlertText on session 5ad97dfb5cc8ee7bdc66ecb7503f8fc1 to remote] DEBUG org.asynchttpclient.netty.request.NettyRequestSender - Using open Channel [id: 0x4eddb369, L:/127.0.0.1:58747 - R:localhost/127.0.0.1:7138] for GET '/session/5ad97dfb5cc8ee7bdc66ecb7503f8fc1/alert/text'
13:09:17.834 [AsyncHttpClient-1-2] DEBUG org.asynchttpclient.netty.handler.HttpHandler - 

Request DefaultFullHttpRequest(decodeResult: success, version: HTTP/1.1, content: EmptyByteBufBE)
GET /session/5ad97dfb5cc8ee7bdc66ecb7503f8fc1/alert/text HTTP/1.1
User-Agent: selenium/4.8.0 (java windows)
Cache-Control: no-cache
Content-Type: application/json; charset=utf-8
host: localhost:7138
accept: */*

Response DefaultHttpResponse(decodeResult: success, version: HTTP/1.1)
HTTP/1.1 404 Not Found
Content-Length: 820
Content-Type: application/json; charset=utf-8
cache-control: no-cache

13:09:17.834 [AsyncHttpClient-1-2] DEBUG org.asynchttpclient.netty.channel.ChannelManager - Adding key: http://localhost:7138 for channel [id: 0x4eddb369, L:/127.0.0.1:58747 - R:localhost/127.0.0.1:7138]
13:09:17.834 [Forwarding getCurrentUrl on session 5ad97dfb5cc8ee7bdc66ecb7503f8fc1 to remote] DEBUG org.asynchttpclient.netty.request.NettyRequestSender - Using pooled Channel '[id: 0x4eddb369, L:/127.0.0.1:58747 - R:localhost/127.0.0.1:7138]' for 'GET' to 'http://localhost:7138/session/5ad97dfb5cc8ee7bdc66ecb7503f8fc1/url'
13:09:17.835 [Forwarding getCurrentUrl on session 5ad97dfb5cc8ee7bdc66ecb7503f8fc1 to remote] DEBUG org.asynchttpclient.netty.request.NettyRequestSender - Using open Channel [id: 0x4eddb369, L:/127.0.0.1:58747 - R:localhost/127.0.0.1:7138] for GET '/session/5ad97dfb5cc8ee7bdc66ecb7503f8fc1/url'
13:09:17.836 [AsyncHttpClient-1-2] DEBUG org.asynchttpclient.netty.handler.HttpHandler - 

Request DefaultFullHttpRequest(decodeResult: success, version: HTTP/1.1, content: EmptyByteBufBE)
GET /session/5ad97dfb5cc8ee7bdc66ecb7503f8fc1/url HTTP/1.1
User-Agent: selenium/4.8.0 (java windows)
Cache-Control: no-cache
Content-Type: application/json; charset=utf-8
host: localhost:7138
accept: */*

Response DefaultHttpResponse(decodeResult: success, version: HTTP/1.1)
HTTP/1.1 200 OK
Content-Length: 75
Content-Type: application/json; charset=utf-8
cache-control: no-cache

13:09:17.836 [AsyncHttpClient-1-2] DEBUG org.asynchttpclient.netty.channel.ChannelManager - Adding key: http://localhost:7138 for channel [id: 0x4eddb369, L:/127.0.0.1:58747 - R:localhost/127.0.0.1:7138]
13:09:17.836 [Forwarding screenshot on session 5ad97dfb5cc8ee7bdc66ecb7503f8fc1 to remote] DEBUG org.asynchttpclient.netty.request.NettyRequestSender - Using pooled Channel '[id: 0x4eddb369, L:/127.0.0.1:58747 - R:localhost/127.0.0.1:7138]' for 'GET' to 'http://localhost:7138/session/5ad97dfb5cc8ee7bdc66ecb7503f8fc1/screenshot'
13:09:17.836 [Forwarding screenshot on session 5ad97dfb5cc8ee7bdc66ecb7503f8fc1 to remote] DEBUG org.asynchttpclient.netty.request.NettyRequestSender - Using open Channel [id: 0x4eddb369, L:/127.0.0.1:58747 - R:localhost/127.0.0.1:7138] for GET '/session/5ad97dfb5cc8ee7bdc66ecb7503f8fc1/screenshot'
13:09:17.954 [AsyncHttpClient-1-2] DEBUG org.asynchttpclient.netty.handler.HttpHandler - 

Request DefaultFullHttpRequest(decodeResult: success, version: HTTP/1.1, content: EmptyByteBufBE)
GET /session/5ad97dfb5cc8ee7bdc66ecb7503f8fc1/screenshot HTTP/1.1
User-Agent: selenium/4.8.0 (java windows)
Cache-Control: no-cache
Content-Type: application/json; charset=utf-8
host: localhost:7138
accept: */*

Response DefaultHttpResponse(decodeResult: success, version: HTTP/1.1)
HTTP/1.1 200 OK
Content-Length: 93268
Content-Type: application/json; charset=utf-8
cache-control: no-cache

13:09:17.955 [AsyncHttpClient-1-2] DEBUG org.asynchttpclient.netty.channel.ChannelManager - Adding key: http://localhost:7138 for channel [id: 0x4eddb369, L:/127.0.0.1:58747 - R:localhost/127.0.0.1:7138]
13:09:17.957 [main] DEBUG net.serenitybdd.core.photography.Darkroom - Send negative for processing for target\site\serenity\4545a44b0fcee2efed2699223deb548ce42664d9c73038472900276b5ee448ff.png
13:09:17.957 [Darkroom Processing Line] DEBUG net.serenitybdd.core.photography.DarkroomProcessingLine - Processing screenshot image in /var/screenshots/screenshot-1958592834559390821
13:09:17.957 [Darkroom Processing Line] DEBUG net.serenitybdd.core.photography.DarkroomProcessingLine - Saving screenshot to target\site\serenity\4545a44b0fcee2efed2699223deb548ce42664d9c73038472900276b5ee448ff.png
13:09:18.173 [Forwarding getAlertText on session 5ad97dfb5cc8ee7bdc66ecb7503f8fc1 to remote] DEBUG org.asynchttpclient.netty.request.NettyRequestSender - Using pooled Channel '[id: 0x4eddb369, L:/127.0.0.1:58747 - R:localhost/127.0.0.1:7138]' for 'GET' to 'http://localhost:7138/session/5ad97dfb5cc8ee7bdc66ecb7503f8fc1/alert/text'
13:09:18.173 [Forwarding getAlertText on session 5ad97dfb5cc8ee7bdc66ecb7503f8fc1 to remote] DEBUG org.asynchttpclient.netty.request.NettyRequestSender - Using open Channel [id: 0x4eddb369, L:/127.0.0.1:58747 - R:localhost/127.0.0.1:7138] for GET '/session/5ad97dfb5cc8ee7bdc66ecb7503f8fc1/alert/text'
13:09:18.175 [AsyncHttpClient-1-2] DEBUG org.asynchttpclient.netty.handler.HttpHandler - 

Request DefaultFullHttpRequest(decodeResult: success, version: HTTP/1.1, content: EmptyByteBufBE)
GET /session/5ad97dfb5cc8ee7bdc66ecb7503f8fc1/alert/text HTTP/1.1
User-Agent: selenium/4.8.0 (java windows)
Cache-Control: no-cache
Content-Type: application/json; charset=utf-8
host: localhost:7138
accept: */*

Response DefaultHttpResponse(decodeResult: success, version: HTTP/1.1)
HTTP/1.1 404 Not Found
Content-Length: 820
Content-Type: application/json; charset=utf-8
cache-control: no-cache

13:09:18.175 [AsyncHttpClient-1-2] DEBUG org.asynchttpclient.netty.channel.ChannelManager - Adding key: http://localhost:7138 for channel [id: 0x4eddb369, L:/127.0.0.1:58747 - R:localhost/127.0.0.1:7138]
13:09:18.175 [Forwarding getCurrentUrl on session 5ad97dfb5cc8ee7bdc66ecb7503f8fc1 to remote] DEBUG org.asynchttpclient.netty.request.NettyRequestSender - Using pooled Channel '[id: 0x4eddb369, L:/127.0.0.1:58747 - R:localhost/127.0.0.1:7138]' for 'GET' to 'http://localhost:7138/session/5ad97dfb5cc8ee7bdc66ecb7503f8fc1/url'
13:09:18.175 [Forwarding getCurrentUrl on session 5ad97dfb5cc8ee7bdc66ecb7503f8fc1 to remote] DEBUG org.asynchttpclient.netty.request.NettyRequestSender - Using open Channel [id: 0x4eddb369, L:/127.0.0.1:58747 - R:localhost/127.0.0.1:7138] for GET '/session/5ad97dfb5cc8ee7bdc66ecb7503f8fc1/url'
13:09:18.178 [AsyncHttpClient-1-2] DEBUG org.asynchttpclient.netty.handler.HttpHandler - 

Request DefaultFullHttpRequest(decodeResult: success, version: HTTP/1.1, content: EmptyByteBufBE)
GET /session/5ad97dfb5cc8ee7bdc66ecb7503f8fc1/url HTTP/1.1
User-Agent: selenium/4.8.0 (java windows)
Cache-Control: no-cache
Content-Type: application/json; charset=utf-8
host: localhost:7138
accept: */*

Response DefaultHttpResponse(decodeResult: success, version: HTTP/1.1)
HTTP/1.1 200 OK
Content-Length: 75
Content-Type: application/json; charset=utf-8
cache-control: no-cache

13:09:18.178 [AsyncHttpClient-1-2] DEBUG org.asynchttpclient.netty.channel.ChannelManager - Adding key: http://localhost:7138 for channel [id: 0x4eddb369, L:/127.0.0.1:58747 - R:localhost/127.0.0.1:7138]
13:09:18.178 [Forwarding screenshot on session 5ad97dfb5cc8ee7bdc66ecb7503f8fc1 to remote] DEBUG org.asynchttpclient.netty.request.NettyRequestSender - Using pooled Channel '[id: 0x4eddb369, L:/127.0.0.1:58747 - R:localhost/127.0.0.1:7138]' for 'GET' to 'http://localhost:7138/session/5ad97dfb5cc8ee7bdc66ecb7503f8fc1/screenshot'
13:09:18.178 [Forwarding screenshot on session 5ad97dfb5cc8ee7bdc66ecb7503f8fc1 to remote] DEBUG org.asynchttpclient.netty.request.NettyRequestSender - Using open Channel [id: 0x4eddb369, L:/127.0.0.1:58747 - R:localhost/127.0.0.1:7138] for GET '/session/5ad97dfb5cc8ee7bdc66ecb7503f8fc1/screenshot'
13:09:18.263 [AsyncHttpClient-1-2] DEBUG org.asynchttpclient.netty.handler.HttpHandler - 

Request DefaultFullHttpRequest(decodeResult: success, version: HTTP/1.1, content: EmptyByteBufBE)
GET /session/5ad97dfb5cc8ee7bdc66ecb7503f8fc1/screenshot HTTP/1.1
User-Agent: selenium/4.8.0 (java windows)
Cache-Control: no-cache
Content-Type: application/json; charset=utf-8
host: localhost:7138
accept: */*

Response DefaultHttpResponse(decodeResult: success, version: HTTP/1.1)
HTTP/1.1 200 OK
Content-Length: 93144
Content-Type: application/json; charset=utf-8
cache-control: no-cache

13:09:18.264 [AsyncHttpClient-1-2] DEBUG org.asynchttpclient.netty.channel.ChannelManager - Adding key: http://localhost:7138 for channel [id: 0x4eddb369, L:/127.0.0.1:58747 - R:localhost/127.0.0.1:7138]
13:09:18.266 [main] DEBUG net.serenitybdd.core.photography.Darkroom - Send negative for processing for target\site\serenity\523974c623070182b521beb15d5fdd78cbd01dce24ae3325a4e1eb0e55365022.png
13:09:18.266 [Darkroom Processing Line] DEBUG net.serenitybdd.core.photography.DarkroomProcessingLine - Processing screenshot image in /var/screenshots/screenshot-990314141969533241
13:09:18.266 [Darkroom Processing Line] DEBUG net.serenitybdd.core.photography.DarkroomProcessingLine - Saving screenshot to target\site\serenity\523974c623070182b521beb15d5fdd78cbd01dce24ae3325a4e1eb0e55365022.png
13:09:18.267 [Forwarding getPageSource on session 5ad97dfb5cc8ee7bdc66ecb7503f8fc1 to remote] DEBUG org.asynchttpclient.netty.request.NettyRequestSender - Using pooled Channel '[id: 0x4eddb369, L:/127.0.0.1:58747 - R:localhost/127.0.0.1:7138]' for 'POST' to 'http://localhost:7138/session/5ad97dfb5cc8ee7bdc66ecb7503f8fc1/execute/sync'
13:09:18.267 [Forwarding getPageSource on session 5ad97dfb5cc8ee7bdc66ecb7503f8fc1 to remote] DEBUG org.asynchttpclient.netty.request.NettyRequestSender - Using open Channel [id: 0x4eddb369, L:/127.0.0.1:58747 - R:localhost/127.0.0.1:7138] for POST '/session/5ad97dfb5cc8ee7bdc66ecb7503f8fc1/execute/sync'
13:09:18.276 [AsyncHttpClient-1-2] DEBUG org.asynchttpclient.netty.handler.HttpHandler - 

Request DefaultHttpRequest(decodeResult: success, version: HTTP/1.1)
POST /session/5ad97dfb5cc8ee7bdc66ecb7503f8fc1/execute/sync HTTP/1.1
User-Agent: selenium/4.8.0 (java windows)
Content-Length: 176
Content-Type: application/json; charset=utf-8
host: localhost:7138
accept: */*

Response DefaultHttpResponse(decodeResult: success, version: HTTP/1.1)
HTTP/1.1 200 OK
Content-Length: 138123
Content-Type: application/json; charset=utf-8
cache-control: no-cache

13:09:18.276 [AsyncHttpClient-1-2] DEBUG org.asynchttpclient.netty.channel.ChannelManager - Adding key: http://localhost:7138 for channel [id: 0x4eddb369, L:/127.0.0.1:58747 - R:localhost/127.0.0.1:7138]
13:09:18.282 [Forwarding getCurrentUrl on session 5ad97dfb5cc8ee7bdc66ecb7503f8fc1 to remote] DEBUG org.asynchttpclient.netty.request.NettyRequestSender - Using pooled Channel '[id: 0x4eddb369, L:/127.0.0.1:58747 - R:localhost/127.0.0.1:7138]' for 'GET' to 'http://localhost:7138/session/5ad97dfb5cc8ee7bdc66ecb7503f8fc1/url'
13:09:18.282 [Forwarding getCurrentUrl on session 5ad97dfb5cc8ee7bdc66ecb7503f8fc1 to remote] DEBUG org.asynchttpclient.netty.request.NettyRequestSender - Using open Channel [id: 0x4eddb369, L:/127.0.0.1:58747 - R:localhost/127.0.0.1:7138] for GET '/session/5ad97dfb5cc8ee7bdc66ecb7503f8fc1/url'
13:09:18.284 [AsyncHttpClient-1-2] DEBUG org.asynchttpclient.netty.handler.HttpHandler - 

Request DefaultFullHttpRequest(decodeResult: success, version: HTTP/1.1, content: EmptyByteBufBE)
GET /session/5ad97dfb5cc8ee7bdc66ecb7503f8fc1/url HTTP/1.1
User-Agent: selenium/4.8.0 (java windows)
Cache-Control: no-cache
Content-Type: application/json; charset=utf-8
host: localhost:7138
accept: */*

Response DefaultHttpResponse(decodeResult: success, version: HTTP/1.1)
HTTP/1.1 200 OK
Content-Length: 75
Content-Type: application/json; charset=utf-8
cache-control: no-cache

13:09:18.284 [AsyncHttpClient-1-2] DEBUG org.asynchttpclient.netty.channel.ChannelManager - Adding key: http://localhost:7138 for channel [id: 0x4eddb369, L:/127.0.0.1:58747 - R:localhost/127.0.0.1:7138]
13:09:18.292 [Forwarding getPageSource on session 5ad97dfb5cc8ee7bdc66ecb7503f8fc1 to remote] DEBUG org.asynchttpclient.netty.request.NettyRequestSender - Using pooled Channel '[id: 0x4eddb369, L:/127.0.0.1:58747 - R:localhost/127.0.0.1:7138]' for 'POST' to 'http://localhost:7138/session/5ad97dfb5cc8ee7bdc66ecb7503f8fc1/execute/sync'
13:09:18.292 [Forwarding getPageSource on session 5ad97dfb5cc8ee7bdc66ecb7503f8fc1 to remote] DEBUG org.asynchttpclient.netty.request.NettyRequestSender - Using open Channel [id: 0x4eddb369, L:/127.0.0.1:58747 - R:localhost/127.0.0.1:7138] for POST '/session/5ad97dfb5cc8ee7bdc66ecb7503f8fc1/execute/sync'
13:09:18.300 [AsyncHttpClient-1-2] DEBUG org.asynchttpclient.netty.handler.HttpHandler - 

Request DefaultHttpRequest(decodeResult: success, version: HTTP/1.1)
POST /session/5ad97dfb5cc8ee7bdc66ecb7503f8fc1/execute/sync HTTP/1.1
User-Agent: selenium/4.8.0 (java windows)
Content-Length: 176
Content-Type: application/json; charset=utf-8
host: localhost:7138
accept: */*

Response DefaultHttpResponse(decodeResult: success, version: HTTP/1.1)
HTTP/1.1 200 OK
Content-Length: 138123
Content-Type: application/json; charset=utf-8
cache-control: no-cache

13:09:18.300 [AsyncHttpClient-1-2] DEBUG org.asynchttpclient.netty.channel.ChannelManager - Adding key: http://localhost:7138 for channel [id: 0x4eddb369, L:/127.0.0.1:58747 - R:localhost/127.0.0.1:7138]
13:09:18.306 [Forwarding getCurrentUrl on session 5ad97dfb5cc8ee7bdc66ecb7503f8fc1 to remote] DEBUG org.asynchttpclient.netty.request.NettyRequestSender - Using pooled Channel '[id: 0x4eddb369, L:/127.0.0.1:58747 - R:localhost/127.0.0.1:7138]' for 'GET' to 'http://localhost:7138/session/5ad97dfb5cc8ee7bdc66ecb7503f8fc1/url'
13:09:18.306 [Forwarding getCurrentUrl on session 5ad97dfb5cc8ee7bdc66ecb7503f8fc1 to remote] DEBUG org.asynchttpclient.netty.request.NettyRequestSender - Using open Channel [id: 0x4eddb369, L:/127.0.0.1:58747 - R:localhost/127.0.0.1:7138] for GET '/session/5ad97dfb5cc8ee7bdc66ecb7503f8fc1/url'
13:09:18.308 [AsyncHttpClient-1-2] DEBUG org.asynchttpclient.netty.handler.HttpHandler - 

Request DefaultFullHttpRequest(decodeResult: success, version: HTTP/1.1, content: EmptyByteBufBE)
GET /session/5ad97dfb5cc8ee7bdc66ecb7503f8fc1/url HTTP/1.1
User-Agent: selenium/4.8.0 (java windows)
Cache-Control: no-cache
Content-Type: application/json; charset=utf-8
host: localhost:7138
accept: */*

Response DefaultHttpResponse(decodeResult: success, version: HTTP/1.1)
HTTP/1.1 200 OK
Content-Length: 75
Content-Type: application/json; charset=utf-8
cache-control: no-cache

13:09:18.308 [AsyncHttpClient-1-2] DEBUG org.asynchttpclient.netty.channel.ChannelManager - Adding key: http://localhost:7138 for channel [id: 0x4eddb369, L:/127.0.0.1:58747 - R:localhost/127.0.0.1:7138]
13:09:18.310 [main] DEBUG net.thucydides.core.steps.StepInterceptor - STARTING STEP: OpenCartStepDefinition.sheAgreesTermsAndConditions - !#title
13:09:18.313 [Forwarding getPageSource on session 5ad97dfb5cc8ee7bdc66ecb7503f8fc1 to remote] DEBUG org.asynchttpclient.netty.request.NettyRequestSender - Using pooled Channel '[id: 0x4eddb369, L:/127.0.0.1:58747 - R:localhost/127.0.0.1:7138]' for 'POST' to 'http://localhost:7138/session/5ad97dfb5cc8ee7bdc66ecb7503f8fc1/execute/sync'
13:09:18.313 [Forwarding getPageSource on session 5ad97dfb5cc8ee7bdc66ecb7503f8fc1 to remote] DEBUG org.asynchttpclient.netty.request.NettyRequestSender - Using open Channel [id: 0x4eddb369, L:/127.0.0.1:58747 - R:localhost/127.0.0.1:7138] for POST '/session/5ad97dfb5cc8ee7bdc66ecb7503f8fc1/execute/sync'
13:09:18.322 [AsyncHttpClient-1-2] DEBUG org.asynchttpclient.netty.handler.HttpHandler - 

Request DefaultHttpRequest(decodeResult: success, version: HTTP/1.1)
POST /session/5ad97dfb5cc8ee7bdc66ecb7503f8fc1/execute/sync HTTP/1.1
User-Agent: selenium/4.8.0 (java windows)
Content-Length: 176
Content-Type: application/json; charset=utf-8
host: localhost:7138
accept: */*

Response DefaultHttpResponse(decodeResult: success, version: HTTP/1.1)
HTTP/1.1 200 OK
Content-Length: 138123
Content-Type: application/json; charset=utf-8
cache-control: no-cache

13:09:18.322 [AsyncHttpClient-1-2] DEBUG org.asynchttpclient.netty.channel.ChannelManager - Adding key: http://localhost:7138 for channel [id: 0x4eddb369, L:/127.0.0.1:58747 - R:localhost/127.0.0.1:7138]
13:09:18.327 [Forwarding getCurrentUrl on session 5ad97dfb5cc8ee7bdc66ecb7503f8fc1 to remote] DEBUG org.asynchttpclient.netty.request.NettyRequestSender - Using pooled Channel '[id: 0x4eddb369, L:/127.0.0.1:58747 - R:localhost/127.0.0.1:7138]' for 'GET' to 'http://localhost:7138/session/5ad97dfb5cc8ee7bdc66ecb7503f8fc1/url'
13:09:18.327 [Forwarding getCurrentUrl on session 5ad97dfb5cc8ee7bdc66ecb7503f8fc1 to remote] DEBUG org.asynchttpclient.netty.request.NettyRequestSender - Using open Channel [id: 0x4eddb369, L:/127.0.0.1:58747 - R:localhost/127.0.0.1:7138] for GET '/session/5ad97dfb5cc8ee7bdc66ecb7503f8fc1/url'
13:09:18.331 [AsyncHttpClient-1-2] DEBUG org.asynchttpclient.netty.handler.HttpHandler - 

Request DefaultFullHttpRequest(decodeResult: success, version: HTTP/1.1, content: EmptyByteBufBE)
GET /session/5ad97dfb5cc8ee7bdc66ecb7503f8fc1/url HTTP/1.1
User-Agent: selenium/4.8.0 (java windows)
Cache-Control: no-cache
Content-Type: application/json; charset=utf-8
host: localhost:7138
accept: */*

Response DefaultHttpResponse(decodeResult: success, version: HTTP/1.1)
HTTP/1.1 200 OK
Content-Length: 75
Content-Type: application/json; charset=utf-8
cache-control: no-cache

13:09:18.331 [AsyncHttpClient-1-2] DEBUG org.asynchttpclient.netty.channel.ChannelManager - Adding key: http://localhost:7138 for channel [id: 0x4eddb369, L:/127.0.0.1:58747 - R:localhost/127.0.0.1:7138]
13:09:18.332 [main] DEBUG net.thucydides.core.steps.StepInterceptor - STARTING STEP: OpenCartStepDefinition.sheAgreesTermsAndConditions - {0} clicks on #locators
13:09:18.333 [Forwarding findElement on session 5ad97dfb5cc8ee7bdc66ecb7503f8fc1 to remote] DEBUG org.asynchttpclient.netty.request.NettyRequestSender - Using pooled Channel '[id: 0x4eddb369, L:/127.0.0.1:58747 - R:localhost/127.0.0.1:7138]' for 'POST' to 'http://localhost:7138/session/5ad97dfb5cc8ee7bdc66ecb7503f8fc1/element'
13:09:18.333 [Forwarding findElement on session 5ad97dfb5cc8ee7bdc66ecb7503f8fc1 to remote] DEBUG org.asynchttpclient.netty.request.NettyRequestSender - Using open Channel [id: 0x4eddb369, L:/127.0.0.1:58747 - R:localhost/127.0.0.1:7138] for POST '/session/5ad97dfb5cc8ee7bdc66ecb7503f8fc1/element'
13:09:18.340 [AsyncHttpClient-1-2] DEBUG org.asynchttpclient.netty.handler.HttpHandler - 

Request DefaultHttpRequest(decodeResult: success, version: HTTP/1.1)
POST /session/5ad97dfb5cc8ee7bdc66ecb7503f8fc1/element HTTP/1.1
User-Agent: selenium/4.8.0 (java windows)
Content-Length: 90
Content-Type: application/json; charset=utf-8
host: localhost:7138
accept: */*

Response DefaultHttpResponse(decodeResult: success, version: HTTP/1.1)
HTTP/1.1 200 OK
Content-Length: 95
Content-Type: application/json; charset=utf-8
cache-control: no-cache

13:09:18.340 [AsyncHttpClient-1-2] DEBUG org.asynchttpclient.netty.channel.ChannelManager - Adding key: http://localhost:7138 for channel [id: 0x4eddb369, L:/127.0.0.1:58747 - R:localhost/127.0.0.1:7138]
13:09:18.341 [Forwarding isElementDisplayed on session 5ad97dfb5cc8ee7bdc66ecb7503f8fc1 to remote] DEBUG org.asynchttpclient.netty.request.NettyRequestSender - Using pooled Channel '[id: 0x4eddb369, L:/127.0.0.1:58747 - R:localhost/127.0.0.1:7138]' for 'POST' to 'http://localhost:7138/session/5ad97dfb5cc8ee7bdc66ecb7503f8fc1/execute/sync'
13:09:18.341 [Forwarding isElementDisplayed on session 5ad97dfb5cc8ee7bdc66ecb7503f8fc1 to remote] DEBUG org.asynchttpclient.netty.request.NettyRequestSender - Using open Channel [id: 0x4eddb369, L:/127.0.0.1:58747 - R:localhost/127.0.0.1:7138] for POST '/session/5ad97dfb5cc8ee7bdc66ecb7503f8fc1/execute/sync'
13:09:18.345 [AsyncHttpClient-1-2] DEBUG org.asynchttpclient.netty.handler.HttpHandler - 

Request DefaultHttpRequest(decodeResult: success, version: HTTP/1.1)
POST /session/5ad97dfb5cc8ee7bdc66ecb7503f8fc1/execute/sync HTTP/1.1
User-Agent: selenium/4.8.0 (java windows)
Content-Length: 48814
Content-Type: application/json; charset=utf-8
host: localhost:7138
accept: */*

Response DefaultHttpResponse(decodeResult: success, version: HTTP/1.1)
HTTP/1.1 200 OK
Content-Length: 14
Content-Type: application/json; charset=utf-8
cache-control: no-cache

13:09:18.345 [AsyncHttpClient-1-2] DEBUG org.asynchttpclient.netty.channel.ChannelManager - Adding key: http://localhost:7138 for channel [id: 0x4eddb369, L:/127.0.0.1:58747 - R:localhost/127.0.0.1:7138]
13:09:18.348 [Forwarding isElementDisplayed on session 5ad97dfb5cc8ee7bdc66ecb7503f8fc1 to remote] DEBUG org.asynchttpclient.netty.request.NettyRequestSender - Using pooled Channel '[id: 0x4eddb369, L:/127.0.0.1:58747 - R:localhost/127.0.0.1:7138]' for 'POST' to 'http://localhost:7138/session/5ad97dfb5cc8ee7bdc66ecb7503f8fc1/execute/sync'
13:09:18.348 [Forwarding isElementDisplayed on session 5ad97dfb5cc8ee7bdc66ecb7503f8fc1 to remote] DEBUG org.asynchttpclient.netty.request.NettyRequestSender - Using open Channel [id: 0x4eddb369, L:/127.0.0.1:58747 - R:localhost/127.0.0.1:7138] for POST '/session/5ad97dfb5cc8ee7bdc66ecb7503f8fc1/execute/sync'
13:09:18.353 [AsyncHttpClient-1-2] DEBUG org.asynchttpclient.netty.handler.HttpHandler - 

Request DefaultHttpRequest(decodeResult: success, version: HTTP/1.1)
POST /session/5ad97dfb5cc8ee7bdc66ecb7503f8fc1/execute/sync HTTP/1.1
User-Agent: selenium/4.8.0 (java windows)
Content-Length: 48814
Content-Type: application/json; charset=utf-8
host: localhost:7138
accept: */*

Response DefaultHttpResponse(decodeResult: success, version: HTTP/1.1)
HTTP/1.1 200 OK
Content-Length: 14
Content-Type: application/json; charset=utf-8
cache-control: no-cache

13:09:18.353 [AsyncHttpClient-1-2] DEBUG org.asynchttpclient.netty.channel.ChannelManager - Adding key: http://localhost:7138 for channel [id: 0x4eddb369, L:/127.0.0.1:58747 - R:localhost/127.0.0.1:7138]
13:09:18.353 [Forwarding clickElement on session 5ad97dfb5cc8ee7bdc66ecb7503f8fc1 to remote] DEBUG org.asynchttpclient.netty.request.NettyRequestSender - Using pooled Channel '[id: 0x4eddb369, L:/127.0.0.1:58747 - R:localhost/127.0.0.1:7138]' for 'POST' to 'http://localhost:7138/session/5ad97dfb5cc8ee7bdc66ecb7503f8fc1/element/755A7524A69BA6EEB3A8EFDB3A26A04F_element_98/click'
13:09:18.353 [Forwarding clickElement on session 5ad97dfb5cc8ee7bdc66ecb7503f8fc1 to remote] DEBUG org.asynchttpclient.netty.request.NettyRequestSender - Using open Channel [id: 0x4eddb369, L:/127.0.0.1:58747 - R:localhost/127.0.0.1:7138] for POST '/session/5ad97dfb5cc8ee7bdc66ecb7503f8fc1/element/755A7524A69BA6EEB3A8EFDB3A26A04F_element_98/click'
13:09:18.370 [AsyncHttpClient-1-2] DEBUG org.asynchttpclient.netty.handler.HttpHandler - 

Request DefaultHttpRequest(decodeResult: success, version: HTTP/1.1)
POST /session/5ad97dfb5cc8ee7bdc66ecb7503f8fc1/element/755A7524A69BA6EEB3A8EFDB3A26A04F_element_98/click HTTP/1.1
User-Agent: selenium/4.8.0 (java windows)
Content-Length: 57
Content-Type: application/json; charset=utf-8
host: localhost:7138
accept: */*

Response DefaultHttpResponse(decodeResult: success, version: HTTP/1.1)
HTTP/1.1 200 OK
Content-Length: 14
Content-Type: application/json; charset=utf-8
cache-control: no-cache

13:09:18.371 [AsyncHttpClient-1-2] DEBUG org.asynchttpclient.netty.channel.ChannelManager - Adding key: http://localhost:7138 for channel [id: 0x4eddb369, L:/127.0.0.1:58747 - R:localhost/127.0.0.1:7138]
13:09:18.375 [Forwarding getAlertText on session 5ad97dfb5cc8ee7bdc66ecb7503f8fc1 to remote] DEBUG org.asynchttpclient.netty.request.NettyRequestSender - Using pooled Channel '[id: 0x4eddb369, L:/127.0.0.1:58747 - R:localhost/127.0.0.1:7138]' for 'GET' to 'http://localhost:7138/session/5ad97dfb5cc8ee7bdc66ecb7503f8fc1/alert/text'
13:09:18.375 [Forwarding getAlertText on session 5ad97dfb5cc8ee7bdc66ecb7503f8fc1 to remote] DEBUG org.asynchttpclient.netty.request.NettyRequestSender - Using open Channel [id: 0x4eddb369, L:/127.0.0.1:58747 - R:localhost/127.0.0.1:7138] for GET '/session/5ad97dfb5cc8ee7bdc66ecb7503f8fc1/alert/text'
13:09:18.376 [AsyncHttpClient-1-2] DEBUG org.asynchttpclient.netty.handler.HttpHandler - 

Request DefaultFullHttpRequest(decodeResult: success, version: HTTP/1.1, content: EmptyByteBufBE)
GET /session/5ad97dfb5cc8ee7bdc66ecb7503f8fc1/alert/text HTTP/1.1
User-Agent: selenium/4.8.0 (java windows)
Cache-Control: no-cache
Content-Type: application/json; charset=utf-8
host: localhost:7138
accept: */*

Response DefaultHttpResponse(decodeResult: success, version: HTTP/1.1)
HTTP/1.1 404 Not Found
Content-Length: 820
Content-Type: application/json; charset=utf-8
cache-control: no-cache

13:09:18.376 [AsyncHttpClient-1-2] DEBUG org.asynchttpclient.netty.channel.ChannelManager - Adding key: http://localhost:7138 for channel [id: 0x4eddb369, L:/127.0.0.1:58747 - R:localhost/127.0.0.1:7138]
13:09:18.376 [Forwarding getCurrentUrl on session 5ad97dfb5cc8ee7bdc66ecb7503f8fc1 to remote] DEBUG org.asynchttpclient.netty.request.NettyRequestSender - Using pooled Channel '[id: 0x4eddb369, L:/127.0.0.1:58747 - R:localhost/127.0.0.1:7138]' for 'GET' to 'http://localhost:7138/session/5ad97dfb5cc8ee7bdc66ecb7503f8fc1/url'
13:09:18.376 [Forwarding getCurrentUrl on session 5ad97dfb5cc8ee7bdc66ecb7503f8fc1 to remote] DEBUG org.asynchttpclient.netty.request.NettyRequestSender - Using open Channel [id: 0x4eddb369, L:/127.0.0.1:58747 - R:localhost/127.0.0.1:7138] for GET '/session/5ad97dfb5cc8ee7bdc66ecb7503f8fc1/url'
13:09:18.378 [AsyncHttpClient-1-2] DEBUG org.asynchttpclient.netty.handler.HttpHandler - 

Request DefaultFullHttpRequest(decodeResult: success, version: HTTP/1.1, content: EmptyByteBufBE)
GET /session/5ad97dfb5cc8ee7bdc66ecb7503f8fc1/url HTTP/1.1
User-Agent: selenium/4.8.0 (java windows)
Cache-Control: no-cache
Content-Type: application/json; charset=utf-8
host: localhost:7138
accept: */*

Response DefaultHttpResponse(decodeResult: success, version: HTTP/1.1)
HTTP/1.1 200 OK
Content-Length: 75
Content-Type: application/json; charset=utf-8
cache-control: no-cache

13:09:18.378 [AsyncHttpClient-1-2] DEBUG org.asynchttpclient.netty.channel.ChannelManager - Adding key: http://localhost:7138 for channel [id: 0x4eddb369, L:/127.0.0.1:58747 - R:localhost/127.0.0.1:7138]
13:09:18.378 [Forwarding screenshot on session 5ad97dfb5cc8ee7bdc66ecb7503f8fc1 to remote] DEBUG org.asynchttpclient.netty.request.NettyRequestSender - Using pooled Channel '[id: 0x4eddb369, L:/127.0.0.1:58747 - R:localhost/127.0.0.1:7138]' for 'GET' to 'http://localhost:7138/session/5ad97dfb5cc8ee7bdc66ecb7503f8fc1/screenshot'
13:09:18.378 [Forwarding screenshot on session 5ad97dfb5cc8ee7bdc66ecb7503f8fc1 to remote] DEBUG org.asynchttpclient.netty.request.NettyRequestSender - Using open Channel [id: 0x4eddb369, L:/127.0.0.1:58747 - R:localhost/127.0.0.1:7138] for GET '/session/5ad97dfb5cc8ee7bdc66ecb7503f8fc1/screenshot'
13:09:18.460 [AsyncHttpClient-1-2] DEBUG org.asynchttpclient.netty.handler.HttpHandler - 

Request DefaultFullHttpRequest(decodeResult: success, version: HTTP/1.1, content: EmptyByteBufBE)
GET /session/5ad97dfb5cc8ee7bdc66ecb7503f8fc1/screenshot HTTP/1.1
User-Agent: selenium/4.8.0 (java windows)
Cache-Control: no-cache
Content-Type: application/json; charset=utf-8
host: localhost:7138
accept: */*

Response DefaultHttpResponse(decodeResult: success, version: HTTP/1.1)
HTTP/1.1 200 OK
Content-Length: 93368
Content-Type: application/json; charset=utf-8
cache-control: no-cache

13:09:18.460 [AsyncHttpClient-1-2] DEBUG org.asynchttpclient.netty.channel.ChannelManager - Adding key: http://localhost:7138 for channel [id: 0x4eddb369, L:/127.0.0.1:58747 - R:localhost/127.0.0.1:7138]
13:09:18.462 [main] DEBUG net.serenitybdd.core.photography.Darkroom - Send negative for processing for target\site\serenity\3a3c27c66f93d78902ee5540b2f809b7392c814e19c8499119b34cc2e764627a.png
13:09:18.463 [Darkroom Processing Line] DEBUG net.serenitybdd.core.photography.DarkroomProcessingLine - Processing screenshot image in /var/screenshots/screenshot-2460797454354253892
13:09:18.463 [Darkroom Processing Line] DEBUG net.serenitybdd.core.photography.DarkroomProcessingLine - Saving screenshot to target\site\serenity\3a3c27c66f93d78902ee5540b2f809b7392c814e19c8499119b34cc2e764627a.png
13:09:18.670 [main] DEBUG net.thucydides.core.steps.StepInterceptor - STEP DONE: {0} clicks on #locators
13:09:18.675 [Forwarding getAlertText on session 5ad97dfb5cc8ee7bdc66ecb7503f8fc1 to remote] DEBUG org.asynchttpclient.netty.request.NettyRequestSender - Using pooled Channel '[id: 0x4eddb369, L:/127.0.0.1:58747 - R:localhost/127.0.0.1:7138]' for 'GET' to 'http://localhost:7138/session/5ad97dfb5cc8ee7bdc66ecb7503f8fc1/alert/text'
13:09:18.675 [Forwarding getAlertText on session 5ad97dfb5cc8ee7bdc66ecb7503f8fc1 to remote] DEBUG org.asynchttpclient.netty.request.NettyRequestSender - Using open Channel [id: 0x4eddb369, L:/127.0.0.1:58747 - R:localhost/127.0.0.1:7138] for GET '/session/5ad97dfb5cc8ee7bdc66ecb7503f8fc1/alert/text'
13:09:18.676 [AsyncHttpClient-1-2] DEBUG org.asynchttpclient.netty.handler.HttpHandler - 

Request DefaultFullHttpRequest(decodeResult: success, version: HTTP/1.1, content: EmptyByteBufBE)
GET /session/5ad97dfb5cc8ee7bdc66ecb7503f8fc1/alert/text HTTP/1.1
User-Agent: selenium/4.8.0 (java windows)
Cache-Control: no-cache
Content-Type: application/json; charset=utf-8
host: localhost:7138
accept: */*

Response DefaultHttpResponse(decodeResult: success, version: HTTP/1.1)
HTTP/1.1 404 Not Found
Content-Length: 820
Content-Type: application/json; charset=utf-8
cache-control: no-cache

13:09:18.677 [AsyncHttpClient-1-2] DEBUG org.asynchttpclient.netty.channel.ChannelManager - Adding key: http://localhost:7138 for channel [id: 0x4eddb369, L:/127.0.0.1:58747 - R:localhost/127.0.0.1:7138]
13:09:18.677 [Forwarding getCurrentUrl on session 5ad97dfb5cc8ee7bdc66ecb7503f8fc1 to remote] DEBUG org.asynchttpclient.netty.request.NettyRequestSender - Using pooled Channel '[id: 0x4eddb369, L:/127.0.0.1:58747 - R:localhost/127.0.0.1:7138]' for 'GET' to 'http://localhost:7138/session/5ad97dfb5cc8ee7bdc66ecb7503f8fc1/url'
13:09:18.677 [Forwarding getCurrentUrl on session 5ad97dfb5cc8ee7bdc66ecb7503f8fc1 to remote] DEBUG org.asynchttpclient.netty.request.NettyRequestSender - Using open Channel [id: 0x4eddb369, L:/127.0.0.1:58747 - R:localhost/127.0.0.1:7138] for GET '/session/5ad97dfb5cc8ee7bdc66ecb7503f8fc1/url'
13:09:18.681 [AsyncHttpClient-1-2] DEBUG org.asynchttpclient.netty.handler.HttpHandler - 

Request DefaultFullHttpRequest(decodeResult: success, version: HTTP/1.1, content: EmptyByteBufBE)
GET /session/5ad97dfb5cc8ee7bdc66ecb7503f8fc1/url HTTP/1.1
User-Agent: selenium/4.8.0 (java windows)
Cache-Control: no-cache
Content-Type: application/json; charset=utf-8
host: localhost:7138
accept: */*

Response DefaultHttpResponse(decodeResult: success, version: HTTP/1.1)
HTTP/1.1 200 OK
Content-Length: 75
Content-Type: application/json; charset=utf-8
cache-control: no-cache

13:09:18.681 [AsyncHttpClient-1-2] DEBUG org.asynchttpclient.netty.channel.ChannelManager - Adding key: http://localhost:7138 for channel [id: 0x4eddb369, L:/127.0.0.1:58747 - R:localhost/127.0.0.1:7138]
13:09:18.681 [Forwarding screenshot on session 5ad97dfb5cc8ee7bdc66ecb7503f8fc1 to remote] DEBUG org.asynchttpclient.netty.request.NettyRequestSender - Using pooled Channel '[id: 0x4eddb369, L:/127.0.0.1:58747 - R:localhost/127.0.0.1:7138]' for 'GET' to 'http://localhost:7138/session/5ad97dfb5cc8ee7bdc66ecb7503f8fc1/screenshot'
13:09:18.681 [Forwarding screenshot on session 5ad97dfb5cc8ee7bdc66ecb7503f8fc1 to remote] DEBUG org.asynchttpclient.netty.request.NettyRequestSender - Using open Channel [id: 0x4eddb369, L:/127.0.0.1:58747 - R:localhost/127.0.0.1:7138] for GET '/session/5ad97dfb5cc8ee7bdc66ecb7503f8fc1/screenshot'
13:09:18.760 [AsyncHttpClient-1-2] DEBUG org.asynchttpclient.netty.handler.HttpHandler - 

Request DefaultFullHttpRequest(decodeResult: success, version: HTTP/1.1, content: EmptyByteBufBE)
GET /session/5ad97dfb5cc8ee7bdc66ecb7503f8fc1/screenshot HTTP/1.1
User-Agent: selenium/4.8.0 (java windows)
Cache-Control: no-cache
Content-Type: application/json; charset=utf-8
host: localhost:7138
accept: */*

Response DefaultHttpResponse(decodeResult: success, version: HTTP/1.1)
HTTP/1.1 200 OK
Content-Length: 93368
Content-Type: application/json; charset=utf-8
cache-control: no-cache

13:09:18.761 [AsyncHttpClient-1-2] DEBUG org.asynchttpclient.netty.channel.ChannelManager - Adding key: http://localhost:7138 for channel [id: 0x4eddb369, L:/127.0.0.1:58747 - R:localhost/127.0.0.1:7138]
13:09:18.763 [main] DEBUG net.serenitybdd.core.photography.Darkroom - Send negative for processing for target\site\serenity\3a3c27c66f93d78902ee5540b2f809b7392c814e19c8499119b34cc2e764627a.png
13:09:18.844 [AsyncHttpClient-1-1] DEBUG org.asynchttpclient.netty.channel.DefaultChannelPool - Entry count for : http://localhost:7138 : 1
13:09:18.844 [AsyncHttpClient-1-1] DEBUG org.asynchttpclient.netty.channel.DefaultChannelPool - Entry count for : http://localhost:58748 : 1
13:09:18.963 [main] DEBUG net.thucydides.core.steps.StepInterceptor - STEP DONE: !#title
13:09:18.966 [Forwarding getAlertText on session 5ad97dfb5cc8ee7bdc66ecb7503f8fc1 to remote] DEBUG org.asynchttpclient.netty.request.NettyRequestSender - Using pooled Channel '[id: 0x4eddb369, L:/127.0.0.1:58747 - R:localhost/127.0.0.1:7138]' for 'GET' to 'http://localhost:7138/session/5ad97dfb5cc8ee7bdc66ecb7503f8fc1/alert/text'
13:09:18.966 [Forwarding getAlertText on session 5ad97dfb5cc8ee7bdc66ecb7503f8fc1 to remote] DEBUG org.asynchttpclient.netty.request.NettyRequestSender - Using open Channel [id: 0x4eddb369, L:/127.0.0.1:58747 - R:localhost/127.0.0.1:7138] for GET '/session/5ad97dfb5cc8ee7bdc66ecb7503f8fc1/alert/text'
13:09:18.968 [AsyncHttpClient-1-2] DEBUG org.asynchttpclient.netty.handler.HttpHandler - 

Request DefaultFullHttpRequest(decodeResult: success, version: HTTP/1.1, content: EmptyByteBufBE)
GET /session/5ad97dfb5cc8ee7bdc66ecb7503f8fc1/alert/text HTTP/1.1
User-Agent: selenium/4.8.0 (java windows)
Cache-Control: no-cache
Content-Type: application/json; charset=utf-8
host: localhost:7138
accept: */*

Response DefaultHttpResponse(decodeResult: success, version: HTTP/1.1)
HTTP/1.1 404 Not Found
Content-Length: 820
Content-Type: application/json; charset=utf-8
cache-control: no-cache

13:09:18.968 [AsyncHttpClient-1-2] DEBUG org.asynchttpclient.netty.channel.ChannelManager - Adding key: http://localhost:7138 for channel [id: 0x4eddb369, L:/127.0.0.1:58747 - R:localhost/127.0.0.1:7138]
13:09:18.969 [Forwarding getCurrentUrl on session 5ad97dfb5cc8ee7bdc66ecb7503f8fc1 to remote] DEBUG org.asynchttpclient.netty.request.NettyRequestSender - Using pooled Channel '[id: 0x4eddb369, L:/127.0.0.1:58747 - R:localhost/127.0.0.1:7138]' for 'GET' to 'http://localhost:7138/session/5ad97dfb5cc8ee7bdc66ecb7503f8fc1/url'
13:09:18.969 [Forwarding getCurrentUrl on session 5ad97dfb5cc8ee7bdc66ecb7503f8fc1 to remote] DEBUG org.asynchttpclient.netty.request.NettyRequestSender - Using open Channel [id: 0x4eddb369, L:/127.0.0.1:58747 - R:localhost/127.0.0.1:7138] for GET '/session/5ad97dfb5cc8ee7bdc66ecb7503f8fc1/url'
13:09:18.971 [AsyncHttpClient-1-2] DEBUG org.asynchttpclient.netty.handler.HttpHandler - 

Request DefaultFullHttpRequest(decodeResult: success, version: HTTP/1.1, content: EmptyByteBufBE)
GET /session/5ad97dfb5cc8ee7bdc66ecb7503f8fc1/url HTTP/1.1
User-Agent: selenium/4.8.0 (java windows)
Cache-Control: no-cache
Content-Type: application/json; charset=utf-8
host: localhost:7138
accept: */*

Response DefaultHttpResponse(decodeResult: success, version: HTTP/1.1)
HTTP/1.1 200 OK
Content-Length: 75
Content-Type: application/json; charset=utf-8
cache-control: no-cache

13:09:18.971 [AsyncHttpClient-1-2] DEBUG org.asynchttpclient.netty.channel.ChannelManager - Adding key: http://localhost:7138 for channel [id: 0x4eddb369, L:/127.0.0.1:58747 - R:localhost/127.0.0.1:7138]
13:09:18.972 [Forwarding screenshot on session 5ad97dfb5cc8ee7bdc66ecb7503f8fc1 to remote] DEBUG org.asynchttpclient.netty.request.NettyRequestSender - Using pooled Channel '[id: 0x4eddb369, L:/127.0.0.1:58747 - R:localhost/127.0.0.1:7138]' for 'GET' to 'http://localhost:7138/session/5ad97dfb5cc8ee7bdc66ecb7503f8fc1/screenshot'
13:09:18.972 [Forwarding screenshot on session 5ad97dfb5cc8ee7bdc66ecb7503f8fc1 to remote] DEBUG org.asynchttpclient.netty.request.NettyRequestSender - Using open Channel [id: 0x4eddb369, L:/127.0.0.1:58747 - R:localhost/127.0.0.1:7138] for GET '/session/5ad97dfb5cc8ee7bdc66ecb7503f8fc1/screenshot'
13:09:19.049 [AsyncHttpClient-1-2] DEBUG org.asynchttpclient.netty.handler.HttpHandler - 

Request DefaultFullHttpRequest(decodeResult: success, version: HTTP/1.1, content: EmptyByteBufBE)
GET /session/5ad97dfb5cc8ee7bdc66ecb7503f8fc1/screenshot HTTP/1.1
User-Agent: selenium/4.8.0 (java windows)
Cache-Control: no-cache
Content-Type: application/json; charset=utf-8
host: localhost:7138
accept: */*

Response DefaultHttpResponse(decodeResult: success, version: HTTP/1.1)
HTTP/1.1 200 OK
Content-Length: 93368
Content-Type: application/json; charset=utf-8
cache-control: no-cache

13:09:19.049 [AsyncHttpClient-1-2] DEBUG org.asynchttpclient.netty.channel.ChannelManager - Adding key: http://localhost:7138 for channel [id: 0x4eddb369, L:/127.0.0.1:58747 - R:localhost/127.0.0.1:7138]
13:09:19.052 [main] DEBUG net.serenitybdd.core.photography.Darkroom - Send negative for processing for target\site\serenity\3a3c27c66f93d78902ee5540b2f809b7392c814e19c8499119b34cc2e764627a.png
13:09:19.053 [Forwarding getPageSource on session 5ad97dfb5cc8ee7bdc66ecb7503f8fc1 to remote] DEBUG org.asynchttpclient.netty.request.NettyRequestSender - Using pooled Channel '[id: 0x4eddb369, L:/127.0.0.1:58747 - R:localhost/127.0.0.1:7138]' for 'POST' to 'http://localhost:7138/session/5ad97dfb5cc8ee7bdc66ecb7503f8fc1/execute/sync'
13:09:19.053 [Forwarding getPageSource on session 5ad97dfb5cc8ee7bdc66ecb7503f8fc1 to remote] DEBUG org.asynchttpclient.netty.request.NettyRequestSender - Using open Channel [id: 0x4eddb369, L:/127.0.0.1:58747 - R:localhost/127.0.0.1:7138] for POST '/session/5ad97dfb5cc8ee7bdc66ecb7503f8fc1/execute/sync'
13:09:19.063 [AsyncHttpClient-1-2] DEBUG org.asynchttpclient.netty.handler.HttpHandler - 

Request DefaultHttpRequest(decodeResult: success, version: HTTP/1.1)
POST /session/5ad97dfb5cc8ee7bdc66ecb7503f8fc1/execute/sync HTTP/1.1
User-Agent: selenium/4.8.0 (java windows)
Content-Length: 176
Content-Type: application/json; charset=utf-8
host: localhost:7138
accept: */*

Response DefaultHttpResponse(decodeResult: success, version: HTTP/1.1)
HTTP/1.1 200 OK
Content-Length: 138123
Content-Type: application/json; charset=utf-8
cache-control: no-cache

13:09:19.063 [AsyncHttpClient-1-2] DEBUG org.asynchttpclient.netty.channel.ChannelManager - Adding key: http://localhost:7138 for channel [id: 0x4eddb369, L:/127.0.0.1:58747 - R:localhost/127.0.0.1:7138]
13:09:19.068 [Forwarding getCurrentUrl on session 5ad97dfb5cc8ee7bdc66ecb7503f8fc1 to remote] DEBUG org.asynchttpclient.netty.request.NettyRequestSender - Using pooled Channel '[id: 0x4eddb369, L:/127.0.0.1:58747 - R:localhost/127.0.0.1:7138]' for 'GET' to 'http://localhost:7138/session/5ad97dfb5cc8ee7bdc66ecb7503f8fc1/url'
13:09:19.068 [Forwarding getCurrentUrl on session 5ad97dfb5cc8ee7bdc66ecb7503f8fc1 to remote] DEBUG org.asynchttpclient.netty.request.NettyRequestSender - Using open Channel [id: 0x4eddb369, L:/127.0.0.1:58747 - R:localhost/127.0.0.1:7138] for GET '/session/5ad97dfb5cc8ee7bdc66ecb7503f8fc1/url'
13:09:19.070 [AsyncHttpClient-1-2] DEBUG org.asynchttpclient.netty.handler.HttpHandler - 

Request DefaultFullHttpRequest(decodeResult: success, version: HTTP/1.1, content: EmptyByteBufBE)
GET /session/5ad97dfb5cc8ee7bdc66ecb7503f8fc1/url HTTP/1.1
User-Agent: selenium/4.8.0 (java windows)
Cache-Control: no-cache
Content-Type: application/json; charset=utf-8
host: localhost:7138
accept: */*

Response DefaultHttpResponse(decodeResult: success, version: HTTP/1.1)
HTTP/1.1 200 OK
Content-Length: 75
Content-Type: application/json; charset=utf-8
cache-control: no-cache

13:09:19.070 [AsyncHttpClient-1-2] DEBUG org.asynchttpclient.netty.channel.ChannelManager - Adding key: http://localhost:7138 for channel [id: 0x4eddb369, L:/127.0.0.1:58747 - R:localhost/127.0.0.1:7138]
13:09:19.072 [main] DEBUG net.thucydides.core.steps.StepInterceptor - STARTING STEP: OpenCartStepDefinition.sheAgreesTermsAndConditions - !#title
13:09:19.075 [Forwarding getPageSource on session 5ad97dfb5cc8ee7bdc66ecb7503f8fc1 to remote] DEBUG org.asynchttpclient.netty.request.NettyRequestSender - Using pooled Channel '[id: 0x4eddb369, L:/127.0.0.1:58747 - R:localhost/127.0.0.1:7138]' for 'POST' to 'http://localhost:7138/session/5ad97dfb5cc8ee7bdc66ecb7503f8fc1/execute/sync'
13:09:19.075 [Forwarding getPageSource on session 5ad97dfb5cc8ee7bdc66ecb7503f8fc1 to remote] DEBUG org.asynchttpclient.netty.request.NettyRequestSender - Using open Channel [id: 0x4eddb369, L:/127.0.0.1:58747 - R:localhost/127.0.0.1:7138] for POST '/session/5ad97dfb5cc8ee7bdc66ecb7503f8fc1/execute/sync'
13:09:19.084 [AsyncHttpClient-1-2] DEBUG org.asynchttpclient.netty.handler.HttpHandler - 

Request DefaultHttpRequest(decodeResult: success, version: HTTP/1.1)
POST /session/5ad97dfb5cc8ee7bdc66ecb7503f8fc1/execute/sync HTTP/1.1
User-Agent: selenium/4.8.0 (java windows)
Content-Length: 176
Content-Type: application/json; charset=utf-8
host: localhost:7138
accept: */*

Response DefaultHttpResponse(decodeResult: success, version: HTTP/1.1)
HTTP/1.1 200 OK
Content-Length: 138123
Content-Type: application/json; charset=utf-8
cache-control: no-cache

13:09:19.084 [AsyncHttpClient-1-2] DEBUG org.asynchttpclient.netty.channel.ChannelManager - Adding key: http://localhost:7138 for channel [id: 0x4eddb369, L:/127.0.0.1:58747 - R:localhost/127.0.0.1:7138]
13:09:19.088 [Forwarding getCurrentUrl on session 5ad97dfb5cc8ee7bdc66ecb7503f8fc1 to remote] DEBUG org.asynchttpclient.netty.request.NettyRequestSender - Using pooled Channel '[id: 0x4eddb369, L:/127.0.0.1:58747 - R:localhost/127.0.0.1:7138]' for 'GET' to 'http://localhost:7138/session/5ad97dfb5cc8ee7bdc66ecb7503f8fc1/url'
13:09:19.088 [Forwarding getCurrentUrl on session 5ad97dfb5cc8ee7bdc66ecb7503f8fc1 to remote] DEBUG org.asynchttpclient.netty.request.NettyRequestSender - Using open Channel [id: 0x4eddb369, L:/127.0.0.1:58747 - R:localhost/127.0.0.1:7138] for GET '/session/5ad97dfb5cc8ee7bdc66ecb7503f8fc1/url'
13:09:19.092 [AsyncHttpClient-1-2] DEBUG org.asynchttpclient.netty.handler.HttpHandler - 

Request DefaultFullHttpRequest(decodeResult: success, version: HTTP/1.1, content: EmptyByteBufBE)
GET /session/5ad97dfb5cc8ee7bdc66ecb7503f8fc1/url HTTP/1.1
User-Agent: selenium/4.8.0 (java windows)
Cache-Control: no-cache
Content-Type: application/json; charset=utf-8
host: localhost:7138
accept: */*

Response DefaultHttpResponse(decodeResult: success, version: HTTP/1.1)
HTTP/1.1 200 OK
Content-Length: 75
Content-Type: application/json; charset=utf-8
cache-control: no-cache

13:09:19.092 [AsyncHttpClient-1-2] DEBUG org.asynchttpclient.netty.channel.ChannelManager - Adding key: http://localhost:7138 for channel [id: 0x4eddb369, L:/127.0.0.1:58747 - R:localhost/127.0.0.1:7138]
13:09:19.093 [main] DEBUG net.thucydides.core.steps.StepInterceptor - STARTING STEP: OpenCartStepDefinition.sheAgreesTermsAndConditions - {0} clicks on #locators
13:09:19.094 [Forwarding findElement on session 5ad97dfb5cc8ee7bdc66ecb7503f8fc1 to remote] DEBUG org.asynchttpclient.netty.request.NettyRequestSender - Using pooled Channel '[id: 0x4eddb369, L:/127.0.0.1:58747 - R:localhost/127.0.0.1:7138]' for 'POST' to 'http://localhost:7138/session/5ad97dfb5cc8ee7bdc66ecb7503f8fc1/element'
13:09:19.094 [Forwarding findElement on session 5ad97dfb5cc8ee7bdc66ecb7503f8fc1 to remote] DEBUG org.asynchttpclient.netty.request.NettyRequestSender - Using open Channel [id: 0x4eddb369, L:/127.0.0.1:58747 - R:localhost/127.0.0.1:7138] for POST '/session/5ad97dfb5cc8ee7bdc66ecb7503f8fc1/element'
13:09:19.101 [AsyncHttpClient-1-2] DEBUG org.asynchttpclient.netty.handler.HttpHandler - 

Request DefaultHttpRequest(decodeResult: success, version: HTTP/1.1)
POST /session/5ad97dfb5cc8ee7bdc66ecb7503f8fc1/element HTTP/1.1
User-Agent: selenium/4.8.0 (java windows)
Content-Length: 83
Content-Type: application/json; charset=utf-8
host: localhost:7138
accept: */*

Response DefaultHttpResponse(decodeResult: success, version: HTTP/1.1)
HTTP/1.1 200 OK
Content-Length: 95
Content-Type: application/json; charset=utf-8
cache-control: no-cache

13:09:19.101 [AsyncHttpClient-1-2] DEBUG org.asynchttpclient.netty.channel.ChannelManager - Adding key: http://localhost:7138 for channel [id: 0x4eddb369, L:/127.0.0.1:58747 - R:localhost/127.0.0.1:7138]
13:09:19.103 [Forwarding isElementDisplayed on session 5ad97dfb5cc8ee7bdc66ecb7503f8fc1 to remote] DEBUG org.asynchttpclient.netty.request.NettyRequestSender - Using pooled Channel '[id: 0x4eddb369, L:/127.0.0.1:58747 - R:localhost/127.0.0.1:7138]' for 'POST' to 'http://localhost:7138/session/5ad97dfb5cc8ee7bdc66ecb7503f8fc1/execute/sync'
13:09:19.103 [Forwarding isElementDisplayed on session 5ad97dfb5cc8ee7bdc66ecb7503f8fc1 to remote] DEBUG org.asynchttpclient.netty.request.NettyRequestSender - Using open Channel [id: 0x4eddb369, L:/127.0.0.1:58747 - R:localhost/127.0.0.1:7138] for POST '/session/5ad97dfb5cc8ee7bdc66ecb7503f8fc1/execute/sync'
13:09:19.107 [AsyncHttpClient-1-2] DEBUG org.asynchttpclient.netty.handler.HttpHandler - 

Request DefaultHttpRequest(decodeResult: success, version: HTTP/1.1)
POST /session/5ad97dfb5cc8ee7bdc66ecb7503f8fc1/execute/sync HTTP/1.1
User-Agent: selenium/4.8.0 (java windows)
Content-Length: 48814
Content-Type: application/json; charset=utf-8
host: localhost:7138
accept: */*

Response DefaultHttpResponse(decodeResult: success, version: HTTP/1.1)
HTTP/1.1 200 OK
Content-Length: 14
Content-Type: application/json; charset=utf-8
cache-control: no-cache

13:09:19.107 [AsyncHttpClient-1-2] DEBUG org.asynchttpclient.netty.channel.ChannelManager - Adding key: http://localhost:7138 for channel [id: 0x4eddb369, L:/127.0.0.1:58747 - R:localhost/127.0.0.1:7138]
13:09:19.109 [Forwarding isElementDisplayed on session 5ad97dfb5cc8ee7bdc66ecb7503f8fc1 to remote] DEBUG org.asynchttpclient.netty.request.NettyRequestSender - Using pooled Channel '[id: 0x4eddb369, L:/127.0.0.1:58747 - R:localhost/127.0.0.1:7138]' for 'POST' to 'http://localhost:7138/session/5ad97dfb5cc8ee7bdc66ecb7503f8fc1/execute/sync'
13:09:19.109 [Forwarding isElementDisplayed on session 5ad97dfb5cc8ee7bdc66ecb7503f8fc1 to remote] DEBUG org.asynchttpclient.netty.request.NettyRequestSender - Using open Channel [id: 0x4eddb369, L:/127.0.0.1:58747 - R:localhost/127.0.0.1:7138] for POST '/session/5ad97dfb5cc8ee7bdc66ecb7503f8fc1/execute/sync'
13:09:19.113 [AsyncHttpClient-1-2] DEBUG org.asynchttpclient.netty.handler.HttpHandler - 

Request DefaultHttpRequest(decodeResult: success, version: HTTP/1.1)
POST /session/5ad97dfb5cc8ee7bdc66ecb7503f8fc1/execute/sync HTTP/1.1
User-Agent: selenium/4.8.0 (java windows)
Content-Length: 48814
Content-Type: application/json; charset=utf-8
host: localhost:7138
accept: */*

Response DefaultHttpResponse(decodeResult: success, version: HTTP/1.1)
HTTP/1.1 200 OK
Content-Length: 14
Content-Type: application/json; charset=utf-8
cache-control: no-cache

13:09:19.113 [AsyncHttpClient-1-2] DEBUG org.asynchttpclient.netty.channel.ChannelManager - Adding key: http://localhost:7138 for channel [id: 0x4eddb369, L:/127.0.0.1:58747 - R:localhost/127.0.0.1:7138]
13:09:19.114 [Forwarding clickElement on session 5ad97dfb5cc8ee7bdc66ecb7503f8fc1 to remote] DEBUG org.asynchttpclient.netty.request.NettyRequestSender - Using pooled Channel '[id: 0x4eddb369, L:/127.0.0.1:58747 - R:localhost/127.0.0.1:7138]' for 'POST' to 'http://localhost:7138/session/5ad97dfb5cc8ee7bdc66ecb7503f8fc1/element/755A7524A69BA6EEB3A8EFDB3A26A04F_element_99/click'
13:09:19.114 [Forwarding clickElement on session 5ad97dfb5cc8ee7bdc66ecb7503f8fc1 to remote] DEBUG org.asynchttpclient.netty.request.NettyRequestSender - Using open Channel [id: 0x4eddb369, L:/127.0.0.1:58747 - R:localhost/127.0.0.1:7138] for POST '/session/5ad97dfb5cc8ee7bdc66ecb7503f8fc1/element/755A7524A69BA6EEB3A8EFDB3A26A04F_element_99/click'
13:09:19.133 [AsyncHttpClient-1-2] DEBUG org.asynchttpclient.netty.handler.HttpHandler - 

Request DefaultHttpRequest(decodeResult: success, version: HTTP/1.1)
POST /session/5ad97dfb5cc8ee7bdc66ecb7503f8fc1/element/755A7524A69BA6EEB3A8EFDB3A26A04F_element_99/click HTTP/1.1
User-Agent: selenium/4.8.0 (java windows)
Content-Length: 57
Content-Type: application/json; charset=utf-8
host: localhost:7138
accept: */*

Response DefaultHttpResponse(decodeResult: success, version: HTTP/1.1)
HTTP/1.1 200 OK
Content-Length: 14
Content-Type: application/json; charset=utf-8
cache-control: no-cache

13:09:19.134 [AsyncHttpClient-1-2] DEBUG org.asynchttpclient.netty.channel.ChannelManager - Adding key: http://localhost:7138 for channel [id: 0x4eddb369, L:/127.0.0.1:58747 - R:localhost/127.0.0.1:7138]
13:09:19.138 [Forwarding getAlertText on session 5ad97dfb5cc8ee7bdc66ecb7503f8fc1 to remote] DEBUG org.asynchttpclient.netty.request.NettyRequestSender - Using pooled Channel '[id: 0x4eddb369, L:/127.0.0.1:58747 - R:localhost/127.0.0.1:7138]' for 'GET' to 'http://localhost:7138/session/5ad97dfb5cc8ee7bdc66ecb7503f8fc1/alert/text'
13:09:19.138 [Forwarding getAlertText on session 5ad97dfb5cc8ee7bdc66ecb7503f8fc1 to remote] DEBUG org.asynchttpclient.netty.request.NettyRequestSender - Using open Channel [id: 0x4eddb369, L:/127.0.0.1:58747 - R:localhost/127.0.0.1:7138] for GET '/session/5ad97dfb5cc8ee7bdc66ecb7503f8fc1/alert/text'
13:09:19.139 [AsyncHttpClient-1-2] DEBUG org.asynchttpclient.netty.handler.HttpHandler - 

Request DefaultFullHttpRequest(decodeResult: success, version: HTTP/1.1, content: EmptyByteBufBE)
GET /session/5ad97dfb5cc8ee7bdc66ecb7503f8fc1/alert/text HTTP/1.1
User-Agent: selenium/4.8.0 (java windows)
Cache-Control: no-cache
Content-Type: application/json; charset=utf-8
host: localhost:7138
accept: */*

Response DefaultHttpResponse(decodeResult: success, version: HTTP/1.1)
HTTP/1.1 404 Not Found
Content-Length: 820
Content-Type: application/json; charset=utf-8
cache-control: no-cache

13:09:19.139 [AsyncHttpClient-1-2] DEBUG org.asynchttpclient.netty.channel.ChannelManager - Adding key: http://localhost:7138 for channel [id: 0x4eddb369, L:/127.0.0.1:58747 - R:localhost/127.0.0.1:7138]
13:09:19.139 [Forwarding getCurrentUrl on session 5ad97dfb5cc8ee7bdc66ecb7503f8fc1 to remote] DEBUG org.asynchttpclient.netty.request.NettyRequestSender - Using pooled Channel '[id: 0x4eddb369, L:/127.0.0.1:58747 - R:localhost/127.0.0.1:7138]' for 'GET' to 'http://localhost:7138/session/5ad97dfb5cc8ee7bdc66ecb7503f8fc1/url'
13:09:19.139 [Forwarding getCurrentUrl on session 5ad97dfb5cc8ee7bdc66ecb7503f8fc1 to remote] DEBUG org.asynchttpclient.netty.request.NettyRequestSender - Using open Channel [id: 0x4eddb369, L:/127.0.0.1:58747 - R:localhost/127.0.0.1:7138] for GET '/session/5ad97dfb5cc8ee7bdc66ecb7503f8fc1/url'
13:09:19.141 [AsyncHttpClient-1-2] DEBUG org.asynchttpclient.netty.handler.HttpHandler - 

Request DefaultFullHttpRequest(decodeResult: success, version: HTTP/1.1, content: EmptyByteBufBE)
GET /session/5ad97dfb5cc8ee7bdc66ecb7503f8fc1/url HTTP/1.1
User-Agent: selenium/4.8.0 (java windows)
Cache-Control: no-cache
Content-Type: application/json; charset=utf-8
host: localhost:7138
accept: */*

Response DefaultHttpResponse(decodeResult: success, version: HTTP/1.1)
HTTP/1.1 200 OK
Content-Length: 75
Content-Type: application/json; charset=utf-8
cache-control: no-cache

13:09:19.141 [AsyncHttpClient-1-2] DEBUG org.asynchttpclient.netty.channel.ChannelManager - Adding key: http://localhost:7138 for channel [id: 0x4eddb369, L:/127.0.0.1:58747 - R:localhost/127.0.0.1:7138]
13:09:19.142 [Forwarding screenshot on session 5ad97dfb5cc8ee7bdc66ecb7503f8fc1 to remote] DEBUG org.asynchttpclient.netty.request.NettyRequestSender - Using pooled Channel '[id: 0x4eddb369, L:/127.0.0.1:58747 - R:localhost/127.0.0.1:7138]' for 'GET' to 'http://localhost:7138/session/5ad97dfb5cc8ee7bdc66ecb7503f8fc1/screenshot'
13:09:19.142 [Forwarding screenshot on session 5ad97dfb5cc8ee7bdc66ecb7503f8fc1 to remote] DEBUG org.asynchttpclient.netty.request.NettyRequestSender - Using open Channel [id: 0x4eddb369, L:/127.0.0.1:58747 - R:localhost/127.0.0.1:7138] for GET '/session/5ad97dfb5cc8ee7bdc66ecb7503f8fc1/screenshot'
13:09:19.227 [AsyncHttpClient-1-2] DEBUG org.asynchttpclient.netty.handler.HttpHandler - 

Request DefaultFullHttpRequest(decodeResult: success, version: HTTP/1.1, content: EmptyByteBufBE)
GET /session/5ad97dfb5cc8ee7bdc66ecb7503f8fc1/screenshot HTTP/1.1
User-Agent: selenium/4.8.0 (java windows)
Cache-Control: no-cache
Content-Type: application/json; charset=utf-8
host: localhost:7138
accept: */*

Response DefaultHttpResponse(decodeResult: success, version: HTTP/1.1)
HTTP/1.1 200 OK
Content-Length: 93040
Content-Type: application/json; charset=utf-8
cache-control: no-cache

13:09:19.227 [AsyncHttpClient-1-2] DEBUG org.asynchttpclient.netty.channel.ChannelManager - Adding key: http://localhost:7138 for channel [id: 0x4eddb369, L:/127.0.0.1:58747 - R:localhost/127.0.0.1:7138]
13:09:19.230 [main] DEBUG net.serenitybdd.core.photography.Darkroom - Send negative for processing for target\site\serenity\8d691a8ff9dc81a1b93cc5fb35ebdf07fa878600a24ed3b505aa2c4a4f5cdce6.png
13:09:19.230 [Darkroom Processing Line] DEBUG net.serenitybdd.core.photography.DarkroomProcessingLine - Processing screenshot image in /var/screenshots/screenshot-2110820146441712341
13:09:19.230 [Darkroom Processing Line] DEBUG net.serenitybdd.core.photography.DarkroomProcessingLine - Saving screenshot to target\site\serenity\8d691a8ff9dc81a1b93cc5fb35ebdf07fa878600a24ed3b505aa2c4a4f5cdce6.png
13:09:19.444 [main] DEBUG net.thucydides.core.steps.StepInterceptor - STEP DONE: {0} clicks on #locators
13:09:19.451 [Forwarding getAlertText on session 5ad97dfb5cc8ee7bdc66ecb7503f8fc1 to remote] DEBUG org.asynchttpclient.netty.request.NettyRequestSender - Using pooled Channel '[id: 0x4eddb369, L:/127.0.0.1:58747 - R:localhost/127.0.0.1:7138]' for 'GET' to 'http://localhost:7138/session/5ad97dfb5cc8ee7bdc66ecb7503f8fc1/alert/text'
13:09:19.451 [Forwarding getAlertText on session 5ad97dfb5cc8ee7bdc66ecb7503f8fc1 to remote] DEBUG org.asynchttpclient.netty.request.NettyRequestSender - Using open Channel [id: 0x4eddb369, L:/127.0.0.1:58747 - R:localhost/127.0.0.1:7138] for GET '/session/5ad97dfb5cc8ee7bdc66ecb7503f8fc1/alert/text'
13:09:19.453 [AsyncHttpClient-1-2] DEBUG org.asynchttpclient.netty.handler.HttpHandler - 

Request DefaultFullHttpRequest(decodeResult: success, version: HTTP/1.1, content: EmptyByteBufBE)
GET /session/5ad97dfb5cc8ee7bdc66ecb7503f8fc1/alert/text HTTP/1.1
User-Agent: selenium/4.8.0 (java windows)
Cache-Control: no-cache
Content-Type: application/json; charset=utf-8
host: localhost:7138
accept: */*

Response DefaultHttpResponse(decodeResult: success, version: HTTP/1.1)
HTTP/1.1 404 Not Found
Content-Length: 820
Content-Type: application/json; charset=utf-8
cache-control: no-cache

13:09:19.453 [AsyncHttpClient-1-2] DEBUG org.asynchttpclient.netty.channel.ChannelManager - Adding key: http://localhost:7138 for channel [id: 0x4eddb369, L:/127.0.0.1:58747 - R:localhost/127.0.0.1:7138]
13:09:19.453 [Forwarding getCurrentUrl on session 5ad97dfb5cc8ee7bdc66ecb7503f8fc1 to remote] DEBUG org.asynchttpclient.netty.request.NettyRequestSender - Using pooled Channel '[id: 0x4eddb369, L:/127.0.0.1:58747 - R:localhost/127.0.0.1:7138]' for 'GET' to 'http://localhost:7138/session/5ad97dfb5cc8ee7bdc66ecb7503f8fc1/url'
13:09:19.453 [Forwarding getCurrentUrl on session 5ad97dfb5cc8ee7bdc66ecb7503f8fc1 to remote] DEBUG org.asynchttpclient.netty.request.NettyRequestSender - Using open Channel [id: 0x4eddb369, L:/127.0.0.1:58747 - R:localhost/127.0.0.1:7138] for GET '/session/5ad97dfb5cc8ee7bdc66ecb7503f8fc1/url'
13:09:19.457 [AsyncHttpClient-1-2] DEBUG org.asynchttpclient.netty.handler.HttpHandler - 

Request DefaultFullHttpRequest(decodeResult: success, version: HTTP/1.1, content: EmptyByteBufBE)
GET /session/5ad97dfb5cc8ee7bdc66ecb7503f8fc1/url HTTP/1.1
User-Agent: selenium/4.8.0 (java windows)
Cache-Control: no-cache
Content-Type: application/json; charset=utf-8
host: localhost:7138
accept: */*

Response DefaultHttpResponse(decodeResult: success, version: HTTP/1.1)
HTTP/1.1 200 OK
Content-Length: 75
Content-Type: application/json; charset=utf-8
cache-control: no-cache

13:09:19.457 [AsyncHttpClient-1-2] DEBUG org.asynchttpclient.netty.channel.ChannelManager - Adding key: http://localhost:7138 for channel [id: 0x4eddb369, L:/127.0.0.1:58747 - R:localhost/127.0.0.1:7138]
13:09:19.457 [Forwarding screenshot on session 5ad97dfb5cc8ee7bdc66ecb7503f8fc1 to remote] DEBUG org.asynchttpclient.netty.request.NettyRequestSender - Using pooled Channel '[id: 0x4eddb369, L:/127.0.0.1:58747 - R:localhost/127.0.0.1:7138]' for 'GET' to 'http://localhost:7138/session/5ad97dfb5cc8ee7bdc66ecb7503f8fc1/screenshot'
13:09:19.457 [Forwarding screenshot on session 5ad97dfb5cc8ee7bdc66ecb7503f8fc1 to remote] DEBUG org.asynchttpclient.netty.request.NettyRequestSender - Using open Channel [id: 0x4eddb369, L:/127.0.0.1:58747 - R:localhost/127.0.0.1:7138] for GET '/session/5ad97dfb5cc8ee7bdc66ecb7503f8fc1/screenshot'
13:09:19.544 [AsyncHttpClient-1-2] DEBUG org.asynchttpclient.netty.handler.HttpHandler - 

Request DefaultFullHttpRequest(decodeResult: success, version: HTTP/1.1, content: EmptyByteBufBE)
GET /session/5ad97dfb5cc8ee7bdc66ecb7503f8fc1/screenshot HTTP/1.1
User-Agent: selenium/4.8.0 (java windows)
Cache-Control: no-cache
Content-Type: application/json; charset=utf-8
host: localhost:7138
accept: */*

Response DefaultHttpResponse(decodeResult: success, version: HTTP/1.1)
HTTP/1.1 200 OK
Content-Length: 93060
Content-Type: application/json; charset=utf-8
cache-control: no-cache

13:09:19.544 [AsyncHttpClient-1-2] DEBUG org.asynchttpclient.netty.channel.ChannelManager - Adding key: http://localhost:7138 for channel [id: 0x4eddb369, L:/127.0.0.1:58747 - R:localhost/127.0.0.1:7138]
13:09:19.547 [main] DEBUG net.serenitybdd.core.photography.Darkroom - Send negative for processing for target\site\serenity\6483758c864180920780d7da0ce663e0aefb50011448bf0301816a7bfc520972.png
13:09:19.547 [Darkroom Processing Line] DEBUG net.serenitybdd.core.photography.DarkroomProcessingLine - Processing screenshot image in /var/screenshots/screenshot-4975837864837431314
13:09:19.547 [Darkroom Processing Line] DEBUG net.serenitybdd.core.photography.DarkroomProcessingLine - Saving screenshot to target\site\serenity\6483758c864180920780d7da0ce663e0aefb50011448bf0301816a7bfc520972.png
13:09:19.755 [main] DEBUG net.thucydides.core.steps.StepInterceptor - STEP DONE: !#title
  &amp#27;[32mWhen &amp#27;[0m&amp#27;[32mshe agrees terms and conditions&amp#27;[0m                                                                                                                 &amp#27;[90m# io.cucumber.skeleton.stepdefinitions.OpenCartStepDefinition.sheAgreesTermsAndConditions()&amp#27;[0m
13:09:19.758 [Forwarding getAlertText on session 5ad97dfb5cc8ee7bdc66ecb7503f8fc1 to remote] DEBUG org.asynchttpclient.netty.request.NettyRequestSender - Using pooled Channel '[id: 0x4eddb369, L:/127.0.0.1:58747 - R:localhost/127.0.0.1:7138]' for 'GET' to 'http://localhost:7138/session/5ad97dfb5cc8ee7bdc66ecb7503f8fc1/alert/text'
13:09:19.758 [Forwarding getAlertText on session 5ad97dfb5cc8ee7bdc66ecb7503f8fc1 to remote] DEBUG org.asynchttpclient.netty.request.NettyRequestSender - Using open Channel [id: 0x4eddb369, L:/127.0.0.1:58747 - R:localhost/127.0.0.1:7138] for GET '/session/5ad97dfb5cc8ee7bdc66ecb7503f8fc1/alert/text'
13:09:19.760 [AsyncHttpClient-1-2] DEBUG org.asynchttpclient.netty.handler.HttpHandler - 

Request DefaultFullHttpRequest(decodeResult: success, version: HTTP/1.1, content: EmptyByteBufBE)
GET /session/5ad97dfb5cc8ee7bdc66ecb7503f8fc1/alert/text HTTP/1.1
User-Agent: selenium/4.8.0 (java windows)
Cache-Control: no-cache
Content-Type: application/json; charset=utf-8
host: localhost:7138
accept: */*

Response DefaultHttpResponse(decodeResult: success, version: HTTP/1.1)
HTTP/1.1 404 Not Found
Content-Length: 820
Content-Type: application/json; charset=utf-8
cache-control: no-cache

13:09:19.760 [AsyncHttpClient-1-2] DEBUG org.asynchttpclient.netty.channel.ChannelManager - Adding key: http://localhost:7138 for channel [id: 0x4eddb369, L:/127.0.0.1:58747 - R:localhost/127.0.0.1:7138]
13:09:19.761 [Forwarding getCurrentUrl on session 5ad97dfb5cc8ee7bdc66ecb7503f8fc1 to remote] DEBUG org.asynchttpclient.netty.request.NettyRequestSender - Using pooled Channel '[id: 0x4eddb369, L:/127.0.0.1:58747 - R:localhost/127.0.0.1:7138]' for 'GET' to 'http://localhost:7138/session/5ad97dfb5cc8ee7bdc66ecb7503f8fc1/url'
13:09:19.761 [Forwarding getCurrentUrl on session 5ad97dfb5cc8ee7bdc66ecb7503f8fc1 to remote] DEBUG org.asynchttpclient.netty.request.NettyRequestSender - Using open Channel [id: 0x4eddb369, L:/127.0.0.1:58747 - R:localhost/127.0.0.1:7138] for GET '/session/5ad97dfb5cc8ee7bdc66ecb7503f8fc1/url'
13:09:19.769 [AsyncHttpClient-1-2] DEBUG org.asynchttpclient.netty.handler.HttpHandler - 

Request DefaultFullHttpRequest(decodeResult: success, version: HTTP/1.1, content: EmptyByteBufBE)
GET /session/5ad97dfb5cc8ee7bdc66ecb7503f8fc1/url HTTP/1.1
User-Agent: selenium/4.8.0 (java windows)
Cache-Control: no-cache
Content-Type: application/json; charset=utf-8
host: localhost:7138
accept: */*

Response DefaultHttpResponse(decodeResult: success, version: HTTP/1.1)
HTTP/1.1 200 OK
Content-Length: 75
Content-Type: application/json; charset=utf-8
cache-control: no-cache

13:09:19.769 [AsyncHttpClient-1-2] DEBUG org.asynchttpclient.netty.channel.ChannelManager - Adding key: http://localhost:7138 for channel [id: 0x4eddb369, L:/127.0.0.1:58747 - R:localhost/127.0.0.1:7138]
13:09:19.770 [Forwarding screenshot on session 5ad97dfb5cc8ee7bdc66ecb7503f8fc1 to remote] DEBUG org.asynchttpclient.netty.request.NettyRequestSender - Using pooled Channel '[id: 0x4eddb369, L:/127.0.0.1:58747 - R:localhost/127.0.0.1:7138]' for 'GET' to 'http://localhost:7138/session/5ad97dfb5cc8ee7bdc66ecb7503f8fc1/screenshot'
13:09:19.770 [Forwarding screenshot on session 5ad97dfb5cc8ee7bdc66ecb7503f8fc1 to remote] DEBUG org.asynchttpclient.netty.request.NettyRequestSender - Using open Channel [id: 0x4eddb369, L:/127.0.0.1:58747 - R:localhost/127.0.0.1:7138] for GET '/session/5ad97dfb5cc8ee7bdc66ecb7503f8fc1/screenshot'
13:09:19.864 [AsyncHttpClient-1-2] DEBUG org.asynchttpclient.netty.handler.HttpHandler - 

Request DefaultFullHttpRequest(decodeResult: success, version: HTTP/1.1, content: EmptyByteBufBE)
GET /session/5ad97dfb5cc8ee7bdc66ecb7503f8fc1/screenshot HTTP/1.1
User-Agent: selenium/4.8.0 (java windows)
Cache-Control: no-cache
Content-Type: application/json; charset=utf-8
host: localhost:7138
accept: */*

Response DefaultHttpResponse(decodeResult: success, version: HTTP/1.1)
HTTP/1.1 200 OK
Content-Length: 104444
Content-Type: application/json; charset=utf-8
cache-control: no-cache

13:09:19.865 [AsyncHttpClient-1-2] DEBUG org.asynchttpclient.netty.channel.ChannelManager - Adding key: http://localhost:7138 for channel [id: 0x4eddb369, L:/127.0.0.1:58747 - R:localhost/127.0.0.1:7138]
13:09:19.868 [main] DEBUG net.serenitybdd.core.photography.Darkroom - Send negative for processing for target\site\serenity\8351fb6007c4ef3e7cd68ab6f8f75494a9be819c0708a4a70af6838715421957.png
13:09:19.868 [Darkroom Processing Line] DEBUG net.serenitybdd.core.photography.DarkroomProcessingLine - Processing screenshot image in /var/screenshots/screenshot-4835418300868417052
13:09:19.868 [Darkroom Processing Line] DEBUG net.serenitybdd.core.photography.DarkroomProcessingLine - Saving screenshot to target\site\serenity\8351fb6007c4ef3e7cd68ab6f8f75494a9be819c0708a4a70af6838715421957.png
13:09:19.944 [AsyncHttpClient-1-1] DEBUG org.asynchttpclient.netty.channel.DefaultChannelPool - Entry count for : http://localhost:7138 : 1
13:09:19.944 [AsyncHttpClient-1-1] DEBUG org.asynchttpclient.netty.channel.DefaultChannelPool - Entry count for : http://localhost:58748 : 1
13:09:20.073 [Forwarding getAlertText on session 5ad97dfb5cc8ee7bdc66ecb7503f8fc1 to remote] DEBUG org.asynchttpclient.netty.request.NettyRequestSender - Using pooled Channel '[id: 0x4eddb369, L:/127.0.0.1:58747 - R:localhost/127.0.0.1:7138]' for 'GET' to 'http://localhost:7138/session/5ad97dfb5cc8ee7bdc66ecb7503f8fc1/alert/text'
13:09:20.073 [Forwarding getAlertText on session 5ad97dfb5cc8ee7bdc66ecb7503f8fc1 to remote] DEBUG org.asynchttpclient.netty.request.NettyRequestSender - Using open Channel [id: 0x4eddb369, L:/127.0.0.1:58747 - R:localhost/127.0.0.1:7138] for GET '/session/5ad97dfb5cc8ee7bdc66ecb7503f8fc1/alert/text'
13:09:20.074 [AsyncHttpClient-1-2] DEBUG org.asynchttpclient.netty.handler.HttpHandler - 

Request DefaultFullHttpRequest(decodeResult: success, version: HTTP/1.1, content: EmptyByteBufBE)
GET /session/5ad97dfb5cc8ee7bdc66ecb7503f8fc1/alert/text HTTP/1.1
User-Agent: selenium/4.8.0 (java windows)
Cache-Control: no-cache
Content-Type: application/json; charset=utf-8
host: localhost:7138
accept: */*

Response DefaultHttpResponse(decodeResult: success, version: HTTP/1.1)
HTTP/1.1 404 Not Found
Content-Length: 820
Content-Type: application/json; charset=utf-8
cache-control: no-cache

13:09:20.074 [AsyncHttpClient-1-2] DEBUG org.asynchttpclient.netty.channel.ChannelManager - Adding key: http://localhost:7138 for channel [id: 0x4eddb369, L:/127.0.0.1:58747 - R:localhost/127.0.0.1:7138]
13:09:20.074 [Forwarding getCurrentUrl on session 5ad97dfb5cc8ee7bdc66ecb7503f8fc1 to remote] DEBUG org.asynchttpclient.netty.request.NettyRequestSender - Using pooled Channel '[id: 0x4eddb369, L:/127.0.0.1:58747 - R:localhost/127.0.0.1:7138]' for 'GET' to 'http://localhost:7138/session/5ad97dfb5cc8ee7bdc66ecb7503f8fc1/url'
13:09:20.074 [Forwarding getCurrentUrl on session 5ad97dfb5cc8ee7bdc66ecb7503f8fc1 to remote] DEBUG org.asynchttpclient.netty.request.NettyRequestSender - Using open Channel [id: 0x4eddb369, L:/127.0.0.1:58747 - R:localhost/127.0.0.1:7138] for GET '/session/5ad97dfb5cc8ee7bdc66ecb7503f8fc1/url'
13:09:20.076 [AsyncHttpClient-1-2] DEBUG org.asynchttpclient.netty.handler.HttpHandler - 

Request DefaultFullHttpRequest(decodeResult: success, version: HTTP/1.1, content: EmptyByteBufBE)
GET /session/5ad97dfb5cc8ee7bdc66ecb7503f8fc1/url HTTP/1.1
User-Agent: selenium/4.8.0 (java windows)
Cache-Control: no-cache
Content-Type: application/json; charset=utf-8
host: localhost:7138
accept: */*

Response DefaultHttpResponse(decodeResult: success, version: HTTP/1.1)
HTTP/1.1 200 OK
Content-Length: 75
Content-Type: application/json; charset=utf-8
cache-control: no-cache

13:09:20.076 [AsyncHttpClient-1-2] DEBUG org.asynchttpclient.netty.channel.ChannelManager - Adding key: http://localhost:7138 for channel [id: 0x4eddb369, L:/127.0.0.1:58747 - R:localhost/127.0.0.1:7138]
13:09:20.076 [Forwarding screenshot on session 5ad97dfb5cc8ee7bdc66ecb7503f8fc1 to remote] DEBUG org.asynchttpclient.netty.request.NettyRequestSender - Using pooled Channel '[id: 0x4eddb369, L:/127.0.0.1:58747 - R:localhost/127.0.0.1:7138]' for 'GET' to 'http://localhost:7138/session/5ad97dfb5cc8ee7bdc66ecb7503f8fc1/screenshot'
13:09:20.076 [Forwarding screenshot on session 5ad97dfb5cc8ee7bdc66ecb7503f8fc1 to remote] DEBUG org.asynchttpclient.netty.request.NettyRequestSender - Using open Channel [id: 0x4eddb369, L:/127.0.0.1:58747 - R:localhost/127.0.0.1:7138] for GET '/session/5ad97dfb5cc8ee7bdc66ecb7503f8fc1/screenshot'
13:09:20.153 [AsyncHttpClient-1-2] DEBUG org.asynchttpclient.netty.handler.HttpHandler - 

Request DefaultFullHttpRequest(decodeResult: success, version: HTTP/1.1, content: EmptyByteBufBE)
GET /session/5ad97dfb5cc8ee7bdc66ecb7503f8fc1/screenshot HTTP/1.1
User-Agent: selenium/4.8.0 (java windows)
Cache-Control: no-cache
Content-Type: application/json; charset=utf-8
host: localhost:7138
accept: */*

Response DefaultHttpResponse(decodeResult: success, version: HTTP/1.1)
HTTP/1.1 200 OK
Content-Length: 104472
Content-Type: application/json; charset=utf-8
cache-control: no-cache

13:09:20.153 [AsyncHttpClient-1-2] DEBUG org.asynchttpclient.netty.channel.ChannelManager - Adding key: http://localhost:7138 for channel [id: 0x4eddb369, L:/127.0.0.1:58747 - R:localhost/127.0.0.1:7138]
13:09:20.156 [main] DEBUG net.serenitybdd.core.photography.Darkroom - Send negative for processing for target\site\serenity\48a9a1d210f65b5c15e66d20b4600866fa3153016383c165e48c4823f594ffef.png
13:09:20.156 [Darkroom Processing Line] DEBUG net.serenitybdd.core.photography.DarkroomProcessingLine - Processing screenshot image in /var/screenshots/screenshot-7124318403348593024
13:09:20.156 [Darkroom Processing Line] DEBUG net.serenitybdd.core.photography.DarkroomProcessingLine - Saving screenshot to target\site\serenity\48a9a1d210f65b5c15e66d20b4600866fa3153016383c165e48c4823f594ffef.png
13:09:20.156 [Forwarding getPageSource on session 5ad97dfb5cc8ee7bdc66ecb7503f8fc1 to remote] DEBUG org.asynchttpclient.netty.request.NettyRequestSender - Using pooled Channel '[id: 0x4eddb369, L:/127.0.0.1:58747 - R:localhost/127.0.0.1:7138]' for 'POST' to 'http://localhost:7138/session/5ad97dfb5cc8ee7bdc66ecb7503f8fc1/execute/sync'
13:09:20.156 [Forwarding getPageSource on session 5ad97dfb5cc8ee7bdc66ecb7503f8fc1 to remote] DEBUG org.asynchttpclient.netty.request.NettyRequestSender - Using open Channel [id: 0x4eddb369, L:/127.0.0.1:58747 - R:localhost/127.0.0.1:7138] for POST '/session/5ad97dfb5cc8ee7bdc66ecb7503f8fc1/execute/sync'
13:09:20.166 [AsyncHttpClient-1-2] DEBUG org.asynchttpclient.netty.handler.HttpHandler - 

Request DefaultHttpRequest(decodeResult: success, version: HTTP/1.1)
POST /session/5ad97dfb5cc8ee7bdc66ecb7503f8fc1/execute/sync HTTP/1.1
User-Agent: selenium/4.8.0 (java windows)
Content-Length: 176
Content-Type: application/json; charset=utf-8
host: localhost:7138
accept: */*

Response DefaultHttpResponse(decodeResult: success, version: HTTP/1.1)
HTTP/1.1 200 OK
Content-Length: 141440
Content-Type: application/json; charset=utf-8
cache-control: no-cache

13:09:20.167 [AsyncHttpClient-1-2] DEBUG org.asynchttpclient.netty.channel.ChannelManager - Adding key: http://localhost:7138 for channel [id: 0x4eddb369, L:/127.0.0.1:58747 - R:localhost/127.0.0.1:7138]
13:09:20.173 [Forwarding getCurrentUrl on session 5ad97dfb5cc8ee7bdc66ecb7503f8fc1 to remote] DEBUG org.asynchttpclient.netty.request.NettyRequestSender - Using pooled Channel '[id: 0x4eddb369, L:/127.0.0.1:58747 - R:localhost/127.0.0.1:7138]' for 'GET' to 'http://localhost:7138/session/5ad97dfb5cc8ee7bdc66ecb7503f8fc1/url'
13:09:20.173 [Forwarding getCurrentUrl on session 5ad97dfb5cc8ee7bdc66ecb7503f8fc1 to remote] DEBUG org.asynchttpclient.netty.request.NettyRequestSender - Using open Channel [id: 0x4eddb369, L:/127.0.0.1:58747 - R:localhost/127.0.0.1:7138] for GET '/session/5ad97dfb5cc8ee7bdc66ecb7503f8fc1/url'
13:09:20.176 [AsyncHttpClient-1-2] DEBUG org.asynchttpclient.netty.handler.HttpHandler - 

Request DefaultFullHttpRequest(decodeResult: success, version: HTTP/1.1, content: EmptyByteBufBE)
GET /session/5ad97dfb5cc8ee7bdc66ecb7503f8fc1/url HTTP/1.1
User-Agent: selenium/4.8.0 (java windows)
Cache-Control: no-cache
Content-Type: application/json; charset=utf-8
host: localhost:7138
accept: */*

Response DefaultHttpResponse(decodeResult: success, version: HTTP/1.1)
HTTP/1.1 200 OK
Content-Length: 75
Content-Type: application/json; charset=utf-8
cache-control: no-cache

13:09:20.176 [AsyncHttpClient-1-2] DEBUG org.asynchttpclient.netty.channel.ChannelManager - Adding key: http://localhost:7138 for channel [id: 0x4eddb369, L:/127.0.0.1:58747 - R:localhost/127.0.0.1:7138]
13:09:20.182 [Forwarding getPageSource on session 5ad97dfb5cc8ee7bdc66ecb7503f8fc1 to remote] DEBUG org.asynchttpclient.netty.request.NettyRequestSender - Using pooled Channel '[id: 0x4eddb369, L:/127.0.0.1:58747 - R:localhost/127.0.0.1:7138]' for 'POST' to 'http://localhost:7138/session/5ad97dfb5cc8ee7bdc66ecb7503f8fc1/execute/sync'
13:09:20.182 [Forwarding getPageSource on session 5ad97dfb5cc8ee7bdc66ecb7503f8fc1 to remote] DEBUG org.asynchttpclient.netty.request.NettyRequestSender - Using open Channel [id: 0x4eddb369, L:/127.0.0.1:58747 - R:localhost/127.0.0.1:7138] for POST '/session/5ad97dfb5cc8ee7bdc66ecb7503f8fc1/execute/sync'
13:09:20.191 [AsyncHttpClient-1-2] DEBUG org.asynchttpclient.netty.handler.HttpHandler - 

Request DefaultHttpRequest(decodeResult: success, version: HTTP/1.1)
POST /session/5ad97dfb5cc8ee7bdc66ecb7503f8fc1/execute/sync HTTP/1.1
User-Agent: selenium/4.8.0 (java windows)
Content-Length: 176
Content-Type: application/json; charset=utf-8
host: localhost:7138
accept: */*

Response DefaultHttpResponse(decodeResult: success, version: HTTP/1.1)
HTTP/1.1 200 OK
Content-Length: 141440
Content-Type: application/json; charset=utf-8
cache-control: no-cache

13:09:20.191 [AsyncHttpClient-1-2] DEBUG org.asynchttpclient.netty.channel.ChannelManager - Adding key: http://localhost:7138 for channel [id: 0x4eddb369, L:/127.0.0.1:58747 - R:localhost/127.0.0.1:7138]
13:09:20.208 [Forwarding getCurrentUrl on session 5ad97dfb5cc8ee7bdc66ecb7503f8fc1 to remote] DEBUG org.asynchttpclient.netty.request.NettyRequestSender - Using pooled Channel '[id: 0x4eddb369, L:/127.0.0.1:58747 - R:localhost/127.0.0.1:7138]' for 'GET' to 'http://localhost:7138/session/5ad97dfb5cc8ee7bdc66ecb7503f8fc1/url'
13:09:20.208 [Forwarding getCurrentUrl on session 5ad97dfb5cc8ee7bdc66ecb7503f8fc1 to remote] DEBUG org.asynchttpclient.netty.request.NettyRequestSender - Using open Channel [id: 0x4eddb369, L:/127.0.0.1:58747 - R:localhost/127.0.0.1:7138] for GET '/session/5ad97dfb5cc8ee7bdc66ecb7503f8fc1/url'
13:09:20.210 [AsyncHttpClient-1-2] DEBUG org.asynchttpclient.netty.handler.HttpHandler - 

Request DefaultFullHttpRequest(decodeResult: success, version: HTTP/1.1, content: EmptyByteBufBE)
GET /session/5ad97dfb5cc8ee7bdc66ecb7503f8fc1/url HTTP/1.1
User-Agent: selenium/4.8.0 (java windows)
Cache-Control: no-cache
Content-Type: application/json; charset=utf-8
host: localhost:7138
accept: */*

Response DefaultHttpResponse(decodeResult: success, version: HTTP/1.1)
HTTP/1.1 200 OK
Content-Length: 75
Content-Type: application/json; charset=utf-8
cache-control: no-cache

13:09:20.210 [AsyncHttpClient-1-2] DEBUG org.asynchttpclient.netty.channel.ChannelManager - Adding key: http://localhost:7138 for channel [id: 0x4eddb369, L:/127.0.0.1:58747 - R:localhost/127.0.0.1:7138]
13:09:20.211 [main] DEBUG net.thucydides.core.steps.StepInterceptor - STARTING STEP: OpenCartStepDefinition.sheConfirmsOrder - !#title
13:09:20.215 [Forwarding getAlertText on session 5ad97dfb5cc8ee7bdc66ecb7503f8fc1 to remote] DEBUG org.asynchttpclient.netty.request.NettyRequestSender - Using pooled Channel '[id: 0x4eddb369, L:/127.0.0.1:58747 - R:localhost/127.0.0.1:7138]' for 'GET' to 'http://localhost:7138/session/5ad97dfb5cc8ee7bdc66ecb7503f8fc1/alert/text'
13:09:20.215 [Forwarding getAlertText on session 5ad97dfb5cc8ee7bdc66ecb7503f8fc1 to remote] DEBUG org.asynchttpclient.netty.request.NettyRequestSender - Using open Channel [id: 0x4eddb369, L:/127.0.0.1:58747 - R:localhost/127.0.0.1:7138] for GET '/session/5ad97dfb5cc8ee7bdc66ecb7503f8fc1/alert/text'
13:09:20.216 [AsyncHttpClient-1-2] DEBUG org.asynchttpclient.netty.handler.HttpHandler - 

Request DefaultFullHttpRequest(decodeResult: success, version: HTTP/1.1, content: EmptyByteBufBE)
GET /session/5ad97dfb5cc8ee7bdc66ecb7503f8fc1/alert/text HTTP/1.1
User-Agent: selenium/4.8.0 (java windows)
Cache-Control: no-cache
Content-Type: application/json; charset=utf-8
host: localhost:7138
accept: */*

Response DefaultHttpResponse(decodeResult: success, version: HTTP/1.1)
HTTP/1.1 404 Not Found
Content-Length: 820
Content-Type: application/json; charset=utf-8
cache-control: no-cache

13:09:20.216 [AsyncHttpClient-1-2] DEBUG org.asynchttpclient.netty.channel.ChannelManager - Adding key: http://localhost:7138 for channel [id: 0x4eddb369, L:/127.0.0.1:58747 - R:localhost/127.0.0.1:7138]
13:09:20.216 [Forwarding getCurrentUrl on session 5ad97dfb5cc8ee7bdc66ecb7503f8fc1 to remote] DEBUG org.asynchttpclient.netty.request.NettyRequestSender - Using pooled Channel '[id: 0x4eddb369, L:/127.0.0.1:58747 - R:localhost/127.0.0.1:7138]' for 'GET' to 'http://localhost:7138/session/5ad97dfb5cc8ee7bdc66ecb7503f8fc1/url'
13:09:20.216 [Forwarding getCurrentUrl on session 5ad97dfb5cc8ee7bdc66ecb7503f8fc1 to remote] DEBUG org.asynchttpclient.netty.request.NettyRequestSender - Using open Channel [id: 0x4eddb369, L:/127.0.0.1:58747 - R:localhost/127.0.0.1:7138] for GET '/session/5ad97dfb5cc8ee7bdc66ecb7503f8fc1/url'
13:09:20.219 [AsyncHttpClient-1-2] DEBUG org.asynchttpclient.netty.handler.HttpHandler - 

Request DefaultFullHttpRequest(decodeResult: success, version: HTTP/1.1, content: EmptyByteBufBE)
GET /session/5ad97dfb5cc8ee7bdc66ecb7503f8fc1/url HTTP/1.1
User-Agent: selenium/4.8.0 (java windows)
Cache-Control: no-cache
Content-Type: application/json; charset=utf-8
host: localhost:7138
accept: */*

Response DefaultHttpResponse(decodeResult: success, version: HTTP/1.1)
HTTP/1.1 200 OK
Content-Length: 75
Content-Type: application/json; charset=utf-8
cache-control: no-cache

13:09:20.219 [AsyncHttpClient-1-2] DEBUG org.asynchttpclient.netty.channel.ChannelManager - Adding key: http://localhost:7138 for channel [id: 0x4eddb369, L:/127.0.0.1:58747 - R:localhost/127.0.0.1:7138]
13:09:20.219 [Forwarding screenshot on session 5ad97dfb5cc8ee7bdc66ecb7503f8fc1 to remote] DEBUG org.asynchttpclient.netty.request.NettyRequestSender - Using pooled Channel '[id: 0x4eddb369, L:/127.0.0.1:58747 - R:localhost/127.0.0.1:7138]' for 'GET' to 'http://localhost:7138/session/5ad97dfb5cc8ee7bdc66ecb7503f8fc1/screenshot'
13:09:20.219 [Forwarding screenshot on session 5ad97dfb5cc8ee7bdc66ecb7503f8fc1 to remote] DEBUG org.asynchttpclient.netty.request.NettyRequestSender - Using open Channel [id: 0x4eddb369, L:/127.0.0.1:58747 - R:localhost/127.0.0.1:7138] for GET '/session/5ad97dfb5cc8ee7bdc66ecb7503f8fc1/screenshot'
13:09:20.297 [AsyncHttpClient-1-2] DEBUG org.asynchttpclient.netty.handler.HttpHandler - 

Request DefaultFullHttpRequest(decodeResult: success, version: HTTP/1.1, content: EmptyByteBufBE)
GET /session/5ad97dfb5cc8ee7bdc66ecb7503f8fc1/screenshot HTTP/1.1
User-Agent: selenium/4.8.0 (java windows)
Cache-Control: no-cache
Content-Type: application/json; charset=utf-8
host: localhost:7138
accept: */*

Response DefaultHttpResponse(decodeResult: success, version: HTTP/1.1)
HTTP/1.1 200 OK
Content-Length: 104472
Content-Type: application/json; charset=utf-8
cache-control: no-cache

13:09:20.298 [AsyncHttpClient-1-2] DEBUG org.asynchttpclient.netty.channel.ChannelManager - Adding key: http://localhost:7138 for channel [id: 0x4eddb369, L:/127.0.0.1:58747 - R:localhost/127.0.0.1:7138]
13:09:20.301 [main] DEBUG net.serenitybdd.core.photography.Darkroom - Send negative for processing for target\site\serenity\48a9a1d210f65b5c15e66d20b4600866fa3153016383c165e48c4823f594ffef.png
13:09:20.302 [Forwarding getPageSource on session 5ad97dfb5cc8ee7bdc66ecb7503f8fc1 to remote] DEBUG org.asynchttpclient.netty.request.NettyRequestSender - Using pooled Channel '[id: 0x4eddb369, L:/127.0.0.1:58747 - R:localhost/127.0.0.1:7138]' for 'POST' to 'http://localhost:7138/session/5ad97dfb5cc8ee7bdc66ecb7503f8fc1/execute/sync'
13:09:20.302 [Forwarding getPageSource on session 5ad97dfb5cc8ee7bdc66ecb7503f8fc1 to remote] DEBUG org.asynchttpclient.netty.request.NettyRequestSender - Using open Channel [id: 0x4eddb369, L:/127.0.0.1:58747 - R:localhost/127.0.0.1:7138] for POST '/session/5ad97dfb5cc8ee7bdc66ecb7503f8fc1/execute/sync'
13:09:20.310 [AsyncHttpClient-1-2] DEBUG org.asynchttpclient.netty.handler.HttpHandler - 

Request DefaultHttpRequest(decodeResult: success, version: HTTP/1.1)
POST /session/5ad97dfb5cc8ee7bdc66ecb7503f8fc1/execute/sync HTTP/1.1
User-Agent: selenium/4.8.0 (java windows)
Content-Length: 176
Content-Type: application/json; charset=utf-8
host: localhost:7138
accept: */*

Response DefaultHttpResponse(decodeResult: success, version: HTTP/1.1)
HTTP/1.1 200 OK
Content-Length: 141440
Content-Type: application/json; charset=utf-8
cache-control: no-cache

13:09:20.310 [AsyncHttpClient-1-2] DEBUG org.asynchttpclient.netty.channel.ChannelManager - Adding key: http://localhost:7138 for channel [id: 0x4eddb369, L:/127.0.0.1:58747 - R:localhost/127.0.0.1:7138]
13:09:20.316 [Forwarding getCurrentUrl on session 5ad97dfb5cc8ee7bdc66ecb7503f8fc1 to remote] DEBUG org.asynchttpclient.netty.request.NettyRequestSender - Using pooled Channel '[id: 0x4eddb369, L:/127.0.0.1:58747 - R:localhost/127.0.0.1:7138]' for 'GET' to 'http://localhost:7138/session/5ad97dfb5cc8ee7bdc66ecb7503f8fc1/url'
13:09:20.316 [Forwarding getCurrentUrl on session 5ad97dfb5cc8ee7bdc66ecb7503f8fc1 to remote] DEBUG org.asynchttpclient.netty.request.NettyRequestSender - Using open Channel [id: 0x4eddb369, L:/127.0.0.1:58747 - R:localhost/127.0.0.1:7138] for GET '/session/5ad97dfb5cc8ee7bdc66ecb7503f8fc1/url'
13:09:20.319 [AsyncHttpClient-1-2] DEBUG org.asynchttpclient.netty.handler.HttpHandler - 

Request DefaultFullHttpRequest(decodeResult: success, version: HTTP/1.1, content: EmptyByteBufBE)
GET /session/5ad97dfb5cc8ee7bdc66ecb7503f8fc1/url HTTP/1.1
User-Agent: selenium/4.8.0 (java windows)
Cache-Control: no-cache
Content-Type: application/json; charset=utf-8
host: localhost:7138
accept: */*

Response DefaultHttpResponse(decodeResult: success, version: HTTP/1.1)
HTTP/1.1 200 OK
Content-Length: 75
Content-Type: application/json; charset=utf-8
cache-control: no-cache

13:09:20.319 [AsyncHttpClient-1-2] DEBUG org.asynchttpclient.netty.channel.ChannelManager - Adding key: http://localhost:7138 for channel [id: 0x4eddb369, L:/127.0.0.1:58747 - R:localhost/127.0.0.1:7138]
13:09:20.320 [main] DEBUG net.thucydides.core.steps.StepInterceptor - STARTING STEP: OpenCartStepDefinition.sheConfirmsOrder - {0} clicks on #locators
13:09:20.321 [Forwarding findElement on session 5ad97dfb5cc8ee7bdc66ecb7503f8fc1 to remote] DEBUG org.asynchttpclient.netty.request.NettyRequestSender - Using pooled Channel '[id: 0x4eddb369, L:/127.0.0.1:58747 - R:localhost/127.0.0.1:7138]' for 'POST' to 'http://localhost:7138/session/5ad97dfb5cc8ee7bdc66ecb7503f8fc1/element'
13:09:20.321 [Forwarding findElement on session 5ad97dfb5cc8ee7bdc66ecb7503f8fc1 to remote] DEBUG org.asynchttpclient.netty.request.NettyRequestSender - Using open Channel [id: 0x4eddb369, L:/127.0.0.1:58747 - R:localhost/127.0.0.1:7138] for POST '/session/5ad97dfb5cc8ee7bdc66ecb7503f8fc1/element'
13:09:20.329 [AsyncHttpClient-1-2] DEBUG org.asynchttpclient.netty.handler.HttpHandler - 

Request DefaultHttpRequest(decodeResult: success, version: HTTP/1.1)
POST /session/5ad97dfb5cc8ee7bdc66ecb7503f8fc1/element HTTP/1.1
User-Agent: selenium/4.8.0 (java windows)
Content-Length: 76
Content-Type: application/json; charset=utf-8
host: localhost:7138
accept: */*

Response DefaultHttpResponse(decodeResult: success, version: HTTP/1.1)
HTTP/1.1 200 OK
Content-Length: 96
Content-Type: application/json; charset=utf-8
cache-control: no-cache

13:09:20.329 [AsyncHttpClient-1-2] DEBUG org.asynchttpclient.netty.channel.ChannelManager - Adding key: http://localhost:7138 for channel [id: 0x4eddb369, L:/127.0.0.1:58747 - R:localhost/127.0.0.1:7138]
13:09:20.330 [Forwarding isElementDisplayed on session 5ad97dfb5cc8ee7bdc66ecb7503f8fc1 to remote] DEBUG org.asynchttpclient.netty.request.NettyRequestSender - Using pooled Channel '[id: 0x4eddb369, L:/127.0.0.1:58747 - R:localhost/127.0.0.1:7138]' for 'POST' to 'http://localhost:7138/session/5ad97dfb5cc8ee7bdc66ecb7503f8fc1/execute/sync'
13:09:20.331 [Forwarding isElementDisplayed on session 5ad97dfb5cc8ee7bdc66ecb7503f8fc1 to remote] DEBUG org.asynchttpclient.netty.request.NettyRequestSender - Using open Channel [id: 0x4eddb369, L:/127.0.0.1:58747 - R:localhost/127.0.0.1:7138] for POST '/session/5ad97dfb5cc8ee7bdc66ecb7503f8fc1/execute/sync'
13:09:20.335 [AsyncHttpClient-1-2] DEBUG org.asynchttpclient.netty.handler.HttpHandler - 

Request DefaultHttpRequest(decodeResult: success, version: HTTP/1.1)
POST /session/5ad97dfb5cc8ee7bdc66ecb7503f8fc1/execute/sync HTTP/1.1
User-Agent: selenium/4.8.0 (java windows)
Content-Length: 48815
Content-Type: application/json; charset=utf-8
host: localhost:7138
accept: */*

Response DefaultHttpResponse(decodeResult: success, version: HTTP/1.1)
HTTP/1.1 200 OK
Content-Length: 14
Content-Type: application/json; charset=utf-8
cache-control: no-cache

13:09:20.335 [AsyncHttpClient-1-2] DEBUG org.asynchttpclient.netty.channel.ChannelManager - Adding key: http://localhost:7138 for channel [id: 0x4eddb369, L:/127.0.0.1:58747 - R:localhost/127.0.0.1:7138]
13:09:20.338 [Forwarding isElementDisplayed on session 5ad97dfb5cc8ee7bdc66ecb7503f8fc1 to remote] DEBUG org.asynchttpclient.netty.request.NettyRequestSender - Using pooled Channel '[id: 0x4eddb369, L:/127.0.0.1:58747 - R:localhost/127.0.0.1:7138]' for 'POST' to 'http://localhost:7138/session/5ad97dfb5cc8ee7bdc66ecb7503f8fc1/execute/sync'
13:09:20.338 [Forwarding isElementDisplayed on session 5ad97dfb5cc8ee7bdc66ecb7503f8fc1 to remote] DEBUG org.asynchttpclient.netty.request.NettyRequestSender - Using open Channel [id: 0x4eddb369, L:/127.0.0.1:58747 - R:localhost/127.0.0.1:7138] for POST '/session/5ad97dfb5cc8ee7bdc66ecb7503f8fc1/execute/sync'
13:09:20.343 [AsyncHttpClient-1-2] DEBUG org.asynchttpclient.netty.handler.HttpHandler - 

Request DefaultHttpRequest(decodeResult: success, version: HTTP/1.1)
POST /session/5ad97dfb5cc8ee7bdc66ecb7503f8fc1/execute/sync HTTP/1.1
User-Agent: selenium/4.8.0 (java windows)
Content-Length: 48815
Content-Type: application/json; charset=utf-8
host: localhost:7138
accept: */*

Response DefaultHttpResponse(decodeResult: success, version: HTTP/1.1)
HTTP/1.1 200 OK
Content-Length: 14
Content-Type: application/json; charset=utf-8
cache-control: no-cache

13:09:20.343 [AsyncHttpClient-1-2] DEBUG org.asynchttpclient.netty.channel.ChannelManager - Adding key: http://localhost:7138 for channel [id: 0x4eddb369, L:/127.0.0.1:58747 - R:localhost/127.0.0.1:7138]
13:09:20.344 [Forwarding clickElement on session 5ad97dfb5cc8ee7bdc66ecb7503f8fc1 to remote] DEBUG org.asynchttpclient.netty.request.NettyRequestSender - Using pooled Channel '[id: 0x4eddb369, L:/127.0.0.1:58747 - R:localhost/127.0.0.1:7138]' for 'POST' to 'http://localhost:7138/session/5ad97dfb5cc8ee7bdc66ecb7503f8fc1/element/755A7524A69BA6EEB3A8EFDB3A26A04F_element_102/click'
13:09:20.344 [Forwarding clickElement on session 5ad97dfb5cc8ee7bdc66ecb7503f8fc1 to remote] DEBUG org.asynchttpclient.netty.request.NettyRequestSender - Using open Channel [id: 0x4eddb369, L:/127.0.0.1:58747 - R:localhost/127.0.0.1:7138] for POST '/session/5ad97dfb5cc8ee7bdc66ecb7503f8fc1/element/755A7524A69BA6EEB3A8EFDB3A26A04F_element_102/click'
13:09:20.364 [AsyncHttpClient-1-2] DEBUG org.asynchttpclient.netty.handler.HttpHandler - 

Request DefaultHttpRequest(decodeResult: success, version: HTTP/1.1)
POST /session/5ad97dfb5cc8ee7bdc66ecb7503f8fc1/element/755A7524A69BA6EEB3A8EFDB3A26A04F_element_102/click HTTP/1.1
User-Agent: selenium/4.8.0 (java windows)
Content-Length: 58
Content-Type: application/json; charset=utf-8
host: localhost:7138
accept: */*

Response DefaultHttpResponse(decodeResult: success, version: HTTP/1.1)
HTTP/1.1 200 OK
Content-Length: 14
Content-Type: application/json; charset=utf-8
cache-control: no-cache

13:09:20.364 [AsyncHttpClient-1-2] DEBUG org.asynchttpclient.netty.channel.ChannelManager - Adding key: http://localhost:7138 for channel [id: 0x4eddb369, L:/127.0.0.1:58747 - R:localhost/127.0.0.1:7138]
13:09:20.368 [Forwarding getAlertText on session 5ad97dfb5cc8ee7bdc66ecb7503f8fc1 to remote] DEBUG org.asynchttpclient.netty.request.NettyRequestSender - Using pooled Channel '[id: 0x4eddb369, L:/127.0.0.1:58747 - R:localhost/127.0.0.1:7138]' for 'GET' to 'http://localhost:7138/session/5ad97dfb5cc8ee7bdc66ecb7503f8fc1/alert/text'
13:09:20.368 [Forwarding getAlertText on session 5ad97dfb5cc8ee7bdc66ecb7503f8fc1 to remote] DEBUG org.asynchttpclient.netty.request.NettyRequestSender - Using open Channel [id: 0x4eddb369, L:/127.0.0.1:58747 - R:localhost/127.0.0.1:7138] for GET '/session/5ad97dfb5cc8ee7bdc66ecb7503f8fc1/alert/text'
13:09:20.369 [AsyncHttpClient-1-2] DEBUG org.asynchttpclient.netty.handler.HttpHandler - 

Request DefaultFullHttpRequest(decodeResult: success, version: HTTP/1.1, content: EmptyByteBufBE)
GET /session/5ad97dfb5cc8ee7bdc66ecb7503f8fc1/alert/text HTTP/1.1
User-Agent: selenium/4.8.0 (java windows)
Cache-Control: no-cache
Content-Type: application/json; charset=utf-8
host: localhost:7138
accept: */*

Response DefaultHttpResponse(decodeResult: success, version: HTTP/1.1)
HTTP/1.1 404 Not Found
Content-Length: 820
Content-Type: application/json; charset=utf-8
cache-control: no-cache

13:09:20.370 [AsyncHttpClient-1-2] DEBUG org.asynchttpclient.netty.channel.ChannelManager - Adding key: http://localhost:7138 for channel [id: 0x4eddb369, L:/127.0.0.1:58747 - R:localhost/127.0.0.1:7138]
13:09:20.370 [Forwarding getCurrentUrl on session 5ad97dfb5cc8ee7bdc66ecb7503f8fc1 to remote] DEBUG org.asynchttpclient.netty.request.NettyRequestSender - Using pooled Channel '[id: 0x4eddb369, L:/127.0.0.1:58747 - R:localhost/127.0.0.1:7138]' for 'GET' to 'http://localhost:7138/session/5ad97dfb5cc8ee7bdc66ecb7503f8fc1/url'
13:09:20.370 [Forwarding getCurrentUrl on session 5ad97dfb5cc8ee7bdc66ecb7503f8fc1 to remote] DEBUG org.asynchttpclient.netty.request.NettyRequestSender - Using open Channel [id: 0x4eddb369, L:/127.0.0.1:58747 - R:localhost/127.0.0.1:7138] for GET '/session/5ad97dfb5cc8ee7bdc66ecb7503f8fc1/url'
13:09:20.372 [AsyncHttpClient-1-2] DEBUG org.asynchttpclient.netty.handler.HttpHandler - 

Request DefaultFullHttpRequest(decodeResult: success, version: HTTP/1.1, content: EmptyByteBufBE)
GET /session/5ad97dfb5cc8ee7bdc66ecb7503f8fc1/url HTTP/1.1
User-Agent: selenium/4.8.0 (java windows)
Cache-Control: no-cache
Content-Type: application/json; charset=utf-8
host: localhost:7138
accept: */*

Response DefaultHttpResponse(decodeResult: success, version: HTTP/1.1)
HTTP/1.1 200 OK
Content-Length: 75
Content-Type: application/json; charset=utf-8
cache-control: no-cache

13:09:20.372 [AsyncHttpClient-1-2] DEBUG org.asynchttpclient.netty.channel.ChannelManager - Adding key: http://localhost:7138 for channel [id: 0x4eddb369, L:/127.0.0.1:58747 - R:localhost/127.0.0.1:7138]
13:09:20.372 [Forwarding screenshot on session 5ad97dfb5cc8ee7bdc66ecb7503f8fc1 to remote] DEBUG org.asynchttpclient.netty.request.NettyRequestSender - Using pooled Channel '[id: 0x4eddb369, L:/127.0.0.1:58747 - R:localhost/127.0.0.1:7138]' for 'GET' to 'http://localhost:7138/session/5ad97dfb5cc8ee7bdc66ecb7503f8fc1/screenshot'
13:09:20.372 [Forwarding screenshot on session 5ad97dfb5cc8ee7bdc66ecb7503f8fc1 to remote] DEBUG org.asynchttpclient.netty.request.NettyRequestSender - Using open Channel [id: 0x4eddb369, L:/127.0.0.1:58747 - R:localhost/127.0.0.1:7138] for GET '/session/5ad97dfb5cc8ee7bdc66ecb7503f8fc1/screenshot'
13:09:20.457 [AsyncHttpClient-1-2] DEBUG org.asynchttpclient.netty.handler.HttpHandler - 

Request DefaultFullHttpRequest(decodeResult: success, version: HTTP/1.1, content: EmptyByteBufBE)
GET /session/5ad97dfb5cc8ee7bdc66ecb7503f8fc1/screenshot HTTP/1.1
User-Agent: selenium/4.8.0 (java windows)
Cache-Control: no-cache
Content-Type: application/json; charset=utf-8
host: localhost:7138
accept: */*

Response DefaultHttpResponse(decodeResult: success, version: HTTP/1.1)
HTTP/1.1 200 OK
Content-Length: 103500
Content-Type: application/json; charset=utf-8
cache-control: no-cache

13:09:20.457 [AsyncHttpClient-1-2] DEBUG org.asynchttpclient.netty.channel.ChannelManager - Adding key: http://localhost:7138 for channel [id: 0x4eddb369, L:/127.0.0.1:58747 - R:localhost/127.0.0.1:7138]
13:09:20.459 [main] DEBUG net.serenitybdd.core.photography.Darkroom - Send negative for processing for target\site\serenity\c983a237d10b0fcaf5b99f5d4648dd2bfdc358a1abc3672b24fce3a770d226b1.png
13:09:20.459 [Darkroom Processing Line] DEBUG net.serenitybdd.core.photography.DarkroomProcessingLine - Processing screenshot image in /var/screenshots/screenshot-2212004590697128235
13:09:20.459 [Darkroom Processing Line] DEBUG net.serenitybdd.core.photography.DarkroomProcessingLine - Saving screenshot to target\site\serenity\c983a237d10b0fcaf5b99f5d4648dd2bfdc358a1abc3672b24fce3a770d226b1.png
13:09:20.664 [main] DEBUG net.thucydides.core.steps.StepInterceptor - STEP DONE: {0} clicks on #locators
13:09:20.666 [Forwarding getAlertText on session 5ad97dfb5cc8ee7bdc66ecb7503f8fc1 to remote] DEBUG org.asynchttpclient.netty.request.NettyRequestSender - Using pooled Channel '[id: 0x4eddb369, L:/127.0.0.1:58747 - R:localhost/127.0.0.1:7138]' for 'GET' to 'http://localhost:7138/session/5ad97dfb5cc8ee7bdc66ecb7503f8fc1/alert/text'
13:09:20.666 [Forwarding getAlertText on session 5ad97dfb5cc8ee7bdc66ecb7503f8fc1 to remote] DEBUG org.asynchttpclient.netty.request.NettyRequestSender - Using open Channel [id: 0x4eddb369, L:/127.0.0.1:58747 - R:localhost/127.0.0.1:7138] for GET '/session/5ad97dfb5cc8ee7bdc66ecb7503f8fc1/alert/text'
13:09:21.011 [AsyncHttpClient-1-2] DEBUG org.asynchttpclient.netty.handler.HttpHandler - 

Request DefaultFullHttpRequest(decodeResult: success, version: HTTP/1.1, content: EmptyByteBufBE)
GET /session/5ad97dfb5cc8ee7bdc66ecb7503f8fc1/alert/text HTTP/1.1
User-Agent: selenium/4.8.0 (java windows)
Cache-Control: no-cache
Content-Type: application/json; charset=utf-8
host: localhost:7138
accept: */*

Response DefaultHttpResponse(decodeResult: success, version: HTTP/1.1)
HTTP/1.1 404 Not Found
Content-Length: 820
Content-Type: application/json; charset=utf-8
cache-control: no-cache

13:09:21.011 [AsyncHttpClient-1-2] DEBUG org.asynchttpclient.netty.channel.ChannelManager - Adding key: http://localhost:7138 for channel [id: 0x4eddb369, L:/127.0.0.1:58747 - R:localhost/127.0.0.1:7138]
13:09:21.012 [Forwarding getCurrentUrl on session 5ad97dfb5cc8ee7bdc66ecb7503f8fc1 to remote] DEBUG org.asynchttpclient.netty.request.NettyRequestSender - Using pooled Channel '[id: 0x4eddb369, L:/127.0.0.1:58747 - R:localhost/127.0.0.1:7138]' for 'GET' to 'http://localhost:7138/session/5ad97dfb5cc8ee7bdc66ecb7503f8fc1/url'
13:09:21.012 [Forwarding getCurrentUrl on session 5ad97dfb5cc8ee7bdc66ecb7503f8fc1 to remote] DEBUG org.asynchttpclient.netty.request.NettyRequestSender - Using open Channel [id: 0x4eddb369, L:/127.0.0.1:58747 - R:localhost/127.0.0.1:7138] for GET '/session/5ad97dfb5cc8ee7bdc66ecb7503f8fc1/url'
13:09:21.016 [AsyncHttpClient-1-2] DEBUG org.asynchttpclient.netty.handler.HttpHandler - 

Request DefaultFullHttpRequest(decodeResult: success, version: HTTP/1.1, content: EmptyByteBufBE)
GET /session/5ad97dfb5cc8ee7bdc66ecb7503f8fc1/url HTTP/1.1
User-Agent: selenium/4.8.0 (java windows)
Cache-Control: no-cache
Content-Type: application/json; charset=utf-8
host: localhost:7138
accept: */*

Response DefaultHttpResponse(decodeResult: success, version: HTTP/1.1)
HTTP/1.1 200 OK
Content-Length: 73
Content-Type: application/json; charset=utf-8
cache-control: no-cache

13:09:21.016 [AsyncHttpClient-1-2] DEBUG org.asynchttpclient.netty.channel.ChannelManager - Adding key: http://localhost:7138 for channel [id: 0x4eddb369, L:/127.0.0.1:58747 - R:localhost/127.0.0.1:7138]
13:09:21.016 [Forwarding screenshot on session 5ad97dfb5cc8ee7bdc66ecb7503f8fc1 to remote] DEBUG org.asynchttpclient.netty.request.NettyRequestSender - Using pooled Channel '[id: 0x4eddb369, L:/127.0.0.1:58747 - R:localhost/127.0.0.1:7138]' for 'GET' to 'http://localhost:7138/session/5ad97dfb5cc8ee7bdc66ecb7503f8fc1/screenshot'
13:09:21.016 [Forwarding screenshot on session 5ad97dfb5cc8ee7bdc66ecb7503f8fc1 to remote] DEBUG org.asynchttpclient.netty.request.NettyRequestSender - Using open Channel [id: 0x4eddb369, L:/127.0.0.1:58747 - R:localhost/127.0.0.1:7138] for GET '/session/5ad97dfb5cc8ee7bdc66ecb7503f8fc1/screenshot'
13:09:21.045 [AsyncHttpClient-1-1] DEBUG org.asynchttpclient.netty.channel.DefaultChannelPool - Entry count for : http://localhost:58748 : 1
13:09:21.106 [AsyncHttpClient-1-2] DEBUG org.asynchttpclient.netty.handler.HttpHandler - 

Request DefaultFullHttpRequest(decodeResult: success, version: HTTP/1.1, content: EmptyByteBufBE)
GET /session/5ad97dfb5cc8ee7bdc66ecb7503f8fc1/screenshot HTTP/1.1
User-Agent: selenium/4.8.0 (java windows)
Cache-Control: no-cache
Content-Type: application/json; charset=utf-8
host: localhost:7138
accept: */*

Response DefaultHttpResponse(decodeResult: success, version: HTTP/1.1)
HTTP/1.1 200 OK
Content-Length: 82728
Content-Type: application/json; charset=utf-8
cache-control: no-cache

13:09:21.107 [AsyncHttpClient-1-2] DEBUG org.asynchttpclient.netty.channel.ChannelManager - Adding key: http://localhost:7138 for channel [id: 0x4eddb369, L:/127.0.0.1:58747 - R:localhost/127.0.0.1:7138]
13:09:21.108 [main] DEBUG net.serenitybdd.core.photography.Darkroom - Send negative for processing for target\site\serenity\9921fb2bddfa823b329388f5406fb55f32d3ac894aafcb1eb7163ee109d8a956.png
13:09:21.109 [Darkroom Processing Line] DEBUG net.serenitybdd.core.photography.DarkroomProcessingLine - Processing screenshot image in /var/screenshots/screenshot-2454553013300192833
13:09:21.109 [Darkroom Processing Line] DEBUG net.serenitybdd.core.photography.DarkroomProcessingLine - Saving screenshot to target\site\serenity\9921fb2bddfa823b329388f5406fb55f32d3ac894aafcb1eb7163ee109d8a956.png
13:09:21.321 [main] DEBUG net.thucydides.core.steps.StepInterceptor - STEP DONE: !#title
  &amp#27;[32mWhen &amp#27;[0m&amp#27;[32mshe confirms the order&amp#27;[0m                                                                                                                          &amp#27;[90m# io.cucumber.skeleton.stepdefinitions.OpenCartStepDefinition.sheConfirmsOrder()&amp#27;[0m
13:09:21.324 [Forwarding getAlertText on session 5ad97dfb5cc8ee7bdc66ecb7503f8fc1 to remote] DEBUG org.asynchttpclient.netty.request.NettyRequestSender - Using pooled Channel '[id: 0x4eddb369, L:/127.0.0.1:58747 - R:localhost/127.0.0.1:7138]' for 'GET' to 'http://localhost:7138/session/5ad97dfb5cc8ee7bdc66ecb7503f8fc1/alert/text'
13:09:21.324 [Forwarding getAlertText on session 5ad97dfb5cc8ee7bdc66ecb7503f8fc1 to remote] DEBUG org.asynchttpclient.netty.request.NettyRequestSender - Using open Channel [id: 0x4eddb369, L:/127.0.0.1:58747 - R:localhost/127.0.0.1:7138] for GET '/session/5ad97dfb5cc8ee7bdc66ecb7503f8fc1/alert/text'
13:09:21.326 [AsyncHttpClient-1-2] DEBUG org.asynchttpclient.netty.handler.HttpHandler - 

Request DefaultFullHttpRequest(decodeResult: success, version: HTTP/1.1, content: EmptyByteBufBE)
GET /session/5ad97dfb5cc8ee7bdc66ecb7503f8fc1/alert/text HTTP/1.1
User-Agent: selenium/4.8.0 (java windows)
Cache-Control: no-cache
Content-Type: application/json; charset=utf-8
host: localhost:7138
accept: */*

Response DefaultHttpResponse(decodeResult: success, version: HTTP/1.1)
HTTP/1.1 404 Not Found
Content-Length: 820
Content-Type: application/json; charset=utf-8
cache-control: no-cache

13:09:21.326 [AsyncHttpClient-1-2] DEBUG org.asynchttpclient.netty.channel.ChannelManager - Adding key: http://localhost:7138 for channel [id: 0x4eddb369, L:/127.0.0.1:58747 - R:localhost/127.0.0.1:7138]
13:09:21.327 [Forwarding getCurrentUrl on session 5ad97dfb5cc8ee7bdc66ecb7503f8fc1 to remote] DEBUG org.asynchttpclient.netty.request.NettyRequestSender - Using pooled Channel '[id: 0x4eddb369, L:/127.0.0.1:58747 - R:localhost/127.0.0.1:7138]' for 'GET' to 'http://localhost:7138/session/5ad97dfb5cc8ee7bdc66ecb7503f8fc1/url'
13:09:21.327 [Forwarding getCurrentUrl on session 5ad97dfb5cc8ee7bdc66ecb7503f8fc1 to remote] DEBUG org.asynchttpclient.netty.request.NettyRequestSender - Using open Channel [id: 0x4eddb369, L:/127.0.0.1:58747 - R:localhost/127.0.0.1:7138] for GET '/session/5ad97dfb5cc8ee7bdc66ecb7503f8fc1/url'
13:09:21.329 [AsyncHttpClient-1-2] DEBUG org.asynchttpclient.netty.handler.HttpHandler - 

Request DefaultFullHttpRequest(decodeResult: success, version: HTTP/1.1, content: EmptyByteBufBE)
GET /session/5ad97dfb5cc8ee7bdc66ecb7503f8fc1/url HTTP/1.1
User-Agent: selenium/4.8.0 (java windows)
Cache-Control: no-cache
Content-Type: application/json; charset=utf-8
host: localhost:7138
accept: */*

Response DefaultHttpResponse(decodeResult: success, version: HTTP/1.1)
HTTP/1.1 200 OK
Content-Length: 73
Content-Type: application/json; charset=utf-8
cache-control: no-cache

13:09:21.329 [AsyncHttpClient-1-2] DEBUG org.asynchttpclient.netty.channel.ChannelManager - Adding key: http://localhost:7138 for channel [id: 0x4eddb369, L:/127.0.0.1:58747 - R:localhost/127.0.0.1:7138]
13:09:21.329 [Forwarding screenshot on session 5ad97dfb5cc8ee7bdc66ecb7503f8fc1 to remote] DEBUG org.asynchttpclient.netty.request.NettyRequestSender - Using pooled Channel '[id: 0x4eddb369, L:/127.0.0.1:58747 - R:localhost/127.0.0.1:7138]' for 'GET' to 'http://localhost:7138/session/5ad97dfb5cc8ee7bdc66ecb7503f8fc1/screenshot'
13:09:21.329 [Forwarding screenshot on session 5ad97dfb5cc8ee7bdc66ecb7503f8fc1 to remote] DEBUG org.asynchttpclient.netty.request.NettyRequestSender - Using open Channel [id: 0x4eddb369, L:/127.0.0.1:58747 - R:localhost/127.0.0.1:7138] for GET '/session/5ad97dfb5cc8ee7bdc66ecb7503f8fc1/screenshot'
13:09:21.408 [AsyncHttpClient-1-2] DEBUG org.asynchttpclient.netty.handler.HttpHandler - 

Request DefaultFullHttpRequest(decodeResult: success, version: HTTP/1.1, content: EmptyByteBufBE)
GET /session/5ad97dfb5cc8ee7bdc66ecb7503f8fc1/screenshot HTTP/1.1
User-Agent: selenium/4.8.0 (java windows)
Cache-Control: no-cache
Content-Type: application/json; charset=utf-8
host: localhost:7138
accept: */*

Response DefaultHttpResponse(decodeResult: success, version: HTTP/1.1)
HTTP/1.1 200 OK
Content-Length: 82728
Content-Type: application/json; charset=utf-8
cache-control: no-cache

13:09:21.408 [AsyncHttpClient-1-2] DEBUG org.asynchttpclient.netty.channel.ChannelManager - Adding key: http://localhost:7138 for channel [id: 0x4eddb369, L:/127.0.0.1:58747 - R:localhost/127.0.0.1:7138]
13:09:21.411 [main] DEBUG net.serenitybdd.core.photography.Darkroom - Send negative for processing for target\site\serenity\9921fb2bddfa823b329388f5406fb55f32d3ac894aafcb1eb7163ee109d8a956.png
13:09:21.619 [Forwarding getAlertText on session 5ad97dfb5cc8ee7bdc66ecb7503f8fc1 to remote] DEBUG org.asynchttpclient.netty.request.NettyRequestSender - Using pooled Channel '[id: 0x4eddb369, L:/127.0.0.1:58747 - R:localhost/127.0.0.1:7138]' for 'GET' to 'http://localhost:7138/session/5ad97dfb5cc8ee7bdc66ecb7503f8fc1/alert/text'
13:09:21.619 [Forwarding getAlertText on session 5ad97dfb5cc8ee7bdc66ecb7503f8fc1 to remote] DEBUG org.asynchttpclient.netty.request.NettyRequestSender - Using open Channel [id: 0x4eddb369, L:/127.0.0.1:58747 - R:localhost/127.0.0.1:7138] for GET '/session/5ad97dfb5cc8ee7bdc66ecb7503f8fc1/alert/text'
13:09:21.621 [AsyncHttpClient-1-2] DEBUG org.asynchttpclient.netty.handler.HttpHandler - 

Request DefaultFullHttpRequest(decodeResult: success, version: HTTP/1.1, content: EmptyByteBufBE)
GET /session/5ad97dfb5cc8ee7bdc66ecb7503f8fc1/alert/text HTTP/1.1
User-Agent: selenium/4.8.0 (java windows)
Cache-Control: no-cache
Content-Type: application/json; charset=utf-8
host: localhost:7138
accept: */*

Response DefaultHttpResponse(decodeResult: success, version: HTTP/1.1)
HTTP/1.1 404 Not Found
Content-Length: 820
Content-Type: application/json; charset=utf-8
cache-control: no-cache

13:09:21.621 [AsyncHttpClient-1-2] DEBUG org.asynchttpclient.netty.channel.ChannelManager - Adding key: http://localhost:7138 for channel [id: 0x4eddb369, L:/127.0.0.1:58747 - R:localhost/127.0.0.1:7138]
13:09:21.622 [Forwarding getCurrentUrl on session 5ad97dfb5cc8ee7bdc66ecb7503f8fc1 to remote] DEBUG org.asynchttpclient.netty.request.NettyRequestSender - Using pooled Channel '[id: 0x4eddb369, L:/127.0.0.1:58747 - R:localhost/127.0.0.1:7138]' for 'GET' to 'http://localhost:7138/session/5ad97dfb5cc8ee7bdc66ecb7503f8fc1/url'
13:09:21.622 [Forwarding getCurrentUrl on session 5ad97dfb5cc8ee7bdc66ecb7503f8fc1 to remote] DEBUG org.asynchttpclient.netty.request.NettyRequestSender - Using open Channel [id: 0x4eddb369, L:/127.0.0.1:58747 - R:localhost/127.0.0.1:7138] for GET '/session/5ad97dfb5cc8ee7bdc66ecb7503f8fc1/url'
13:09:21.623 [AsyncHttpClient-1-2] DEBUG org.asynchttpclient.netty.handler.HttpHandler - 

Request DefaultFullHttpRequest(decodeResult: success, version: HTTP/1.1, content: EmptyByteBufBE)
GET /session/5ad97dfb5cc8ee7bdc66ecb7503f8fc1/url HTTP/1.1
User-Agent: selenium/4.8.0 (java windows)
Cache-Control: no-cache
Content-Type: application/json; charset=utf-8
host: localhost:7138
accept: */*

Response DefaultHttpResponse(decodeResult: success, version: HTTP/1.1)
HTTP/1.1 200 OK
Content-Length: 73
Content-Type: application/json; charset=utf-8
cache-control: no-cache

13:09:21.623 [AsyncHttpClient-1-2] DEBUG org.asynchttpclient.netty.channel.ChannelManager - Adding key: http://localhost:7138 for channel [id: 0x4eddb369, L:/127.0.0.1:58747 - R:localhost/127.0.0.1:7138]
13:09:21.624 [Forwarding screenshot on session 5ad97dfb5cc8ee7bdc66ecb7503f8fc1 to remote] DEBUG org.asynchttpclient.netty.request.NettyRequestSender - Using pooled Channel '[id: 0x4eddb369, L:/127.0.0.1:58747 - R:localhost/127.0.0.1:7138]' for 'GET' to 'http://localhost:7138/session/5ad97dfb5cc8ee7bdc66ecb7503f8fc1/screenshot'
13:09:21.624 [Forwarding screenshot on session 5ad97dfb5cc8ee7bdc66ecb7503f8fc1 to remote] DEBUG org.asynchttpclient.netty.request.NettyRequestSender - Using open Channel [id: 0x4eddb369, L:/127.0.0.1:58747 - R:localhost/127.0.0.1:7138] for GET '/session/5ad97dfb5cc8ee7bdc66ecb7503f8fc1/screenshot'
13:09:21.715 [AsyncHttpClient-1-2] DEBUG org.asynchttpclient.netty.handler.HttpHandler - 

Request DefaultFullHttpRequest(decodeResult: success, version: HTTP/1.1, content: EmptyByteBufBE)
GET /session/5ad97dfb5cc8ee7bdc66ecb7503f8fc1/screenshot HTTP/1.1
User-Agent: selenium/4.8.0 (java windows)
Cache-Control: no-cache
Content-Type: application/json; charset=utf-8
host: localhost:7138
accept: */*

Response DefaultHttpResponse(decodeResult: success, version: HTTP/1.1)
HTTP/1.1 200 OK
Content-Length: 82728
Content-Type: application/json; charset=utf-8
cache-control: no-cache

13:09:21.716 [AsyncHttpClient-1-2] DEBUG org.asynchttpclient.netty.channel.ChannelManager - Adding key: http://localhost:7138 for channel [id: 0x4eddb369, L:/127.0.0.1:58747 - R:localhost/127.0.0.1:7138]
13:09:21.718 [main] DEBUG net.serenitybdd.core.photography.Darkroom - Send negative for processing for target\site\serenity\9921fb2bddfa823b329388f5406fb55f32d3ac894aafcb1eb7163ee109d8a956.png
13:09:21.719 [Forwarding getPageSource on session 5ad97dfb5cc8ee7bdc66ecb7503f8fc1 to remote] DEBUG org.asynchttpclient.netty.request.NettyRequestSender - Using pooled Channel '[id: 0x4eddb369, L:/127.0.0.1:58747 - R:localhost/127.0.0.1:7138]' for 'POST' to 'http://localhost:7138/session/5ad97dfb5cc8ee7bdc66ecb7503f8fc1/execute/sync'
13:09:21.719 [Forwarding getPageSource on session 5ad97dfb5cc8ee7bdc66ecb7503f8fc1 to remote] DEBUG org.asynchttpclient.netty.request.NettyRequestSender - Using open Channel [id: 0x4eddb369, L:/127.0.0.1:58747 - R:localhost/127.0.0.1:7138] for POST '/session/5ad97dfb5cc8ee7bdc66ecb7503f8fc1/execute/sync'
13:09:21.723 [AsyncHttpClient-1-2] DEBUG org.asynchttpclient.netty.handler.HttpHandler - 

Request DefaultHttpRequest(decodeResult: success, version: HTTP/1.1)
POST /session/5ad97dfb5cc8ee7bdc66ecb7503f8fc1/execute/sync HTTP/1.1
User-Agent: selenium/4.8.0 (java windows)
Content-Length: 176
Content-Type: application/json; charset=utf-8
host: localhost:7138
accept: */*

Response DefaultHttpResponse(decodeResult: success, version: HTTP/1.1)
HTTP/1.1 200 OK
Content-Length: 21439
Content-Type: application/json; charset=utf-8
cache-control: no-cache

13:09:21.723 [AsyncHttpClient-1-2] DEBUG org.asynchttpclient.netty.channel.ChannelManager - Adding key: http://localhost:7138 for channel [id: 0x4eddb369, L:/127.0.0.1:58747 - R:localhost/127.0.0.1:7138]
13:09:21.724 [Forwarding getCurrentUrl on session 5ad97dfb5cc8ee7bdc66ecb7503f8fc1 to remote] DEBUG org.asynchttpclient.netty.request.NettyRequestSender - Using pooled Channel '[id: 0x4eddb369, L:/127.0.0.1:58747 - R:localhost/127.0.0.1:7138]' for 'GET' to 'http://localhost:7138/session/5ad97dfb5cc8ee7bdc66ecb7503f8fc1/url'
13:09:21.724 [Forwarding getCurrentUrl on session 5ad97dfb5cc8ee7bdc66ecb7503f8fc1 to remote] DEBUG org.asynchttpclient.netty.request.NettyRequestSender - Using open Channel [id: 0x4eddb369, L:/127.0.0.1:58747 - R:localhost/127.0.0.1:7138] for GET '/session/5ad97dfb5cc8ee7bdc66ecb7503f8fc1/url'
13:09:21.727 [AsyncHttpClient-1-2] DEBUG org.asynchttpclient.netty.handler.HttpHandler - 

Request DefaultFullHttpRequest(decodeResult: success, version: HTTP/1.1, content: EmptyByteBufBE)
GET /session/5ad97dfb5cc8ee7bdc66ecb7503f8fc1/url HTTP/1.1
User-Agent: selenium/4.8.0 (java windows)
Cache-Control: no-cache
Content-Type: application/json; charset=utf-8
host: localhost:7138
accept: */*

Response DefaultHttpResponse(decodeResult: success, version: HTTP/1.1)
HTTP/1.1 200 OK
Content-Length: 73
Content-Type: application/json; charset=utf-8
cache-control: no-cache

13:09:21.727 [AsyncHttpClient-1-2] DEBUG org.asynchttpclient.netty.channel.ChannelManager - Adding key: http://localhost:7138 for channel [id: 0x4eddb369, L:/127.0.0.1:58747 - R:localhost/127.0.0.1:7138]
13:09:22.149 [AsyncHttpClient-1-1] DEBUG org.asynchttpclient.netty.channel.DefaultChannelPool - Entry count for : http://localhost:7138 : 1
13:09:22.149 [AsyncHttpClient-1-1] DEBUG org.asynchttpclient.netty.channel.DefaultChannelPool - Entry count for : http://localhost:58748 : 1
13:09:23.246 [AsyncHttpClient-1-1] DEBUG org.asynchttpclient.netty.channel.DefaultChannelPool - Entry count for : http://localhost:7138 : 1
13:09:23.246 [AsyncHttpClient-1-1] DEBUG org.asynchttpclient.netty.channel.DefaultChannelPool - Entry count for : http://localhost:58748 : 1
13:09:23.747 [Forwarding getAlertText on session 5ad97dfb5cc8ee7bdc66ecb7503f8fc1 to remote] DEBUG org.asynchttpclient.netty.request.NettyRequestSender - Using pooled Channel '[id: 0x4eddb369, L:/127.0.0.1:58747 - R:localhost/127.0.0.1:7138]' for 'GET' to 'http://localhost:7138/session/5ad97dfb5cc8ee7bdc66ecb7503f8fc1/alert/text'
13:09:23.747 [Forwarding getAlertText on session 5ad97dfb5cc8ee7bdc66ecb7503f8fc1 to remote] DEBUG org.asynchttpclient.netty.request.NettyRequestSender - Using open Channel [id: 0x4eddb369, L:/127.0.0.1:58747 - R:localhost/127.0.0.1:7138] for GET '/session/5ad97dfb5cc8ee7bdc66ecb7503f8fc1/alert/text'
13:09:23.748 [AsyncHttpClient-1-2] DEBUG org.asynchttpclient.netty.handler.HttpHandler - 

Request DefaultFullHttpRequest(decodeResult: success, version: HTTP/1.1, content: EmptyByteBufBE)
GET /session/5ad97dfb5cc8ee7bdc66ecb7503f8fc1/alert/text HTTP/1.1
User-Agent: selenium/4.8.0 (java windows)
Cache-Control: no-cache
Content-Type: application/json; charset=utf-8
host: localhost:7138
accept: */*

Response DefaultHttpResponse(decodeResult: success, version: HTTP/1.1)
HTTP/1.1 404 Not Found
Content-Length: 820
Content-Type: application/json; charset=utf-8
cache-control: no-cache

13:09:23.748 [AsyncHttpClient-1-2] DEBUG org.asynchttpclient.netty.channel.ChannelManager - Adding key: http://localhost:7138 for channel [id: 0x4eddb369, L:/127.0.0.1:58747 - R:localhost/127.0.0.1:7138]
13:09:23.748 [Forwarding getCurrentUrl on session 5ad97dfb5cc8ee7bdc66ecb7503f8fc1 to remote] DEBUG org.asynchttpclient.netty.request.NettyRequestSender - Using pooled Channel '[id: 0x4eddb369, L:/127.0.0.1:58747 - R:localhost/127.0.0.1:7138]' for 'GET' to 'http://localhost:7138/session/5ad97dfb5cc8ee7bdc66ecb7503f8fc1/url'
13:09:23.748 [Forwarding getCurrentUrl on session 5ad97dfb5cc8ee7bdc66ecb7503f8fc1 to remote] DEBUG org.asynchttpclient.netty.request.NettyRequestSender - Using open Channel [id: 0x4eddb369, L:/127.0.0.1:58747 - R:localhost/127.0.0.1:7138] for GET '/session/5ad97dfb5cc8ee7bdc66ecb7503f8fc1/url'
13:09:23.750 [AsyncHttpClient-1-2] DEBUG org.asynchttpclient.netty.handler.HttpHandler - 

Request DefaultFullHttpRequest(decodeResult: success, version: HTTP/1.1, content: EmptyByteBufBE)
GET /session/5ad97dfb5cc8ee7bdc66ecb7503f8fc1/url HTTP/1.1
User-Agent: selenium/4.8.0 (java windows)
Cache-Control: no-cache
Content-Type: application/json; charset=utf-8
host: localhost:7138
accept: */*

Response DefaultHttpResponse(decodeResult: success, version: HTTP/1.1)
HTTP/1.1 200 OK
Content-Length: 73
Content-Type: application/json; charset=utf-8
cache-control: no-cache

13:09:23.750 [AsyncHttpClient-1-2] DEBUG org.asynchttpclient.netty.channel.ChannelManager - Adding key: http://localhost:7138 for channel [id: 0x4eddb369, L:/127.0.0.1:58747 - R:localhost/127.0.0.1:7138]
13:09:23.750 [Forwarding screenshot on session 5ad97dfb5cc8ee7bdc66ecb7503f8fc1 to remote] DEBUG org.asynchttpclient.netty.request.NettyRequestSender - Using pooled Channel '[id: 0x4eddb369, L:/127.0.0.1:58747 - R:localhost/127.0.0.1:7138]' for 'GET' to 'http://localhost:7138/session/5ad97dfb5cc8ee7bdc66ecb7503f8fc1/screenshot'
13:09:23.750 [Forwarding screenshot on session 5ad97dfb5cc8ee7bdc66ecb7503f8fc1 to remote] DEBUG org.asynchttpclient.netty.request.NettyRequestSender - Using open Channel [id: 0x4eddb369, L:/127.0.0.1:58747 - R:localhost/127.0.0.1:7138] for GET '/session/5ad97dfb5cc8ee7bdc66ecb7503f8fc1/screenshot'
13:09:23.834 [AsyncHttpClient-1-2] DEBUG org.asynchttpclient.netty.handler.HttpHandler - 

Request DefaultFullHttpRequest(decodeResult: success, version: HTTP/1.1, content: EmptyByteBufBE)
GET /session/5ad97dfb5cc8ee7bdc66ecb7503f8fc1/screenshot HTTP/1.1
User-Agent: selenium/4.8.0 (java windows)
Cache-Control: no-cache
Content-Type: application/json; charset=utf-8
host: localhost:7138
accept: */*

Response DefaultHttpResponse(decodeResult: success, version: HTTP/1.1)
HTTP/1.1 200 OK
Content-Length: 82728
Content-Type: application/json; charset=utf-8
cache-control: no-cache

13:09:23.835 [AsyncHttpClient-1-2] DEBUG org.asynchttpclient.netty.channel.ChannelManager - Adding key: http://localhost:7138 for channel [id: 0x4eddb369, L:/127.0.0.1:58747 - R:localhost/127.0.0.1:7138]
13:09:23.837 [main] DEBUG net.serenitybdd.core.photography.Darkroom - Send negative for processing for target\site\serenity\9921fb2bddfa823b329388f5406fb55f32d3ac894aafcb1eb7163ee109d8a956.png
13:09:23.838 [Forwarding getPageSource on session 5ad97dfb5cc8ee7bdc66ecb7503f8fc1 to remote] DEBUG org.asynchttpclient.netty.request.NettyRequestSender - Using pooled Channel '[id: 0x4eddb369, L:/127.0.0.1:58747 - R:localhost/127.0.0.1:7138]' for 'POST' to 'http://localhost:7138/session/5ad97dfb5cc8ee7bdc66ecb7503f8fc1/execute/sync'
13:09:23.838 [Forwarding getPageSource on session 5ad97dfb5cc8ee7bdc66ecb7503f8fc1 to remote] DEBUG org.asynchttpclient.netty.request.NettyRequestSender - Using open Channel [id: 0x4eddb369, L:/127.0.0.1:58747 - R:localhost/127.0.0.1:7138] for POST '/session/5ad97dfb5cc8ee7bdc66ecb7503f8fc1/execute/sync'
13:09:23.843 [AsyncHttpClient-1-2] DEBUG org.asynchttpclient.netty.handler.HttpHandler - 

Request DefaultHttpRequest(decodeResult: success, version: HTTP/1.1)
POST /session/5ad97dfb5cc8ee7bdc66ecb7503f8fc1/execute/sync HTTP/1.1
User-Agent: selenium/4.8.0 (java windows)
Content-Length: 176
Content-Type: application/json; charset=utf-8
host: localhost:7138
accept: */*

Response DefaultHttpResponse(decodeResult: success, version: HTTP/1.1)
HTTP/1.1 200 OK
Content-Length: 21439
Content-Type: application/json; charset=utf-8
cache-control: no-cache

13:09:23.843 [AsyncHttpClient-1-2] DEBUG org.asynchttpclient.netty.channel.ChannelManager - Adding key: http://localhost:7138 for channel [id: 0x4eddb369, L:/127.0.0.1:58747 - R:localhost/127.0.0.1:7138]
13:09:23.845 [Forwarding getCurrentUrl on session 5ad97dfb5cc8ee7bdc66ecb7503f8fc1 to remote] DEBUG org.asynchttpclient.netty.request.NettyRequestSender - Using pooled Channel '[id: 0x4eddb369, L:/127.0.0.1:58747 - R:localhost/127.0.0.1:7138]' for 'GET' to 'http://localhost:7138/session/5ad97dfb5cc8ee7bdc66ecb7503f8fc1/url'
13:09:23.845 [Forwarding getCurrentUrl on session 5ad97dfb5cc8ee7bdc66ecb7503f8fc1 to remote] DEBUG org.asynchttpclient.netty.request.NettyRequestSender - Using open Channel [id: 0x4eddb369, L:/127.0.0.1:58747 - R:localhost/127.0.0.1:7138] for GET '/session/5ad97dfb5cc8ee7bdc66ecb7503f8fc1/url'
13:09:23.847 [AsyncHttpClient-1-2] DEBUG org.asynchttpclient.netty.handler.HttpHandler - 

Request DefaultFullHttpRequest(decodeResult: success, version: HTTP/1.1, content: EmptyByteBufBE)
GET /session/5ad97dfb5cc8ee7bdc66ecb7503f8fc1/url HTTP/1.1
User-Agent: selenium/4.8.0 (java windows)
Cache-Control: no-cache
Content-Type: application/json; charset=utf-8
host: localhost:7138
accept: */*

Response DefaultHttpResponse(decodeResult: success, version: HTTP/1.1)
HTTP/1.1 200 OK
Content-Length: 73
Content-Type: application/json; charset=utf-8
cache-control: no-cache

13:09:23.847 [AsyncHttpClient-1-2] DEBUG org.asynchttpclient.netty.channel.ChannelManager - Adding key: http://localhost:7138 for channel [id: 0x4eddb369, L:/127.0.0.1:58747 - R:localhost/127.0.0.1:7138]
13:09:23.848 [main] DEBUG net.thucydides.core.steps.StepInterceptor - STARTING STEP: OpenCartStepDefinition.validatesMessage - {0} should see #description
13:09:23.848 [main] DEBUG net.serenitybdd.screenplay.targets.IFrameSwitcher - default content already selected for message
13:09:23.849 [Forwarding findElement on session 5ad97dfb5cc8ee7bdc66ecb7503f8fc1 to remote] DEBUG org.asynchttpclient.netty.request.NettyRequestSender - Using pooled Channel '[id: 0x4eddb369, L:/127.0.0.1:58747 - R:localhost/127.0.0.1:7138]' for 'POST' to 'http://localhost:7138/session/5ad97dfb5cc8ee7bdc66ecb7503f8fc1/element'
13:09:23.849 [Forwarding findElement on session 5ad97dfb5cc8ee7bdc66ecb7503f8fc1 to remote] DEBUG org.asynchttpclient.netty.request.NettyRequestSender - Using open Channel [id: 0x4eddb369, L:/127.0.0.1:58747 - R:localhost/127.0.0.1:7138] for POST '/session/5ad97dfb5cc8ee7bdc66ecb7503f8fc1/element'
13:09:23.856 [AsyncHttpClient-1-2] DEBUG org.asynchttpclient.netty.handler.HttpHandler - 

Request DefaultHttpRequest(decodeResult: success, version: HTTP/1.1)
POST /session/5ad97dfb5cc8ee7bdc66ecb7503f8fc1/element HTTP/1.1
User-Agent: selenium/4.8.0 (java windows)
Content-Length: 75
Content-Type: application/json; charset=utf-8
host: localhost:7138
accept: */*

Response DefaultHttpResponse(decodeResult: success, version: HTTP/1.1)
HTTP/1.1 200 OK
Content-Length: 95
Content-Type: application/json; charset=utf-8
cache-control: no-cache

13:09:23.856 [AsyncHttpClient-1-2] DEBUG org.asynchttpclient.netty.channel.ChannelManager - Adding key: http://localhost:7138 for channel [id: 0x4eddb369, L:/127.0.0.1:58747 - R:localhost/127.0.0.1:7138]
13:09:23.856 [Forwarding getElementText on session 5ad97dfb5cc8ee7bdc66ecb7503f8fc1 to remote] DEBUG org.asynchttpclient.netty.request.NettyRequestSender - Using pooled Channel '[id: 0x4eddb369, L:/127.0.0.1:58747 - R:localhost/127.0.0.1:7138]' for 'GET' to 'http://localhost:7138/session/5ad97dfb5cc8ee7bdc66ecb7503f8fc1/element/B995861C9AE2426C91A1CBFDCCC4A833_element_30/text'
13:09:23.856 [Forwarding getElementText on session 5ad97dfb5cc8ee7bdc66ecb7503f8fc1 to remote] DEBUG org.asynchttpclient.netty.request.NettyRequestSender - Using open Channel [id: 0x4eddb369, L:/127.0.0.1:58747 - R:localhost/127.0.0.1:7138] for GET '/session/5ad97dfb5cc8ee7bdc66ecb7503f8fc1/element/B995861C9AE2426C91A1CBFDCCC4A833_element_30/text'
13:09:23.868 [AsyncHttpClient-1-2] DEBUG org.asynchttpclient.netty.handler.HttpHandler - 

Request DefaultFullHttpRequest(decodeResult: success, version: HTTP/1.1, content: EmptyByteBufBE)
GET /session/5ad97dfb5cc8ee7bdc66ecb7503f8fc1/element/B995861C9AE2426C91A1CBFDCCC4A833_element_30/text HTTP/1.1
User-Agent: selenium/4.8.0 (java windows)
Cache-Control: no-cache
Content-Type: application/json; charset=utf-8
host: localhost:7138
accept: */*

Response DefaultHttpResponse(decodeResult: success, version: HTTP/1.1)
HTTP/1.1 200 OK
Content-Length: 39
Content-Type: application/json; charset=utf-8
cache-control: no-cache

13:09:23.868 [AsyncHttpClient-1-2] DEBUG org.asynchttpclient.netty.channel.ChannelManager - Adding key: http://localhost:7138 for channel [id: 0x4eddb369, L:/127.0.0.1:58747 - R:localhost/127.0.0.1:7138]
13:09:24.070 [main] DEBUG net.thucydides.core.steps.StepInterceptor - STEP DONE: {0} should see #description
  &amp#27;[32mThen &amp#27;[0m&amp#27;[32mshe validates confirmation message &amp#27;[0m&amp#27;[32m&amp#27;[1m"Your order has been placed!"&amp#27;[0m                                                                                &amp#27;[90m# io.cucumber.skeleton.stepdefinitions.OpenCartStepDefinition.validatesMessage(java.lang.String)&amp#27;[0m
13:09:24.073 [Forwarding getAlertText on session 5ad97dfb5cc8ee7bdc66ecb7503f8fc1 to remote] DEBUG org.asynchttpclient.netty.request.NettyRequestSender - Using pooled Channel '[id: 0x4eddb369, L:/127.0.0.1:58747 - R:localhost/127.0.0.1:7138]' for 'GET' to 'http://localhost:7138/session/5ad97dfb5cc8ee7bdc66ecb7503f8fc1/alert/text'
13:09:24.073 [Forwarding getAlertText on session 5ad97dfb5cc8ee7bdc66ecb7503f8fc1 to remote] DEBUG org.asynchttpclient.netty.request.NettyRequestSender - Using open Channel [id: 0x4eddb369, L:/127.0.0.1:58747 - R:localhost/127.0.0.1:7138] for GET '/session/5ad97dfb5cc8ee7bdc66ecb7503f8fc1/alert/text'
13:09:24.074 [AsyncHttpClient-1-2] DEBUG org.asynchttpclient.netty.handler.HttpHandler - 

Request DefaultFullHttpRequest(decodeResult: success, version: HTTP/1.1, content: EmptyByteBufBE)
GET /session/5ad97dfb5cc8ee7bdc66ecb7503f8fc1/alert/text HTTP/1.1
User-Agent: selenium/4.8.0 (java windows)
Cache-Control: no-cache
Content-Type: application/json; charset=utf-8
host: localhost:7138
accept: */*

Response DefaultHttpResponse(decodeResult: success, version: HTTP/1.1)
HTTP/1.1 404 Not Found
Content-Length: 820
Content-Type: application/json; charset=utf-8
cache-control: no-cache

13:09:24.074 [AsyncHttpClient-1-2] DEBUG org.asynchttpclient.netty.channel.ChannelManager - Adding key: http://localhost:7138 for channel [id: 0x4eddb369, L:/127.0.0.1:58747 - R:localhost/127.0.0.1:7138]
13:09:24.075 [Forwarding getCurrentUrl on session 5ad97dfb5cc8ee7bdc66ecb7503f8fc1 to remote] DEBUG org.asynchttpclient.netty.request.NettyRequestSender - Using pooled Channel '[id: 0x4eddb369, L:/127.0.0.1:58747 - R:localhost/127.0.0.1:7138]' for 'GET' to 'http://localhost:7138/session/5ad97dfb5cc8ee7bdc66ecb7503f8fc1/url'
13:09:24.075 [Forwarding getCurrentUrl on session 5ad97dfb5cc8ee7bdc66ecb7503f8fc1 to remote] DEBUG org.asynchttpclient.netty.request.NettyRequestSender - Using open Channel [id: 0x4eddb369, L:/127.0.0.1:58747 - R:localhost/127.0.0.1:7138] for GET '/session/5ad97dfb5cc8ee7bdc66ecb7503f8fc1/url'
13:09:24.078 [AsyncHttpClient-1-2] DEBUG org.asynchttpclient.netty.handler.HttpHandler - 

Request DefaultFullHttpRequest(decodeResult: success, version: HTTP/1.1, content: EmptyByteBufBE)
GET /session/5ad97dfb5cc8ee7bdc66ecb7503f8fc1/url HTTP/1.1
User-Agent: selenium/4.8.0 (java windows)
Cache-Control: no-cache
Content-Type: application/json; charset=utf-8
host: localhost:7138
accept: */*

Response DefaultHttpResponse(decodeResult: success, version: HTTP/1.1)
HTTP/1.1 200 OK
Content-Length: 73
Content-Type: application/json; charset=utf-8
cache-control: no-cache

13:09:24.078 [AsyncHttpClient-1-2] DEBUG org.asynchttpclient.netty.channel.ChannelManager - Adding key: http://localhost:7138 for channel [id: 0x4eddb369, L:/127.0.0.1:58747 - R:localhost/127.0.0.1:7138]
13:09:24.079 [Forwarding screenshot on session 5ad97dfb5cc8ee7bdc66ecb7503f8fc1 to remote] DEBUG org.asynchttpclient.netty.request.NettyRequestSender - Using pooled Channel '[id: 0x4eddb369, L:/127.0.0.1:58747 - R:localhost/127.0.0.1:7138]' for 'GET' to 'http://localhost:7138/session/5ad97dfb5cc8ee7bdc66ecb7503f8fc1/screenshot'
13:09:24.079 [Forwarding screenshot on session 5ad97dfb5cc8ee7bdc66ecb7503f8fc1 to remote] DEBUG org.asynchttpclient.netty.request.NettyRequestSender - Using open Channel [id: 0x4eddb369, L:/127.0.0.1:58747 - R:localhost/127.0.0.1:7138] for GET '/session/5ad97dfb5cc8ee7bdc66ecb7503f8fc1/screenshot'
13:09:24.157 [AsyncHttpClient-1-2] DEBUG org.asynchttpclient.netty.handler.HttpHandler - 

Request DefaultFullHttpRequest(decodeResult: success, version: HTTP/1.1, content: EmptyByteBufBE)
GET /session/5ad97dfb5cc8ee7bdc66ecb7503f8fc1/screenshot HTTP/1.1
User-Agent: selenium/4.8.0 (java windows)
Cache-Control: no-cache
Content-Type: application/json; charset=utf-8
host: localhost:7138
accept: */*

Response DefaultHttpResponse(decodeResult: success, version: HTTP/1.1)
HTTP/1.1 200 OK
Content-Length: 82728
Content-Type: application/json; charset=utf-8
cache-control: no-cache

13:09:24.157 [AsyncHttpClient-1-2] DEBUG org.asynchttpclient.netty.channel.ChannelManager - Adding key: http://localhost:7138 for channel [id: 0x4eddb369, L:/127.0.0.1:58747 - R:localhost/127.0.0.1:7138]
13:09:24.158 [main] DEBUG net.serenitybdd.core.photography.Darkroom - Send negative for processing for target\site\serenity\9921fb2bddfa823b329388f5406fb55f32d3ac894aafcb1eb7163ee109d8a956.png
13:09:24.345 [AsyncHttpClient-1-1] DEBUG org.asynchttpclient.netty.channel.DefaultChannelPool - Entry count for : http://localhost:7138 : 1
13:09:24.345 [AsyncHttpClient-1-1] DEBUG org.asynchttpclient.netty.channel.DefaultChannelPool - Entry count for : http://localhost:58748 : 1
13:09:24.367 [main] INFO  - 
  _____   ___   ___   _____     ___     _     ___   ___   ___   ___  
 |_   _| | __| / __| |_   _|   | _ \   /_\   / __| / __| | __| |   \ 
   | |   | _|  \__ \   | |     |  _/  / _ \  \__ \ \__ \ | _|  | |) |
   |_|   |___| |___/   |_|     |_|   /_/ \_\ |___/ |___/ |___| |___/ 

Adds 2 products
----------------------------------------------------------------------
13:09:24.396 [Driver Command Executor] DEBUG org.asynchttpclient.netty.request.NettyRequestSender - Using pooled Channel '[id: 0x4eddb369, L:/127.0.0.1:58747 - R:localhost/127.0.0.1:7138]' for 'DELETE' to 'http://localhost:7138/session/5ad97dfb5cc8ee7bdc66ecb7503f8fc1'
13:09:24.396 [Driver Command Executor] DEBUG org.asynchttpclient.netty.request.NettyRequestSender - Using open Channel [id: 0x4eddb369, L:/127.0.0.1:58747 - R:localhost/127.0.0.1:7138] for DELETE '/session/5ad97dfb5cc8ee7bdc66ecb7503f8fc1'
13:09:24.423 [AsyncHttpClient-1-4] DEBUG org.asynchttpclient.netty.handler.WebSocketHandler - Unexpected I/O exception on channel [id: 0x3c0a10de, L:/127.0.0.1:58755 - R:localhost/127.0.0.1:58748]
java.io.IOException: An existing connection was forcibly closed by the remote host
	at sun.nio.ch.SocketDispatcher.read0(Native Method)
	at sun.nio.ch.SocketDispatcher.read(SocketDispatcher.java:43)
	at sun.nio.ch.IOUtil.readIntoNativeBuffer(IOUtil.java:223)
	at sun.nio.ch.IOUtil.read(IOUtil.java:192)
	at sun.nio.ch.SocketChannelImpl.read(SocketChannelImpl.java:380)
	at io.netty.buffer.PooledByteBuf.setBytes(PooledByteBuf.java:259)
	at io.netty.buffer.AbstractByteBuf.writeBytes(AbstractByteBuf.java:1132)
	at io.netty.channel.socket.nio.NioSocketChannel.doReadBytes(NioSocketChannel.java:357)
	at io.netty.channel.nio.AbstractNioByteChannel$NioByteUnsafe.read(AbstractNioByteChannel.java:151)
	at io.netty.channel.nio.NioEventLoop.processSelectedKey(NioEventLoop.java:788)
	at io.netty.channel.nio.NioEventLoop.processSelectedKeysOptimized(NioEventLoop.java:724)
	at io.netty.channel.nio.NioEventLoop.processSelectedKeys(NioEventLoop.java:650)
	at io.netty.channel.nio.NioEventLoop.run(NioEventLoop.java:562)
	at io.netty.util.concurrent.SingleThreadEventExecutor$4.run(SingleThreadEventExecutor.java:997)
	at io.netty.util.internal.ThreadExecutorMap$2.run(ThreadExecutorMap.java:74)
	at io.netty.util.concurrent.FastThreadLocalRunnable.run(FastThreadLocalRunnable.java:30)
	at java.lang.Thread.run(Thread.java:748)
13:09:24.423 [AsyncHttpClient-1-3] DEBUG org.asynchttpclient.netty.handler.HttpHandler - Unexpected I/O exception on channel [id: 0xab3abc24, L:/127.0.0.1:58754 - R:localhost/127.0.0.1:58748]
java.io.IOException: An existing connection was forcibly closed by the remote host
	at sun.nio.ch.SocketDispatcher.read0(Native Method)
	at sun.nio.ch.SocketDispatcher.read(SocketDispatcher.java:43)
	at sun.nio.ch.IOUtil.readIntoNativeBuffer(IOUtil.java:223)
	at sun.nio.ch.IOUtil.read(IOUtil.java:192)
	at sun.nio.ch.SocketChannelImpl.read(SocketChannelImpl.java:380)
	at io.netty.buffer.PooledByteBuf.setBytes(PooledByteBuf.java:259)
	at io.netty.buffer.AbstractByteBuf.writeBytes(AbstractByteBuf.java:1132)
	at io.netty.channel.socket.nio.NioSocketChannel.doReadBytes(NioSocketChannel.java:357)
	at io.netty.channel.nio.AbstractNioByteChannel$NioByteUnsafe.read(AbstractNioByteChannel.java:151)
	at io.netty.channel.nio.NioEventLoop.processSelectedKey(NioEventLoop.java:788)
	at io.netty.channel.nio.NioEventLoop.processSelectedKeysOptimized(NioEventLoop.java:724)
	at io.netty.channel.nio.NioEventLoop.processSelectedKeys(NioEventLoop.java:650)
	at io.netty.channel.nio.NioEventLoop.run(NioEventLoop.java:562)
	at io.netty.util.concurrent.SingleThreadEventExecutor$4.run(SingleThreadEventExecutor.java:997)
	at io.netty.util.internal.ThreadExecutorMap$2.run(ThreadExecutorMap.java:74)
	at io.netty.util.concurrent.FastThreadLocalRunnable.run(FastThreadLocalRunnable.java:30)
	at java.lang.Thread.run(Thread.java:748)
13:09:24.423 [AsyncHttpClient-1-3] DEBUG org.asynchttpclient.netty.channel.ChannelManager - Closing Channel [id: 0xab3abc24, L:/127.0.0.1:58754 - R:localhost/127.0.0.1:58748] 
13:09:24.423 [AsyncHttpClient-1-4] DEBUG org.asynchttpclient.netty.handler.WebSocketHandler - Trying to recover from dead Channel: [id: 0x3c0a10de, L:/127.0.0.1:58755 - R:localhost/127.0.0.1:58748]
13:09:24.424 [AsyncHttpClient-1-4] DEBUG org.asynchttpclient.netty.handler.WebSocketHandler - Channel Closed: [id: 0x3c0a10de, L:/127.0.0.1:58755 ! R:localhost/127.0.0.1:58748] with attribute NettyResponseFuture{currentRetry=0,
	isDone=1,
	isCancelled=0,
	asyncHandler=org.asynchttpclient.ws.WebSocketUpgradeHandler@7611eb04,
	nettyRequest=org.asynchttpclient.netty.request.NettyRequest@6e16e7a6,
	future=java.util.concurrent.CompletableFuture@19c06243[Completed normally],
	uri=ws://localhost:58748/devtools/browser/785298b3-662b-4228-90d7-67daa84d1a9e,
	keepAlive=true,
	redirectCount=0,
	timeoutsHolder=null,
	inAuth=0,
	touch=1683914964423}
13:09:24.424 [AsyncHttpClient-1-4] DEBUG org.asynchttpclient.netty.channel.ChannelManager - Closing Channel [id: 0x3c0a10de, L:/127.0.0.1:58755 ! R:localhost/127.0.0.1:58748] 
13:09:24.424 [AsyncHttpClient-1-3] DEBUG org.asynchttpclient.netty.handler.HttpHandler - Channel Closed: [id: 0xab3abc24, L:/127.0.0.1:58754 ! R:localhost/127.0.0.1:58748] with attribute DISCARD
13:09:24.433 [AsyncHttpClient-1-2] DEBUG org.asynchttpclient.netty.handler.HttpHandler - 

Request DefaultFullHttpRequest(decodeResult: success, version: HTTP/1.1, content: EmptyByteBufBE)
DELETE /session/5ad97dfb5cc8ee7bdc66ecb7503f8fc1 HTTP/1.1
User-Agent: selenium/4.8.0 (java windows)
Content-Type: application/json; charset=utf-8
host: localhost:7138
accept: */*

Response DefaultHttpResponse(decodeResult: success, version: HTTP/1.1)
HTTP/1.1 200 OK
Content-Length: 14
Content-Type: application/json; charset=utf-8
cache-control: no-cache

13:09:24.433 [AsyncHttpClient-1-2] DEBUG org.asynchttpclient.netty.channel.ChannelManager - Adding key: http://localhost:7138 for channel [id: 0x4eddb369, L:/127.0.0.1:58747 - R:localhost/127.0.0.1:7138]
13:09:24.453 [AsyncHttpClient-1-2] DEBUG org.asynchttpclient.netty.handler.HttpHandler - Channel Closed: [id: 0x4eddb369, L:/127.0.0.1:58747 ! R:localhost/127.0.0.1:7138] with attribute DISCARD
]]></system-out>
    <system-err><![CDATA[Starting ChromeDriver 113.0.5672.63 (0e1a4471d5ae5bf128b1bd8f4d627c8cbd55f70c-refs/branch-heads/5672@{#912}) on port 7138
Only local connections are allowed.
Please see https://chromedriver.chromium.org/security-considerations for suggestions on keeping ChromeDriver safe.
ChromeDriver was started successfully.
May 12, 2023 1:08:49 PM org.openqa.selenium.devtools.CdpVersionFinder findNearestMatch
WARNING: Unable to find an exact match for CDP version 113, so returning the closest version found: 109
]]></system-err>
  </testcase>
</testsuite>